[0.161s] Invoking command in '/home/niweiss/ws_sensor_combined/build/example_mode_goto_global_cpp': AMENT_PREFIX_PATH=/home/niweiss/ws_sensor_combined/install/px4_ros2_cpp:/home/niweiss/ws_sensor_combined/install/px4_msgs:${AMENT_PREFIX_PATH} CMAKE_PREFIX_PATH=/home/niweiss/ws_sensor_combined/install/px4_ros2_cpp:/home/niweiss/ws_sensor_combined/install/px4_msgs:/opt/ros/humble LD_LIBRARY_PATH=/home/niweiss/ws_sensor_combined/install/px4_ros2_cpp/lib:/home/niweiss/ws_sensor_combined/install/px4_msgs/lib:${LD_LIBRARY_PATH} PYTHONPATH=/home/niweiss/ws_sensor_combined/install/px4_msgs/local/lib/python3.10/dist-packages:${PYTHONPATH} /usr/bin/cmake --build /home/niweiss/ws_sensor_combined/build/example_mode_goto_global_cpp -- -j16 -l16
[0.242s] [100%] Built target example_mode_goto_global
[0.284s] Invoked command in '/home/niweiss/ws_sensor_combined/build/example_mode_goto_global_cpp' returned '0': AMENT_PREFIX_PATH=/home/niweiss/ws_sensor_combined/install/px4_ros2_cpp:/home/niweiss/ws_sensor_combined/install/px4_msgs:${AMENT_PREFIX_PATH} CMAKE_PREFIX_PATH=/home/niweiss/ws_sensor_combined/install/px4_ros2_cpp:/home/niweiss/ws_sensor_combined/install/px4_msgs:/opt/ros/humble LD_LIBRARY_PATH=/home/niweiss/ws_sensor_combined/install/px4_ros2_cpp/lib:/home/niweiss/ws_sensor_combined/install/px4_msgs/lib:${LD_LIBRARY_PATH} PYTHONPATH=/home/niweiss/ws_sensor_combined/install/px4_msgs/local/lib/python3.10/dist-packages:${PYTHONPATH} /usr/bin/cmake --build /home/niweiss/ws_sensor_combined/build/example_mode_goto_global_cpp -- -j16 -l16
[0.297s] Invoking command in '/home/niweiss/ws_sensor_combined/build/example_mode_goto_global_cpp': AMENT_PREFIX_PATH=/home/niweiss/ws_sensor_combined/install/px4_ros2_cpp:/home/niweiss/ws_sensor_combined/install/px4_msgs:${AMENT_PREFIX_PATH} CMAKE_PREFIX_PATH=/home/niweiss/ws_sensor_combined/install/px4_ros2_cpp:/home/niweiss/ws_sensor_combined/install/px4_msgs:/opt/ros/humble LD_LIBRARY_PATH=/home/niweiss/ws_sensor_combined/install/px4_ros2_cpp/lib:/home/niweiss/ws_sensor_combined/install/px4_msgs/lib:${LD_LIBRARY_PATH} PYTHONPATH=/home/niweiss/ws_sensor_combined/install/px4_msgs/local/lib/python3.10/dist-packages:${PYTHONPATH} /usr/bin/cmake --install /home/niweiss/ws_sensor_combined/build/example_mode_goto_global_cpp
[0.298s] -- Install configuration: ""
[0.299s] -- Up-to-date: /home/niweiss/ws_sensor_combined/install/example_mode_goto_global_cpp/lib/example_mode_goto_global_cpp/example_mode_goto_global
[0.299s] -- Up-to-date: /home/niweiss/ws_sensor_combined/install/example_mode_goto_global_cpp/share/ament_index/resource_index/package_run_dependencies/example_mode_goto_global_cpp
[0.299s] -- Up-to-date: /home/niweiss/ws_sensor_combined/install/example_mode_goto_global_cpp/share/ament_index/resource_index/parent_prefix_path/example_mode_goto_global_cpp
[0.299s] -- Up-to-date: /home/niweiss/ws_sensor_combined/install/example_mode_goto_global_cpp/share/example_mode_goto_global_cpp/environment/ament_prefix_path.sh
[0.299s] -- Up-to-date: /home/niweiss/ws_sensor_combined/install/example_mode_goto_global_cpp/share/example_mode_goto_global_cpp/environment/ament_prefix_path.dsv
[0.299s] -- Up-to-date: /home/niweiss/ws_sensor_combined/install/example_mode_goto_global_cpp/share/example_mode_goto_global_cpp/environment/path.sh
[0.303s] -- Up-to-date: /home/niweiss/ws_sensor_combined/install/example_mode_goto_global_cpp/share/example_mode_goto_global_cpp/environment/path.dsv
[0.303s] -- Up-to-date: /home/niweiss/ws_sensor_combined/install/example_mode_goto_global_cpp/share/example_mode_goto_global_cpp/local_setup.bash
[0.304s] -- Up-to-date: /home/niweiss/ws_sensor_combined/install/example_mode_goto_global_cpp/share/example_mode_goto_global_cpp/local_setup.sh
[0.304s] -- Up-to-date: /home/niweiss/ws_sensor_combined/install/example_mode_goto_global_cpp/share/example_mode_goto_global_cpp/local_setup.zsh
[0.304s] -- Up-to-date: /home/niweiss/ws_sensor_combined/install/example_mode_goto_global_cpp/share/example_mode_goto_global_cpp/local_setup.dsv
[0.304s] -- Installing: /home/niweiss/ws_sensor_combined/install/example_mode_goto_global_cpp/share/example_mode_goto_global_cpp/package.dsv
[0.305s] -- Up-to-date: /home/niweiss/ws_sensor_combined/install/example_mode_goto_global_cpp/share/ament_index/resource_index/packages/example_mode_goto_global_cpp
[0.305s] -- Up-to-date: /home/niweiss/ws_sensor_combined/install/example_mode_goto_global_cpp/share/example_mode_goto_global_cpp/cmake/example_mode_goto_global_cppConfig.cmake
[0.305s] -- Up-to-date: /home/niweiss/ws_sensor_combined/install/example_mode_goto_global_cpp/share/example_mode_goto_global_cpp/cmake/example_mode_goto_global_cppConfig-version.cmake
[0.306s] -- Up-to-date: /home/niweiss/ws_sensor_combined/install/example_mode_goto_global_cpp/share/example_mode_goto_global_cpp/package.xml
[0.385s] Invoked command in '/home/niweiss/ws_sensor_combined/build/example_mode_goto_global_cpp' returned '0': AMENT_PREFIX_PATH=/home/niweiss/ws_sensor_combined/install/px4_ros2_cpp:/home/niweiss/ws_sensor_combined/install/px4_msgs:${AMENT_PREFIX_PATH} CMAKE_PREFIX_PATH=/home/niweiss/ws_sensor_combined/install/px4_ros2_cpp:/home/niweiss/ws_sensor_combined/install/px4_msgs:/opt/ros/humble LD_LIBRARY_PATH=/home/niweiss/ws_sensor_combined/install/px4_ros2_cpp/lib:/home/niweiss/ws_sensor_combined/install/px4_msgs/lib:${LD_LIBRARY_PATH} PYTHONPATH=/home/niweiss/ws_sensor_combined/install/px4_msgs/local/lib/python3.10/dist-packages:${PYTHONPATH} /usr/bin/cmake --install /home/niweiss/ws_sensor_combined/build/example_mode_goto_global_cpp
