[0.110s] Invoking command in '/home/niweiss/ws_sensor_combined/build/example_mode_fw_attitude_cpp': AMENT_PREFIX_PATH=/home/niweiss/ws_sensor_combined/install/px4_ros2_cpp:/home/niweiss/ws_sensor_combined/install/px4_msgs:${AMENT_PREFIX_PATH} CMAKE_PREFIX_PATH=/home/niweiss/ws_sensor_combined/install/px4_ros2_cpp:/home/niweiss/ws_sensor_combined/install/px4_msgs:/opt/ros/humble LD_LIBRARY_PATH=/home/niweiss/ws_sensor_combined/install/px4_ros2_cpp/lib:/home/niweiss/ws_sensor_combined/install/px4_msgs/lib:${LD_LIBRARY_PATH} PYTHONPATH=/home/niweiss/ws_sensor_combined/install/px4_msgs/local/lib/python3.10/dist-packages:${PYTHONPATH} /usr/bin/cmake /home/niweiss/ws_sensor_combined/src/px4-ros2-interface-lib/examples/cpp/modes/fw_attitude -DCMAKE_INSTALL_PREFIX=/home/niweiss/ws_sensor_combined/install/example_mode_fw_attitude_cpp
[0.268s] -- The C compiler identification is GNU 11.4.0
[0.506s] -- The CXX compiler identification is GNU 11.4.0
[0.692s] -- Detecting C compiler ABI info
[0.817s] -- Detecting C compiler ABI info - done
[0.824s] -- Check for working C compiler: /usr/bin/cc - skipped
[0.824s] -- Detecting C compile features
[0.825s] -- Detecting C compile features - done
[0.831s] -- Detecting CXX compiler ABI info
[0.954s] -- Detecting CXX compiler ABI info - done
[0.963s] -- Check for working CXX compiler: /usr/bin/c++ - skipped
[0.963s] -- Detecting CXX compile features
[0.964s] -- Detecting CXX compile features - done
[0.966s] -- Found ament_cmake: 1.3.11 (/opt/ros/humble/share/ament_cmake/cmake)
[1.407s] -- Found Python3: /usr/bin/python3 (found version "3.10.12") found components: Interpreter 
[1.518s] -- Found rclcpp: 16.0.11 (/opt/ros/humble/share/rclcpp/cmake)
[1.653s] -- Found rosidl_generator_c: 3.1.6 (/opt/ros/humble/share/rosidl_generator_c/cmake)
[1.658s] -- Found rosidl_adapter: 3.1.6 (/opt/ros/humble/share/rosidl_adapter/cmake)
[1.666s] -- Found rosidl_generator_cpp: 3.1.6 (/opt/ros/humble/share/rosidl_generator_cpp/cmake)
[1.681s] -- Using all available rosidl_typesupport_c: rosidl_typesupport_fastrtps_c;rosidl_typesupport_introspection_c
[1.703s] -- Using all available rosidl_typesupport_cpp: rosidl_typesupport_fastrtps_cpp;rosidl_typesupport_introspection_cpp
[1.762s] -- Found rmw_implementation_cmake: 6.1.2 (/opt/ros/humble/share/rmw_implementation_cmake/cmake)
[1.765s] -- Found rmw_fastrtps_cpp: 6.2.7 (/opt/ros/humble/share/rmw_fastrtps_cpp/cmake)
[2.403s] -- Found OpenSSL: /usr/lib/x86_64-linux-gnu/libcrypto.so (found version "3.0.2")  
[3.045s] -- Found FastRTPS: /opt/ros/humble/include  
[4.900s] -- Using RMW implementation 'rmw_fastrtps_cpp' as default
[4.903s] -- Looking for pthread.h
[5.121s] -- Looking for pthread.h - found
[5.121s] -- Performing Test CMAKE_HAVE_LIBC_PTHREAD
[5.280s] -- Performing Test CMAKE_HAVE_LIBC_PTHREAD - Success
[5.282s] -- Found Threads: TRUE  
[5.376s] -- Found px4_ros2_cpp: 0.0.1 (/home/niweiss/ws_sensor_combined/install/px4_ros2_cpp/share/px4_ros2_cpp/cmake)
[5.431s] -- Found ament_lint_auto: 0.12.11 (/opt/ros/humble/share/ament_lint_auto/cmake)
[5.610s] -- Added test 'copyright' to check source files copyright and LICENSE
[5.615s] -- Added test 'cppcheck' to perform static code analysis on C / C++ code
[5.616s] -- Configured cppcheck include dirs: /home/niweiss/ws_sensor_combined/src/px4-ros2-interface-lib/examples/cpp/modes/fw_attitude/include
[5.616s] -- Configured cppcheck exclude dirs and/or files: 
[5.619s] -- Added test 'cpplint' to check C / C++ code against the Google style
[5.620s] -- Configured cpplint exclude dirs and/or files: 
[5.622s] -- Added test 'lint_cmake' to check CMake code style
[5.626s] -- Added test 'uncrustify' to check C / C++ code style
[5.627s] -- Configured uncrustify additional arguments: 
[5.629s] -- Added test 'xmllint' to check XML markup files
[5.635s] -- Configuring done
[5.654s] -- Generating done
[5.661s] -- Build files have been written to: /home/niweiss/ws_sensor_combined/build/example_mode_fw_attitude_cpp
[5.676s] Invoked command in '/home/niweiss/ws_sensor_combined/build/example_mode_fw_attitude_cpp' returned '0': AMENT_PREFIX_PATH=/home/niweiss/ws_sensor_combined/install/px4_ros2_cpp:/home/niweiss/ws_sensor_combined/install/px4_msgs:${AMENT_PREFIX_PATH} CMAKE_PREFIX_PATH=/home/niweiss/ws_sensor_combined/install/px4_ros2_cpp:/home/niweiss/ws_sensor_combined/install/px4_msgs:/opt/ros/humble LD_LIBRARY_PATH=/home/niweiss/ws_sensor_combined/install/px4_ros2_cpp/lib:/home/niweiss/ws_sensor_combined/install/px4_msgs/lib:${LD_LIBRARY_PATH} PYTHONPATH=/home/niweiss/ws_sensor_combined/install/px4_msgs/local/lib/python3.10/dist-packages:${PYTHONPATH} /usr/bin/cmake /home/niweiss/ws_sensor_combined/src/px4-ros2-interface-lib/examples/cpp/modes/fw_attitude -DCMAKE_INSTALL_PREFIX=/home/niweiss/ws_sensor_combined/install/example_mode_fw_attitude_cpp
[5.677s] Invoking command in '/home/niweiss/ws_sensor_combined/build/example_mode_fw_attitude_cpp': AMENT_PREFIX_PATH=/home/niweiss/ws_sensor_combined/install/px4_ros2_cpp:/home/niweiss/ws_sensor_combined/install/px4_msgs:${AMENT_PREFIX_PATH} CMAKE_PREFIX_PATH=/home/niweiss/ws_sensor_combined/install/px4_ros2_cpp:/home/niweiss/ws_sensor_combined/install/px4_msgs:/opt/ros/humble LD_LIBRARY_PATH=/home/niweiss/ws_sensor_combined/install/px4_ros2_cpp/lib:/home/niweiss/ws_sensor_combined/install/px4_msgs/lib:${LD_LIBRARY_PATH} PYTHONPATH=/home/niweiss/ws_sensor_combined/install/px4_msgs/local/lib/python3.10/dist-packages:${PYTHONPATH} /usr/bin/cmake --build /home/niweiss/ws_sensor_combined/build/example_mode_fw_attitude_cpp -- -j16 -l16
[5.755s] [ 50%] [32mBuilding CXX object CMakeFiles/example_mode_fw_attitude.dir/src/main.cpp.o[0m
[15.239s] [100%] [32m[1mLinking CXX executable example_mode_fw_attitude[0m
[16.402s] [100%] Built target example_mode_fw_attitude
[16.418s] Invoked command in '/home/niweiss/ws_sensor_combined/build/example_mode_fw_attitude_cpp' returned '0': AMENT_PREFIX_PATH=/home/niweiss/ws_sensor_combined/install/px4_ros2_cpp:/home/niweiss/ws_sensor_combined/install/px4_msgs:${AMENT_PREFIX_PATH} CMAKE_PREFIX_PATH=/home/niweiss/ws_sensor_combined/install/px4_ros2_cpp:/home/niweiss/ws_sensor_combined/install/px4_msgs:/opt/ros/humble LD_LIBRARY_PATH=/home/niweiss/ws_sensor_combined/install/px4_ros2_cpp/lib:/home/niweiss/ws_sensor_combined/install/px4_msgs/lib:${LD_LIBRARY_PATH} PYTHONPATH=/home/niweiss/ws_sensor_combined/install/px4_msgs/local/lib/python3.10/dist-packages:${PYTHONPATH} /usr/bin/cmake --build /home/niweiss/ws_sensor_combined/build/example_mode_fw_attitude_cpp -- -j16 -l16
[16.423s] Invoking command in '/home/niweiss/ws_sensor_combined/build/example_mode_fw_attitude_cpp': AMENT_PREFIX_PATH=/home/niweiss/ws_sensor_combined/install/px4_ros2_cpp:/home/niweiss/ws_sensor_combined/install/px4_msgs:${AMENT_PREFIX_PATH} CMAKE_PREFIX_PATH=/home/niweiss/ws_sensor_combined/install/px4_ros2_cpp:/home/niweiss/ws_sensor_combined/install/px4_msgs:/opt/ros/humble LD_LIBRARY_PATH=/home/niweiss/ws_sensor_combined/install/px4_ros2_cpp/lib:/home/niweiss/ws_sensor_combined/install/px4_msgs/lib:${LD_LIBRARY_PATH} PYTHONPATH=/home/niweiss/ws_sensor_combined/install/px4_msgs/local/lib/python3.10/dist-packages:${PYTHONPATH} /usr/bin/cmake --install /home/niweiss/ws_sensor_combined/build/example_mode_fw_attitude_cpp
[16.434s] -- Install configuration: ""
[16.435s] -- Installing: /home/niweiss/ws_sensor_combined/install/example_mode_fw_attitude_cpp/lib/example_mode_fw_attitude_cpp/example_mode_fw_attitude
[16.436s] -- Set runtime path of "/home/niweiss/ws_sensor_combined/install/example_mode_fw_attitude_cpp/lib/example_mode_fw_attitude_cpp/example_mode_fw_attitude" to ""
[16.437s] -- Installing: /home/niweiss/ws_sensor_combined/install/example_mode_fw_attitude_cpp/share/ament_index/resource_index/package_run_dependencies/example_mode_fw_attitude_cpp
[16.438s] -- Installing: /home/niweiss/ws_sensor_combined/install/example_mode_fw_attitude_cpp/share/ament_index/resource_index/parent_prefix_path/example_mode_fw_attitude_cpp
[16.439s] -- Installing: /home/niweiss/ws_sensor_combined/install/example_mode_fw_attitude_cpp/share/example_mode_fw_attitude_cpp/environment/ament_prefix_path.sh
[16.439s] -- Installing: /home/niweiss/ws_sensor_combined/install/example_mode_fw_attitude_cpp/share/example_mode_fw_attitude_cpp/environment/ament_prefix_path.dsv
[16.440s] -- Installing: /home/niweiss/ws_sensor_combined/install/example_mode_fw_attitude_cpp/share/example_mode_fw_attitude_cpp/environment/path.sh
[16.440s] -- Installing: /home/niweiss/ws_sensor_combined/install/example_mode_fw_attitude_cpp/share/example_mode_fw_attitude_cpp/environment/path.dsv
[16.440s] -- Installing: /home/niweiss/ws_sensor_combined/install/example_mode_fw_attitude_cpp/share/example_mode_fw_attitude_cpp/local_setup.bash
[16.441s] -- Installing: /home/niweiss/ws_sensor_combined/install/example_mode_fw_attitude_cpp/share/example_mode_fw_attitude_cpp/local_setup.sh
[16.442s] -- Installing: /home/niweiss/ws_sensor_combined/install/example_mode_fw_attitude_cpp/share/example_mode_fw_attitude_cpp/local_setup.zsh
[16.443s] -- Installing: /home/niweiss/ws_sensor_combined/install/example_mode_fw_attitude_cpp/share/example_mode_fw_attitude_cpp/local_setup.dsv
[16.444s] -- Installing: /home/niweiss/ws_sensor_combined/install/example_mode_fw_attitude_cpp/share/example_mode_fw_attitude_cpp/package.dsv
[16.445s] -- Installing: /home/niweiss/ws_sensor_combined/install/example_mode_fw_attitude_cpp/share/ament_index/resource_index/packages/example_mode_fw_attitude_cpp
[16.445s] -- Installing: /home/niweiss/ws_sensor_combined/install/example_mode_fw_attitude_cpp/share/example_mode_fw_attitude_cpp/cmake/example_mode_fw_attitude_cppConfig.cmake
[16.446s] -- Installing: /home/niweiss/ws_sensor_combined/install/example_mode_fw_attitude_cpp/share/example_mode_fw_attitude_cpp/cmake/example_mode_fw_attitude_cppConfig-version.cmake
[16.447s] -- Installing: /home/niweiss/ws_sensor_combined/install/example_mode_fw_attitude_cpp/share/example_mode_fw_attitude_cpp/package.xml
[16.451s] Invoked command in '/home/niweiss/ws_sensor_combined/build/example_mode_fw_attitude_cpp' returned '0': AMENT_PREFIX_PATH=/home/niweiss/ws_sensor_combined/install/px4_ros2_cpp:/home/niweiss/ws_sensor_combined/install/px4_msgs:${AMENT_PREFIX_PATH} CMAKE_PREFIX_PATH=/home/niweiss/ws_sensor_combined/install/px4_ros2_cpp:/home/niweiss/ws_sensor_combined/install/px4_msgs:/opt/ros/humble LD_LIBRARY_PATH=/home/niweiss/ws_sensor_combined/install/px4_ros2_cpp/lib:/home/niweiss/ws_sensor_combined/install/px4_msgs/lib:${LD_LIBRARY_PATH} PYTHONPATH=/home/niweiss/ws_sensor_combined/install/px4_msgs/local/lib/python3.10/dist-packages:${PYTHONPATH} /usr/bin/cmake --install /home/niweiss/ws_sensor_combined/build/example_mode_fw_attitude_cpp
