[0.023s] Invoking command in '/home/niweiss/ws_sensor_combined/build/custom_msgs': CMAKE_PREFIX_PATH=${CMAKE_PREFIX_PATH}:/opt/ros/humble /usr/bin/cmake --build /home/niweiss/ws_sensor_combined/build/custom_msgs -- -j16 -l16
[0.093s] [  3%] Built target custom_msgs__cpp
[0.096s] [ 12%] Built target custom_msgs__rosidl_generator_c
[0.107s] [ 12%] Built target ament_cmake_python_copy_custom_msgs
[0.124s] [ 22%] Built target custom_msgs__rosidl_typesupport_cpp
[0.126s] [ 35%] Built target custom_msgs__rosidl_typesupport_introspection_c
[0.126s] [ 41%] Built target custom_msgs__rosidl_typesupport_c
[0.126s] [ 51%] Built target custom_msgs__rosidl_typesupport_fastrtps_c
[0.127s] [ 61%] Built target custom_msgs__rosidl_typesupport_fastrtps_cpp
[0.127s] [ 70%] Built target custom_msgs__rosidl_typesupport_introspection_cpp
[0.149s] [ 70%] Built target custom_msgs
[0.171s] [ 74%] Built target custom_msgs__py
[0.197s] [ 80%] Built target custom_msgs__rosidl_generator_py
[0.226s] [ 87%] Built target custom_msgs__rosidl_typesupport_introspection_c__pyext
[0.227s] [ 93%] Built target custom_msgs__rosidl_typesupport_c__pyext
[0.228s] [100%] Built target custom_msgs__rosidl_typesupport_fastrtps_c__pyext
[0.443s] running egg_info
[0.471s] writing custom_msgs.egg-info/PKG-INFO
[0.473s] writing dependency_links to custom_msgs.egg-info/dependency_links.txt
[0.474s] writing top-level names to custom_msgs.egg-info/top_level.txt
[0.554s] reading manifest file 'custom_msgs.egg-info/SOURCES.txt'
[0.556s] writing manifest file 'custom_msgs.egg-info/SOURCES.txt'
[0.600s] [100%] Built target ament_cmake_python_build_custom_msgs_egg
[0.619s] Invoked command in '/home/niweiss/ws_sensor_combined/build/custom_msgs' returned '0': CMAKE_PREFIX_PATH=${CMAKE_PREFIX_PATH}:/opt/ros/humble /usr/bin/cmake --build /home/niweiss/ws_sensor_combined/build/custom_msgs -- -j16 -l16
[0.640s] Invoking command in '/home/niweiss/ws_sensor_combined/build/custom_msgs': CMAKE_PREFIX_PATH=${CMAKE_PREFIX_PATH}:/opt/ros/humble /usr/bin/cmake --install /home/niweiss/ws_sensor_combined/build/custom_msgs
[0.651s] -- Install configuration: ""
[0.651s] -- Up-to-date: /home/niweiss/ws_sensor_combined/install/custom_msgs/share/ament_index/resource_index/rosidl_interfaces/custom_msgs
[0.652s] -- Up-to-date: /home/niweiss/ws_sensor_combined/install/custom_msgs/include/custom_msgs/custom_msgs
[0.652s] -- Up-to-date: /home/niweiss/ws_sensor_combined/install/custom_msgs/include/custom_msgs/custom_msgs/msg
[0.652s] -- Up-to-date: /home/niweiss/ws_sensor_combined/install/custom_msgs/include/custom_msgs/custom_msgs/msg/rosidl_generator_c__visibility_control.h
[0.652s] -- Up-to-date: /home/niweiss/ws_sensor_combined/install/custom_msgs/include/custom_msgs/custom_msgs/msg/flight_command.h
[0.653s] -- Up-to-date: /home/niweiss/ws_sensor_combined/install/custom_msgs/include/custom_msgs/custom_msgs/msg/detail
[0.653s] -- Up-to-date: /home/niweiss/ws_sensor_combined/install/custom_msgs/include/custom_msgs/custom_msgs/msg/detail/flight_command__functions.h
[0.653s] -- Up-to-date: /home/niweiss/ws_sensor_combined/install/custom_msgs/include/custom_msgs/custom_msgs/msg/detail/flight_command__type_support.h
[0.653s] -- Up-to-date: /home/niweiss/ws_sensor_combined/install/custom_msgs/include/custom_msgs/custom_msgs/msg/detail/flight_command__functions.c
[0.653s] -- Up-to-date: /home/niweiss/ws_sensor_combined/install/custom_msgs/include/custom_msgs/custom_msgs/msg/detail/flight_command__struct.h
[0.653s] -- Up-to-date: /home/niweiss/ws_sensor_combined/install/custom_msgs/share/custom_msgs/environment/library_path.sh
[0.653s] -- Up-to-date: /home/niweiss/ws_sensor_combined/install/custom_msgs/share/custom_msgs/environment/library_path.dsv
[0.654s] -- Up-to-date: /home/niweiss/ws_sensor_combined/install/custom_msgs/lib/libcustom_msgs__rosidl_generator_c.so
[0.654s] -- Up-to-date: /home/niweiss/ws_sensor_combined/install/custom_msgs/include/custom_msgs/custom_msgs
[0.654s] -- Up-to-date: /home/niweiss/ws_sensor_combined/install/custom_msgs/include/custom_msgs/custom_msgs/msg
[0.654s] -- Up-to-date: /home/niweiss/ws_sensor_combined/install/custom_msgs/include/custom_msgs/custom_msgs/msg/rosidl_typesupport_fastrtps_c__visibility_control.h
[0.654s] -- Up-to-date: /home/niweiss/ws_sensor_combined/install/custom_msgs/include/custom_msgs/custom_msgs/msg/detail
[0.655s] -- Up-to-date: /home/niweiss/ws_sensor_combined/install/custom_msgs/include/custom_msgs/custom_msgs/msg/detail/flight_command__rosidl_typesupport_fastrtps_c.h
[0.655s] -- Up-to-date: /home/niweiss/ws_sensor_combined/install/custom_msgs/lib/libcustom_msgs__rosidl_typesupport_fastrtps_c.so
[0.656s] -- Up-to-date: /home/niweiss/ws_sensor_combined/install/custom_msgs/include/custom_msgs/custom_msgs
[0.656s] -- Up-to-date: /home/niweiss/ws_sensor_combined/install/custom_msgs/include/custom_msgs/custom_msgs/msg
[0.656s] -- Up-to-date: /home/niweiss/ws_sensor_combined/install/custom_msgs/include/custom_msgs/custom_msgs/msg/detail
[0.656s] -- Up-to-date: /home/niweiss/ws_sensor_combined/install/custom_msgs/include/custom_msgs/custom_msgs/msg/detail/flight_command__rosidl_typesupport_introspection_c.h
[0.656s] -- Up-to-date: /home/niweiss/ws_sensor_combined/install/custom_msgs/include/custom_msgs/custom_msgs/msg/detail/flight_command__type_support.c
[0.656s] -- Up-to-date: /home/niweiss/ws_sensor_combined/install/custom_msgs/include/custom_msgs/custom_msgs/msg/rosidl_typesupport_introspection_c__visibility_control.h
[0.657s] -- Up-to-date: /home/niweiss/ws_sensor_combined/install/custom_msgs/lib/libcustom_msgs__rosidl_typesupport_introspection_c.so
[0.657s] -- Up-to-date: /home/niweiss/ws_sensor_combined/install/custom_msgs/lib/libcustom_msgs__rosidl_typesupport_c.so
[0.657s] -- Up-to-date: /home/niweiss/ws_sensor_combined/install/custom_msgs/include/custom_msgs/custom_msgs
[0.657s] -- Up-to-date: /home/niweiss/ws_sensor_combined/install/custom_msgs/include/custom_msgs/custom_msgs/msg
[0.657s] -- Up-to-date: /home/niweiss/ws_sensor_combined/install/custom_msgs/include/custom_msgs/custom_msgs/msg/rosidl_generator_cpp__visibility_control.hpp
[0.657s] -- Up-to-date: /home/niweiss/ws_sensor_combined/install/custom_msgs/include/custom_msgs/custom_msgs/msg/flight_command.hpp
[0.657s] -- Up-to-date: /home/niweiss/ws_sensor_combined/install/custom_msgs/include/custom_msgs/custom_msgs/msg/detail
[0.657s] -- Up-to-date: /home/niweiss/ws_sensor_combined/install/custom_msgs/include/custom_msgs/custom_msgs/msg/detail/flight_command__traits.hpp
[0.657s] -- Up-to-date: /home/niweiss/ws_sensor_combined/install/custom_msgs/include/custom_msgs/custom_msgs/msg/detail/flight_command__struct.hpp
[0.657s] -- Up-to-date: /home/niweiss/ws_sensor_combined/install/custom_msgs/include/custom_msgs/custom_msgs/msg/detail/flight_command__builder.hpp
[0.658s] -- Up-to-date: /home/niweiss/ws_sensor_combined/install/custom_msgs/include/custom_msgs/custom_msgs/msg/detail/flight_command__type_support.hpp
[0.658s] -- Up-to-date: /home/niweiss/ws_sensor_combined/install/custom_msgs/include/custom_msgs/custom_msgs
[0.658s] -- Up-to-date: /home/niweiss/ws_sensor_combined/install/custom_msgs/include/custom_msgs/custom_msgs/msg
[0.658s] -- Up-to-date: /home/niweiss/ws_sensor_combined/install/custom_msgs/include/custom_msgs/custom_msgs/msg/rosidl_typesupport_fastrtps_cpp__visibility_control.h
[0.658s] -- Up-to-date: /home/niweiss/ws_sensor_combined/install/custom_msgs/include/custom_msgs/custom_msgs/msg/detail
[0.658s] -- Up-to-date: /home/niweiss/ws_sensor_combined/install/custom_msgs/include/custom_msgs/custom_msgs/msg/detail/flight_command__rosidl_typesupport_fastrtps_cpp.hpp
[0.658s] -- Up-to-date: /home/niweiss/ws_sensor_combined/install/custom_msgs/include/custom_msgs/custom_msgs/msg/detail/dds_fastrtps
[0.658s] -- Up-to-date: /home/niweiss/ws_sensor_combined/install/custom_msgs/lib/libcustom_msgs__rosidl_typesupport_fastrtps_cpp.so
[0.658s] -- Up-to-date: /home/niweiss/ws_sensor_combined/install/custom_msgs/include/custom_msgs/custom_msgs
[0.659s] -- Up-to-date: /home/niweiss/ws_sensor_combined/install/custom_msgs/include/custom_msgs/custom_msgs/msg
[0.659s] -- Up-to-date: /home/niweiss/ws_sensor_combined/install/custom_msgs/include/custom_msgs/custom_msgs/msg/detail
[0.659s] -- Up-to-date: /home/niweiss/ws_sensor_combined/install/custom_msgs/include/custom_msgs/custom_msgs/msg/detail/flight_command__rosidl_typesupport_introspection_cpp.hpp
[0.659s] -- Up-to-date: /home/niweiss/ws_sensor_combined/install/custom_msgs/include/custom_msgs/custom_msgs/msg/detail/flight_command__type_support.cpp
[0.659s] -- Up-to-date: /home/niweiss/ws_sensor_combined/install/custom_msgs/lib/libcustom_msgs__rosidl_typesupport_introspection_cpp.so
[0.660s] -- Up-to-date: /home/niweiss/ws_sensor_combined/install/custom_msgs/lib/libcustom_msgs__rosidl_typesupport_cpp.so
[0.660s] -- Up-to-date: /home/niweiss/ws_sensor_combined/install/custom_msgs/share/custom_msgs/environment/pythonpath.sh
[0.660s] -- Up-to-date: /home/niweiss/ws_sensor_combined/install/custom_msgs/share/custom_msgs/environment/pythonpath.dsv
[0.660s] -- Up-to-date: /home/niweiss/ws_sensor_combined/install/custom_msgs/local/lib/python3.10/dist-packages/custom_msgs-0.0.0-py3.10.egg-info
[0.660s] -- Installing: /home/niweiss/ws_sensor_combined/install/custom_msgs/local/lib/python3.10/dist-packages/custom_msgs-0.0.0-py3.10.egg-info/top_level.txt
[0.661s] -- Installing: /home/niweiss/ws_sensor_combined/install/custom_msgs/local/lib/python3.10/dist-packages/custom_msgs-0.0.0-py3.10.egg-info/PKG-INFO
[0.661s] -- Installing: /home/niweiss/ws_sensor_combined/install/custom_msgs/local/lib/python3.10/dist-packages/custom_msgs-0.0.0-py3.10.egg-info/dependency_links.txt
[0.661s] -- Installing: /home/niweiss/ws_sensor_combined/install/custom_msgs/local/lib/python3.10/dist-packages/custom_msgs-0.0.0-py3.10.egg-info/SOURCES.txt
[0.661s] -- Up-to-date: /home/niweiss/ws_sensor_combined/install/custom_msgs/local/lib/python3.10/dist-packages/custom_msgs
[0.661s] -- Up-to-date: /home/niweiss/ws_sensor_combined/install/custom_msgs/local/lib/python3.10/dist-packages/custom_msgs/custom_msgs_s__rosidl_typesupport_fastrtps_c.cpython-310-x86_64-linux-gnu.so
[0.661s] -- Up-to-date: /home/niweiss/ws_sensor_combined/install/custom_msgs/local/lib/python3.10/dist-packages/custom_msgs/msg
[0.661s] -- Up-to-date: /home/niweiss/ws_sensor_combined/install/custom_msgs/local/lib/python3.10/dist-packages/custom_msgs/msg/_flight_command.py
[0.661s] -- Up-to-date: /home/niweiss/ws_sensor_combined/install/custom_msgs/local/lib/python3.10/dist-packages/custom_msgs/msg/__init__.py
[0.661s] -- Up-to-date: /home/niweiss/ws_sensor_combined/install/custom_msgs/local/lib/python3.10/dist-packages/custom_msgs/msg/_flight_command_s.c
[0.661s] -- Up-to-date: /home/niweiss/ws_sensor_combined/install/custom_msgs/local/lib/python3.10/dist-packages/custom_msgs/_custom_msgs_s.ep.rosidl_typesupport_introspection_c.c
[0.661s] -- Up-to-date: /home/niweiss/ws_sensor_combined/install/custom_msgs/local/lib/python3.10/dist-packages/custom_msgs/custom_msgs_s__rosidl_typesupport_introspection_c.cpython-310-x86_64-linux-gnu.so
[0.661s] -- Up-to-date: /home/niweiss/ws_sensor_combined/install/custom_msgs/local/lib/python3.10/dist-packages/custom_msgs/__init__.py
[0.662s] -- Up-to-date: /home/niweiss/ws_sensor_combined/install/custom_msgs/local/lib/python3.10/dist-packages/custom_msgs/_custom_msgs_s.ep.rosidl_typesupport_c.c
[0.662s] -- Up-to-date: /home/niweiss/ws_sensor_combined/install/custom_msgs/local/lib/python3.10/dist-packages/custom_msgs/custom_msgs_s__rosidl_typesupport_c.cpython-310-x86_64-linux-gnu.so
[0.662s] -- Up-to-date: /home/niweiss/ws_sensor_combined/install/custom_msgs/local/lib/python3.10/dist-packages/custom_msgs/_custom_msgs_s.ep.rosidl_typesupport_fastrtps_c.c
[0.662s] -- Up-to-date: /home/niweiss/ws_sensor_combined/install/custom_msgs/local/lib/python3.10/dist-packages/custom_msgs/libcustom_msgs__rosidl_generator_py.so
[0.706s] Listing '/home/niweiss/ws_sensor_combined/install/custom_msgs/local/lib/python3.10/dist-packages/custom_msgs'...
[0.706s] Listing '/home/niweiss/ws_sensor_combined/install/custom_msgs/local/lib/python3.10/dist-packages/custom_msgs/msg'...
[0.711s] -- Up-to-date: /home/niweiss/ws_sensor_combined/install/custom_msgs/local/lib/python3.10/dist-packages/custom_msgs/custom_msgs_s__rosidl_typesupport_fastrtps_c.cpython-310-x86_64-linux-gnu.so
[0.712s] -- Up-to-date: /home/niweiss/ws_sensor_combined/install/custom_msgs/local/lib/python3.10/dist-packages/custom_msgs/custom_msgs_s__rosidl_typesupport_introspection_c.cpython-310-x86_64-linux-gnu.so
[0.712s] -- Up-to-date: /home/niweiss/ws_sensor_combined/install/custom_msgs/local/lib/python3.10/dist-packages/custom_msgs/custom_msgs_s__rosidl_typesupport_c.cpython-310-x86_64-linux-gnu.so
[0.712s] -- Up-to-date: /home/niweiss/ws_sensor_combined/install/custom_msgs/lib/libcustom_msgs__rosidl_generator_py.so
[0.713s] -- Up-to-date: /home/niweiss/ws_sensor_combined/install/custom_msgs/share/custom_msgs/msg/FlightCommand.idl
[0.713s] -- Up-to-date: /home/niweiss/ws_sensor_combined/install/custom_msgs/share/custom_msgs/msg/FlightCommand.msg
[0.713s] -- Up-to-date: /home/niweiss/ws_sensor_combined/install/custom_msgs/share/ament_index/resource_index/package_run_dependencies/custom_msgs
[0.713s] -- Up-to-date: /home/niweiss/ws_sensor_combined/install/custom_msgs/share/ament_index/resource_index/parent_prefix_path/custom_msgs
[0.715s] -- Up-to-date: /home/niweiss/ws_sensor_combined/install/custom_msgs/share/custom_msgs/environment/ament_prefix_path.sh
[0.715s] -- Up-to-date: /home/niweiss/ws_sensor_combined/install/custom_msgs/share/custom_msgs/environment/ament_prefix_path.dsv
[0.715s] -- Up-to-date: /home/niweiss/ws_sensor_combined/install/custom_msgs/share/custom_msgs/environment/path.sh
[0.715s] -- Up-to-date: /home/niweiss/ws_sensor_combined/install/custom_msgs/share/custom_msgs/environment/path.dsv
[0.716s] -- Up-to-date: /home/niweiss/ws_sensor_combined/install/custom_msgs/share/custom_msgs/local_setup.bash
[0.716s] -- Up-to-date: /home/niweiss/ws_sensor_combined/install/custom_msgs/share/custom_msgs/local_setup.sh
[0.716s] -- Up-to-date: /home/niweiss/ws_sensor_combined/install/custom_msgs/share/custom_msgs/local_setup.zsh
[0.716s] -- Up-to-date: /home/niweiss/ws_sensor_combined/install/custom_msgs/share/custom_msgs/local_setup.dsv
[0.716s] -- Installing: /home/niweiss/ws_sensor_combined/install/custom_msgs/share/custom_msgs/package.dsv
[0.716s] -- Up-to-date: /home/niweiss/ws_sensor_combined/install/custom_msgs/share/ament_index/resource_index/packages/custom_msgs
[0.716s] -- Up-to-date: /home/niweiss/ws_sensor_combined/install/custom_msgs/share/custom_msgs/cmake/export_custom_msgs__rosidl_generator_cExport.cmake
[0.716s] -- Up-to-date: /home/niweiss/ws_sensor_combined/install/custom_msgs/share/custom_msgs/cmake/export_custom_msgs__rosidl_generator_cExport-noconfig.cmake
[0.716s] -- Up-to-date: /home/niweiss/ws_sensor_combined/install/custom_msgs/share/custom_msgs/cmake/export_custom_msgs__rosidl_typesupport_fastrtps_cExport.cmake
[0.716s] -- Up-to-date: /home/niweiss/ws_sensor_combined/install/custom_msgs/share/custom_msgs/cmake/export_custom_msgs__rosidl_typesupport_fastrtps_cExport-noconfig.cmake
[0.716s] -- Up-to-date: /home/niweiss/ws_sensor_combined/install/custom_msgs/share/custom_msgs/cmake/custom_msgs__rosidl_typesupport_introspection_cExport.cmake
[0.716s] -- Up-to-date: /home/niweiss/ws_sensor_combined/install/custom_msgs/share/custom_msgs/cmake/custom_msgs__rosidl_typesupport_introspection_cExport-noconfig.cmake
[0.716s] -- Up-to-date: /home/niweiss/ws_sensor_combined/install/custom_msgs/share/custom_msgs/cmake/custom_msgs__rosidl_typesupport_cExport.cmake
[0.716s] -- Up-to-date: /home/niweiss/ws_sensor_combined/install/custom_msgs/share/custom_msgs/cmake/custom_msgs__rosidl_typesupport_cExport-noconfig.cmake
[0.716s] -- Up-to-date: /home/niweiss/ws_sensor_combined/install/custom_msgs/share/custom_msgs/cmake/export_custom_msgs__rosidl_generator_cppExport.cmake
[0.716s] -- Up-to-date: /home/niweiss/ws_sensor_combined/install/custom_msgs/share/custom_msgs/cmake/export_custom_msgs__rosidl_typesupport_fastrtps_cppExport.cmake
[0.716s] -- Up-to-date: /home/niweiss/ws_sensor_combined/install/custom_msgs/share/custom_msgs/cmake/export_custom_msgs__rosidl_typesupport_fastrtps_cppExport-noconfig.cmake
[0.716s] -- Up-to-date: /home/niweiss/ws_sensor_combined/install/custom_msgs/share/custom_msgs/cmake/custom_msgs__rosidl_typesupport_introspection_cppExport.cmake
[0.716s] -- Up-to-date: /home/niweiss/ws_sensor_combined/install/custom_msgs/share/custom_msgs/cmake/custom_msgs__rosidl_typesupport_introspection_cppExport-noconfig.cmake
[0.717s] -- Up-to-date: /home/niweiss/ws_sensor_combined/install/custom_msgs/share/custom_msgs/cmake/custom_msgs__rosidl_typesupport_cppExport.cmake
[0.717s] -- Up-to-date: /home/niweiss/ws_sensor_combined/install/custom_msgs/share/custom_msgs/cmake/custom_msgs__rosidl_typesupport_cppExport-noconfig.cmake
[0.717s] -- Up-to-date: /home/niweiss/ws_sensor_combined/install/custom_msgs/share/custom_msgs/cmake/export_custom_msgs__rosidl_generator_pyExport.cmake
[0.717s] -- Up-to-date: /home/niweiss/ws_sensor_combined/install/custom_msgs/share/custom_msgs/cmake/export_custom_msgs__rosidl_generator_pyExport-noconfig.cmake
[0.717s] -- Up-to-date: /home/niweiss/ws_sensor_combined/install/custom_msgs/share/custom_msgs/cmake/rosidl_cmake-extras.cmake
[0.717s] -- Up-to-date: /home/niweiss/ws_sensor_combined/install/custom_msgs/share/custom_msgs/cmake/ament_cmake_export_include_directories-extras.cmake
[0.717s] -- Up-to-date: /home/niweiss/ws_sensor_combined/install/custom_msgs/share/custom_msgs/cmake/ament_cmake_export_libraries-extras.cmake
[0.717s] -- Up-to-date: /home/niweiss/ws_sensor_combined/install/custom_msgs/share/custom_msgs/cmake/ament_cmake_export_targets-extras.cmake
[0.717s] -- Up-to-date: /home/niweiss/ws_sensor_combined/install/custom_msgs/share/custom_msgs/cmake/rosidl_cmake_export_typesupport_targets-extras.cmake
[0.717s] -- Up-to-date: /home/niweiss/ws_sensor_combined/install/custom_msgs/share/custom_msgs/cmake/ament_cmake_export_dependencies-extras.cmake
[0.718s] -- Up-to-date: /home/niweiss/ws_sensor_combined/install/custom_msgs/share/custom_msgs/cmake/rosidl_cmake_export_typesupport_libraries-extras.cmake
[0.718s] -- Up-to-date: /home/niweiss/ws_sensor_combined/install/custom_msgs/share/custom_msgs/cmake/custom_msgsConfig.cmake
[0.718s] -- Up-to-date: /home/niweiss/ws_sensor_combined/install/custom_msgs/share/custom_msgs/cmake/custom_msgsConfig-version.cmake
[0.718s] -- Up-to-date: /home/niweiss/ws_sensor_combined/install/custom_msgs/share/custom_msgs/package.xml
[0.720s] Invoked command in '/home/niweiss/ws_sensor_combined/build/custom_msgs' returned '0': CMAKE_PREFIX_PATH=${CMAKE_PREFIX_PATH}:/opt/ros/humble /usr/bin/cmake --install /home/niweiss/ws_sensor_combined/build/custom_msgs
