[0.027s] Invoking command in '/home/niweiss/ws_sensor_combined/build/custom_msgs': CMAKE_PREFIX_PATH=/opt/ros/humble /usr/bin/cmake --build /home/niweiss/ws_sensor_combined/build/custom_msgs -- -j16 -l16
[0.116s] [35m[1mConsolidate compiler generated dependencies of target custom_msgs__rosidl_generator_c[0m
[0.127s] [  9%] Built target custom_msgs__rosidl_generator_c
[0.132s] [ 12%] Built target custom_msgs__cpp
[0.149s] [35m[1mConsolidate compiler generated dependencies of target custom_msgs__rosidl_typesupport_fastrtps_c[0m
[0.152s] [35m[1mConsolidate compiler generated dependencies of target custom_msgs__rosidl_typesupport_c[0m
[0.152s] [ 12%] Built target ament_cmake_python_copy_custom_msgs
[0.156s] [35m[1mConsolidate compiler generated dependencies of target custom_msgs__rosidl_typesupport_cpp[0m
[0.161s] [35m[1mConsolidate compiler generated dependencies of target custom_msgs__rosidl_typesupport_introspection_c[0m
[0.167s] [35m[1mConsolidate compiler generated dependencies of target custom_msgs__rosidl_typesupport_fastrtps_cpp[0m
[0.172s] [ 22%] Built target custom_msgs__rosidl_typesupport_c
[0.174s] [ 32%] Built target custom_msgs__rosidl_typesupport_cpp
[0.174s] [ 41%] Built target custom_msgs__rosidl_typesupport_fastrtps_c
[0.175s] [35m[1mConsolidate compiler generated dependencies of target custom_msgs__rosidl_typesupport_introspection_cpp[0m
[0.180s] [ 51%] Built target custom_msgs__rosidl_typesupport_introspection_c
[0.182s] [ 61%] Built target custom_msgs__rosidl_typesupport_fastrtps_cpp
[0.187s] [ 70%] Built target custom_msgs__rosidl_typesupport_introspection_cpp
[0.204s] [ 70%] Built target custom_msgs
[0.223s] [ 74%] Built target custom_msgs__py
[0.233s] [35m[1mConsolidate compiler generated dependencies of target custom_msgs__rosidl_generator_py[0m
[0.244s] [ 80%] Built target custom_msgs__rosidl_generator_py
[0.256s] [35m[1mConsolidate compiler generated dependencies of target custom_msgs__rosidl_typesupport_fastrtps_c__pyext[0m
[0.260s] [35m[1mConsolidate compiler generated dependencies of target custom_msgs__rosidl_typesupport_introspection_c__pyext[0m
[0.260s] [35m[1mConsolidate compiler generated dependencies of target custom_msgs__rosidl_typesupport_c__pyext[0m
[0.273s] [ 87%] Built target custom_msgs__rosidl_typesupport_c__pyext
[0.275s] [ 93%] Built target custom_msgs__rosidl_typesupport_introspection_c__pyext
[0.278s] [100%] Built target custom_msgs__rosidl_typesupport_fastrtps_c__pyext
[0.427s] running egg_info
[0.442s] writing custom_msgs.egg-info/PKG-INFO
[0.443s] writing dependency_links to custom_msgs.egg-info/dependency_links.txt
[0.443s] writing top-level names to custom_msgs.egg-info/top_level.txt
[0.483s] reading manifest file 'custom_msgs.egg-info/SOURCES.txt'
[0.484s] writing manifest file 'custom_msgs.egg-info/SOURCES.txt'
[0.512s] [100%] Built target ament_cmake_python_build_custom_msgs_egg
[0.521s] Invoked command in '/home/niweiss/ws_sensor_combined/build/custom_msgs' returned '0': CMAKE_PREFIX_PATH=/opt/ros/humble /usr/bin/cmake --build /home/niweiss/ws_sensor_combined/build/custom_msgs -- -j16 -l16
[0.529s] Invoking command in '/home/niweiss/ws_sensor_combined/build/custom_msgs': CMAKE_PREFIX_PATH=/opt/ros/humble /usr/bin/cmake --install /home/niweiss/ws_sensor_combined/build/custom_msgs
[0.536s] -- Install configuration: ""
[0.538s] -- Up-to-date: /home/niweiss/ws_sensor_combined/install/custom_msgs/share/ament_index/resource_index/rosidl_interfaces/custom_msgs
[0.538s] -- Up-to-date: /home/niweiss/ws_sensor_combined/install/custom_msgs/include/custom_msgs/custom_msgs
[0.539s] -- Up-to-date: /home/niweiss/ws_sensor_combined/install/custom_msgs/include/custom_msgs/custom_msgs/msg
[0.539s] -- Up-to-date: /home/niweiss/ws_sensor_combined/install/custom_msgs/include/custom_msgs/custom_msgs/msg/rosidl_generator_c__visibility_control.h
[0.539s] -- Up-to-date: /home/niweiss/ws_sensor_combined/install/custom_msgs/include/custom_msgs/custom_msgs/msg/flight_command.h
[0.539s] -- Up-to-date: /home/niweiss/ws_sensor_combined/install/custom_msgs/include/custom_msgs/custom_msgs/msg/detail
[0.539s] -- Up-to-date: /home/niweiss/ws_sensor_combined/install/custom_msgs/include/custom_msgs/custom_msgs/msg/detail/flight_command__functions.h
[0.540s] -- Up-to-date: /home/niweiss/ws_sensor_combined/install/custom_msgs/include/custom_msgs/custom_msgs/msg/detail/flight_command__type_support.h
[0.540s] -- Up-to-date: /home/niweiss/ws_sensor_combined/install/custom_msgs/include/custom_msgs/custom_msgs/msg/detail/flight_command__functions.c
[0.540s] -- Up-to-date: /home/niweiss/ws_sensor_combined/install/custom_msgs/include/custom_msgs/custom_msgs/msg/detail/flight_command__struct.h
[0.540s] -- Up-to-date: /home/niweiss/ws_sensor_combined/install/custom_msgs/share/custom_msgs/environment/library_path.sh
[0.540s] -- Up-to-date: /home/niweiss/ws_sensor_combined/install/custom_msgs/share/custom_msgs/environment/library_path.dsv
[0.541s] -- Up-to-date: /home/niweiss/ws_sensor_combined/install/custom_msgs/lib/libcustom_msgs__rosidl_generator_c.so
[0.541s] -- Up-to-date: /home/niweiss/ws_sensor_combined/install/custom_msgs/include/custom_msgs/custom_msgs
[0.541s] -- Up-to-date: /home/niweiss/ws_sensor_combined/install/custom_msgs/include/custom_msgs/custom_msgs/msg
[0.541s] -- Up-to-date: /home/niweiss/ws_sensor_combined/install/custom_msgs/include/custom_msgs/custom_msgs/msg/rosidl_typesupport_fastrtps_c__visibility_control.h
[0.542s] -- Up-to-date: /home/niweiss/ws_sensor_combined/install/custom_msgs/include/custom_msgs/custom_msgs/msg/detail
[0.542s] -- Up-to-date: /home/niweiss/ws_sensor_combined/install/custom_msgs/include/custom_msgs/custom_msgs/msg/detail/flight_command__rosidl_typesupport_fastrtps_c.h
[0.542s] -- Up-to-date: /home/niweiss/ws_sensor_combined/install/custom_msgs/lib/libcustom_msgs__rosidl_typesupport_fastrtps_c.so
[0.542s] -- Up-to-date: /home/niweiss/ws_sensor_combined/install/custom_msgs/include/custom_msgs/custom_msgs
[0.542s] -- Up-to-date: /home/niweiss/ws_sensor_combined/install/custom_msgs/include/custom_msgs/custom_msgs/msg
[0.542s] -- Up-to-date: /home/niweiss/ws_sensor_combined/install/custom_msgs/include/custom_msgs/custom_msgs/msg/detail
[0.542s] -- Up-to-date: /home/niweiss/ws_sensor_combined/install/custom_msgs/include/custom_msgs/custom_msgs/msg/detail/flight_command__rosidl_typesupport_introspection_c.h
[0.542s] -- Up-to-date: /home/niweiss/ws_sensor_combined/install/custom_msgs/include/custom_msgs/custom_msgs/msg/detail/flight_command__type_support.c
[0.542s] -- Up-to-date: /home/niweiss/ws_sensor_combined/install/custom_msgs/include/custom_msgs/custom_msgs/msg/rosidl_typesupport_introspection_c__visibility_control.h
[0.543s] -- Up-to-date: /home/niweiss/ws_sensor_combined/install/custom_msgs/lib/libcustom_msgs__rosidl_typesupport_introspection_c.so
[0.544s] -- Up-to-date: /home/niweiss/ws_sensor_combined/install/custom_msgs/lib/libcustom_msgs__rosidl_typesupport_c.so
[0.544s] -- Up-to-date: /home/niweiss/ws_sensor_combined/install/custom_msgs/include/custom_msgs/custom_msgs
[0.544s] -- Up-to-date: /home/niweiss/ws_sensor_combined/install/custom_msgs/include/custom_msgs/custom_msgs/msg
[0.544s] -- Up-to-date: /home/niweiss/ws_sensor_combined/install/custom_msgs/include/custom_msgs/custom_msgs/msg/rosidl_generator_cpp__visibility_control.hpp
[0.544s] -- Up-to-date: /home/niweiss/ws_sensor_combined/install/custom_msgs/include/custom_msgs/custom_msgs/msg/flight_command.hpp
[0.544s] -- Up-to-date: /home/niweiss/ws_sensor_combined/install/custom_msgs/include/custom_msgs/custom_msgs/msg/detail
[0.544s] -- Up-to-date: /home/niweiss/ws_sensor_combined/install/custom_msgs/include/custom_msgs/custom_msgs/msg/detail/flight_command__traits.hpp
[0.544s] -- Up-to-date: /home/niweiss/ws_sensor_combined/install/custom_msgs/include/custom_msgs/custom_msgs/msg/detail/flight_command__struct.hpp
[0.544s] -- Up-to-date: /home/niweiss/ws_sensor_combined/install/custom_msgs/include/custom_msgs/custom_msgs/msg/detail/flight_command__builder.hpp
[0.544s] -- Up-to-date: /home/niweiss/ws_sensor_combined/install/custom_msgs/include/custom_msgs/custom_msgs/msg/detail/flight_command__type_support.hpp
[0.544s] -- Up-to-date: /home/niweiss/ws_sensor_combined/install/custom_msgs/include/custom_msgs/custom_msgs
[0.544s] -- Up-to-date: /home/niweiss/ws_sensor_combined/install/custom_msgs/include/custom_msgs/custom_msgs/msg
[0.544s] -- Up-to-date: /home/niweiss/ws_sensor_combined/install/custom_msgs/include/custom_msgs/custom_msgs/msg/rosidl_typesupport_fastrtps_cpp__visibility_control.h
[0.544s] -- Up-to-date: /home/niweiss/ws_sensor_combined/install/custom_msgs/include/custom_msgs/custom_msgs/msg/detail
[0.544s] -- Up-to-date: /home/niweiss/ws_sensor_combined/install/custom_msgs/include/custom_msgs/custom_msgs/msg/detail/flight_command__rosidl_typesupport_fastrtps_cpp.hpp
[0.544s] -- Up-to-date: /home/niweiss/ws_sensor_combined/install/custom_msgs/include/custom_msgs/custom_msgs/msg/detail/dds_fastrtps
[0.545s] -- Up-to-date: /home/niweiss/ws_sensor_combined/install/custom_msgs/lib/libcustom_msgs__rosidl_typesupport_fastrtps_cpp.so
[0.545s] -- Up-to-date: /home/niweiss/ws_sensor_combined/install/custom_msgs/include/custom_msgs/custom_msgs
[0.545s] -- Up-to-date: /home/niweiss/ws_sensor_combined/install/custom_msgs/include/custom_msgs/custom_msgs/msg
[0.545s] -- Up-to-date: /home/niweiss/ws_sensor_combined/install/custom_msgs/include/custom_msgs/custom_msgs/msg/detail
[0.545s] -- Up-to-date: /home/niweiss/ws_sensor_combined/install/custom_msgs/include/custom_msgs/custom_msgs/msg/detail/flight_command__rosidl_typesupport_introspection_cpp.hpp
[0.545s] -- Up-to-date: /home/niweiss/ws_sensor_combined/install/custom_msgs/include/custom_msgs/custom_msgs/msg/detail/flight_command__type_support.cpp
[0.545s] -- Up-to-date: /home/niweiss/ws_sensor_combined/install/custom_msgs/lib/libcustom_msgs__rosidl_typesupport_introspection_cpp.so
[0.546s] -- Up-to-date: /home/niweiss/ws_sensor_combined/install/custom_msgs/lib/libcustom_msgs__rosidl_typesupport_cpp.so
[0.546s] -- Up-to-date: /home/niweiss/ws_sensor_combined/install/custom_msgs/share/custom_msgs/environment/pythonpath.sh
[0.546s] -- Up-to-date: /home/niweiss/ws_sensor_combined/install/custom_msgs/share/custom_msgs/environment/pythonpath.dsv
[0.547s] -- Up-to-date: /home/niweiss/ws_sensor_combined/install/custom_msgs/local/lib/python3.10/dist-packages/custom_msgs-0.0.0-py3.10.egg-info
[0.547s] -- Installing: /home/niweiss/ws_sensor_combined/install/custom_msgs/local/lib/python3.10/dist-packages/custom_msgs-0.0.0-py3.10.egg-info/top_level.txt
[0.547s] -- Installing: /home/niweiss/ws_sensor_combined/install/custom_msgs/local/lib/python3.10/dist-packages/custom_msgs-0.0.0-py3.10.egg-info/PKG-INFO
[0.548s] -- Installing: /home/niweiss/ws_sensor_combined/install/custom_msgs/local/lib/python3.10/dist-packages/custom_msgs-0.0.0-py3.10.egg-info/dependency_links.txt
[0.548s] -- Installing: /home/niweiss/ws_sensor_combined/install/custom_msgs/local/lib/python3.10/dist-packages/custom_msgs-0.0.0-py3.10.egg-info/SOURCES.txt
[0.548s] -- Up-to-date: /home/niweiss/ws_sensor_combined/install/custom_msgs/local/lib/python3.10/dist-packages/custom_msgs
[0.548s] -- Up-to-date: /home/niweiss/ws_sensor_combined/install/custom_msgs/local/lib/python3.10/dist-packages/custom_msgs/custom_msgs_s__rosidl_typesupport_fastrtps_c.cpython-310-x86_64-linux-gnu.so
[0.548s] -- Up-to-date: /home/niweiss/ws_sensor_combined/install/custom_msgs/local/lib/python3.10/dist-packages/custom_msgs/msg
[0.548s] -- Up-to-date: /home/niweiss/ws_sensor_combined/install/custom_msgs/local/lib/python3.10/dist-packages/custom_msgs/msg/_flight_command.py
[0.548s] -- Up-to-date: /home/niweiss/ws_sensor_combined/install/custom_msgs/local/lib/python3.10/dist-packages/custom_msgs/msg/__init__.py
[0.548s] -- Up-to-date: /home/niweiss/ws_sensor_combined/install/custom_msgs/local/lib/python3.10/dist-packages/custom_msgs/msg/_flight_command_s.c
[0.548s] -- Up-to-date: /home/niweiss/ws_sensor_combined/install/custom_msgs/local/lib/python3.10/dist-packages/custom_msgs/_custom_msgs_s.ep.rosidl_typesupport_introspection_c.c
[0.549s] -- Up-to-date: /home/niweiss/ws_sensor_combined/install/custom_msgs/local/lib/python3.10/dist-packages/custom_msgs/custom_msgs_s__rosidl_typesupport_introspection_c.cpython-310-x86_64-linux-gnu.so
[0.549s] -- Up-to-date: /home/niweiss/ws_sensor_combined/install/custom_msgs/local/lib/python3.10/dist-packages/custom_msgs/__init__.py
[0.549s] -- Up-to-date: /home/niweiss/ws_sensor_combined/install/custom_msgs/local/lib/python3.10/dist-packages/custom_msgs/_custom_msgs_s.ep.rosidl_typesupport_c.c
[0.549s] -- Up-to-date: /home/niweiss/ws_sensor_combined/install/custom_msgs/local/lib/python3.10/dist-packages/custom_msgs/custom_msgs_s__rosidl_typesupport_c.cpython-310-x86_64-linux-gnu.so
[0.549s] -- Up-to-date: /home/niweiss/ws_sensor_combined/install/custom_msgs/local/lib/python3.10/dist-packages/custom_msgs/_custom_msgs_s.ep.rosidl_typesupport_fastrtps_c.c
[0.549s] -- Up-to-date: /home/niweiss/ws_sensor_combined/install/custom_msgs/local/lib/python3.10/dist-packages/custom_msgs/libcustom_msgs__rosidl_generator_py.so
[0.583s] Listing '/home/niweiss/ws_sensor_combined/install/custom_msgs/local/lib/python3.10/dist-packages/custom_msgs'...
[0.583s] Listing '/home/niweiss/ws_sensor_combined/install/custom_msgs/local/lib/python3.10/dist-packages/custom_msgs/msg'...
[0.587s] -- Up-to-date: /home/niweiss/ws_sensor_combined/install/custom_msgs/local/lib/python3.10/dist-packages/custom_msgs/custom_msgs_s__rosidl_typesupport_fastrtps_c.cpython-310-x86_64-linux-gnu.so
[0.588s] -- Up-to-date: /home/niweiss/ws_sensor_combined/install/custom_msgs/local/lib/python3.10/dist-packages/custom_msgs/custom_msgs_s__rosidl_typesupport_introspection_c.cpython-310-x86_64-linux-gnu.so
[0.589s] -- Up-to-date: /home/niweiss/ws_sensor_combined/install/custom_msgs/local/lib/python3.10/dist-packages/custom_msgs/custom_msgs_s__rosidl_typesupport_c.cpython-310-x86_64-linux-gnu.so
[0.590s] -- Up-to-date: /home/niweiss/ws_sensor_combined/install/custom_msgs/lib/libcustom_msgs__rosidl_generator_py.so
[0.590s] -- Up-to-date: /home/niweiss/ws_sensor_combined/install/custom_msgs/share/custom_msgs/msg/FlightCommand.idl
[0.590s] -- Up-to-date: /home/niweiss/ws_sensor_combined/install/custom_msgs/share/custom_msgs/msg/FlightCommand.msg
[0.591s] -- Up-to-date: /home/niweiss/ws_sensor_combined/install/custom_msgs/share/ament_index/resource_index/package_run_dependencies/custom_msgs
[0.591s] -- Up-to-date: /home/niweiss/ws_sensor_combined/install/custom_msgs/share/ament_index/resource_index/parent_prefix_path/custom_msgs
[0.591s] -- Up-to-date: /home/niweiss/ws_sensor_combined/install/custom_msgs/share/custom_msgs/environment/ament_prefix_path.sh
[0.591s] -- Up-to-date: /home/niweiss/ws_sensor_combined/install/custom_msgs/share/custom_msgs/environment/ament_prefix_path.dsv
[0.592s] -- Up-to-date: /home/niweiss/ws_sensor_combined/install/custom_msgs/share/custom_msgs/environment/path.sh
[0.592s] -- Up-to-date: /home/niweiss/ws_sensor_combined/install/custom_msgs/share/custom_msgs/environment/path.dsv
[0.592s] -- Up-to-date: /home/niweiss/ws_sensor_combined/install/custom_msgs/share/custom_msgs/local_setup.bash
[0.592s] -- Up-to-date: /home/niweiss/ws_sensor_combined/install/custom_msgs/share/custom_msgs/local_setup.sh
[0.592s] -- Up-to-date: /home/niweiss/ws_sensor_combined/install/custom_msgs/share/custom_msgs/local_setup.zsh
[0.592s] -- Up-to-date: /home/niweiss/ws_sensor_combined/install/custom_msgs/share/custom_msgs/local_setup.dsv
[0.592s] -- Installing: /home/niweiss/ws_sensor_combined/install/custom_msgs/share/custom_msgs/package.dsv
[0.593s] -- Up-to-date: /home/niweiss/ws_sensor_combined/install/custom_msgs/share/ament_index/resource_index/packages/custom_msgs
[0.594s] -- Up-to-date: /home/niweiss/ws_sensor_combined/install/custom_msgs/share/custom_msgs/cmake/export_custom_msgs__rosidl_generator_cExport.cmake
[0.594s] -- Up-to-date: /home/niweiss/ws_sensor_combined/install/custom_msgs/share/custom_msgs/cmake/export_custom_msgs__rosidl_generator_cExport-noconfig.cmake
[0.595s] -- Up-to-date: /home/niweiss/ws_sensor_combined/install/custom_msgs/share/custom_msgs/cmake/export_custom_msgs__rosidl_typesupport_fastrtps_cExport.cmake
[0.595s] -- Up-to-date: /home/niweiss/ws_sensor_combined/install/custom_msgs/share/custom_msgs/cmake/export_custom_msgs__rosidl_typesupport_fastrtps_cExport-noconfig.cmake
[0.596s] -- Up-to-date: /home/niweiss/ws_sensor_combined/install/custom_msgs/share/custom_msgs/cmake/custom_msgs__rosidl_typesupport_introspection_cExport.cmake
[0.596s] -- Up-to-date: /home/niweiss/ws_sensor_combined/install/custom_msgs/share/custom_msgs/cmake/custom_msgs__rosidl_typesupport_introspection_cExport-noconfig.cmake
[0.596s] -- Up-to-date: /home/niweiss/ws_sensor_combined/install/custom_msgs/share/custom_msgs/cmake/custom_msgs__rosidl_typesupport_cExport.cmake
[0.597s] -- Up-to-date: /home/niweiss/ws_sensor_combined/install/custom_msgs/share/custom_msgs/cmake/custom_msgs__rosidl_typesupport_cExport-noconfig.cmake
[0.597s] -- Up-to-date: /home/niweiss/ws_sensor_combined/install/custom_msgs/share/custom_msgs/cmake/export_custom_msgs__rosidl_generator_cppExport.cmake
[0.598s] -- Up-to-date: /home/niweiss/ws_sensor_combined/install/custom_msgs/share/custom_msgs/cmake/export_custom_msgs__rosidl_typesupport_fastrtps_cppExport.cmake
[0.598s] -- Up-to-date: /home/niweiss/ws_sensor_combined/install/custom_msgs/share/custom_msgs/cmake/export_custom_msgs__rosidl_typesupport_fastrtps_cppExport-noconfig.cmake
[0.599s] -- Up-to-date: /home/niweiss/ws_sensor_combined/install/custom_msgs/share/custom_msgs/cmake/custom_msgs__rosidl_typesupport_introspection_cppExport.cmake
[0.599s] -- Up-to-date: /home/niweiss/ws_sensor_combined/install/custom_msgs/share/custom_msgs/cmake/custom_msgs__rosidl_typesupport_introspection_cppExport-noconfig.cmake
[0.599s] -- Up-to-date: /home/niweiss/ws_sensor_combined/install/custom_msgs/share/custom_msgs/cmake/custom_msgs__rosidl_typesupport_cppExport.cmake
[0.600s] -- Up-to-date: /home/niweiss/ws_sensor_combined/install/custom_msgs/share/custom_msgs/cmake/custom_msgs__rosidl_typesupport_cppExport-noconfig.cmake
[0.601s] -- Up-to-date: /home/niweiss/ws_sensor_combined/install/custom_msgs/share/custom_msgs/cmake/export_custom_msgs__rosidl_generator_pyExport.cmake
[0.601s] -- Up-to-date: /home/niweiss/ws_sensor_combined/install/custom_msgs/share/custom_msgs/cmake/export_custom_msgs__rosidl_generator_pyExport-noconfig.cmake
[0.601s] -- Up-to-date: /home/niweiss/ws_sensor_combined/install/custom_msgs/share/custom_msgs/cmake/rosidl_cmake-extras.cmake
[0.601s] -- Up-to-date: /home/niweiss/ws_sensor_combined/install/custom_msgs/share/custom_msgs/cmake/ament_cmake_export_include_directories-extras.cmake
[0.601s] -- Up-to-date: /home/niweiss/ws_sensor_combined/install/custom_msgs/share/custom_msgs/cmake/ament_cmake_export_libraries-extras.cmake
[0.602s] -- Up-to-date: /home/niweiss/ws_sensor_combined/install/custom_msgs/share/custom_msgs/cmake/ament_cmake_export_targets-extras.cmake
[0.602s] -- Up-to-date: /home/niweiss/ws_sensor_combined/install/custom_msgs/share/custom_msgs/cmake/rosidl_cmake_export_typesupport_targets-extras.cmake
[0.602s] -- Up-to-date: /home/niweiss/ws_sensor_combined/install/custom_msgs/share/custom_msgs/cmake/ament_cmake_export_dependencies-extras.cmake
[0.602s] -- Up-to-date: /home/niweiss/ws_sensor_combined/install/custom_msgs/share/custom_msgs/cmake/rosidl_cmake_export_typesupport_libraries-extras.cmake
[0.602s] -- Up-to-date: /home/niweiss/ws_sensor_combined/install/custom_msgs/share/custom_msgs/cmake/custom_msgsConfig.cmake
[0.602s] -- Up-to-date: /home/niweiss/ws_sensor_combined/install/custom_msgs/share/custom_msgs/cmake/custom_msgsConfig-version.cmake
[0.602s] -- Up-to-date: /home/niweiss/ws_sensor_combined/install/custom_msgs/share/custom_msgs/package.xml
[0.604s] Invoked command in '/home/niweiss/ws_sensor_combined/build/custom_msgs' returned '0': CMAKE_PREFIX_PATH=/opt/ros/humble /usr/bin/cmake --install /home/niweiss/ws_sensor_combined/build/custom_msgs
