[0.110s] Invoking command in '/home/niweiss/ws_sensor_combined/build/example_local_navigation_cpp': AMENT_PREFIX_PATH=/home/niweiss/ws_sensor_combined/install/px4_ros2_cpp:/home/niweiss/ws_sensor_combined/install/px4_msgs:${AMENT_PREFIX_PATH} CMAKE_PREFIX_PATH=/home/niweiss/ws_sensor_combined/install/px4_ros2_cpp:/home/niweiss/ws_sensor_combined/install/px4_msgs:/opt/ros/humble LD_LIBRARY_PATH=/home/niweiss/ws_sensor_combined/install/px4_ros2_cpp/lib:/home/niweiss/ws_sensor_combined/install/px4_msgs/lib:${LD_LIBRARY_PATH} PYTHONPATH=/home/niweiss/ws_sensor_combined/install/px4_msgs/local/lib/python3.10/dist-packages:${PYTHONPATH} /usr/bin/cmake /home/niweiss/ws_sensor_combined/src/px4-ros2-interface-lib/examples/cpp/navigation/local_navigation -DCMAKE_INSTALL_PREFIX=/home/niweiss/ws_sensor_combined/install/example_local_navigation_cpp
[0.274s] -- The C compiler identification is GNU 11.4.0
[0.515s] -- The CXX compiler identification is GNU 11.4.0
[0.717s] -- Detecting C compiler ABI info
[0.833s] -- Detecting C compiler ABI info - done
[0.847s] -- Check for working C compiler: /usr/bin/cc - skipped
[0.847s] -- Detecting C compile features
[0.848s] -- Detecting C compile features - done
[0.851s] -- Detecting CXX compiler ABI info
[0.963s] -- Detecting CXX compiler ABI info - done
[0.973s] -- Check for working CXX compiler: /usr/bin/c++ - skipped
[0.973s] -- Detecting CXX compile features
[0.974s] -- Detecting CXX compile features - done
[0.975s] -- Found eigen3_cmake_module: 0.1.1 (/opt/ros/humble/share/eigen3_cmake_module/cmake)
[0.981s] -- Found Eigen3: TRUE (found version "3.4.0") 
[0.984s] -- Found ament_cmake: 1.3.11 (/opt/ros/humble/share/ament_cmake/cmake)
[1.430s] -- Found Python3: /usr/bin/python3 (found version "3.10.12") found components: Interpreter 
[1.543s] -- Found rclcpp: 16.0.11 (/opt/ros/humble/share/rclcpp/cmake)
[1.686s] -- Found rosidl_generator_c: 3.1.6 (/opt/ros/humble/share/rosidl_generator_c/cmake)
[1.691s] -- Found rosidl_adapter: 3.1.6 (/opt/ros/humble/share/rosidl_adapter/cmake)
[1.702s] -- Found rosidl_generator_cpp: 3.1.6 (/opt/ros/humble/share/rosidl_generator_cpp/cmake)
[1.718s] -- Using all available rosidl_typesupport_c: rosidl_typesupport_fastrtps_c;rosidl_typesupport_introspection_c
[1.738s] -- Using all available rosidl_typesupport_cpp: rosidl_typesupport_fastrtps_cpp;rosidl_typesupport_introspection_cpp
[1.782s] -- Found rmw_implementation_cmake: 6.1.2 (/opt/ros/humble/share/rmw_implementation_cmake/cmake)
[1.785s] -- Found rmw_fastrtps_cpp: 6.2.7 (/opt/ros/humble/share/rmw_fastrtps_cpp/cmake)
[2.407s] -- Found OpenSSL: /usr/lib/x86_64-linux-gnu/libcrypto.so (found version "3.0.2")  
[3.049s] -- Found FastRTPS: /opt/ros/humble/include  
[4.437s] -- Using RMW implementation 'rmw_fastrtps_cpp' as default
[4.444s] -- Looking for pthread.h
[4.577s] -- Looking for pthread.h - found
[4.578s] -- Performing Test CMAKE_HAVE_LIBC_PTHREAD
[4.717s] -- Performing Test CMAKE_HAVE_LIBC_PTHREAD - Success
[4.734s] -- Found Threads: TRUE  
[4.797s] -- Found px4_ros2_cpp: 0.0.1 (/home/niweiss/ws_sensor_combined/install/px4_ros2_cpp/share/px4_ros2_cpp/cmake)
[4.820s] -- Found ament_lint_auto: 0.12.11 (/opt/ros/humble/share/ament_lint_auto/cmake)
[4.924s] -- Added test 'copyright' to check source files copyright and LICENSE
[4.927s] -- Added test 'cppcheck' to perform static code analysis on C / C++ code
[4.927s] -- Configured cppcheck include dirs: /home/niweiss/ws_sensor_combined/src/px4-ros2-interface-lib/examples/cpp/navigation/local_navigation/include
[4.927s] -- Configured cppcheck exclude dirs and/or files: 
[4.928s] -- Added test 'cpplint' to check C / C++ code against the Google style
[4.929s] -- Configured cpplint exclude dirs and/or files: 
[4.931s] -- Added test 'lint_cmake' to check CMake code style
[4.933s] -- Added test 'uncrustify' to check C / C++ code style
[4.933s] -- Configured uncrustify additional arguments: 
[4.934s] -- Added test 'xmllint' to check XML markup files
[4.939s] -- Configuring done
[4.951s] -- Generating done
[4.959s] -- Build files have been written to: /home/niweiss/ws_sensor_combined/build/example_local_navigation_cpp
[4.978s] Invoked command in '/home/niweiss/ws_sensor_combined/build/example_local_navigation_cpp' returned '0': AMENT_PREFIX_PATH=/home/niweiss/ws_sensor_combined/install/px4_ros2_cpp:/home/niweiss/ws_sensor_combined/install/px4_msgs:${AMENT_PREFIX_PATH} CMAKE_PREFIX_PATH=/home/niweiss/ws_sensor_combined/install/px4_ros2_cpp:/home/niweiss/ws_sensor_combined/install/px4_msgs:/opt/ros/humble LD_LIBRARY_PATH=/home/niweiss/ws_sensor_combined/install/px4_ros2_cpp/lib:/home/niweiss/ws_sensor_combined/install/px4_msgs/lib:${LD_LIBRARY_PATH} PYTHONPATH=/home/niweiss/ws_sensor_combined/install/px4_msgs/local/lib/python3.10/dist-packages:${PYTHONPATH} /usr/bin/cmake /home/niweiss/ws_sensor_combined/src/px4-ros2-interface-lib/examples/cpp/navigation/local_navigation -DCMAKE_INSTALL_PREFIX=/home/niweiss/ws_sensor_combined/install/example_local_navigation_cpp
[4.979s] Invoking command in '/home/niweiss/ws_sensor_combined/build/example_local_navigation_cpp': AMENT_PREFIX_PATH=/home/niweiss/ws_sensor_combined/install/px4_ros2_cpp:/home/niweiss/ws_sensor_combined/install/px4_msgs:${AMENT_PREFIX_PATH} CMAKE_PREFIX_PATH=/home/niweiss/ws_sensor_combined/install/px4_ros2_cpp:/home/niweiss/ws_sensor_combined/install/px4_msgs:/opt/ros/humble LD_LIBRARY_PATH=/home/niweiss/ws_sensor_combined/install/px4_ros2_cpp/lib:/home/niweiss/ws_sensor_combined/install/px4_msgs/lib:${LD_LIBRARY_PATH} PYTHONPATH=/home/niweiss/ws_sensor_combined/install/px4_msgs/local/lib/python3.10/dist-packages:${PYTHONPATH} /usr/bin/cmake --build /home/niweiss/ws_sensor_combined/build/example_local_navigation_cpp -- -j16 -l16
[5.045s] [ 50%] [32mBuilding CXX object CMakeFiles/example_local_navigation.dir/src/main.cpp.o[0m
[14.376s] [100%] [32m[1mLinking CXX executable example_local_navigation[0m
[15.581s] [100%] Built target example_local_navigation
[15.600s] Invoked command in '/home/niweiss/ws_sensor_combined/build/example_local_navigation_cpp' returned '0': AMENT_PREFIX_PATH=/home/niweiss/ws_sensor_combined/install/px4_ros2_cpp:/home/niweiss/ws_sensor_combined/install/px4_msgs:${AMENT_PREFIX_PATH} CMAKE_PREFIX_PATH=/home/niweiss/ws_sensor_combined/install/px4_ros2_cpp:/home/niweiss/ws_sensor_combined/install/px4_msgs:/opt/ros/humble LD_LIBRARY_PATH=/home/niweiss/ws_sensor_combined/install/px4_ros2_cpp/lib:/home/niweiss/ws_sensor_combined/install/px4_msgs/lib:${LD_LIBRARY_PATH} PYTHONPATH=/home/niweiss/ws_sensor_combined/install/px4_msgs/local/lib/python3.10/dist-packages:${PYTHONPATH} /usr/bin/cmake --build /home/niweiss/ws_sensor_combined/build/example_local_navigation_cpp -- -j16 -l16
[15.605s] Invoking command in '/home/niweiss/ws_sensor_combined/build/example_local_navigation_cpp': AMENT_PREFIX_PATH=/home/niweiss/ws_sensor_combined/install/px4_ros2_cpp:/home/niweiss/ws_sensor_combined/install/px4_msgs:${AMENT_PREFIX_PATH} CMAKE_PREFIX_PATH=/home/niweiss/ws_sensor_combined/install/px4_ros2_cpp:/home/niweiss/ws_sensor_combined/install/px4_msgs:/opt/ros/humble LD_LIBRARY_PATH=/home/niweiss/ws_sensor_combined/install/px4_ros2_cpp/lib:/home/niweiss/ws_sensor_combined/install/px4_msgs/lib:${LD_LIBRARY_PATH} PYTHONPATH=/home/niweiss/ws_sensor_combined/install/px4_msgs/local/lib/python3.10/dist-packages:${PYTHONPATH} /usr/bin/cmake --install /home/niweiss/ws_sensor_combined/build/example_local_navigation_cpp
[15.618s] -- Install configuration: ""
[15.620s] -- Installing: /home/niweiss/ws_sensor_combined/install/example_local_navigation_cpp/lib/example_local_navigation_cpp/example_local_navigation
[15.621s] -- Set runtime path of "/home/niweiss/ws_sensor_combined/install/example_local_navigation_cpp/lib/example_local_navigation_cpp/example_local_navigation" to ""
[15.621s] -- Installing: /home/niweiss/ws_sensor_combined/install/example_local_navigation_cpp/share/ament_index/resource_index/package_run_dependencies/example_local_navigation_cpp
[15.622s] -- Installing: /home/niweiss/ws_sensor_combined/install/example_local_navigation_cpp/share/ament_index/resource_index/parent_prefix_path/example_local_navigation_cpp
[15.625s] -- Installing: /home/niweiss/ws_sensor_combined/install/example_local_navigation_cpp/share/example_local_navigation_cpp/environment/ament_prefix_path.sh
[15.625s] -- Installing: /home/niweiss/ws_sensor_combined/install/example_local_navigation_cpp/share/example_local_navigation_cpp/environment/ament_prefix_path.dsv
[15.626s] -- Installing: /home/niweiss/ws_sensor_combined/install/example_local_navigation_cpp/share/example_local_navigation_cpp/environment/path.sh
[15.629s] -- Installing: /home/niweiss/ws_sensor_combined/install/example_local_navigation_cpp/share/example_local_navigation_cpp/environment/path.dsv
[15.630s] -- Installing: /home/niweiss/ws_sensor_combined/install/example_local_navigation_cpp/share/example_local_navigation_cpp/local_setup.bash
[15.631s] -- Installing: /home/niweiss/ws_sensor_combined/install/example_local_navigation_cpp/share/example_local_navigation_cpp/local_setup.sh
[15.632s] -- Installing: /home/niweiss/ws_sensor_combined/install/example_local_navigation_cpp/share/example_local_navigation_cpp/local_setup.zsh
[15.633s] -- Installing: /home/niweiss/ws_sensor_combined/install/example_local_navigation_cpp/share/example_local_navigation_cpp/local_setup.dsv
[15.634s] -- Installing: /home/niweiss/ws_sensor_combined/install/example_local_navigation_cpp/share/example_local_navigation_cpp/package.dsv
[15.635s] -- Installing: /home/niweiss/ws_sensor_combined/install/example_local_navigation_cpp/share/ament_index/resource_index/packages/example_local_navigation_cpp
[15.636s] -- Installing: /home/niweiss/ws_sensor_combined/install/example_local_navigation_cpp/share/example_local_navigation_cpp/cmake/example_local_navigation_cppConfig.cmake
[15.638s] -- Installing: /home/niweiss/ws_sensor_combined/install/example_local_navigation_cpp/share/example_local_navigation_cpp/cmake/example_local_navigation_cppConfig-version.cmake
[15.638s] -- Installing: /home/niweiss/ws_sensor_combined/install/example_local_navigation_cpp/share/example_local_navigation_cpp/package.xml
[15.645s] Invoked command in '/home/niweiss/ws_sensor_combined/build/example_local_navigation_cpp' returned '0': AMENT_PREFIX_PATH=/home/niweiss/ws_sensor_combined/install/px4_ros2_cpp:/home/niweiss/ws_sensor_combined/install/px4_msgs:${AMENT_PREFIX_PATH} CMAKE_PREFIX_PATH=/home/niweiss/ws_sensor_combined/install/px4_ros2_cpp:/home/niweiss/ws_sensor_combined/install/px4_msgs:/opt/ros/humble LD_LIBRARY_PATH=/home/niweiss/ws_sensor_combined/install/px4_ros2_cpp/lib:/home/niweiss/ws_sensor_combined/install/px4_msgs/lib:${LD_LIBRARY_PATH} PYTHONPATH=/home/niweiss/ws_sensor_combined/install/px4_msgs/local/lib/python3.10/dist-packages:${PYTHONPATH} /usr/bin/cmake --install /home/niweiss/ws_sensor_combined/build/example_local_navigation_cpp
