[0.115s] Invoking command in '/home/niweiss/CPE-Capstone-2024-2025/ws_sensor_combined/build/px4_ros_com': CMAKE_PREFIX_PATH=/home/niweiss/CPE-Capstone-2024-2025/ws_sensor_combined/install/px4_msgs:/home/niweiss/CPE-Capstone-2024-2025/ws_sensor_combined/install/custom_msgs:/home/niweiss/CPE-Capstone-2024-2025/ws_sensor_combined/install/px4_ros_com:/home/niweiss/ws_sensor_combined/install/example_mode_with_executor_cpp:/home/niweiss/ws_sensor_combined/install/example_mode_rtl_replacement_cpp:/home/niweiss/ws_sensor_combined/install/example_mode_manual_cpp:/home/niweiss/ws_sensor_combined/install/example_mode_goto_global_cpp:/home/niweiss/ws_sensor_combined/install/example_mode_goto_cpp:/home/niweiss/ws_sensor_combined/install/example_mode_fw_attitude_cpp:/home/niweiss/ws_sensor_combined/install/example_local_navigation_cpp:/home/niweiss/ws_sensor_combined/install/example_global_navigation_cpp:/home/niweiss/ws_sensor_combined/install/px4_ros2_cpp:/home/niweiss/ws_sensor_combined/install/px4_msgs:/home/niweiss/ws_sensor_combined/install/custom_msgs:/home/niweiss/ws_sensor_combined/install/px4_ros_com:/opt/ros/humble LD_LIBRARY_PATH=/home/niweiss/CPE-Capstone-2024-2025/ws_sensor_combined/install/px4_msgs/lib:/home/niweiss/CPE-Capstone-2024-2025/ws_sensor_combined/install/custom_msgs/lib:/home/niweiss/CPE-Capstone-2024-2025/ws_sensor_combined/install/px4_ros_com/lib:/home/niweiss/ws_sensor_combined/install/px4_ros_com/lib:/home/niweiss/ws_sensor_combined/install/px4_ros2_cpp/lib:/home/niweiss/ws_sensor_combined/install/px4_msgs/lib:/home/niweiss/ws_sensor_combined/install/custom_msgs/lib:/opt/ros/humble/opt/rviz_ogre_vendor/lib:/opt/ros/humble/lib/x86_64-linux-gnu:/opt/ros/humble/lib /usr/bin/cmake --build /home/niweiss/CPE-Capstone-2024-2025/ws_sensor_combined/build/px4_ros_com -- -j16 -l16
[0.137s] [35m[1mConsolidate compiler generated dependencies of target gui_command_pub[0m
[0.139s] [35m[1mConsolidate compiler generated dependencies of target offboard_launch[0m
[0.142s] [ 10%] Built target frame_transforms
[0.143s] [ 20%] Built target sensor_combined_listener
[0.145s] [ 30%] Built target offboard_control
[0.145s] [ 40%] Built target debug_vect_advertiser
[0.145s] [ 50%] Built target offboard_control_srv
[0.145s] [ 60%] Built target offboard_paths
[0.146s] [ 70%] Built target vehicle_gps_position_listener
[0.149s] [ 75%] [32mBuilding CXX object CMakeFiles/gui_command_pub.dir/src/examples/offboard/gui_command_pub.cpp.o[0m
[0.150s] [ 75%] Built target ament_cmake_python_copy_px4_ros_com
[0.150s] [ 85%] Built target flight_state_pub
[0.151s] [ 95%] Built target offboard_launch
[0.272s] running egg_info
[0.282s] writing px4_ros_com.egg-info/PKG-INFO
[0.283s] writing dependency_links to px4_ros_com.egg-info/dependency_links.txt
[0.283s] writing top-level names to px4_ros_com.egg-info/top_level.txt
[0.308s] reading manifest file 'px4_ros_com.egg-info/SOURCES.txt'
[0.309s] writing manifest file 'px4_ros_com.egg-info/SOURCES.txt'
[0.324s] [ 95%] Built target ament_cmake_python_build_px4_ros_com_egg
[2.444s] [100%] [32m[1mLinking CXX executable gui_command_pub[0m
[2.569s] [100%] Built target gui_command_pub
[2.574s] Invoked command in '/home/niweiss/CPE-Capstone-2024-2025/ws_sensor_combined/build/px4_ros_com' returned '0': CMAKE_PREFIX_PATH=/home/niweiss/CPE-Capstone-2024-2025/ws_sensor_combined/install/px4_msgs:/home/niweiss/CPE-Capstone-2024-2025/ws_sensor_combined/install/custom_msgs:/home/niweiss/CPE-Capstone-2024-2025/ws_sensor_combined/install/px4_ros_com:/home/niweiss/ws_sensor_combined/install/example_mode_with_executor_cpp:/home/niweiss/ws_sensor_combined/install/example_mode_rtl_replacement_cpp:/home/niweiss/ws_sensor_combined/install/example_mode_manual_cpp:/home/niweiss/ws_sensor_combined/install/example_mode_goto_global_cpp:/home/niweiss/ws_sensor_combined/install/example_mode_goto_cpp:/home/niweiss/ws_sensor_combined/install/example_mode_fw_attitude_cpp:/home/niweiss/ws_sensor_combined/install/example_local_navigation_cpp:/home/niweiss/ws_sensor_combined/install/example_global_navigation_cpp:/home/niweiss/ws_sensor_combined/install/px4_ros2_cpp:/home/niweiss/ws_sensor_combined/install/px4_msgs:/home/niweiss/ws_sensor_combined/install/custom_msgs:/home/niweiss/ws_sensor_combined/install/px4_ros_com:/opt/ros/humble LD_LIBRARY_PATH=/home/niweiss/CPE-Capstone-2024-2025/ws_sensor_combined/install/px4_msgs/lib:/home/niweiss/CPE-Capstone-2024-2025/ws_sensor_combined/install/custom_msgs/lib:/home/niweiss/CPE-Capstone-2024-2025/ws_sensor_combined/install/px4_ros_com/lib:/home/niweiss/ws_sensor_combined/install/px4_ros_com/lib:/home/niweiss/ws_sensor_combined/install/px4_ros2_cpp/lib:/home/niweiss/ws_sensor_combined/install/px4_msgs/lib:/home/niweiss/ws_sensor_combined/install/custom_msgs/lib:/opt/ros/humble/opt/rviz_ogre_vendor/lib:/opt/ros/humble/lib/x86_64-linux-gnu:/opt/ros/humble/lib /usr/bin/cmake --build /home/niweiss/CPE-Capstone-2024-2025/ws_sensor_combined/build/px4_ros_com -- -j16 -l16
[2.575s] Invoking command in '/home/niweiss/CPE-Capstone-2024-2025/ws_sensor_combined/build/px4_ros_com': CMAKE_PREFIX_PATH=/home/niweiss/CPE-Capstone-2024-2025/ws_sensor_combined/install/px4_msgs:/home/niweiss/CPE-Capstone-2024-2025/ws_sensor_combined/install/custom_msgs:/home/niweiss/CPE-Capstone-2024-2025/ws_sensor_combined/install/px4_ros_com:/home/niweiss/ws_sensor_combined/install/example_mode_with_executor_cpp:/home/niweiss/ws_sensor_combined/install/example_mode_rtl_replacement_cpp:/home/niweiss/ws_sensor_combined/install/example_mode_manual_cpp:/home/niweiss/ws_sensor_combined/install/example_mode_goto_global_cpp:/home/niweiss/ws_sensor_combined/install/example_mode_goto_cpp:/home/niweiss/ws_sensor_combined/install/example_mode_fw_attitude_cpp:/home/niweiss/ws_sensor_combined/install/example_local_navigation_cpp:/home/niweiss/ws_sensor_combined/install/example_global_navigation_cpp:/home/niweiss/ws_sensor_combined/install/px4_ros2_cpp:/home/niweiss/ws_sensor_combined/install/px4_msgs:/home/niweiss/ws_sensor_combined/install/custom_msgs:/home/niweiss/ws_sensor_combined/install/px4_ros_com:/opt/ros/humble LD_LIBRARY_PATH=/home/niweiss/CPE-Capstone-2024-2025/ws_sensor_combined/install/px4_msgs/lib:/home/niweiss/CPE-Capstone-2024-2025/ws_sensor_combined/install/custom_msgs/lib:/home/niweiss/CPE-Capstone-2024-2025/ws_sensor_combined/install/px4_ros_com/lib:/home/niweiss/ws_sensor_combined/install/px4_ros_com/lib:/home/niweiss/ws_sensor_combined/install/px4_ros2_cpp/lib:/home/niweiss/ws_sensor_combined/install/px4_msgs/lib:/home/niweiss/ws_sensor_combined/install/custom_msgs/lib:/opt/ros/humble/opt/rviz_ogre_vendor/lib:/opt/ros/humble/lib/x86_64-linux-gnu:/opt/ros/humble/lib /usr/bin/cmake --install /home/niweiss/CPE-Capstone-2024-2025/ws_sensor_combined/build/px4_ros_com
[2.578s] -- Install configuration: ""
[2.579s] -- Up-to-date: /home/niweiss/CPE-Capstone-2024-2025/ws_sensor_combined/install/px4_ros_com/lib/px4_ros_com/sensor_combined_listener
[2.579s] -- Up-to-date: /home/niweiss/CPE-Capstone-2024-2025/ws_sensor_combined/install/px4_ros_com/lib/px4_ros_com/vehicle_gps_position_listener
[2.579s] -- Up-to-date: /home/niweiss/CPE-Capstone-2024-2025/ws_sensor_combined/install/px4_ros_com/lib/px4_ros_com/debug_vect_advertiser
[2.579s] -- Up-to-date: /home/niweiss/CPE-Capstone-2024-2025/ws_sensor_combined/install/px4_ros_com/lib/px4_ros_com/offboard_control
[2.579s] -- Up-to-date: /home/niweiss/CPE-Capstone-2024-2025/ws_sensor_combined/install/px4_ros_com/lib/px4_ros_com/offboard_control_srv
[2.579s] -- Up-to-date: /home/niweiss/CPE-Capstone-2024-2025/ws_sensor_combined/install/px4_ros_com/lib/px4_ros_com/offboard_launch
[2.579s] -- Up-to-date: /home/niweiss/CPE-Capstone-2024-2025/ws_sensor_combined/install/px4_ros_com/lib/px4_ros_com/flight_state_pub
[2.579s] -- Installing: /home/niweiss/CPE-Capstone-2024-2025/ws_sensor_combined/install/px4_ros_com/lib/px4_ros_com/gui_command_pub
[2.580s] -- Set runtime path of "/home/niweiss/CPE-Capstone-2024-2025/ws_sensor_combined/install/px4_ros_com/lib/px4_ros_com/gui_command_pub" to ""
[2.580s] -- Up-to-date: /home/niweiss/CPE-Capstone-2024-2025/ws_sensor_combined/install/px4_ros_com/lib/px4_ros_com/offboard_paths
[2.580s] -- Up-to-date: /home/niweiss/CPE-Capstone-2024-2025/ws_sensor_combined/install/px4_ros_com/share/px4_ros_com/environment/library_path.sh
[2.580s] -- Up-to-date: /home/niweiss/CPE-Capstone-2024-2025/ws_sensor_combined/install/px4_ros_com/share/px4_ros_com/environment/library_path.dsv
[2.580s] -- Up-to-date: /home/niweiss/CPE-Capstone-2024-2025/ws_sensor_combined/install/px4_ros_com/include/px4_ros_com
[2.580s] -- Up-to-date: /home/niweiss/CPE-Capstone-2024-2025/ws_sensor_combined/install/px4_ros_com/include/px4_ros_com/frame_transforms.h
[2.580s] -- Up-to-date: /home/niweiss/CPE-Capstone-2024-2025/ws_sensor_combined/install/px4_ros_com/lib/libframe_transforms.so
[2.580s] -- Up-to-date: /home/niweiss/CPE-Capstone-2024-2025/ws_sensor_combined/install/px4_ros_com/share/px4_ros_com//launch
[2.580s] -- Up-to-date: /home/niweiss/CPE-Capstone-2024-2025/ws_sensor_combined/install/px4_ros_com/share/px4_ros_com//launch/offboard_control_launch.yaml
[2.580s] -- Up-to-date: /home/niweiss/CPE-Capstone-2024-2025/ws_sensor_combined/install/px4_ros_com/share/px4_ros_com//launch/vehicle_gps_position_listener.launch.py
[2.580s] -- Up-to-date: /home/niweiss/CPE-Capstone-2024-2025/ws_sensor_combined/install/px4_ros_com/share/px4_ros_com//launch/sensor_combined_listener.launch.py
[2.580s] -- Up-to-date: /home/niweiss/CPE-Capstone-2024-2025/ws_sensor_combined/install/px4_ros_com/share/px4_ros_com//test
[2.580s] -- Up-to-date: /home/niweiss/CPE-Capstone-2024-2025/ws_sensor_combined/install/px4_ros_com/share/px4_ros_com//test/test_input.py
[2.580s] -- Up-to-date: /home/niweiss/CPE-Capstone-2024-2025/ws_sensor_combined/install/px4_ros_com/share/px4_ros_com//test/test_output.py
[2.581s] -- Up-to-date: /home/niweiss/CPE-Capstone-2024-2025/ws_sensor_combined/install/px4_ros_com/share/px4_ros_com//test/__init__.py
[2.581s] -- Up-to-date: /home/niweiss/CPE-Capstone-2024-2025/ws_sensor_combined/install/px4_ros_com/share/px4_ros_com//test/pipeline_io_test.py
[2.581s] -- Up-to-date: /home/niweiss/CPE-Capstone-2024-2025/ws_sensor_combined/install/px4_ros_com/share/px4_ros_com/environment/pythonpath.sh
[2.581s] -- Up-to-date: /home/niweiss/CPE-Capstone-2024-2025/ws_sensor_combined/install/px4_ros_com/share/px4_ros_com/environment/pythonpath.dsv
[2.581s] -- Up-to-date: /home/niweiss/CPE-Capstone-2024-2025/ws_sensor_combined/install/px4_ros_com/local/lib/python3.10/dist-packages/px4_ros_com-0.1.0-py3.10.egg-info
[2.581s] -- Installing: /home/niweiss/CPE-Capstone-2024-2025/ws_sensor_combined/install/px4_ros_com/local/lib/python3.10/dist-packages/px4_ros_com-0.1.0-py3.10.egg-info/top_level.txt
[2.581s] -- Installing: /home/niweiss/CPE-Capstone-2024-2025/ws_sensor_combined/install/px4_ros_com/local/lib/python3.10/dist-packages/px4_ros_com-0.1.0-py3.10.egg-info/PKG-INFO
[2.581s] -- Installing: /home/niweiss/CPE-Capstone-2024-2025/ws_sensor_combined/install/px4_ros_com/local/lib/python3.10/dist-packages/px4_ros_com-0.1.0-py3.10.egg-info/dependency_links.txt
[2.581s] -- Installing: /home/niweiss/CPE-Capstone-2024-2025/ws_sensor_combined/install/px4_ros_com/local/lib/python3.10/dist-packages/px4_ros_com-0.1.0-py3.10.egg-info/SOURCES.txt
[2.581s] -- Up-to-date: /home/niweiss/CPE-Capstone-2024-2025/ws_sensor_combined/install/px4_ros_com/local/lib/python3.10/dist-packages/px4_ros_com
[2.581s] -- Up-to-date: /home/niweiss/CPE-Capstone-2024-2025/ws_sensor_combined/install/px4_ros_com/local/lib/python3.10/dist-packages/px4_ros_com/module_to_import.py
[2.581s] -- Up-to-date: /home/niweiss/CPE-Capstone-2024-2025/ws_sensor_combined/install/px4_ros_com/local/lib/python3.10/dist-packages/px4_ros_com/__init__.py
[2.598s] Listing '/home/niweiss/CPE-Capstone-2024-2025/ws_sensor_combined/install/px4_ros_com/local/lib/python3.10/dist-packages/px4_ros_com'...
[2.601s] -- Up-to-date: /home/niweiss/CPE-Capstone-2024-2025/ws_sensor_combined/install/px4_ros_com/lib/px4_ros_com/offboard_control.py
[2.601s] -- Up-to-date: /home/niweiss/CPE-Capstone-2024-2025/ws_sensor_combined/install/px4_ros_com/share/ament_index/resource_index/package_run_dependencies/px4_ros_com
[2.601s] -- Up-to-date: /home/niweiss/CPE-Capstone-2024-2025/ws_sensor_combined/install/px4_ros_com/share/ament_index/resource_index/parent_prefix_path/px4_ros_com
[2.601s] -- Up-to-date: /home/niweiss/CPE-Capstone-2024-2025/ws_sensor_combined/install/px4_ros_com/share/px4_ros_com/environment/ament_prefix_path.sh
[2.601s] -- Up-to-date: /home/niweiss/CPE-Capstone-2024-2025/ws_sensor_combined/install/px4_ros_com/share/px4_ros_com/environment/ament_prefix_path.dsv
[2.601s] -- Up-to-date: /home/niweiss/CPE-Capstone-2024-2025/ws_sensor_combined/install/px4_ros_com/share/px4_ros_com/environment/path.sh
[2.601s] -- Up-to-date: /home/niweiss/CPE-Capstone-2024-2025/ws_sensor_combined/install/px4_ros_com/share/px4_ros_com/environment/path.dsv
[2.601s] -- Up-to-date: /home/niweiss/CPE-Capstone-2024-2025/ws_sensor_combined/install/px4_ros_com/share/px4_ros_com/local_setup.bash
[2.601s] -- Up-to-date: /home/niweiss/CPE-Capstone-2024-2025/ws_sensor_combined/install/px4_ros_com/share/px4_ros_com/local_setup.sh
[2.601s] -- Up-to-date: /home/niweiss/CPE-Capstone-2024-2025/ws_sensor_combined/install/px4_ros_com/share/px4_ros_com/local_setup.zsh
[2.601s] -- Up-to-date: /home/niweiss/CPE-Capstone-2024-2025/ws_sensor_combined/install/px4_ros_com/share/px4_ros_com/local_setup.dsv
[2.601s] -- Installing: /home/niweiss/CPE-Capstone-2024-2025/ws_sensor_combined/install/px4_ros_com/share/px4_ros_com/package.dsv
[2.601s] -- Up-to-date: /home/niweiss/CPE-Capstone-2024-2025/ws_sensor_combined/install/px4_ros_com/share/ament_index/resource_index/packages/px4_ros_com
[2.601s] -- Up-to-date: /home/niweiss/CPE-Capstone-2024-2025/ws_sensor_combined/install/px4_ros_com/share/px4_ros_com/cmake/export_frame_transformsExport.cmake
[2.601s] -- Up-to-date: /home/niweiss/CPE-Capstone-2024-2025/ws_sensor_combined/install/px4_ros_com/share/px4_ros_com/cmake/export_frame_transformsExport-noconfig.cmake
[2.601s] -- Up-to-date: /home/niweiss/CPE-Capstone-2024-2025/ws_sensor_combined/install/px4_ros_com/share/px4_ros_com/cmake/ament_cmake_export_dependencies-extras.cmake
[2.601s] -- Up-to-date: /home/niweiss/CPE-Capstone-2024-2025/ws_sensor_combined/install/px4_ros_com/share/px4_ros_com/cmake/ament_cmake_export_targets-extras.cmake
[2.601s] -- Up-to-date: /home/niweiss/CPE-Capstone-2024-2025/ws_sensor_combined/install/px4_ros_com/share/px4_ros_com/cmake/ament_cmake_export_include_directories-extras.cmake
[2.601s] -- Up-to-date: /home/niweiss/CPE-Capstone-2024-2025/ws_sensor_combined/install/px4_ros_com/share/px4_ros_com/cmake/ament_cmake_export_libraries-extras.cmake
[2.601s] -- Up-to-date: /home/niweiss/CPE-Capstone-2024-2025/ws_sensor_combined/install/px4_ros_com/share/px4_ros_com/cmake/px4_ros_comConfig.cmake
[2.601s] -- Up-to-date: /home/niweiss/CPE-Capstone-2024-2025/ws_sensor_combined/install/px4_ros_com/share/px4_ros_com/cmake/px4_ros_comConfig-version.cmake
[2.601s] -- Up-to-date: /home/niweiss/CPE-Capstone-2024-2025/ws_sensor_combined/install/px4_ros_com/share/px4_ros_com/package.xml
[2.602s] Invoked command in '/home/niweiss/CPE-Capstone-2024-2025/ws_sensor_combined/build/px4_ros_com' returned '0': CMAKE_PREFIX_PATH=/home/niweiss/CPE-Capstone-2024-2025/ws_sensor_combined/install/px4_msgs:/home/niweiss/CPE-Capstone-2024-2025/ws_sensor_combined/install/custom_msgs:/home/niweiss/CPE-Capstone-2024-2025/ws_sensor_combined/install/px4_ros_com:/home/niweiss/ws_sensor_combined/install/example_mode_with_executor_cpp:/home/niweiss/ws_sensor_combined/install/example_mode_rtl_replacement_cpp:/home/niweiss/ws_sensor_combined/install/example_mode_manual_cpp:/home/niweiss/ws_sensor_combined/install/example_mode_goto_global_cpp:/home/niweiss/ws_sensor_combined/install/example_mode_goto_cpp:/home/niweiss/ws_sensor_combined/install/example_mode_fw_attitude_cpp:/home/niweiss/ws_sensor_combined/install/example_local_navigation_cpp:/home/niweiss/ws_sensor_combined/install/example_global_navigation_cpp:/home/niweiss/ws_sensor_combined/install/px4_ros2_cpp:/home/niweiss/ws_sensor_combined/install/px4_msgs:/home/niweiss/ws_sensor_combined/install/custom_msgs:/home/niweiss/ws_sensor_combined/install/px4_ros_com:/opt/ros/humble LD_LIBRARY_PATH=/home/niweiss/CPE-Capstone-2024-2025/ws_sensor_combined/install/px4_msgs/lib:/home/niweiss/CPE-Capstone-2024-2025/ws_sensor_combined/install/custom_msgs/lib:/home/niweiss/CPE-Capstone-2024-2025/ws_sensor_combined/install/px4_ros_com/lib:/home/niweiss/ws_sensor_combined/install/px4_ros_com/lib:/home/niweiss/ws_sensor_combined/install/px4_ros2_cpp/lib:/home/niweiss/ws_sensor_combined/install/px4_msgs/lib:/home/niweiss/ws_sensor_combined/install/custom_msgs/lib:/opt/ros/humble/opt/rviz_ogre_vendor/lib:/opt/ros/humble/lib/x86_64-linux-gnu:/opt/ros/humble/lib /usr/bin/cmake --install /home/niweiss/CPE-Capstone-2024-2025/ws_sensor_combined/build/px4_ros_com
