[1.108s] Invoking command in '/home/niweiss/ws_sensor_combined/build/example_mode_goto_cpp': AMENT_PREFIX_PATH=/home/niweiss/ws_sensor_combined/install/px4_ros2_cpp:/home/niweiss/ws_sensor_combined/install/px4_msgs:${AMENT_PREFIX_PATH} CMAKE_PREFIX_PATH=/home/niweiss/ws_sensor_combined/install/px4_ros2_cpp:/home/niweiss/ws_sensor_combined/install/px4_msgs:/opt/ros/humble LD_LIBRARY_PATH=/home/niweiss/ws_sensor_combined/install/px4_ros2_cpp/lib:/home/niweiss/ws_sensor_combined/install/px4_msgs/lib:${LD_LIBRARY_PATH} PYTHONPATH=/home/niweiss/ws_sensor_combined/install/px4_msgs/local/lib/python3.10/dist-packages:${PYTHONPATH} /usr/bin/cmake --build /home/niweiss/ws_sensor_combined/build/example_mode_goto_cpp -- -j16 -l16
[1.192s] [100%] Built target example_mode_goto
[1.248s] Invoked command in '/home/niweiss/ws_sensor_combined/build/example_mode_goto_cpp' returned '0': AMENT_PREFIX_PATH=/home/niweiss/ws_sensor_combined/install/px4_ros2_cpp:/home/niweiss/ws_sensor_combined/install/px4_msgs:${AMENT_PREFIX_PATH} CMAKE_PREFIX_PATH=/home/niweiss/ws_sensor_combined/install/px4_ros2_cpp:/home/niweiss/ws_sensor_combined/install/px4_msgs:/opt/ros/humble LD_LIBRARY_PATH=/home/niweiss/ws_sensor_combined/install/px4_ros2_cpp/lib:/home/niweiss/ws_sensor_combined/install/px4_msgs/lib:${LD_LIBRARY_PATH} PYTHONPATH=/home/niweiss/ws_sensor_combined/install/px4_msgs/local/lib/python3.10/dist-packages:${PYTHONPATH} /usr/bin/cmake --build /home/niweiss/ws_sensor_combined/build/example_mode_goto_cpp -- -j16 -l16
[1.249s] Invoking command in '/home/niweiss/ws_sensor_combined/build/example_mode_goto_cpp': AMENT_PREFIX_PATH=/home/niweiss/ws_sensor_combined/install/px4_ros2_cpp:/home/niweiss/ws_sensor_combined/install/px4_msgs:${AMENT_PREFIX_PATH} CMAKE_PREFIX_PATH=/home/niweiss/ws_sensor_combined/install/px4_ros2_cpp:/home/niweiss/ws_sensor_combined/install/px4_msgs:/opt/ros/humble LD_LIBRARY_PATH=/home/niweiss/ws_sensor_combined/install/px4_ros2_cpp/lib:/home/niweiss/ws_sensor_combined/install/px4_msgs/lib:${LD_LIBRARY_PATH} PYTHONPATH=/home/niweiss/ws_sensor_combined/install/px4_msgs/local/lib/python3.10/dist-packages:${PYTHONPATH} /usr/bin/cmake --install /home/niweiss/ws_sensor_combined/build/example_mode_goto_cpp
[1.291s] -- Install configuration: ""
[1.292s] -- Up-to-date: /home/niweiss/ws_sensor_combined/install/example_mode_goto_cpp/lib/example_mode_goto_cpp/example_mode_goto
[1.292s] -- Up-to-date: /home/niweiss/ws_sensor_combined/install/example_mode_goto_cpp/share/ament_index/resource_index/package_run_dependencies/example_mode_goto_cpp
[1.293s] -- Up-to-date: /home/niweiss/ws_sensor_combined/install/example_mode_goto_cpp/share/ament_index/resource_index/parent_prefix_path/example_mode_goto_cpp
[1.293s] -- Up-to-date: /home/niweiss/ws_sensor_combined/install/example_mode_goto_cpp/share/example_mode_goto_cpp/environment/ament_prefix_path.sh
[1.294s] -- Up-to-date: /home/niweiss/ws_sensor_combined/install/example_mode_goto_cpp/share/example_mode_goto_cpp/environment/ament_prefix_path.dsv
[1.294s] -- Up-to-date: /home/niweiss/ws_sensor_combined/install/example_mode_goto_cpp/share/example_mode_goto_cpp/environment/path.sh
[1.295s] -- Up-to-date: /home/niweiss/ws_sensor_combined/install/example_mode_goto_cpp/share/example_mode_goto_cpp/environment/path.dsv
[1.296s] -- Up-to-date: /home/niweiss/ws_sensor_combined/install/example_mode_goto_cpp/share/example_mode_goto_cpp/local_setup.bash
[1.296s] -- Up-to-date: /home/niweiss/ws_sensor_combined/install/example_mode_goto_cpp/share/example_mode_goto_cpp/local_setup.sh
[1.296s] -- Up-to-date: /home/niweiss/ws_sensor_combined/install/example_mode_goto_cpp/share/example_mode_goto_cpp/local_setup.zsh
[1.296s] -- Up-to-date: /home/niweiss/ws_sensor_combined/install/example_mode_goto_cpp/share/example_mode_goto_cpp/local_setup.dsv
[1.297s] -- Installing: /home/niweiss/ws_sensor_combined/install/example_mode_goto_cpp/share/example_mode_goto_cpp/package.dsv
[1.297s] -- Up-to-date: /home/niweiss/ws_sensor_combined/install/example_mode_goto_cpp/share/ament_index/resource_index/packages/example_mode_goto_cpp
[1.297s] -- Up-to-date: /home/niweiss/ws_sensor_combined/install/example_mode_goto_cpp/share/example_mode_goto_cpp/cmake/example_mode_goto_cppConfig.cmake
[1.297s] -- Up-to-date: /home/niweiss/ws_sensor_combined/install/example_mode_goto_cpp/share/example_mode_goto_cpp/cmake/example_mode_goto_cppConfig-version.cmake
[1.297s] -- Up-to-date: /home/niweiss/ws_sensor_combined/install/example_mode_goto_cpp/share/example_mode_goto_cpp/package.xml
[1.365s] Invoked command in '/home/niweiss/ws_sensor_combined/build/example_mode_goto_cpp' returned '0': AMENT_PREFIX_PATH=/home/niweiss/ws_sensor_combined/install/px4_ros2_cpp:/home/niweiss/ws_sensor_combined/install/px4_msgs:${AMENT_PREFIX_PATH} CMAKE_PREFIX_PATH=/home/niweiss/ws_sensor_combined/install/px4_ros2_cpp:/home/niweiss/ws_sensor_combined/install/px4_msgs:/opt/ros/humble LD_LIBRARY_PATH=/home/niweiss/ws_sensor_combined/install/px4_ros2_cpp/lib:/home/niweiss/ws_sensor_combined/install/px4_msgs/lib:${LD_LIBRARY_PATH} PYTHONPATH=/home/niweiss/ws_sensor_combined/install/px4_msgs/local/lib/python3.10/dist-packages:${PYTHONPATH} /usr/bin/cmake --install /home/niweiss/ws_sensor_combined/build/example_mode_goto_cpp
