[0.311s] Invoking command in '/home/niweiss/ws_sensor_combined/build/example_mode_goto_cpp': AMENT_PREFIX_PATH=/home/niweiss/ws_sensor_combined/install/px4_ros2_cpp:/home/niweiss/ws_sensor_combined/install/px4_msgs:${AMENT_PREFIX_PATH} CMAKE_PREFIX_PATH=/home/niweiss/ws_sensor_combined/install/px4_ros2_cpp:/home/niweiss/ws_sensor_combined/install/px4_msgs:/opt/ros/humble LD_LIBRARY_PATH=/home/niweiss/ws_sensor_combined/install/px4_ros2_cpp/lib:/home/niweiss/ws_sensor_combined/install/px4_msgs/lib:${LD_LIBRARY_PATH} PYTHONPATH=/home/niweiss/ws_sensor_combined/install/px4_msgs/local/lib/python3.10/dist-packages:${PYTHONPATH} /usr/bin/cmake --build /home/niweiss/ws_sensor_combined/build/example_mode_goto_cpp -- -j16 -l16
[0.380s] [100%] Built target example_mode_goto
[0.436s] Invoked command in '/home/niweiss/ws_sensor_combined/build/example_mode_goto_cpp' returned '0': AMENT_PREFIX_PATH=/home/niweiss/ws_sensor_combined/install/px4_ros2_cpp:/home/niweiss/ws_sensor_combined/install/px4_msgs:${AMENT_PREFIX_PATH} CMAKE_PREFIX_PATH=/home/niweiss/ws_sensor_combined/install/px4_ros2_cpp:/home/niweiss/ws_sensor_combined/install/px4_msgs:/opt/ros/humble LD_LIBRARY_PATH=/home/niweiss/ws_sensor_combined/install/px4_ros2_cpp/lib:/home/niweiss/ws_sensor_combined/install/px4_msgs/lib:${LD_LIBRARY_PATH} PYTHONPATH=/home/niweiss/ws_sensor_combined/install/px4_msgs/local/lib/python3.10/dist-packages:${PYTHONPATH} /usr/bin/cmake --build /home/niweiss/ws_sensor_combined/build/example_mode_goto_cpp -- -j16 -l16
[0.437s] Invoking command in '/home/niweiss/ws_sensor_combined/build/example_mode_goto_cpp': AMENT_PREFIX_PATH=/home/niweiss/ws_sensor_combined/install/px4_ros2_cpp:/home/niweiss/ws_sensor_combined/install/px4_msgs:${AMENT_PREFIX_PATH} CMAKE_PREFIX_PATH=/home/niweiss/ws_sensor_combined/install/px4_ros2_cpp:/home/niweiss/ws_sensor_combined/install/px4_msgs:/opt/ros/humble LD_LIBRARY_PATH=/home/niweiss/ws_sensor_combined/install/px4_ros2_cpp/lib:/home/niweiss/ws_sensor_combined/install/px4_msgs/lib:${LD_LIBRARY_PATH} PYTHONPATH=/home/niweiss/ws_sensor_combined/install/px4_msgs/local/lib/python3.10/dist-packages:${PYTHONPATH} /usr/bin/cmake --install /home/niweiss/ws_sensor_combined/build/example_mode_goto_cpp
[0.466s] -- Install configuration: ""
[0.466s] -- Up-to-date: /home/niweiss/ws_sensor_combined/install/example_mode_goto_cpp/lib/example_mode_goto_cpp/example_mode_goto
[0.467s] -- Up-to-date: /home/niweiss/ws_sensor_combined/install/example_mode_goto_cpp/share/ament_index/resource_index/package_run_dependencies/example_mode_goto_cpp
[0.467s] -- Up-to-date: /home/niweiss/ws_sensor_combined/install/example_mode_goto_cpp/share/ament_index/resource_index/parent_prefix_path/example_mode_goto_cpp
[0.467s] -- Up-to-date: /home/niweiss/ws_sensor_combined/install/example_mode_goto_cpp/share/example_mode_goto_cpp/environment/ament_prefix_path.sh
[0.468s] -- Up-to-date: /home/niweiss/ws_sensor_combined/install/example_mode_goto_cpp/share/example_mode_goto_cpp/environment/ament_prefix_path.dsv
[0.468s] -- Up-to-date: /home/niweiss/ws_sensor_combined/install/example_mode_goto_cpp/share/example_mode_goto_cpp/environment/path.sh
[0.468s] -- Up-to-date: /home/niweiss/ws_sensor_combined/install/example_mode_goto_cpp/share/example_mode_goto_cpp/environment/path.dsv
[0.468s] -- Up-to-date: /home/niweiss/ws_sensor_combined/install/example_mode_goto_cpp/share/example_mode_goto_cpp/local_setup.bash
[0.468s] -- Up-to-date: /home/niweiss/ws_sensor_combined/install/example_mode_goto_cpp/share/example_mode_goto_cpp/local_setup.sh
[0.468s] -- Up-to-date: /home/niweiss/ws_sensor_combined/install/example_mode_goto_cpp/share/example_mode_goto_cpp/local_setup.zsh
[0.469s] -- Up-to-date: /home/niweiss/ws_sensor_combined/install/example_mode_goto_cpp/share/example_mode_goto_cpp/local_setup.dsv
[0.469s] -- Installing: /home/niweiss/ws_sensor_combined/install/example_mode_goto_cpp/share/example_mode_goto_cpp/package.dsv
[0.469s] -- Up-to-date: /home/niweiss/ws_sensor_combined/install/example_mode_goto_cpp/share/ament_index/resource_index/packages/example_mode_goto_cpp
[0.469s] -- Up-to-date: /home/niweiss/ws_sensor_combined/install/example_mode_goto_cpp/share/example_mode_goto_cpp/cmake/example_mode_goto_cppConfig.cmake
[0.470s] -- Up-to-date: /home/niweiss/ws_sensor_combined/install/example_mode_goto_cpp/share/example_mode_goto_cpp/cmake/example_mode_goto_cppConfig-version.cmake
[0.470s] -- Up-to-date: /home/niweiss/ws_sensor_combined/install/example_mode_goto_cpp/share/example_mode_goto_cpp/package.xml
[0.530s] Invoked command in '/home/niweiss/ws_sensor_combined/build/example_mode_goto_cpp' returned '0': AMENT_PREFIX_PATH=/home/niweiss/ws_sensor_combined/install/px4_ros2_cpp:/home/niweiss/ws_sensor_combined/install/px4_msgs:${AMENT_PREFIX_PATH} CMAKE_PREFIX_PATH=/home/niweiss/ws_sensor_combined/install/px4_ros2_cpp:/home/niweiss/ws_sensor_combined/install/px4_msgs:/opt/ros/humble LD_LIBRARY_PATH=/home/niweiss/ws_sensor_combined/install/px4_ros2_cpp/lib:/home/niweiss/ws_sensor_combined/install/px4_msgs/lib:${LD_LIBRARY_PATH} PYTHONPATH=/home/niweiss/ws_sensor_combined/install/px4_msgs/local/lib/python3.10/dist-packages:${PYTHONPATH} /usr/bin/cmake --install /home/niweiss/ws_sensor_combined/build/example_mode_goto_cpp
