[0.032s] Invoking command in '/home/niweiss/ws_sensor_combined/build/px4_ros_com': AMENT_PREFIX_PATH=/home/niweiss/ws_sensor_combined/install/px4_msgs:${AMENT_PREFIX_PATH} CMAKE_PREFIX_PATH=/home/niweiss/ws_sensor_combined/install/px4_msgs:/opt/ros/humble LD_LIBRARY_PATH=/home/niweiss/ws_sensor_combined/install/px4_msgs/lib:${LD_LIBRARY_PATH} PYTHONPATH=/home/niweiss/ws_sensor_combined/install/px4_msgs/local/lib/python3.10/dist-packages:${PYTHONPATH} /usr/bin/cmake --build /home/niweiss/ws_sensor_combined/build/px4_ros_com -- -j16 -l16
[0.060s] -- Found ament_cmake: 1.3.10 (/opt/ros/humble/share/ament_cmake/cmake)
[0.146s] -- Found builtin_interfaces: 1.2.1 (/opt/ros/humble/share/builtin_interfaces/cmake)
[0.217s] -- Found rosidl_generator_c: 3.1.5 (/opt/ros/humble/share/rosidl_generator_c/cmake)
[0.220s] -- Found rosidl_adapter: 3.1.5 (/opt/ros/humble/share/rosidl_adapter/cmake)
[0.227s] -- Found rosidl_generator_cpp: 3.1.5 (/opt/ros/humble/share/rosidl_generator_cpp/cmake)
[0.237s] -- Using all available rosidl_typesupport_c: rosidl_typesupport_fastrtps_c;rosidl_typesupport_introspection_c
[0.250s] -- Using all available rosidl_typesupport_cpp: rosidl_typesupport_fastrtps_cpp;rosidl_typesupport_introspection_cpp
[0.260s] -- Found eigen3_cmake_module: 0.1.1 (/opt/ros/humble/share/eigen3_cmake_module/cmake)
[0.262s] -- Found geometry_msgs: 4.2.4 (/opt/ros/humble/share/geometry_msgs/cmake)
[0.289s] -- Found px4_msgs: 2.0.1 (/home/niweiss/ws_sensor_combined/install/px4_msgs/share/px4_msgs/cmake)
[0.303s] -- Found rclcpp: 16.0.10 (/opt/ros/humble/share/rclcpp/cmake)
[0.342s] -- Found rmw_implementation_cmake: 6.1.2 (/opt/ros/humble/share/rmw_implementation_cmake/cmake)
[0.344s] -- Found rmw_fastrtps_cpp: 6.2.7 (/opt/ros/humble/share/rmw_fastrtps_cpp/cmake)
[1.939s] -- Using RMW implementation 'rmw_fastrtps_cpp' as default
[1.969s] -- Found sensor_msgs: 4.2.4 (/opt/ros/humble/share/sensor_msgs/cmake)
[1.981s] -- Found rclpy: 3.3.14 (/opt/ros/humble/share/rclpy/cmake)
[1.985s] -- Found ament_lint_auto: 0.12.11 (/opt/ros/humble/share/ament_lint_auto/cmake)
[2.033s] -- Added test 'copyright' to check source files copyright and LICENSE
[2.036s] -- Added test 'cppcheck' to perform static code analysis on C / C++ code
[2.037s] -- Configured cppcheck include dirs: /home/niweiss/ws_sensor_combined/src/px4_ros_com/include;$<BUILD_INTERFACE:/home/niweiss/ws_sensor_combined/src/px4_ros_com/include/px4_ros_com>
[2.037s] -- Configured cppcheck exclude dirs and/or files: 
[2.038s] -- Added test 'cpplint' to check C / C++ code against the Google style
[2.038s] -- Configured cpplint exclude dirs and/or files: 
[2.039s] -- Added test 'flake8' to check Python code syntax and style conventions
[2.039s] -- Added test 'lint_cmake' to check CMake code style
[2.040s] -- Added test 'pep257' to check Python code against some of the docstring style conventions in PEP 257
[2.041s] -- Added test 'uncrustify' to check C / C++ code style
[2.041s] -- Configured uncrustify additional arguments: 
[2.042s] -- Added test 'xmllint' to check XML markup files
[2.044s] -- Configuring done
[2.070s] -- Generating done
[2.071s] -- Build files have been written to: /home/niweiss/ws_sensor_combined/build/px4_ros_com
[2.084s] [35m[1mConsolidate compiler generated dependencies of target offboard_paths[0m
[2.085s] [35m[1mConsolidate compiler generated dependencies of target offboard_control_srv[0m
[2.085s] [35m[1mConsolidate compiler generated dependencies of target debug_vect_advertiser[0m
[2.085s] [35m[1mConsolidate compiler generated dependencies of target vehicle_gps_position_listener[0m
[2.085s] [35m[1mConsolidate compiler generated dependencies of target offboard_control[0m
[2.085s] [35m[1mConsolidate compiler generated dependencies of target frame_transforms[0m
[2.086s] [35m[1mConsolidate compiler generated dependencies of target sensor_combined_listener[0m
[2.089s] [  6%] [32mBuilding CXX object CMakeFiles/offboard_launch.dir/src/examples/offboard/offboard_launch.cpp.o[0m
[2.095s] [ 18%] [32mBuilding CXX object CMakeFiles/offboard_paths.dir/src/examples/offboard/offboard_paths.cpp.o[0m
[2.095s] [ 18%] Built target ament_cmake_python_copy_px4_ros_com
[2.095s] [ 25%] Built target offboard_control
[2.095s] [ 37%] Built target offboard_control_srv
[2.096s] [ 50%] Built target debug_vect_advertiser
[2.096s] [ 62%] Built target vehicle_gps_position_listener
[2.098s] [ 75%] Built target sensor_combined_listener
[2.102s] [ 87%] Built target frame_transforms
[2.200s] running egg_info
[2.207s] writing px4_ros_com.egg-info/PKG-INFO
[2.207s] writing dependency_links to px4_ros_com.egg-info/dependency_links.txt
[2.207s] writing top-level names to px4_ros_com.egg-info/top_level.txt
[2.228s] reading manifest file 'px4_ros_com.egg-info/SOURCES.txt'
[2.229s] writing manifest file 'px4_ros_com.egg-info/SOURCES.txt'
[2.243s] [ 87%] Built target ament_cmake_python_build_px4_ros_com_egg
[3.582s] [01m[K/home/niweiss/ws_sensor_combined/src/px4_ros_com/src/examples/offboard/offboard_launch.cpp:[m[K In lambda function:
[3.582s] [01m[K/home/niweiss/ws_sensor_combined/src/px4_ros_com/src/examples/offboard/offboard_launch.cpp:80:63:[m[K [01;31m[Kerror: [m[K‘[01m[Kinitial_altitude[m[K’ is not captured
[3.582s]    80 |                         publish_trajectory_setpoint(0.0, 0.0, [01;31m[Kinitial_altitude[m[K);
[3.582s]       |                                                               [01;31m[K^~~~~~~~~~~~~~~~[m[K
[3.582s] [01m[K/home/niweiss/ws_sensor_combined/src/px4_ros_com/src/examples/offboard/offboard_launch.cpp:68:44:[m[K [01;36m[Knote: [m[Kthe lambda has no capture-default
[3.582s]    68 |                 auto timer_callback = [this[01;36m[K][m[K() -> void {
[3.582s]       |                                            [01;36m[K^[m[K
[3.582s] [01m[K/home/niweiss/ws_sensor_combined/src/px4_ros_com/src/examples/offboard/offboard_launch.cpp:58:31:[m[K [01;36m[Knote: [m[K‘[01m[Kfloat initial_altitude[m[K’ declared here
[3.582s]    58 |         OffboardControl([01;36m[Kfloat initial_altitude[m[K) : Node("drone_launch") // initialize node (base class constructor)
[3.583s]       |                         [01;36m[K~~~~~~^~~~~~~~~~~~~~~~[m[K
[3.589s] [01m[K/home/niweiss/ws_sensor_combined/src/px4_ros_com/src/examples/offboard/offboard_launch.cpp:[m[K At global scope:
[3.589s] [01m[K/home/niweiss/ws_sensor_combined/src/px4_ros_com/src/examples/offboard/offboard_launch.cpp:150:6:[m[K [01;31m[Kerror: [m[Kno declaration matches ‘[01m[Kvoid OffboardControl::publish_trajectory_setpoint(float, float, float)[m[K’
[3.589s]   150 | void [01;31m[KOffboardControl[m[K::publish_trajectory_setpoint(float x, float y, float z)
[3.590s]       |      [01;31m[K^~~~~~~~~~~~~~~[m[K
[3.590s] [01m[K/home/niweiss/ws_sensor_combined/src/px4_ros_com/src/examples/offboard/offboard_launch.cpp:105:14:[m[K [01;36m[Knote: [m[Kcandidate is: ‘[01m[Kvoid OffboardControl::publish_trajectory_setpoint()[m[K’
[3.590s]   105 |         void [01;36m[Kpublish_trajectory_setpoint[m[K();
[3.590s]       |              [01;36m[K^~~~~~~~~~~~~~~~~~~~~~~~~~~[m[K
[3.590s] [01m[K/home/niweiss/ws_sensor_combined/src/px4_ros_com/src/examples/offboard/offboard_launch.cpp:55:7:[m[K [01;36m[Knote: [m[K‘[01m[Kclass OffboardControl[m[K’ defined here
[3.590s]    55 | class [01;36m[KOffboardControl[m[K : public rclcpp::Node // new class that inherits from ROS 2 node class
[3.590s]       |       [01;36m[K^~~~~~~~~~~~~~~[m[K
[3.918s] In file included from [01m[K/usr/include/x86_64-linux-gnu/c++/11/bits/c++allocator.h:33[m[K,
[3.918s]                  from [01m[K/usr/include/c++/11/bits/allocator.h:46[m[K,
[3.918s]                  from [01m[K/usr/include/c++/11/unordered_map:40[m[K,
[3.918s]                  from [01m[K/usr/include/c++/11/functional:61[m[K,
[3.918s]                  from [01m[K/usr/include/c++/11/pstl/glue_algorithm_defs.h:13[m[K,
[3.918s]                  from [01m[K/usr/include/c++/11/algorithm:74[m[K,
[3.918s]                  from [01m[K/home/niweiss/ws_sensor_combined/install/px4_msgs/include/px4_msgs/px4_msgs/msg/detail/offboard_control_mode__struct.hpp:8[m[K,
[3.918s]                  from [01m[K/home/niweiss/ws_sensor_combined/install/px4_msgs/include/px4_msgs/px4_msgs/msg/offboard_control_mode.hpp:7[m[K,
[3.918s]                  from [01m[K/home/niweiss/ws_sensor_combined/src/px4_ros_com/src/examples/offboard/offboard_launch.cpp:41[m[K:
[3.918s] /usr/include/c++/11/ext/new_allocator.h: In instantiation of ‘[01m[Kvoid __gnu_cxx::new_allocator<_Tp>::construct(_Up*, _Args&& ...) [with _Up = OffboardControl; _Args = {}; _Tp = OffboardControl][m[K’:
[3.918s] [01m[K/usr/include/c++/11/bits/alloc_traits.h:516:17:[m[K   required from ‘[01m[Kstatic void std::allocator_traits<std::allocator<_Tp1> >::construct(std::allocator_traits<std::allocator<_Tp1> >::allocator_type&, _Up*, _Args&& ...) [with _Up = OffboardControl; _Args = {}; _Tp = OffboardControl; std::allocator_traits<std::allocator<_Tp1> >::allocator_type = std::allocator<OffboardControl>][m[K’
[3.918s] [01m[K/usr/include/c++/11/bits/shared_ptr_base.h:519:39:[m[K   required from ‘[01m[Kstd::_Sp_counted_ptr_inplace<_Tp, _Alloc, _Lp>::_Sp_counted_ptr_inplace(_Alloc, _Args&& ...) [with _Args = {}; _Tp = OffboardControl; _Alloc = std::allocator<OffboardControl>; __gnu_cxx::_Lock_policy _Lp = __gnu_cxx::_S_atomic][m[K’
[3.918s] [01m[K/usr/include/c++/11/bits/shared_ptr_base.h:650:16:[m[K   required from ‘[01m[Kstd::__shared_count<_Lp>::__shared_count(_Tp*&, std::_Sp_alloc_shared_tag<_Alloc>, _Args&& ...) [with _Tp = OffboardControl; _Alloc = std::allocator<OffboardControl>; _Args = {}; __gnu_cxx::_Lock_policy _Lp = __gnu_cxx::_S_atomic][m[K’
[3.918s] [01m[K/usr/include/c++/11/bits/shared_ptr_base.h:1342:14:[m[K   required from ‘[01m[Kstd::__shared_ptr<_Tp, _Lp>::__shared_ptr(std::_Sp_alloc_shared_tag<_Tp>, _Args&& ...) [with _Alloc = std::allocator<OffboardControl>; _Args = {}; _Tp = OffboardControl; __gnu_cxx::_Lock_policy _Lp = __gnu_cxx::_S_atomic][m[K’
[3.918s] [01m[K/usr/include/c++/11/bits/shared_ptr.h:409:59:[m[K   required from ‘[01m[Kstd::shared_ptr<_Tp>::shared_ptr(std::_Sp_alloc_shared_tag<_Tp>, _Args&& ...) [with _Alloc = std::allocator<OffboardControl>; _Args = {}; _Tp = OffboardControl][m[K’
[3.918s] [01m[K/usr/include/c++/11/bits/shared_ptr.h:862:14:[m[K   required from ‘[01m[Kstd::shared_ptr<_Tp> std::allocate_shared(const _Alloc&, _Args&& ...) [with _Tp = OffboardControl; _Alloc = std::allocator<OffboardControl>; _Args = {}][m[K’
[3.918s] [01m[K/usr/include/c++/11/bits/shared_ptr.h:878:39:[m[K   required from ‘[01m[Kstd::shared_ptr<_Tp> std::make_shared(_Args&& ...) [with _Tp = OffboardControl; _Args = {}][m[K’
[3.919s] [01m[K/home/niweiss/ws_sensor_combined/src/px4_ros_com/src/examples/offboard/offboard_launch.cpp:185:48:[m[K   required from here
[3.919s] [01m[K/usr/include/c++/11/ext/new_allocator.h:162:11:[m[K [01;31m[Kerror: [m[Kno matching function for call to ‘[01m[KOffboardControl::OffboardControl()[m[K’
[3.919s]   162 |         { [01;31m[K::new((void *)__p) _Up(std::forward<_Args>(__args)...)[m[K; }
[3.919s]       |           [01;31m[K^~~~~~~~~~~~~~~~~~~~~~~~~~~~~~~~~~~~~~~~~~~~~~~~~~~~~~[m[K
[3.919s] [01m[K/home/niweiss/ws_sensor_combined/src/px4_ros_com/src/examples/offboard/offboard_launch.cpp:58:9:[m[K [01;36m[Knote: [m[Kcandidate: ‘[01m[KOffboardControl::OffboardControl(float)[m[K’
[3.919s]    58 |         [01;36m[KOffboardControl[m[K(float initial_altitude) : Node("drone_launch") // initialize node (base class constructor)
[3.919s]       |         [01;36m[K^~~~~~~~~~~~~~~[m[K
[3.919s] [01m[K/home/niweiss/ws_sensor_combined/src/px4_ros_com/src/examples/offboard/offboard_launch.cpp:58:9:[m[K [01;36m[Knote: [m[K  candidate expects 1 argument, 0 provided
[4.132s] gmake[2]: *** [CMakeFiles/offboard_launch.dir/build.make:76: CMakeFiles/offboard_launch.dir/src/examples/offboard/offboard_launch.cpp.o] Error 1
[4.132s] gmake[1]: *** [CMakeFiles/Makefile2:310: CMakeFiles/offboard_launch.dir/all] Error 2
[4.132s] gmake[1]: *** Waiting for unfinished jobs....
[5.035s] [ 93%] [32m[1mLinking CXX executable offboard_paths[0m
[5.216s] [ 93%] Built target offboard_paths
[5.216s] gmake: *** [Makefile:146: all] Error 2
[5.218s] Invoked command in '/home/niweiss/ws_sensor_combined/build/px4_ros_com' returned '2': AMENT_PREFIX_PATH=/home/niweiss/ws_sensor_combined/install/px4_msgs:${AMENT_PREFIX_PATH} CMAKE_PREFIX_PATH=/home/niweiss/ws_sensor_combined/install/px4_msgs:/opt/ros/humble LD_LIBRARY_PATH=/home/niweiss/ws_sensor_combined/install/px4_msgs/lib:${LD_LIBRARY_PATH} PYTHONPATH=/home/niweiss/ws_sensor_combined/install/px4_msgs/local/lib/python3.10/dist-packages:${PYTHONPATH} /usr/bin/cmake --build /home/niweiss/ws_sensor_combined/build/px4_ros_com -- -j16 -l16
