[1.272s] Invoking command in '/home/niweiss/ws_sensor_combined/build/example_mode_rtl_replacement_cpp': AMENT_PREFIX_PATH=/home/niweiss/ws_sensor_combined/install/px4_ros2_cpp:/home/niweiss/ws_sensor_combined/install/px4_msgs:${AMENT_PREFIX_PATH} CMAKE_PREFIX_PATH=/home/niweiss/ws_sensor_combined/install/px4_ros2_cpp:/home/niweiss/ws_sensor_combined/install/px4_msgs:/opt/ros/humble LD_LIBRARY_PATH=/home/niweiss/ws_sensor_combined/install/px4_ros2_cpp/lib:/home/niweiss/ws_sensor_combined/install/px4_msgs/lib:${LD_LIBRARY_PATH} PYTHONPATH=/home/niweiss/ws_sensor_combined/install/px4_msgs/local/lib/python3.10/dist-packages:${PYTHONPATH} /usr/bin/cmake --build /home/niweiss/ws_sensor_combined/build/example_mode_rtl_replacement_cpp -- -j16 -l16
[1.355s] [100%] Built target example_mode_rtl
[1.434s] Invoked command in '/home/niweiss/ws_sensor_combined/build/example_mode_rtl_replacement_cpp' returned '0': AMENT_PREFIX_PATH=/home/niweiss/ws_sensor_combined/install/px4_ros2_cpp:/home/niweiss/ws_sensor_combined/install/px4_msgs:${AMENT_PREFIX_PATH} CMAKE_PREFIX_PATH=/home/niweiss/ws_sensor_combined/install/px4_ros2_cpp:/home/niweiss/ws_sensor_combined/install/px4_msgs:/opt/ros/humble LD_LIBRARY_PATH=/home/niweiss/ws_sensor_combined/install/px4_ros2_cpp/lib:/home/niweiss/ws_sensor_combined/install/px4_msgs/lib:${LD_LIBRARY_PATH} PYTHONPATH=/home/niweiss/ws_sensor_combined/install/px4_msgs/local/lib/python3.10/dist-packages:${PYTHONPATH} /usr/bin/cmake --build /home/niweiss/ws_sensor_combined/build/example_mode_rtl_replacement_cpp -- -j16 -l16
[1.436s] Invoking command in '/home/niweiss/ws_sensor_combined/build/example_mode_rtl_replacement_cpp': AMENT_PREFIX_PATH=/home/niweiss/ws_sensor_combined/install/px4_ros2_cpp:/home/niweiss/ws_sensor_combined/install/px4_msgs:${AMENT_PREFIX_PATH} CMAKE_PREFIX_PATH=/home/niweiss/ws_sensor_combined/install/px4_ros2_cpp:/home/niweiss/ws_sensor_combined/install/px4_msgs:/opt/ros/humble LD_LIBRARY_PATH=/home/niweiss/ws_sensor_combined/install/px4_ros2_cpp/lib:/home/niweiss/ws_sensor_combined/install/px4_msgs/lib:${LD_LIBRARY_PATH} PYTHONPATH=/home/niweiss/ws_sensor_combined/install/px4_msgs/local/lib/python3.10/dist-packages:${PYTHONPATH} /usr/bin/cmake --install /home/niweiss/ws_sensor_combined/build/example_mode_rtl_replacement_cpp
[1.454s] -- Install configuration: ""
[1.455s] -- Up-to-date: /home/niweiss/ws_sensor_combined/install/example_mode_rtl_replacement_cpp/lib/example_mode_rtl_replacement_cpp/example_mode_rtl
[1.455s] -- Up-to-date: /home/niweiss/ws_sensor_combined/install/example_mode_rtl_replacement_cpp/share/ament_index/resource_index/package_run_dependencies/example_mode_rtl_replacement_cpp
[1.456s] -- Up-to-date: /home/niweiss/ws_sensor_combined/install/example_mode_rtl_replacement_cpp/share/ament_index/resource_index/parent_prefix_path/example_mode_rtl_replacement_cpp
[1.457s] -- Up-to-date: /home/niweiss/ws_sensor_combined/install/example_mode_rtl_replacement_cpp/share/example_mode_rtl_replacement_cpp/environment/ament_prefix_path.sh
[1.457s] -- Up-to-date: /home/niweiss/ws_sensor_combined/install/example_mode_rtl_replacement_cpp/share/example_mode_rtl_replacement_cpp/environment/ament_prefix_path.dsv
[1.457s] -- Up-to-date: /home/niweiss/ws_sensor_combined/install/example_mode_rtl_replacement_cpp/share/example_mode_rtl_replacement_cpp/environment/path.sh
[1.457s] -- Up-to-date: /home/niweiss/ws_sensor_combined/install/example_mode_rtl_replacement_cpp/share/example_mode_rtl_replacement_cpp/environment/path.dsv
[1.458s] -- Up-to-date: /home/niweiss/ws_sensor_combined/install/example_mode_rtl_replacement_cpp/share/example_mode_rtl_replacement_cpp/local_setup.bash
[1.458s] -- Up-to-date: /home/niweiss/ws_sensor_combined/install/example_mode_rtl_replacement_cpp/share/example_mode_rtl_replacement_cpp/local_setup.sh
[1.458s] -- Up-to-date: /home/niweiss/ws_sensor_combined/install/example_mode_rtl_replacement_cpp/share/example_mode_rtl_replacement_cpp/local_setup.zsh
[1.458s] -- Up-to-date: /home/niweiss/ws_sensor_combined/install/example_mode_rtl_replacement_cpp/share/example_mode_rtl_replacement_cpp/local_setup.dsv
[1.458s] -- Installing: /home/niweiss/ws_sensor_combined/install/example_mode_rtl_replacement_cpp/share/example_mode_rtl_replacement_cpp/package.dsv
[1.459s] -- Up-to-date: /home/niweiss/ws_sensor_combined/install/example_mode_rtl_replacement_cpp/share/ament_index/resource_index/packages/example_mode_rtl_replacement_cpp
[1.459s] -- Up-to-date: /home/niweiss/ws_sensor_combined/install/example_mode_rtl_replacement_cpp/share/example_mode_rtl_replacement_cpp/cmake/example_mode_rtl_replacement_cppConfig.cmake
[1.459s] -- Up-to-date: /home/niweiss/ws_sensor_combined/install/example_mode_rtl_replacement_cpp/share/example_mode_rtl_replacement_cpp/cmake/example_mode_rtl_replacement_cppConfig-version.cmake
[1.459s] -- Up-to-date: /home/niweiss/ws_sensor_combined/install/example_mode_rtl_replacement_cpp/share/example_mode_rtl_replacement_cpp/package.xml
[1.531s] Invoked command in '/home/niweiss/ws_sensor_combined/build/example_mode_rtl_replacement_cpp' returned '0': AMENT_PREFIX_PATH=/home/niweiss/ws_sensor_combined/install/px4_ros2_cpp:/home/niweiss/ws_sensor_combined/install/px4_msgs:${AMENT_PREFIX_PATH} CMAKE_PREFIX_PATH=/home/niweiss/ws_sensor_combined/install/px4_ros2_cpp:/home/niweiss/ws_sensor_combined/install/px4_msgs:/opt/ros/humble LD_LIBRARY_PATH=/home/niweiss/ws_sensor_combined/install/px4_ros2_cpp/lib:/home/niweiss/ws_sensor_combined/install/px4_msgs/lib:${LD_LIBRARY_PATH} PYTHONPATH=/home/niweiss/ws_sensor_combined/install/px4_msgs/local/lib/python3.10/dist-packages:${PYTHONPATH} /usr/bin/cmake --install /home/niweiss/ws_sensor_combined/build/example_mode_rtl_replacement_cpp
