[0.346s] DEBUG:colcon:Command line arguments: ['/usr/bin/colcon', 'build']
[0.346s] DEBUG:colcon:Parsed command line arguments: Namespace(log_base=None, log_level=None, verb_name='build', build_base='build', install_base='install', merge_install=False, symlink_install=False, test_result_base=None, continue_on_error=False, executor='parallel', parallel_workers=16, event_handlers=None, ignore_user_meta=False, metas=['./colcon.meta'], base_paths=['.'], packages_ignore=None, packages_ignore_regex=None, paths=None, packages_up_to=None, packages_up_to_regex=None, packages_above=None, packages_above_and_dependencies=None, packages_above_depth=None, packages_select_by_dep=None, packages_skip_by_dep=None, packages_skip_up_to=None, packages_select_build_failed=False, packages_skip_build_finished=False, packages_select_test_failures=False, packages_skip_test_passed=False, packages_select=None, packages_skip=None, packages_select_regex=None, packages_skip_regex=None, packages_start=None, packages_end=None, allow_overriding=[], cmake_args=None, cmake_target=None, cmake_target_skip_unavailable=False, cmake_clean_cache=False, cmake_clean_first=False, cmake_force_configure=False, ament_cmake_args=None, catkin_cmake_args=None, catkin_skip_building_tests=False, mixin_files=None, mixin=None, verb_parser=<colcon_mixin.mixin.mixin_argument.MixinArgumentDecorator object at 0x7f52c79d2500>, verb_extension=<colcon_core.verb.build.BuildVerb object at 0x7f52c7ac36a0>, main=<bound method BuildVerb.main of <colcon_core.verb.build.BuildVerb object at 0x7f52c7ac36a0>>, mixin_verb=('build',))
[0.465s] Level 1:colcon.colcon_core.package_discovery:discover_packages(colcon_meta) check parameters
[0.465s] Level 1:colcon.colcon_core.package_discovery:discover_packages(recursive) check parameters
[0.465s] Level 1:colcon.colcon_core.package_discovery:discover_packages(ignore) check parameters
[0.465s] Level 1:colcon.colcon_core.package_discovery:discover_packages(path) check parameters
[0.465s] Level 1:colcon.colcon_core.package_discovery:discover_packages(colcon_meta) discover
[0.465s] Level 1:colcon.colcon_core.package_discovery:discover_packages(recursive) discover
[0.465s] INFO:colcon.colcon_core.package_discovery:Crawling recursively for packages in '/home/niweiss/CPE-Capstone-2024-2025/lora'
[0.465s] Level 1:colcon.colcon_core.package_identification:_identify(.) by extensions ['ignore', 'ignore_ament_install']
[0.465s] Level 1:colcon.colcon_core.package_identification:_identify(.) by extension 'ignore'
[0.465s] Level 1:colcon.colcon_core.package_identification:_identify(.) by extension 'ignore_ament_install'
[0.465s] Level 1:colcon.colcon_core.package_identification:_identify(.) by extensions ['colcon_pkg']
[0.465s] Level 1:colcon.colcon_core.package_identification:_identify(.) by extension 'colcon_pkg'
[0.465s] Level 1:colcon.colcon_core.package_identification:_identify(.) by extensions ['colcon_meta']
[0.465s] Level 1:colcon.colcon_core.package_identification:_identify(.) by extension 'colcon_meta'
[0.465s] Level 1:colcon.colcon_core.package_identification:_identify(.) by extensions ['ros']
[0.465s] Level 1:colcon.colcon_core.package_identification:_identify(.) by extension 'ros'
[0.501s] DEBUG:colcon.colcon_core.package_identification:Package '.' with type 'ros.ament_cmake' and name 'lora'
[0.501s] Level 1:colcon.colcon_core.package_discovery:discover_packages(recursive) using defaults
[0.501s] Level 1:colcon.colcon_core.package_discovery:discover_packages(ignore) discover
[0.501s] Level 1:colcon.colcon_core.package_discovery:discover_packages(ignore) using defaults
[0.501s] Level 1:colcon.colcon_core.package_discovery:discover_packages(path) discover
[0.501s] Level 1:colcon.colcon_core.package_discovery:discover_packages(path) using defaults
[0.544s] Level 1:colcon.colcon_core.package_discovery:discover_packages(prefix_path) check parameters
[0.544s] Level 1:colcon.colcon_core.package_discovery:discover_packages(prefix_path) discover
[0.552s] DEBUG:colcon.colcon_installed_package_information.package_discovery:Found 1 installed packages in /home/niweiss/CPE-Capstone-2024-2025/lora/install
[0.553s] DEBUG:colcon.colcon_installed_package_information.package_discovery:Found 270 installed packages in /opt/ros/humble
[0.555s] Level 1:colcon.colcon_core.package_discovery:discover_packages(prefix_path) using defaults
[0.606s] Level 5:colcon.colcon_core.verb:set package 'lora' build argument 'cmake_args' from command line to 'None'
[0.606s] Level 5:colcon.colcon_core.verb:set package 'lora' build argument 'cmake_target' from command line to 'None'
[0.606s] Level 5:colcon.colcon_core.verb:set package 'lora' build argument 'cmake_target_skip_unavailable' from command line to 'False'
[0.606s] Level 5:colcon.colcon_core.verb:set package 'lora' build argument 'cmake_clean_cache' from command line to 'False'
[0.606s] Level 5:colcon.colcon_core.verb:set package 'lora' build argument 'cmake_clean_first' from command line to 'False'
[0.606s] Level 5:colcon.colcon_core.verb:set package 'lora' build argument 'cmake_force_configure' from command line to 'False'
[0.606s] Level 5:colcon.colcon_core.verb:set package 'lora' build argument 'ament_cmake_args' from command line to 'None'
[0.606s] Level 5:colcon.colcon_core.verb:set package 'lora' build argument 'catkin_cmake_args' from command line to 'None'
[0.606s] Level 5:colcon.colcon_core.verb:set package 'lora' build argument 'catkin_skip_building_tests' from command line to 'False'
[0.606s] DEBUG:colcon.colcon_core.verb:Building package 'lora' with the following arguments: {'ament_cmake_args': None, 'build_base': '/home/niweiss/CPE-Capstone-2024-2025/lora/build/lora', 'catkin_cmake_args': None, 'catkin_skip_building_tests': False, 'cmake_args': None, 'cmake_clean_cache': False, 'cmake_clean_first': False, 'cmake_force_configure': False, 'cmake_target': None, 'cmake_target_skip_unavailable': False, 'install_base': '/home/niweiss/CPE-Capstone-2024-2025/lora/install/lora', 'merge_install': False, 'path': '/home/niweiss/CPE-Capstone-2024-2025/lora', 'symlink_install': False, 'test_result_base': None}
[0.607s] INFO:colcon.colcon_core.executor:Executing jobs using 'parallel' executor
[0.608s] DEBUG:colcon.colcon_parallel_executor.executor.parallel:run_until_complete
[0.608s] INFO:colcon.colcon_ros.task.ament_cmake.build:Building ROS package in '/home/niweiss/CPE-Capstone-2024-2025/lora' with build type 'ament_cmake'
[0.609s] INFO:colcon.colcon_cmake.task.cmake.build:Building CMake package in '/home/niweiss/CPE-Capstone-2024-2025/lora'
[0.616s] INFO:colcon.colcon_core.plugin_system:Skipping extension 'colcon_core.shell.bat': Not used on non-Windows systems
[0.617s] INFO:colcon.colcon_core.shell:Skip shell extension 'powershell' for command environment: Not usable outside of PowerShell
[0.617s] DEBUG:colcon.colcon_core.shell:Skip shell extension 'dsv' for command environment
[0.631s] DEBUG:colcon.colcon_core.event_handler.log_command:Invoking command in '/home/niweiss/CPE-Capstone-2024-2025/lora/build/lora': CMAKE_PREFIX_PATH=${CMAKE_PREFIX_PATH}:/opt/ros/humble /usr/bin/cmake --build /home/niweiss/CPE-Capstone-2024-2025/lora/build/lora -- -j16 -l16
[26.931s] DEBUG:colcon.colcon_core.event_handler.log_command:Invoked command in '/home/niweiss/CPE-Capstone-2024-2025/lora/build/lora' returned '0': CMAKE_PREFIX_PATH=${CMAKE_PREFIX_PATH}:/opt/ros/humble /usr/bin/cmake --build /home/niweiss/CPE-Capstone-2024-2025/lora/build/lora -- -j16 -l16
[26.950s] DEBUG:colcon.colcon_core.event_handler.log_command:Invoking command in '/home/niweiss/CPE-Capstone-2024-2025/lora/build/lora': CMAKE_PREFIX_PATH=${CMAKE_PREFIX_PATH}:/opt/ros/humble /usr/bin/cmake --install /home/niweiss/CPE-Capstone-2024-2025/lora/build/lora
[26.990s] Level 1:colcon.colcon_core.environment:create_environment_scripts_only(lora)
[26.991s] DEBUG:colcon.colcon_core.event_handler.log_command:Invoked command in '/home/niweiss/CPE-Capstone-2024-2025/lora/build/lora' returned '0': CMAKE_PREFIX_PATH=${CMAKE_PREFIX_PATH}:/opt/ros/humble /usr/bin/cmake --install /home/niweiss/CPE-Capstone-2024-2025/lora/build/lora
[26.999s] Level 1:colcon.colcon_core.environment:checking '/home/niweiss/CPE-Capstone-2024-2025/lora/install/lora' for CMake module files
[27.000s] Level 1:colcon.colcon_core.environment:checking '/home/niweiss/CPE-Capstone-2024-2025/lora/install/lora' for CMake config files
[27.000s] Level 1:colcon.colcon_core.shell:create_environment_hook('lora', 'cmake_prefix_path')
[27.000s] INFO:colcon.colcon_core.shell:Creating environment hook '/home/niweiss/CPE-Capstone-2024-2025/lora/install/lora/share/lora/hook/cmake_prefix_path.ps1'
[27.002s] INFO:colcon.colcon_core.shell:Creating environment descriptor '/home/niweiss/CPE-Capstone-2024-2025/lora/install/lora/share/lora/hook/cmake_prefix_path.dsv'
[27.002s] INFO:colcon.colcon_core.shell:Creating environment hook '/home/niweiss/CPE-Capstone-2024-2025/lora/install/lora/share/lora/hook/cmake_prefix_path.sh'
[27.003s] Level 1:colcon.colcon_core.environment:checking '/home/niweiss/CPE-Capstone-2024-2025/lora/install/lora/lib'
[27.004s] Level 1:colcon.colcon_core.environment:checking '/home/niweiss/CPE-Capstone-2024-2025/lora/install/lora/bin'
[27.004s] Level 1:colcon.colcon_core.environment:checking '/home/niweiss/CPE-Capstone-2024-2025/lora/install/lora/lib/pkgconfig/lora.pc'
[27.004s] Level 1:colcon.colcon_core.environment:checking '/home/niweiss/CPE-Capstone-2024-2025/lora/install/lora/lib/python3.10/site-packages'
[27.004s] Level 1:colcon.colcon_core.environment:checking '/home/niweiss/CPE-Capstone-2024-2025/lora/install/lora/bin'
[27.004s] INFO:colcon.colcon_core.shell:Creating package script '/home/niweiss/CPE-Capstone-2024-2025/lora/install/lora/share/lora/package.ps1'
[27.005s] INFO:colcon.colcon_core.shell:Creating package descriptor '/home/niweiss/CPE-Capstone-2024-2025/lora/install/lora/share/lora/package.dsv'
[27.006s] INFO:colcon.colcon_core.shell:Creating package script '/home/niweiss/CPE-Capstone-2024-2025/lora/install/lora/share/lora/package.sh'
[27.008s] INFO:colcon.colcon_core.shell:Creating package script '/home/niweiss/CPE-Capstone-2024-2025/lora/install/lora/share/lora/package.bash'
[27.010s] INFO:colcon.colcon_core.shell:Creating package script '/home/niweiss/CPE-Capstone-2024-2025/lora/install/lora/share/lora/package.zsh'
[27.011s] Level 1:colcon.colcon_core.environment:create_file_with_runtime_dependencies(/home/niweiss/CPE-Capstone-2024-2025/lora/install/lora/share/colcon-core/packages/lora)
[27.012s] Level 1:colcon.colcon_core.environment:create_environment_scripts_only(lora)
[27.012s] Level 1:colcon.colcon_core.environment:checking '/home/niweiss/CPE-Capstone-2024-2025/lora/install/lora' for CMake module files
[27.013s] Level 1:colcon.colcon_core.environment:checking '/home/niweiss/CPE-Capstone-2024-2025/lora/install/lora' for CMake config files
[27.013s] Level 1:colcon.colcon_core.shell:create_environment_hook('lora', 'cmake_prefix_path')
[27.013s] INFO:colcon.colcon_core.shell:Creating environment hook '/home/niweiss/CPE-Capstone-2024-2025/lora/install/lora/share/lora/hook/cmake_prefix_path.ps1'
[27.013s] INFO:colcon.colcon_core.shell:Creating environment descriptor '/home/niweiss/CPE-Capstone-2024-2025/lora/install/lora/share/lora/hook/cmake_prefix_path.dsv'
[27.014s] INFO:colcon.colcon_core.shell:Creating environment hook '/home/niweiss/CPE-Capstone-2024-2025/lora/install/lora/share/lora/hook/cmake_prefix_path.sh'
[27.014s] Level 1:colcon.colcon_core.environment:checking '/home/niweiss/CPE-Capstone-2024-2025/lora/install/lora/lib'
[27.015s] Level 1:colcon.colcon_core.environment:checking '/home/niweiss/CPE-Capstone-2024-2025/lora/install/lora/bin'
[27.015s] Level 1:colcon.colcon_core.environment:checking '/home/niweiss/CPE-Capstone-2024-2025/lora/install/lora/lib/pkgconfig/lora.pc'
[27.015s] Level 1:colcon.colcon_core.environment:checking '/home/niweiss/CPE-Capstone-2024-2025/lora/install/lora/lib/python3.10/site-packages'
[27.015s] Level 1:colcon.colcon_core.environment:checking '/home/niweiss/CPE-Capstone-2024-2025/lora/install/lora/bin'
[27.015s] INFO:colcon.colcon_core.shell:Creating package script '/home/niweiss/CPE-Capstone-2024-2025/lora/install/lora/share/lora/package.ps1'
[27.016s] INFO:colcon.colcon_core.shell:Creating package descriptor '/home/niweiss/CPE-Capstone-2024-2025/lora/install/lora/share/lora/package.dsv'
[27.016s] INFO:colcon.colcon_core.shell:Creating package script '/home/niweiss/CPE-Capstone-2024-2025/lora/install/lora/share/lora/package.sh'
[27.017s] INFO:colcon.colcon_core.shell:Creating package script '/home/niweiss/CPE-Capstone-2024-2025/lora/install/lora/share/lora/package.bash'
[27.017s] INFO:colcon.colcon_core.shell:Creating package script '/home/niweiss/CPE-Capstone-2024-2025/lora/install/lora/share/lora/package.zsh'
[27.017s] Level 1:colcon.colcon_core.environment:create_file_with_runtime_dependencies(/home/niweiss/CPE-Capstone-2024-2025/lora/install/lora/share/colcon-core/packages/lora)
[27.018s] DEBUG:colcon.colcon_parallel_executor.executor.parallel:closing loop
[27.019s] DEBUG:colcon.colcon_parallel_executor.executor.parallel:loop closed
[27.019s] DEBUG:colcon.colcon_parallel_executor.executor.parallel:run_until_complete finished with '0'
[27.019s] DEBUG:colcon.colcon_core.event_reactor:joining thread
[27.061s] INFO:colcon.colcon_core.plugin_system:Skipping extension 'colcon_notification.desktop_notification.notify_send': Could not find 'notify-send'
[27.061s] INFO:colcon.colcon_core.plugin_system:Skipping extension 'colcon_notification.desktop_notification.terminal_notifier': Not used on non-Darwin systems
[27.061s] INFO:colcon.colcon_core.plugin_system:Skipping extension 'colcon_notification.desktop_notification.win32': Not used on non-Windows systems
[27.061s] INFO:colcon.colcon_notification.desktop_notification:Sending desktop notification using 'notify2'
[27.061s] DEBUG:colcon.colcon_notification.desktop_notification.notify2:Failed to initialize notify2: org.freedesktop.DBus.Error.FileNotFound: Failed to connect to socket /run/user/1000/bus: No such file or directory
[27.061s] DEBUG:colcon.colcon_core.event_reactor:joined thread
[27.062s] INFO:colcon.colcon_core.shell:Creating prefix script '/home/niweiss/CPE-Capstone-2024-2025/lora/install/local_setup.ps1'
[27.063s] INFO:colcon.colcon_core.shell:Creating prefix util module '/home/niweiss/CPE-Capstone-2024-2025/lora/install/_local_setup_util_ps1.py'
[27.065s] INFO:colcon.colcon_core.shell:Creating prefix chain script '/home/niweiss/CPE-Capstone-2024-2025/lora/install/setup.ps1'
[27.067s] INFO:colcon.colcon_core.shell:Creating prefix script '/home/niweiss/CPE-Capstone-2024-2025/lora/install/local_setup.sh'
[27.067s] INFO:colcon.colcon_core.shell:Creating prefix util module '/home/niweiss/CPE-Capstone-2024-2025/lora/install/_local_setup_util_sh.py'
[27.068s] INFO:colcon.colcon_core.shell:Creating prefix chain script '/home/niweiss/CPE-Capstone-2024-2025/lora/install/setup.sh'
[27.069s] INFO:colcon.colcon_core.shell:Creating prefix script '/home/niweiss/CPE-Capstone-2024-2025/lora/install/local_setup.bash'
[27.070s] INFO:colcon.colcon_core.shell:Creating prefix chain script '/home/niweiss/CPE-Capstone-2024-2025/lora/install/setup.bash'
[27.072s] INFO:colcon.colcon_core.shell:Creating prefix script '/home/niweiss/CPE-Capstone-2024-2025/lora/install/local_setup.zsh'
[27.072s] INFO:colcon.colcon_core.shell:Creating prefix chain script '/home/niweiss/CPE-Capstone-2024-2025/lora/install/setup.zsh'
