[0.108s] Invoking command in '/home/niweiss/ws_sensor_combined/build/example_global_navigation_cpp': AMENT_PREFIX_PATH=/home/niweiss/ws_sensor_combined/install/px4_ros2_cpp:${AMENT_PREFIX_PATH} CMAKE_PREFIX_PATH=/home/niweiss/ws_sensor_combined/install/px4_ros2_cpp:/home/niweiss/ws_sensor_combined/install/px4_msgs:/home/niweiss/ws_sensor_combined/install/px4_ros_com:/opt/ros/humble LD_LIBRARY_PATH=/home/niweiss/ws_sensor_combined/install/px4_ros2_cpp/lib:/home/niweiss/ws_sensor_combined/install/px4_msgs/lib:/home/niweiss/ws_sensor_combined/install/px4_ros_com/lib:/opt/ros/humble/opt/rviz_ogre_vendor/lib:/opt/ros/humble/lib/x86_64-linux-gnu:/opt/ros/humble/lib /usr/bin/cmake /home/niweiss/ws_sensor_combined/src/px4-ros2-interface-lib/examples/cpp/navigation/global_navigation -DCMAKE_INSTALL_PREFIX=/home/niweiss/ws_sensor_combined/install/example_global_navigation_cpp
[0.283s] -- The C compiler identification is GNU 11.4.0
[0.505s] -- The CXX compiler identification is GNU 11.4.0
[0.664s] -- Detecting C compiler ABI info
[0.777s] -- Detecting C compiler ABI info - done
[0.786s] -- Check for working C compiler: /usr/bin/cc - skipped
[0.786s] -- Detecting C compile features
[0.787s] -- Detecting C compile features - done
[0.791s] -- Detecting CXX compiler ABI info
[0.906s] -- Detecting CXX compiler ABI info - done
[0.916s] -- Check for working CXX compiler: /usr/bin/c++ - skipped
[0.916s] -- Detecting CXX compile features
[0.916s] -- Detecting CXX compile features - done
[0.918s] -- Found eigen3_cmake_module: 0.1.1 (/opt/ros/humble/share/eigen3_cmake_module/cmake)
[0.926s] -- Found Eigen3: TRUE (found version "3.4.0") 
[0.927s] -- Found ament_cmake: 1.3.10 (/opt/ros/humble/share/ament_cmake/cmake)
[1.462s] -- Found Python3: /usr/bin/python3 (found version "3.10.12") found components: Interpreter 
[1.577s] -- Found rclcpp: 16.0.10 (/opt/ros/humble/share/rclcpp/cmake)
[1.711s] -- Found rosidl_generator_c: 3.1.5 (/opt/ros/humble/share/rosidl_generator_c/cmake)
[1.718s] -- Found rosidl_adapter: 3.1.5 (/opt/ros/humble/share/rosidl_adapter/cmake)
[1.732s] -- Found rosidl_generator_cpp: 3.1.5 (/opt/ros/humble/share/rosidl_generator_cpp/cmake)
[1.757s] -- Using all available rosidl_typesupport_c: rosidl_typesupport_fastrtps_c;rosidl_typesupport_introspection_c
[1.782s] -- Using all available rosidl_typesupport_cpp: rosidl_typesupport_fastrtps_cpp;rosidl_typesupport_introspection_cpp
[1.858s] -- Found rmw_implementation_cmake: 6.1.2 (/opt/ros/humble/share/rmw_implementation_cmake/cmake)
[1.862s] -- Found rmw_fastrtps_cpp: 6.2.7 (/opt/ros/humble/share/rmw_fastrtps_cpp/cmake)
[2.288s] -- Found OpenSSL: /usr/lib/x86_64-linux-gnu/libcrypto.so (found version "3.0.2")  
[2.703s] -- Found FastRTPS: /opt/ros/humble/include  
[3.410s] -- Using RMW implementation 'rmw_fastrtps_cpp' as default
[3.425s] -- Looking for pthread.h
[3.539s] -- Looking for pthread.h - found
[3.539s] -- Performing Test CMAKE_HAVE_LIBC_PTHREAD
[3.638s] -- Performing Test CMAKE_HAVE_LIBC_PTHREAD - Success
[3.639s] -- Found Threads: TRUE  
[3.715s] -- Found px4_ros2_cpp: 0.0.1 (/home/niweiss/ws_sensor_combined/install/px4_ros2_cpp/share/px4_ros2_cpp/cmake)
[3.742s] -- Found ament_lint_auto: 0.12.11 (/opt/ros/humble/share/ament_lint_auto/cmake)
[3.857s] -- Added test 'copyright' to check source files copyright and LICENSE
[3.859s] -- Added test 'cppcheck' to perform static code analysis on C / C++ code
[3.859s] -- Configured cppcheck include dirs: /home/niweiss/ws_sensor_combined/src/px4-ros2-interface-lib/examples/cpp/navigation/global_navigation/include
[3.859s] -- Configured cppcheck exclude dirs and/or files: 
[3.860s] -- Added test 'cpplint' to check C / C++ code against the Google style
[3.861s] -- Configured cpplint exclude dirs and/or files: 
[3.863s] -- Added test 'lint_cmake' to check CMake code style
[3.866s] -- Added test 'uncrustify' to check C / C++ code style
[3.866s] -- Configured uncrustify additional arguments: 
[3.866s] -- Added test 'xmllint' to check XML markup files
[3.869s] -- Configuring done
[3.880s] -- Generating done
[3.882s] -- Build files have been written to: /home/niweiss/ws_sensor_combined/build/example_global_navigation_cpp
[3.898s] Invoked command in '/home/niweiss/ws_sensor_combined/build/example_global_navigation_cpp' returned '0': AMENT_PREFIX_PATH=/home/niweiss/ws_sensor_combined/install/px4_ros2_cpp:${AMENT_PREFIX_PATH} CMAKE_PREFIX_PATH=/home/niweiss/ws_sensor_combined/install/px4_ros2_cpp:/home/niweiss/ws_sensor_combined/install/px4_msgs:/home/niweiss/ws_sensor_combined/install/px4_ros_com:/opt/ros/humble LD_LIBRARY_PATH=/home/niweiss/ws_sensor_combined/install/px4_ros2_cpp/lib:/home/niweiss/ws_sensor_combined/install/px4_msgs/lib:/home/niweiss/ws_sensor_combined/install/px4_ros_com/lib:/opt/ros/humble/opt/rviz_ogre_vendor/lib:/opt/ros/humble/lib/x86_64-linux-gnu:/opt/ros/humble/lib /usr/bin/cmake /home/niweiss/ws_sensor_combined/src/px4-ros2-interface-lib/examples/cpp/navigation/global_navigation -DCMAKE_INSTALL_PREFIX=/home/niweiss/ws_sensor_combined/install/example_global_navigation_cpp
[3.900s] Invoking command in '/home/niweiss/ws_sensor_combined/build/example_global_navigation_cpp': AMENT_PREFIX_PATH=/home/niweiss/ws_sensor_combined/install/px4_ros2_cpp:${AMENT_PREFIX_PATH} CMAKE_PREFIX_PATH=/home/niweiss/ws_sensor_combined/install/px4_ros2_cpp:/home/niweiss/ws_sensor_combined/install/px4_msgs:/home/niweiss/ws_sensor_combined/install/px4_ros_com:/opt/ros/humble LD_LIBRARY_PATH=/home/niweiss/ws_sensor_combined/install/px4_ros2_cpp/lib:/home/niweiss/ws_sensor_combined/install/px4_msgs/lib:/home/niweiss/ws_sensor_combined/install/px4_ros_com/lib:/opt/ros/humble/opt/rviz_ogre_vendor/lib:/opt/ros/humble/lib/x86_64-linux-gnu:/opt/ros/humble/lib /usr/bin/cmake --build /home/niweiss/ws_sensor_combined/build/example_global_navigation_cpp -- -j16 -l16
[3.940s] [ 50%] [32mBuilding CXX object CMakeFiles/example_global_navigation.dir/src/main.cpp.o[0m
[8.207s] [100%] [32m[1mLinking CXX executable example_global_navigation[0m
[9.078s] [100%] Built target example_global_navigation
[9.090s] Invoked command in '/home/niweiss/ws_sensor_combined/build/example_global_navigation_cpp' returned '0': AMENT_PREFIX_PATH=/home/niweiss/ws_sensor_combined/install/px4_ros2_cpp:${AMENT_PREFIX_PATH} CMAKE_PREFIX_PATH=/home/niweiss/ws_sensor_combined/install/px4_ros2_cpp:/home/niweiss/ws_sensor_combined/install/px4_msgs:/home/niweiss/ws_sensor_combined/install/px4_ros_com:/opt/ros/humble LD_LIBRARY_PATH=/home/niweiss/ws_sensor_combined/install/px4_ros2_cpp/lib:/home/niweiss/ws_sensor_combined/install/px4_msgs/lib:/home/niweiss/ws_sensor_combined/install/px4_ros_com/lib:/opt/ros/humble/opt/rviz_ogre_vendor/lib:/opt/ros/humble/lib/x86_64-linux-gnu:/opt/ros/humble/lib /usr/bin/cmake --build /home/niweiss/ws_sensor_combined/build/example_global_navigation_cpp -- -j16 -l16
[9.119s] Invoking command in '/home/niweiss/ws_sensor_combined/build/example_global_navigation_cpp': AMENT_PREFIX_PATH=/home/niweiss/ws_sensor_combined/install/px4_ros2_cpp:${AMENT_PREFIX_PATH} CMAKE_PREFIX_PATH=/home/niweiss/ws_sensor_combined/install/px4_ros2_cpp:/home/niweiss/ws_sensor_combined/install/px4_msgs:/home/niweiss/ws_sensor_combined/install/px4_ros_com:/opt/ros/humble LD_LIBRARY_PATH=/home/niweiss/ws_sensor_combined/install/px4_ros2_cpp/lib:/home/niweiss/ws_sensor_combined/install/px4_msgs/lib:/home/niweiss/ws_sensor_combined/install/px4_ros_com/lib:/opt/ros/humble/opt/rviz_ogre_vendor/lib:/opt/ros/humble/lib/x86_64-linux-gnu:/opt/ros/humble/lib /usr/bin/cmake --install /home/niweiss/ws_sensor_combined/build/example_global_navigation_cpp
[9.126s] -- Install configuration: ""
[9.127s] -- Installing: /home/niweiss/ws_sensor_combined/install/example_global_navigation_cpp/lib/example_global_navigation_cpp/example_global_navigation
[9.128s] -- Set runtime path of "/home/niweiss/ws_sensor_combined/install/example_global_navigation_cpp/lib/example_global_navigation_cpp/example_global_navigation" to ""
[9.128s] -- Installing: /home/niweiss/ws_sensor_combined/install/example_global_navigation_cpp/share/ament_index/resource_index/package_run_dependencies/example_global_navigation_cpp
[9.128s] -- Installing: /home/niweiss/ws_sensor_combined/install/example_global_navigation_cpp/share/ament_index/resource_index/parent_prefix_path/example_global_navigation_cpp
[9.129s] -- Installing: /home/niweiss/ws_sensor_combined/install/example_global_navigation_cpp/share/example_global_navigation_cpp/environment/ament_prefix_path.sh
[9.129s] -- Installing: /home/niweiss/ws_sensor_combined/install/example_global_navigation_cpp/share/example_global_navigation_cpp/environment/ament_prefix_path.dsv
[9.129s] -- Installing: /home/niweiss/ws_sensor_combined/install/example_global_navigation_cpp/share/example_global_navigation_cpp/environment/path.sh
[9.130s] -- Installing: /home/niweiss/ws_sensor_combined/install/example_global_navigation_cpp/share/example_global_navigation_cpp/environment/path.dsv
[9.130s] -- Installing: /home/niweiss/ws_sensor_combined/install/example_global_navigation_cpp/share/example_global_navigation_cpp/local_setup.bash
[9.130s] -- Installing: /home/niweiss/ws_sensor_combined/install/example_global_navigation_cpp/share/example_global_navigation_cpp/local_setup.sh
[9.130s] -- Installing: /home/niweiss/ws_sensor_combined/install/example_global_navigation_cpp/share/example_global_navigation_cpp/local_setup.zsh
[9.131s] -- Installing: /home/niweiss/ws_sensor_combined/install/example_global_navigation_cpp/share/example_global_navigation_cpp/local_setup.dsv
[9.131s] -- Installing: /home/niweiss/ws_sensor_combined/install/example_global_navigation_cpp/share/example_global_navigation_cpp/package.dsv
[9.132s] -- Installing: /home/niweiss/ws_sensor_combined/install/example_global_navigation_cpp/share/ament_index/resource_index/packages/example_global_navigation_cpp
[9.132s] -- Installing: /home/niweiss/ws_sensor_combined/install/example_global_navigation_cpp/share/example_global_navigation_cpp/cmake/example_global_navigation_cppConfig.cmake
[9.132s] -- Installing: /home/niweiss/ws_sensor_combined/install/example_global_navigation_cpp/share/example_global_navigation_cpp/cmake/example_global_navigation_cppConfig-version.cmake
[9.132s] -- Installing: /home/niweiss/ws_sensor_combined/install/example_global_navigation_cpp/share/example_global_navigation_cpp/package.xml
[9.136s] Invoked command in '/home/niweiss/ws_sensor_combined/build/example_global_navigation_cpp' returned '0': AMENT_PREFIX_PATH=/home/niweiss/ws_sensor_combined/install/px4_ros2_cpp:${AMENT_PREFIX_PATH} CMAKE_PREFIX_PATH=/home/niweiss/ws_sensor_combined/install/px4_ros2_cpp:/home/niweiss/ws_sensor_combined/install/px4_msgs:/home/niweiss/ws_sensor_combined/install/px4_ros_com:/opt/ros/humble LD_LIBRARY_PATH=/home/niweiss/ws_sensor_combined/install/px4_ros2_cpp/lib:/home/niweiss/ws_sensor_combined/install/px4_msgs/lib:/home/niweiss/ws_sensor_combined/install/px4_ros_com/lib:/opt/ros/humble/opt/rviz_ogre_vendor/lib:/opt/ros/humble/lib/x86_64-linux-gnu:/opt/ros/humble/lib /usr/bin/cmake --install /home/niweiss/ws_sensor_combined/build/example_global_navigation_cpp
