[1.252s] Invoking command in '/home/niweiss/ws_sensor_combined/build/example_mode_fw_attitude_cpp': AMENT_PREFIX_PATH=/home/niweiss/ws_sensor_combined/install/px4_ros2_cpp:/home/niweiss/ws_sensor_combined/install/px4_msgs:${AMENT_PREFIX_PATH} CMAKE_PREFIX_PATH=/home/niweiss/ws_sensor_combined/install/px4_ros2_cpp:/home/niweiss/ws_sensor_combined/install/px4_msgs:/opt/ros/humble LD_LIBRARY_PATH=/home/niweiss/ws_sensor_combined/install/px4_ros2_cpp/lib:/home/niweiss/ws_sensor_combined/install/px4_msgs/lib:${LD_LIBRARY_PATH} PYTHONPATH=/home/niweiss/ws_sensor_combined/install/px4_msgs/local/lib/python3.10/dist-packages:${PYTHONPATH} /usr/bin/cmake --build /home/niweiss/ws_sensor_combined/build/example_mode_fw_attitude_cpp -- -j16 -l16
[1.327s] [100%] Built target example_mode_fw_attitude
[1.346s] Invoked command in '/home/niweiss/ws_sensor_combined/build/example_mode_fw_attitude_cpp' returned '0': AMENT_PREFIX_PATH=/home/niweiss/ws_sensor_combined/install/px4_ros2_cpp:/home/niweiss/ws_sensor_combined/install/px4_msgs:${AMENT_PREFIX_PATH} CMAKE_PREFIX_PATH=/home/niweiss/ws_sensor_combined/install/px4_ros2_cpp:/home/niweiss/ws_sensor_combined/install/px4_msgs:/opt/ros/humble LD_LIBRARY_PATH=/home/niweiss/ws_sensor_combined/install/px4_ros2_cpp/lib:/home/niweiss/ws_sensor_combined/install/px4_msgs/lib:${LD_LIBRARY_PATH} PYTHONPATH=/home/niweiss/ws_sensor_combined/install/px4_msgs/local/lib/python3.10/dist-packages:${PYTHONPATH} /usr/bin/cmake --build /home/niweiss/ws_sensor_combined/build/example_mode_fw_attitude_cpp -- -j16 -l16
[1.355s] Invoking command in '/home/niweiss/ws_sensor_combined/build/example_mode_fw_attitude_cpp': AMENT_PREFIX_PATH=/home/niweiss/ws_sensor_combined/install/px4_ros2_cpp:/home/niweiss/ws_sensor_combined/install/px4_msgs:${AMENT_PREFIX_PATH} CMAKE_PREFIX_PATH=/home/niweiss/ws_sensor_combined/install/px4_ros2_cpp:/home/niweiss/ws_sensor_combined/install/px4_msgs:/opt/ros/humble LD_LIBRARY_PATH=/home/niweiss/ws_sensor_combined/install/px4_ros2_cpp/lib:/home/niweiss/ws_sensor_combined/install/px4_msgs/lib:${LD_LIBRARY_PATH} PYTHONPATH=/home/niweiss/ws_sensor_combined/install/px4_msgs/local/lib/python3.10/dist-packages:${PYTHONPATH} /usr/bin/cmake --install /home/niweiss/ws_sensor_combined/build/example_mode_fw_attitude_cpp
[1.367s] -- Install configuration: ""
[1.369s] -- Up-to-date: /home/niweiss/ws_sensor_combined/install/example_mode_fw_attitude_cpp/lib/example_mode_fw_attitude_cpp/example_mode_fw_attitude
[1.370s] -- Up-to-date: /home/niweiss/ws_sensor_combined/install/example_mode_fw_attitude_cpp/share/ament_index/resource_index/package_run_dependencies/example_mode_fw_attitude_cpp
[1.370s] -- Up-to-date: /home/niweiss/ws_sensor_combined/install/example_mode_fw_attitude_cpp/share/ament_index/resource_index/parent_prefix_path/example_mode_fw_attitude_cpp
[1.374s] -- Up-to-date: /home/niweiss/ws_sensor_combined/install/example_mode_fw_attitude_cpp/share/example_mode_fw_attitude_cpp/environment/ament_prefix_path.sh
[1.374s] -- Up-to-date: /home/niweiss/ws_sensor_combined/install/example_mode_fw_attitude_cpp/share/example_mode_fw_attitude_cpp/environment/ament_prefix_path.dsv
[1.375s] -- Up-to-date: /home/niweiss/ws_sensor_combined/install/example_mode_fw_attitude_cpp/share/example_mode_fw_attitude_cpp/environment/path.sh
[1.377s] -- Up-to-date: /home/niweiss/ws_sensor_combined/install/example_mode_fw_attitude_cpp/share/example_mode_fw_attitude_cpp/environment/path.dsv
[1.377s] -- Up-to-date: /home/niweiss/ws_sensor_combined/install/example_mode_fw_attitude_cpp/share/example_mode_fw_attitude_cpp/local_setup.bash
[1.380s] -- Up-to-date: /home/niweiss/ws_sensor_combined/install/example_mode_fw_attitude_cpp/share/example_mode_fw_attitude_cpp/local_setup.sh
[1.380s] -- Up-to-date: /home/niweiss/ws_sensor_combined/install/example_mode_fw_attitude_cpp/share/example_mode_fw_attitude_cpp/local_setup.zsh
[1.381s] -- Up-to-date: /home/niweiss/ws_sensor_combined/install/example_mode_fw_attitude_cpp/share/example_mode_fw_attitude_cpp/local_setup.dsv
[1.381s] -- Installing: /home/niweiss/ws_sensor_combined/install/example_mode_fw_attitude_cpp/share/example_mode_fw_attitude_cpp/package.dsv
[1.381s] -- Up-to-date: /home/niweiss/ws_sensor_combined/install/example_mode_fw_attitude_cpp/share/ament_index/resource_index/packages/example_mode_fw_attitude_cpp
[1.381s] -- Up-to-date: /home/niweiss/ws_sensor_combined/install/example_mode_fw_attitude_cpp/share/example_mode_fw_attitude_cpp/cmake/example_mode_fw_attitude_cppConfig.cmake
[1.381s] -- Up-to-date: /home/niweiss/ws_sensor_combined/install/example_mode_fw_attitude_cpp/share/example_mode_fw_attitude_cpp/cmake/example_mode_fw_attitude_cppConfig-version.cmake
[1.382s] -- Up-to-date: /home/niweiss/ws_sensor_combined/install/example_mode_fw_attitude_cpp/share/example_mode_fw_attitude_cpp/package.xml
[1.393s] Invoked command in '/home/niweiss/ws_sensor_combined/build/example_mode_fw_attitude_cpp' returned '0': AMENT_PREFIX_PATH=/home/niweiss/ws_sensor_combined/install/px4_ros2_cpp:/home/niweiss/ws_sensor_combined/install/px4_msgs:${AMENT_PREFIX_PATH} CMAKE_PREFIX_PATH=/home/niweiss/ws_sensor_combined/install/px4_ros2_cpp:/home/niweiss/ws_sensor_combined/install/px4_msgs:/opt/ros/humble LD_LIBRARY_PATH=/home/niweiss/ws_sensor_combined/install/px4_ros2_cpp/lib:/home/niweiss/ws_sensor_combined/install/px4_msgs/lib:${LD_LIBRARY_PATH} PYTHONPATH=/home/niweiss/ws_sensor_combined/install/px4_msgs/local/lib/python3.10/dist-packages:${PYTHONPATH} /usr/bin/cmake --install /home/niweiss/ws_sensor_combined/build/example_mode_fw_attitude_cpp
