[0.171s] Invoking command in '/home/niweiss/CPE-Capstone-2024-2025/ws_sensor_combined/build/px4_ros_com': CMAKE_PREFIX_PATH=/home/niweiss/CPE-Capstone-2024-2025/ws_sensor_combined/install/px4_msgs:/home/niweiss/CPE-Capstone-2024-2025/ws_sensor_combined/install/custom_msgs:/home/niweiss/CPE-Capstone-2024-2025/ws_sensor_combined/install/px4_ros_com:/home/niweiss/CPE-Capstone-2024-2025/ws_sensor_combined/install/example_mode_with_executor_cpp:/home/niweiss/CPE-Capstone-2024-2025/ws_sensor_combined/install/example_mode_rtl_replacement_cpp:/home/niweiss/CPE-Capstone-2024-2025/ws_sensor_combined/install/example_mode_manual_cpp:/home/niweiss/CPE-Capstone-2024-2025/ws_sensor_combined/install/example_mode_goto_global_cpp:/home/niweiss/CPE-Capstone-2024-2025/ws_sensor_combined/install/example_mode_goto_cpp:/home/niweiss/CPE-Capstone-2024-2025/ws_sensor_combined/install/example_mode_fw_attitude_cpp:/home/niweiss/CPE-Capstone-2024-2025/ws_sensor_combined/install/example_local_navigation_cpp:/home/niweiss/CPE-Capstone-2024-2025/ws_sensor_combined/install/example_global_navigation_cpp:/home/niweiss/CPE-Capstone-2024-2025/ws_sensor_combined/install/px4_ros2_cpp:/opt/ros/humble LD_LIBRARY_PATH=/home/niweiss/CPE-Capstone-2024-2025/ws_sensor_combined/install/px4_msgs/lib:/home/niweiss/CPE-Capstone-2024-2025/ws_sensor_combined/install/custom_msgs/lib:/home/niweiss/CPE-Capstone-2024-2025/ws_sensor_combined/install/px4_ros_com/lib:/home/niweiss/CPE-Capstone-2024-2025/ws_sensor_combined/install/px4_ros2_cpp/lib:/opt/ros/humble/opt/rviz_ogre_vendor/lib:/opt/ros/humble/lib/x86_64-linux-gnu:/opt/ros/humble/lib /usr/bin/cmake /home/niweiss/CPE-Capstone-2024-2025/ws_sensor_combined/src/px4_ros_com -DCMAKE_INSTALL_PREFIX=/home/niweiss/CPE-Capstone-2024-2025/ws_sensor_combined/install/px4_ros_com
[0.292s] -- The C compiler identification is GNU 11.4.0
[0.749s] -- The CXX compiler identification is GNU 11.4.0
[1.078s] -- Detecting C compiler ABI info
[1.212s] -- Detecting C compiler ABI info - done
[1.219s] -- Check for working C compiler: /usr/bin/cc - skipped
[1.219s] -- Detecting C compile features
[1.219s] -- Detecting C compile features - done
[1.223s] -- Detecting CXX compiler ABI info
[1.366s] -- Detecting CXX compiler ABI info - done
[1.373s] -- Check for working CXX compiler: /usr/bin/c++ - skipped
[1.373s] -- Detecting CXX compile features
[1.373s] -- Detecting CXX compile features - done
[1.376s] -- Found ament_cmake: 1.3.11 (/opt/ros/humble/share/ament_cmake/cmake)
[1.683s] -- Found Python3: /usr/bin/python3 (found version "3.10.12") found components: Interpreter 
[1.765s] -- Found builtin_interfaces: 1.2.1 (/opt/ros/humble/share/builtin_interfaces/cmake)
[1.935s] -- Found rosidl_generator_c: 3.1.6 (/opt/ros/humble/share/rosidl_generator_c/cmake)
[1.939s] -- Found rosidl_adapter: 3.1.6 (/opt/ros/humble/share/rosidl_adapter/cmake)
[1.945s] -- Found rosidl_generator_cpp: 3.1.6 (/opt/ros/humble/share/rosidl_generator_cpp/cmake)
[1.955s] -- Using all available rosidl_typesupport_c: rosidl_typesupport_fastrtps_c;rosidl_typesupport_introspection_c
[1.966s] -- Using all available rosidl_typesupport_cpp: rosidl_typesupport_fastrtps_cpp;rosidl_typesupport_introspection_cpp
[1.981s] -- Found eigen3_cmake_module: 0.1.1 (/opt/ros/humble/share/eigen3_cmake_module/cmake)
[1.987s] -- Found Eigen3: TRUE (found version "3.4.0") 
[1.989s] -- Found geometry_msgs: 4.2.4 (/opt/ros/humble/share/geometry_msgs/cmake)
[2.012s] -- Found px4_msgs: 2.0.1 (/home/niweiss/CPE-Capstone-2024-2025/ws_sensor_combined/install/px4_msgs/share/px4_msgs/cmake)
[2.024s] -- Found rclcpp: 16.0.11 (/opt/ros/humble/share/rclcpp/cmake)
[2.058s] -- Found rmw_implementation_cmake: 6.1.2 (/opt/ros/humble/share/rmw_implementation_cmake/cmake)
[2.061s] -- Found rmw_fastrtps_cpp: 6.2.7 (/opt/ros/humble/share/rmw_fastrtps_cpp/cmake)
[3.489s] -- Found OpenSSL: /usr/lib/x86_64-linux-gnu/libcrypto.so (found version "3.0.2")  
[5.012s] -- Found FastRTPS: /opt/ros/humble/include  
[7.791s] -- Using RMW implementation 'rmw_fastrtps_cpp' as default
[7.804s] -- Looking for pthread.h
[7.922s] -- Looking for pthread.h - found
[7.922s] -- Performing Test CMAKE_HAVE_LIBC_PTHREAD
[8.047s] -- Performing Test CMAKE_HAVE_LIBC_PTHREAD - Success
[8.048s] -- Found Threads: TRUE  
[8.079s] -- Found sensor_msgs: 4.2.4 (/opt/ros/humble/share/sensor_msgs/cmake)
[8.094s] -- Found rclpy: 3.3.15 (/opt/ros/humble/share/rclpy/cmake)
[8.095s] -- Found custom_msgs: 0.0.0 (/home/niweiss/CPE-Capstone-2024-2025/ws_sensor_combined/install/custom_msgs/share/custom_msgs/cmake)
[8.117s] -- Found ament_lint_auto: 0.12.11 (/opt/ros/humble/share/ament_lint_auto/cmake)
[8.201s] -- Added test 'copyright' to check source files copyright and LICENSE
[8.203s] -- Added test 'cppcheck' to perform static code analysis on C / C++ code
[8.203s] -- Configured cppcheck include dirs: /home/niweiss/CPE-Capstone-2024-2025/ws_sensor_combined/src/px4_ros_com/include;$<BUILD_INTERFACE:/home/niweiss/CPE-Capstone-2024-2025/ws_sensor_combined/src/px4_ros_com/include/px4_ros_com>
[8.203s] -- Configured cppcheck exclude dirs and/or files: 
[8.205s] -- Added test 'cpplint' to check C / C++ code against the Google style
[8.205s] -- Configured cpplint exclude dirs and/or files: 
[8.205s] -- Added test 'flake8' to check Python code syntax and style conventions
[8.206s] -- Added test 'lint_cmake' to check CMake code style
[8.206s] -- Added test 'pep257' to check Python code against some of the docstring style conventions in PEP 257
[8.208s] -- Added test 'uncrustify' to check C / C++ code style
[8.208s] -- Configured uncrustify additional arguments: 
[8.210s] -- Added test 'xmllint' to check XML markup files
[8.212s] -- Configuring done
[8.243s] -- Generating done
[8.254s] -- Build files have been written to: /home/niweiss/CPE-Capstone-2024-2025/ws_sensor_combined/build/px4_ros_com
[8.266s] Invoked command in '/home/niweiss/CPE-Capstone-2024-2025/ws_sensor_combined/build/px4_ros_com' returned '0': CMAKE_PREFIX_PATH=/home/niweiss/CPE-Capstone-2024-2025/ws_sensor_combined/install/px4_msgs:/home/niweiss/CPE-Capstone-2024-2025/ws_sensor_combined/install/custom_msgs:/home/niweiss/CPE-Capstone-2024-2025/ws_sensor_combined/install/px4_ros_com:/home/niweiss/CPE-Capstone-2024-2025/ws_sensor_combined/install/example_mode_with_executor_cpp:/home/niweiss/CPE-Capstone-2024-2025/ws_sensor_combined/install/example_mode_rtl_replacement_cpp:/home/niweiss/CPE-Capstone-2024-2025/ws_sensor_combined/install/example_mode_manual_cpp:/home/niweiss/CPE-Capstone-2024-2025/ws_sensor_combined/install/example_mode_goto_global_cpp:/home/niweiss/CPE-Capstone-2024-2025/ws_sensor_combined/install/example_mode_goto_cpp:/home/niweiss/CPE-Capstone-2024-2025/ws_sensor_combined/install/example_mode_fw_attitude_cpp:/home/niweiss/CPE-Capstone-2024-2025/ws_sensor_combined/install/example_local_navigation_cpp:/home/niweiss/CPE-Capstone-2024-2025/ws_sensor_combined/install/example_global_navigation_cpp:/home/niweiss/CPE-Capstone-2024-2025/ws_sensor_combined/install/px4_ros2_cpp:/opt/ros/humble LD_LIBRARY_PATH=/home/niweiss/CPE-Capstone-2024-2025/ws_sensor_combined/install/px4_msgs/lib:/home/niweiss/CPE-Capstone-2024-2025/ws_sensor_combined/install/custom_msgs/lib:/home/niweiss/CPE-Capstone-2024-2025/ws_sensor_combined/install/px4_ros_com/lib:/home/niweiss/CPE-Capstone-2024-2025/ws_sensor_combined/install/px4_ros2_cpp/lib:/opt/ros/humble/opt/rviz_ogre_vendor/lib:/opt/ros/humble/lib/x86_64-linux-gnu:/opt/ros/humble/lib /usr/bin/cmake /home/niweiss/CPE-Capstone-2024-2025/ws_sensor_combined/src/px4_ros_com -DCMAKE_INSTALL_PREFIX=/home/niweiss/CPE-Capstone-2024-2025/ws_sensor_combined/install/px4_ros_com
[8.267s] Invoking command in '/home/niweiss/CPE-Capstone-2024-2025/ws_sensor_combined/build/px4_ros_com': CMAKE_PREFIX_PATH=/home/niweiss/CPE-Capstone-2024-2025/ws_sensor_combined/install/px4_msgs:/home/niweiss/CPE-Capstone-2024-2025/ws_sensor_combined/install/custom_msgs:/home/niweiss/CPE-Capstone-2024-2025/ws_sensor_combined/install/px4_ros_com:/home/niweiss/CPE-Capstone-2024-2025/ws_sensor_combined/install/example_mode_with_executor_cpp:/home/niweiss/CPE-Capstone-2024-2025/ws_sensor_combined/install/example_mode_rtl_replacement_cpp:/home/niweiss/CPE-Capstone-2024-2025/ws_sensor_combined/install/example_mode_manual_cpp:/home/niweiss/CPE-Capstone-2024-2025/ws_sensor_combined/install/example_mode_goto_global_cpp:/home/niweiss/CPE-Capstone-2024-2025/ws_sensor_combined/install/example_mode_goto_cpp:/home/niweiss/CPE-Capstone-2024-2025/ws_sensor_combined/install/example_mode_fw_attitude_cpp:/home/niweiss/CPE-Capstone-2024-2025/ws_sensor_combined/install/example_local_navigation_cpp:/home/niweiss/CPE-Capstone-2024-2025/ws_sensor_combined/install/example_global_navigation_cpp:/home/niweiss/CPE-Capstone-2024-2025/ws_sensor_combined/install/px4_ros2_cpp:/opt/ros/humble LD_LIBRARY_PATH=/home/niweiss/CPE-Capstone-2024-2025/ws_sensor_combined/install/px4_msgs/lib:/home/niweiss/CPE-Capstone-2024-2025/ws_sensor_combined/install/custom_msgs/lib:/home/niweiss/CPE-Capstone-2024-2025/ws_sensor_combined/install/px4_ros_com/lib:/home/niweiss/CPE-Capstone-2024-2025/ws_sensor_combined/install/px4_ros2_cpp/lib:/opt/ros/humble/opt/rviz_ogre_vendor/lib:/opt/ros/humble/lib/x86_64-linux-gnu:/opt/ros/humble/lib /usr/bin/cmake --build /home/niweiss/CPE-Capstone-2024-2025/ws_sensor_combined/build/px4_ros_com -- -j16 -l16
[8.308s] [ 11%] [32mBuilding CXX object CMakeFiles/offboard_control_srv.dir/src/examples/offboard/offboard_control_srv.cpp.o[0m
[8.308s] [ 11%] [32mBuilding CXX object CMakeFiles/offboard_paths.dir/src/examples/offboard/offboard_paths.cpp.o[0m
[8.308s] [ 16%] [32mBuilding CXX object CMakeFiles/frame_transforms.dir/src/lib/frame_transforms.cpp.o[0m
[8.308s] [ 22%] [32mBuilding CXX object CMakeFiles/sensor_combined_listener.dir/src/examples/listeners/sensor_combined_listener.cpp.o[0m
[8.309s] [ 27%] [32mBuilding CXX object CMakeFiles/offboard_launch.dir/src/examples/offboard/offboard_launch.cpp.o[0m
[8.310s] [ 33%] [32mBuilding CXX object CMakeFiles/debug_vect_advertiser.dir/src/examples/advertisers/debug_vect_advertiser.cpp.o[0m
[8.310s] [ 38%] [32mBuilding CXX object CMakeFiles/vehicle_gps_position_listener.dir/src/examples/listeners/vehicle_gps_position_listener.cpp.o[0m
[8.311s] [ 44%] [32mBuilding CXX object CMakeFiles/flight_state_pub.dir/src/examples/offboard/flight_state_pub.cpp.o[0m
[8.313s] [ 50%] [32mBuilding CXX object CMakeFiles/offboard_control.dir/src/examples/offboard/offboard_control.cpp.o[0m
[8.334s] [ 50%] Built target ament_cmake_python_copy_px4_ros_com
[8.663s] running egg_info
[8.690s] creating px4_ros_com.egg-info
[8.692s] writing px4_ros_com.egg-info/PKG-INFO
[8.692s] writing dependency_links to px4_ros_com.egg-info/dependency_links.txt
[8.692s] writing top-level names to px4_ros_com.egg-info/top_level.txt
[8.692s] writing manifest file 'px4_ros_com.egg-info/SOURCES.txt'
[8.782s] reading manifest file 'px4_ros_com.egg-info/SOURCES.txt'
[8.785s] writing manifest file 'px4_ros_com.egg-info/SOURCES.txt'
[8.856s] [ 50%] Built target ament_cmake_python_build_px4_ros_com_egg
[17.612s] [ 55%] [32m[1mLinking CXX executable flight_state_pub[0m
[17.670s] [ 61%] [32m[1mLinking CXX executable debug_vect_advertiser[0m
[18.195s] [ 61%] Built target debug_vect_advertiser
[18.196s] [ 61%] Built target flight_state_pub
[18.775s] [ 66%] [32m[1mLinking CXX executable offboard_control[0m
[18.899s] [ 72%] [32m[1mLinking CXX executable offboard_paths[0m
[19.222s] [ 72%] Built target offboard_control
[19.359s] [ 72%] Built target offboard_paths
[20.488s] [ 77%] [32m[1mLinking CXX executable offboard_control_srv[0m
[20.863s] [ 77%] Built target offboard_control_srv
[21.880s] [ 83%] [32m[1mLinking CXX shared library libframe_transforms.so[0m
[22.266s] [ 83%] Built target frame_transforms
[23.183s] [ 88%] [32m[1mLinking CXX executable sensor_combined_listener[0m
[23.482s] [ 94%] [32m[1mLinking CXX executable vehicle_gps_position_listener[0m
[23.661s] [ 94%] Built target sensor_combined_listener
[23.939s] [ 94%] Built target vehicle_gps_position_listener
[36.762s] [100%] [32m[1mLinking CXX executable offboard_launch[0m
[37.973s] [100%] Built target offboard_launch
[37.985s] Invoked command in '/home/niweiss/CPE-Capstone-2024-2025/ws_sensor_combined/build/px4_ros_com' returned '0': CMAKE_PREFIX_PATH=/home/niweiss/CPE-Capstone-2024-2025/ws_sensor_combined/install/px4_msgs:/home/niweiss/CPE-Capstone-2024-2025/ws_sensor_combined/install/custom_msgs:/home/niweiss/CPE-Capstone-2024-2025/ws_sensor_combined/install/px4_ros_com:/home/niweiss/CPE-Capstone-2024-2025/ws_sensor_combined/install/example_mode_with_executor_cpp:/home/niweiss/CPE-Capstone-2024-2025/ws_sensor_combined/install/example_mode_rtl_replacement_cpp:/home/niweiss/CPE-Capstone-2024-2025/ws_sensor_combined/install/example_mode_manual_cpp:/home/niweiss/CPE-Capstone-2024-2025/ws_sensor_combined/install/example_mode_goto_global_cpp:/home/niweiss/CPE-Capstone-2024-2025/ws_sensor_combined/install/example_mode_goto_cpp:/home/niweiss/CPE-Capstone-2024-2025/ws_sensor_combined/install/example_mode_fw_attitude_cpp:/home/niweiss/CPE-Capstone-2024-2025/ws_sensor_combined/install/example_local_navigation_cpp:/home/niweiss/CPE-Capstone-2024-2025/ws_sensor_combined/install/example_global_navigation_cpp:/home/niweiss/CPE-Capstone-2024-2025/ws_sensor_combined/install/px4_ros2_cpp:/opt/ros/humble LD_LIBRARY_PATH=/home/niweiss/CPE-Capstone-2024-2025/ws_sensor_combined/install/px4_msgs/lib:/home/niweiss/CPE-Capstone-2024-2025/ws_sensor_combined/install/custom_msgs/lib:/home/niweiss/CPE-Capstone-2024-2025/ws_sensor_combined/install/px4_ros_com/lib:/home/niweiss/CPE-Capstone-2024-2025/ws_sensor_combined/install/px4_ros2_cpp/lib:/opt/ros/humble/opt/rviz_ogre_vendor/lib:/opt/ros/humble/lib/x86_64-linux-gnu:/opt/ros/humble/lib /usr/bin/cmake --build /home/niweiss/CPE-Capstone-2024-2025/ws_sensor_combined/build/px4_ros_com -- -j16 -l16
[37.990s] Invoking command in '/home/niweiss/CPE-Capstone-2024-2025/ws_sensor_combined/build/px4_ros_com': CMAKE_PREFIX_PATH=/home/niweiss/CPE-Capstone-2024-2025/ws_sensor_combined/install/px4_msgs:/home/niweiss/CPE-Capstone-2024-2025/ws_sensor_combined/install/custom_msgs:/home/niweiss/CPE-Capstone-2024-2025/ws_sensor_combined/install/px4_ros_com:/home/niweiss/CPE-Capstone-2024-2025/ws_sensor_combined/install/example_mode_with_executor_cpp:/home/niweiss/CPE-Capstone-2024-2025/ws_sensor_combined/install/example_mode_rtl_replacement_cpp:/home/niweiss/CPE-Capstone-2024-2025/ws_sensor_combined/install/example_mode_manual_cpp:/home/niweiss/CPE-Capstone-2024-2025/ws_sensor_combined/install/example_mode_goto_global_cpp:/home/niweiss/CPE-Capstone-2024-2025/ws_sensor_combined/install/example_mode_goto_cpp:/home/niweiss/CPE-Capstone-2024-2025/ws_sensor_combined/install/example_mode_fw_attitude_cpp:/home/niweiss/CPE-Capstone-2024-2025/ws_sensor_combined/install/example_local_navigation_cpp:/home/niweiss/CPE-Capstone-2024-2025/ws_sensor_combined/install/example_global_navigation_cpp:/home/niweiss/CPE-Capstone-2024-2025/ws_sensor_combined/install/px4_ros2_cpp:/opt/ros/humble LD_LIBRARY_PATH=/home/niweiss/CPE-Capstone-2024-2025/ws_sensor_combined/install/px4_msgs/lib:/home/niweiss/CPE-Capstone-2024-2025/ws_sensor_combined/install/custom_msgs/lib:/home/niweiss/CPE-Capstone-2024-2025/ws_sensor_combined/install/px4_ros_com/lib:/home/niweiss/CPE-Capstone-2024-2025/ws_sensor_combined/install/px4_ros2_cpp/lib:/opt/ros/humble/opt/rviz_ogre_vendor/lib:/opt/ros/humble/lib/x86_64-linux-gnu:/opt/ros/humble/lib /usr/bin/cmake --install /home/niweiss/CPE-Capstone-2024-2025/ws_sensor_combined/build/px4_ros_com
[37.996s] -- Install configuration: ""
[37.998s] -- Installing: /home/niweiss/CPE-Capstone-2024-2025/ws_sensor_combined/install/px4_ros_com/lib/px4_ros_com/sensor_combined_listener
[38.001s] -- Set runtime path of "/home/niweiss/CPE-Capstone-2024-2025/ws_sensor_combined/install/px4_ros_com/lib/px4_ros_com/sensor_combined_listener" to ""
[38.001s] -- Installing: /home/niweiss/CPE-Capstone-2024-2025/ws_sensor_combined/install/px4_ros_com/lib/px4_ros_com/vehicle_gps_position_listener
[38.004s] -- Set runtime path of "/home/niweiss/CPE-Capstone-2024-2025/ws_sensor_combined/install/px4_ros_com/lib/px4_ros_com/vehicle_gps_position_listener" to ""
[38.004s] -- Installing: /home/niweiss/CPE-Capstone-2024-2025/ws_sensor_combined/install/px4_ros_com/lib/px4_ros_com/debug_vect_advertiser
[38.005s] -- Set runtime path of "/home/niweiss/CPE-Capstone-2024-2025/ws_sensor_combined/install/px4_ros_com/lib/px4_ros_com/debug_vect_advertiser" to ""
[38.005s] -- Installing: /home/niweiss/CPE-Capstone-2024-2025/ws_sensor_combined/install/px4_ros_com/lib/px4_ros_com/offboard_control
[38.006s] -- Set runtime path of "/home/niweiss/CPE-Capstone-2024-2025/ws_sensor_combined/install/px4_ros_com/lib/px4_ros_com/offboard_control" to ""
[38.006s] -- Installing: /home/niweiss/CPE-Capstone-2024-2025/ws_sensor_combined/install/px4_ros_com/lib/px4_ros_com/offboard_control_srv
[38.007s] -- Set runtime path of "/home/niweiss/CPE-Capstone-2024-2025/ws_sensor_combined/install/px4_ros_com/lib/px4_ros_com/offboard_control_srv" to ""
[38.007s] -- Installing: /home/niweiss/CPE-Capstone-2024-2025/ws_sensor_combined/install/px4_ros_com/lib/px4_ros_com/offboard_launch
[38.015s] -- Set runtime path of "/home/niweiss/CPE-Capstone-2024-2025/ws_sensor_combined/install/px4_ros_com/lib/px4_ros_com/offboard_launch" to ""
[38.015s] -- Installing: /home/niweiss/CPE-Capstone-2024-2025/ws_sensor_combined/install/px4_ros_com/lib/px4_ros_com/flight_state_pub
[38.016s] -- Set runtime path of "/home/niweiss/CPE-Capstone-2024-2025/ws_sensor_combined/install/px4_ros_com/lib/px4_ros_com/flight_state_pub" to ""
[38.016s] -- Installing: /home/niweiss/CPE-Capstone-2024-2025/ws_sensor_combined/install/px4_ros_com/lib/px4_ros_com/offboard_paths
[38.018s] -- Set runtime path of "/home/niweiss/CPE-Capstone-2024-2025/ws_sensor_combined/install/px4_ros_com/lib/px4_ros_com/offboard_paths" to ""
[38.020s] -- Installing: /home/niweiss/CPE-Capstone-2024-2025/ws_sensor_combined/install/px4_ros_com/share/px4_ros_com/environment/library_path.sh
[38.020s] -- Installing: /home/niweiss/CPE-Capstone-2024-2025/ws_sensor_combined/install/px4_ros_com/share/px4_ros_com/environment/library_path.dsv
[38.021s] -- Installing: /home/niweiss/CPE-Capstone-2024-2025/ws_sensor_combined/install/px4_ros_com/include/px4_ros_com
[38.022s] -- Installing: /home/niweiss/CPE-Capstone-2024-2025/ws_sensor_combined/install/px4_ros_com/include/px4_ros_com/frame_transforms.h
[38.022s] -- Installing: /home/niweiss/CPE-Capstone-2024-2025/ws_sensor_combined/install/px4_ros_com/lib/libframe_transforms.so
[38.026s] -- Set runtime path of "/home/niweiss/CPE-Capstone-2024-2025/ws_sensor_combined/install/px4_ros_com/lib/libframe_transforms.so" to ""
[38.026s] -- Installing: /home/niweiss/CPE-Capstone-2024-2025/ws_sensor_combined/install/px4_ros_com/share/px4_ros_com//launch
[38.027s] -- Installing: /home/niweiss/CPE-Capstone-2024-2025/ws_sensor_combined/install/px4_ros_com/share/px4_ros_com//launch/offboard_control_launch.yaml
[38.027s] -- Installing: /home/niweiss/CPE-Capstone-2024-2025/ws_sensor_combined/install/px4_ros_com/share/px4_ros_com//launch/vehicle_gps_position_listener.launch.py
[38.027s] -- Installing: /home/niweiss/CPE-Capstone-2024-2025/ws_sensor_combined/install/px4_ros_com/share/px4_ros_com//launch/sensor_combined_listener.launch.py
[38.028s] -- Installing: /home/niweiss/CPE-Capstone-2024-2025/ws_sensor_combined/install/px4_ros_com/share/px4_ros_com//test
[38.028s] -- Installing: /home/niweiss/CPE-Capstone-2024-2025/ws_sensor_combined/install/px4_ros_com/share/px4_ros_com//test/test_input.py
[38.029s] -- Installing: /home/niweiss/CPE-Capstone-2024-2025/ws_sensor_combined/install/px4_ros_com/share/px4_ros_com//test/test_output.py
[38.029s] -- Installing: /home/niweiss/CPE-Capstone-2024-2025/ws_sensor_combined/install/px4_ros_com/share/px4_ros_com//test/__init__.py
[38.030s] -- Installing: /home/niweiss/CPE-Capstone-2024-2025/ws_sensor_combined/install/px4_ros_com/share/px4_ros_com//test/pipeline_io_test.py
[38.030s] -- Installing: /home/niweiss/CPE-Capstone-2024-2025/ws_sensor_combined/install/px4_ros_com/share/px4_ros_com/environment/pythonpath.sh
[38.030s] -- Installing: /home/niweiss/CPE-Capstone-2024-2025/ws_sensor_combined/install/px4_ros_com/share/px4_ros_com/environment/pythonpath.dsv
[38.031s] -- Installing: /home/niweiss/CPE-Capstone-2024-2025/ws_sensor_combined/install/px4_ros_com/local/lib/python3.10/dist-packages/px4_ros_com-0.1.0-py3.10.egg-info
[38.032s] -- Installing: /home/niweiss/CPE-Capstone-2024-2025/ws_sensor_combined/install/px4_ros_com/local/lib/python3.10/dist-packages/px4_ros_com-0.1.0-py3.10.egg-info/top_level.txt
[38.032s] -- Installing: /home/niweiss/CPE-Capstone-2024-2025/ws_sensor_combined/install/px4_ros_com/local/lib/python3.10/dist-packages/px4_ros_com-0.1.0-py3.10.egg-info/PKG-INFO
[38.033s] -- Installing: /home/niweiss/CPE-Capstone-2024-2025/ws_sensor_combined/install/px4_ros_com/local/lib/python3.10/dist-packages/px4_ros_com-0.1.0-py3.10.egg-info/dependency_links.txt
[38.033s] -- Installing: /home/niweiss/CPE-Capstone-2024-2025/ws_sensor_combined/install/px4_ros_com/local/lib/python3.10/dist-packages/px4_ros_com-0.1.0-py3.10.egg-info/SOURCES.txt
[38.034s] -- Installing: /home/niweiss/CPE-Capstone-2024-2025/ws_sensor_combined/install/px4_ros_com/local/lib/python3.10/dist-packages/px4_ros_com
[38.034s] -- Installing: /home/niweiss/CPE-Capstone-2024-2025/ws_sensor_combined/install/px4_ros_com/local/lib/python3.10/dist-packages/px4_ros_com/module_to_import.py
[38.034s] -- Installing: /home/niweiss/CPE-Capstone-2024-2025/ws_sensor_combined/install/px4_ros_com/local/lib/python3.10/dist-packages/px4_ros_com/__init__.py
[38.109s] Listing '/home/niweiss/CPE-Capstone-2024-2025/ws_sensor_combined/install/px4_ros_com/local/lib/python3.10/dist-packages/px4_ros_com'...
[38.109s] Compiling '/home/niweiss/CPE-Capstone-2024-2025/ws_sensor_combined/install/px4_ros_com/local/lib/python3.10/dist-packages/px4_ros_com/__init__.py'...
[38.109s] Compiling '/home/niweiss/CPE-Capstone-2024-2025/ws_sensor_combined/install/px4_ros_com/local/lib/python3.10/dist-packages/px4_ros_com/module_to_import.py'...
[38.113s] -- Installing: /home/niweiss/CPE-Capstone-2024-2025/ws_sensor_combined/install/px4_ros_com/lib/px4_ros_com/offboard_control.py
[38.115s] -- Installing: /home/niweiss/CPE-Capstone-2024-2025/ws_sensor_combined/install/px4_ros_com/share/ament_index/resource_index/package_run_dependencies/px4_ros_com
[38.116s] -- Installing: /home/niweiss/CPE-Capstone-2024-2025/ws_sensor_combined/install/px4_ros_com/share/ament_index/resource_index/parent_prefix_path/px4_ros_com
[38.118s] -- Installing: /home/niweiss/CPE-Capstone-2024-2025/ws_sensor_combined/install/px4_ros_com/share/px4_ros_com/environment/ament_prefix_path.sh
[38.118s] -- Installing: /home/niweiss/CPE-Capstone-2024-2025/ws_sensor_combined/install/px4_ros_com/share/px4_ros_com/environment/ament_prefix_path.dsv
[38.119s] -- Installing: /home/niweiss/CPE-Capstone-2024-2025/ws_sensor_combined/install/px4_ros_com/share/px4_ros_com/environment/path.sh
[38.119s] -- Installing: /home/niweiss/CPE-Capstone-2024-2025/ws_sensor_combined/install/px4_ros_com/share/px4_ros_com/environment/path.dsv
[38.119s] -- Installing: /home/niweiss/CPE-Capstone-2024-2025/ws_sensor_combined/install/px4_ros_com/share/px4_ros_com/local_setup.bash
[38.120s] -- Installing: /home/niweiss/CPE-Capstone-2024-2025/ws_sensor_combined/install/px4_ros_com/share/px4_ros_com/local_setup.sh
[38.120s] -- Installing: /home/niweiss/CPE-Capstone-2024-2025/ws_sensor_combined/install/px4_ros_com/share/px4_ros_com/local_setup.zsh
[38.121s] -- Installing: /home/niweiss/CPE-Capstone-2024-2025/ws_sensor_combined/install/px4_ros_com/share/px4_ros_com/local_setup.dsv
[38.121s] -- Installing: /home/niweiss/CPE-Capstone-2024-2025/ws_sensor_combined/install/px4_ros_com/share/px4_ros_com/package.dsv
[38.122s] -- Installing: /home/niweiss/CPE-Capstone-2024-2025/ws_sensor_combined/install/px4_ros_com/share/ament_index/resource_index/packages/px4_ros_com
[38.122s] -- Installing: /home/niweiss/CPE-Capstone-2024-2025/ws_sensor_combined/install/px4_ros_com/share/px4_ros_com/cmake/export_frame_transformsExport.cmake
[38.122s] -- Installing: /home/niweiss/CPE-Capstone-2024-2025/ws_sensor_combined/install/px4_ros_com/share/px4_ros_com/cmake/export_frame_transformsExport-noconfig.cmake
[38.123s] -- Installing: /home/niweiss/CPE-Capstone-2024-2025/ws_sensor_combined/install/px4_ros_com/share/px4_ros_com/cmake/ament_cmake_export_dependencies-extras.cmake
[38.123s] -- Installing: /home/niweiss/CPE-Capstone-2024-2025/ws_sensor_combined/install/px4_ros_com/share/px4_ros_com/cmake/ament_cmake_export_targets-extras.cmake
[38.123s] -- Installing: /home/niweiss/CPE-Capstone-2024-2025/ws_sensor_combined/install/px4_ros_com/share/px4_ros_com/cmake/ament_cmake_export_include_directories-extras.cmake
[38.124s] -- Installing: /home/niweiss/CPE-Capstone-2024-2025/ws_sensor_combined/install/px4_ros_com/share/px4_ros_com/cmake/ament_cmake_export_libraries-extras.cmake
[38.124s] -- Installing: /home/niweiss/CPE-Capstone-2024-2025/ws_sensor_combined/install/px4_ros_com/share/px4_ros_com/cmake/px4_ros_comConfig.cmake
[38.124s] -- Installing: /home/niweiss/CPE-Capstone-2024-2025/ws_sensor_combined/install/px4_ros_com/share/px4_ros_com/cmake/px4_ros_comConfig-version.cmake
[38.124s] -- Installing: /home/niweiss/CPE-Capstone-2024-2025/ws_sensor_combined/install/px4_ros_com/share/px4_ros_com/package.xml
[38.128s] Invoked command in '/home/niweiss/CPE-Capstone-2024-2025/ws_sensor_combined/build/px4_ros_com' returned '0': CMAKE_PREFIX_PATH=/home/niweiss/CPE-Capstone-2024-2025/ws_sensor_combined/install/px4_msgs:/home/niweiss/CPE-Capstone-2024-2025/ws_sensor_combined/install/custom_msgs:/home/niweiss/CPE-Capstone-2024-2025/ws_sensor_combined/install/px4_ros_com:/home/niweiss/CPE-Capstone-2024-2025/ws_sensor_combined/install/example_mode_with_executor_cpp:/home/niweiss/CPE-Capstone-2024-2025/ws_sensor_combined/install/example_mode_rtl_replacement_cpp:/home/niweiss/CPE-Capstone-2024-2025/ws_sensor_combined/install/example_mode_manual_cpp:/home/niweiss/CPE-Capstone-2024-2025/ws_sensor_combined/install/example_mode_goto_global_cpp:/home/niweiss/CPE-Capstone-2024-2025/ws_sensor_combined/install/example_mode_goto_cpp:/home/niweiss/CPE-Capstone-2024-2025/ws_sensor_combined/install/example_mode_fw_attitude_cpp:/home/niweiss/CPE-Capstone-2024-2025/ws_sensor_combined/install/example_local_navigation_cpp:/home/niweiss/CPE-Capstone-2024-2025/ws_sensor_combined/install/example_global_navigation_cpp:/home/niweiss/CPE-Capstone-2024-2025/ws_sensor_combined/install/px4_ros2_cpp:/opt/ros/humble LD_LIBRARY_PATH=/home/niweiss/CPE-Capstone-2024-2025/ws_sensor_combined/install/px4_msgs/lib:/home/niweiss/CPE-Capstone-2024-2025/ws_sensor_combined/install/custom_msgs/lib:/home/niweiss/CPE-Capstone-2024-2025/ws_sensor_combined/install/px4_ros_com/lib:/home/niweiss/CPE-Capstone-2024-2025/ws_sensor_combined/install/px4_ros2_cpp/lib:/opt/ros/humble/opt/rviz_ogre_vendor/lib:/opt/ros/humble/lib/x86_64-linux-gnu:/opt/ros/humble/lib /usr/bin/cmake --install /home/niweiss/CPE-Capstone-2024-2025/ws_sensor_combined/build/px4_ros_com
