[0.028s] Invoking command in '/home/niweiss/ws_sensor_combined/build/custom_msgs': CMAKE_PREFIX_PATH=${CMAKE_PREFIX_PATH}:/opt/ros/humble /usr/bin/cmake --build /home/niweiss/ws_sensor_combined/build/custom_msgs -- -j16 -l16
[0.111s] [  3%] Built target custom_msgs__cpp
[0.124s] [  3%] Built target ament_cmake_python_copy_custom_msgs
[0.125s] [ 12%] Built target custom_msgs__rosidl_generator_c
[0.140s] [ 22%] Built target custom_msgs__rosidl_typesupport_cpp
[0.141s] [ 41%] Built target custom_msgs__rosidl_typesupport_introspection_cpp
[0.141s] [ 41%] Built target custom_msgs__rosidl_typesupport_fastrtps_cpp
[0.151s] [ 67%] Built target custom_msgs__rosidl_typesupport_c
[0.151s] [ 70%] Built target custom_msgs__rosidl_typesupport_introspection_c
[0.152s] [ 70%] Built target custom_msgs__rosidl_typesupport_fastrtps_c
[0.174s] [ 70%] Built target custom_msgs
[0.199s] [ 74%] Built target custom_msgs__py
[0.230s] [ 80%] Built target custom_msgs__rosidl_generator_py
[0.258s] [100%] Built target custom_msgs__rosidl_typesupport_introspection_c__pyext
[0.258s] [100%] Built target custom_msgs__rosidl_typesupport_fastrtps_c__pyext
[0.258s] [100%] Built target custom_msgs__rosidl_typesupport_c__pyext
[0.478s] running egg_info
[0.503s] writing custom_msgs.egg-info/PKG-INFO
[0.504s] writing dependency_links to custom_msgs.egg-info/dependency_links.txt
[0.504s] writing top-level names to custom_msgs.egg-info/top_level.txt
[0.578s] reading manifest file 'custom_msgs.egg-info/SOURCES.txt'
[0.580s] writing manifest file 'custom_msgs.egg-info/SOURCES.txt'
[0.639s] [100%] Built target ament_cmake_python_build_custom_msgs_egg
[0.658s] Invoked command in '/home/niweiss/ws_sensor_combined/build/custom_msgs' returned '0': CMAKE_PREFIX_PATH=${CMAKE_PREFIX_PATH}:/opt/ros/humble /usr/bin/cmake --build /home/niweiss/ws_sensor_combined/build/custom_msgs -- -j16 -l16
[0.671s] Invoking command in '/home/niweiss/ws_sensor_combined/build/custom_msgs': CMAKE_PREFIX_PATH=${CMAKE_PREFIX_PATH}:/opt/ros/humble /usr/bin/cmake --install /home/niweiss/ws_sensor_combined/build/custom_msgs
[0.681s] -- Install configuration: ""
[0.681s] -- Up-to-date: /home/niweiss/ws_sensor_combined/install/custom_msgs/share/ament_index/resource_index/rosidl_interfaces/custom_msgs
[0.682s] -- Up-to-date: /home/niweiss/ws_sensor_combined/install/custom_msgs/include/custom_msgs/custom_msgs
[0.682s] -- Up-to-date: /home/niweiss/ws_sensor_combined/install/custom_msgs/include/custom_msgs/custom_msgs/msg
[0.682s] -- Up-to-date: /home/niweiss/ws_sensor_combined/install/custom_msgs/include/custom_msgs/custom_msgs/msg/rosidl_generator_c__visibility_control.h
[0.683s] -- Up-to-date: /home/niweiss/ws_sensor_combined/install/custom_msgs/include/custom_msgs/custom_msgs/msg/flight_command.h
[0.683s] -- Up-to-date: /home/niweiss/ws_sensor_combined/install/custom_msgs/include/custom_msgs/custom_msgs/msg/detail
[0.683s] -- Up-to-date: /home/niweiss/ws_sensor_combined/install/custom_msgs/include/custom_msgs/custom_msgs/msg/detail/flight_command__functions.h
[0.683s] -- Up-to-date: /home/niweiss/ws_sensor_combined/install/custom_msgs/include/custom_msgs/custom_msgs/msg/detail/flight_command__type_support.h
[0.684s] -- Up-to-date: /home/niweiss/ws_sensor_combined/install/custom_msgs/include/custom_msgs/custom_msgs/msg/detail/flight_command__functions.c
[0.684s] -- Up-to-date: /home/niweiss/ws_sensor_combined/install/custom_msgs/include/custom_msgs/custom_msgs/msg/detail/flight_command__struct.h
[0.684s] -- Up-to-date: /home/niweiss/ws_sensor_combined/install/custom_msgs/share/custom_msgs/environment/library_path.sh
[0.684s] -- Up-to-date: /home/niweiss/ws_sensor_combined/install/custom_msgs/share/custom_msgs/environment/library_path.dsv
[0.684s] -- Up-to-date: /home/niweiss/ws_sensor_combined/install/custom_msgs/lib/libcustom_msgs__rosidl_generator_c.so
[0.685s] -- Up-to-date: /home/niweiss/ws_sensor_combined/install/custom_msgs/include/custom_msgs/custom_msgs
[0.685s] -- Up-to-date: /home/niweiss/ws_sensor_combined/install/custom_msgs/include/custom_msgs/custom_msgs/msg
[0.685s] -- Up-to-date: /home/niweiss/ws_sensor_combined/install/custom_msgs/include/custom_msgs/custom_msgs/msg/rosidl_typesupport_fastrtps_c__visibility_control.h
[0.686s] -- Up-to-date: /home/niweiss/ws_sensor_combined/install/custom_msgs/include/custom_msgs/custom_msgs/msg/detail
[0.686s] -- Up-to-date: /home/niweiss/ws_sensor_combined/install/custom_msgs/include/custom_msgs/custom_msgs/msg/detail/flight_command__rosidl_typesupport_fastrtps_c.h
[0.686s] -- Up-to-date: /home/niweiss/ws_sensor_combined/install/custom_msgs/lib/libcustom_msgs__rosidl_typesupport_fastrtps_c.so
[0.686s] -- Up-to-date: /home/niweiss/ws_sensor_combined/install/custom_msgs/include/custom_msgs/custom_msgs
[0.686s] -- Up-to-date: /home/niweiss/ws_sensor_combined/install/custom_msgs/include/custom_msgs/custom_msgs/msg
[0.686s] -- Up-to-date: /home/niweiss/ws_sensor_combined/install/custom_msgs/include/custom_msgs/custom_msgs/msg/detail
[0.686s] -- Up-to-date: /home/niweiss/ws_sensor_combined/install/custom_msgs/include/custom_msgs/custom_msgs/msg/detail/flight_command__rosidl_typesupport_introspection_c.h
[0.687s] -- Up-to-date: /home/niweiss/ws_sensor_combined/install/custom_msgs/include/custom_msgs/custom_msgs/msg/detail/flight_command__type_support.c
[0.687s] -- Up-to-date: /home/niweiss/ws_sensor_combined/install/custom_msgs/include/custom_msgs/custom_msgs/msg/rosidl_typesupport_introspection_c__visibility_control.h
[0.687s] -- Up-to-date: /home/niweiss/ws_sensor_combined/install/custom_msgs/lib/libcustom_msgs__rosidl_typesupport_introspection_c.so
[0.687s] -- Up-to-date: /home/niweiss/ws_sensor_combined/install/custom_msgs/lib/libcustom_msgs__rosidl_typesupport_c.so
[0.687s] -- Up-to-date: /home/niweiss/ws_sensor_combined/install/custom_msgs/include/custom_msgs/custom_msgs
[0.688s] -- Up-to-date: /home/niweiss/ws_sensor_combined/install/custom_msgs/include/custom_msgs/custom_msgs/msg
[0.688s] -- Up-to-date: /home/niweiss/ws_sensor_combined/install/custom_msgs/include/custom_msgs/custom_msgs/msg/rosidl_generator_cpp__visibility_control.hpp
[0.688s] -- Up-to-date: /home/niweiss/ws_sensor_combined/install/custom_msgs/include/custom_msgs/custom_msgs/msg/flight_command.hpp
[0.688s] -- Up-to-date: /home/niweiss/ws_sensor_combined/install/custom_msgs/include/custom_msgs/custom_msgs/msg/detail
[0.688s] -- Up-to-date: /home/niweiss/ws_sensor_combined/install/custom_msgs/include/custom_msgs/custom_msgs/msg/detail/flight_command__traits.hpp
[0.688s] -- Up-to-date: /home/niweiss/ws_sensor_combined/install/custom_msgs/include/custom_msgs/custom_msgs/msg/detail/flight_command__struct.hpp
[0.688s] -- Up-to-date: /home/niweiss/ws_sensor_combined/install/custom_msgs/include/custom_msgs/custom_msgs/msg/detail/flight_command__builder.hpp
[0.688s] -- Up-to-date: /home/niweiss/ws_sensor_combined/install/custom_msgs/include/custom_msgs/custom_msgs/msg/detail/flight_command__type_support.hpp
[0.689s] -- Up-to-date: /home/niweiss/ws_sensor_combined/install/custom_msgs/include/custom_msgs/custom_msgs
[0.689s] -- Up-to-date: /home/niweiss/ws_sensor_combined/install/custom_msgs/include/custom_msgs/custom_msgs/msg
[0.689s] -- Up-to-date: /home/niweiss/ws_sensor_combined/install/custom_msgs/include/custom_msgs/custom_msgs/msg/rosidl_typesupport_fastrtps_cpp__visibility_control.h
[0.689s] -- Up-to-date: /home/niweiss/ws_sensor_combined/install/custom_msgs/include/custom_msgs/custom_msgs/msg/detail
[0.689s] -- Up-to-date: /home/niweiss/ws_sensor_combined/install/custom_msgs/include/custom_msgs/custom_msgs/msg/detail/flight_command__rosidl_typesupport_fastrtps_cpp.hpp
[0.689s] -- Up-to-date: /home/niweiss/ws_sensor_combined/install/custom_msgs/include/custom_msgs/custom_msgs/msg/detail/dds_fastrtps
[0.689s] -- Up-to-date: /home/niweiss/ws_sensor_combined/install/custom_msgs/lib/libcustom_msgs__rosidl_typesupport_fastrtps_cpp.so
[0.689s] -- Up-to-date: /home/niweiss/ws_sensor_combined/install/custom_msgs/include/custom_msgs/custom_msgs
[0.689s] -- Up-to-date: /home/niweiss/ws_sensor_combined/install/custom_msgs/include/custom_msgs/custom_msgs/msg
[0.689s] -- Up-to-date: /home/niweiss/ws_sensor_combined/install/custom_msgs/include/custom_msgs/custom_msgs/msg/detail
[0.689s] -- Up-to-date: /home/niweiss/ws_sensor_combined/install/custom_msgs/include/custom_msgs/custom_msgs/msg/detail/flight_command__rosidl_typesupport_introspection_cpp.hpp
[0.689s] -- Up-to-date: /home/niweiss/ws_sensor_combined/install/custom_msgs/include/custom_msgs/custom_msgs/msg/detail/flight_command__type_support.cpp
[0.690s] -- Up-to-date: /home/niweiss/ws_sensor_combined/install/custom_msgs/lib/libcustom_msgs__rosidl_typesupport_introspection_cpp.so
[0.690s] -- Up-to-date: /home/niweiss/ws_sensor_combined/install/custom_msgs/lib/libcustom_msgs__rosidl_typesupport_cpp.so
[0.690s] -- Up-to-date: /home/niweiss/ws_sensor_combined/install/custom_msgs/share/custom_msgs/environment/pythonpath.sh
[0.690s] -- Up-to-date: /home/niweiss/ws_sensor_combined/install/custom_msgs/share/custom_msgs/environment/pythonpath.dsv
[0.690s] -- Up-to-date: /home/niweiss/ws_sensor_combined/install/custom_msgs/local/lib/python3.10/dist-packages/custom_msgs-0.0.0-py3.10.egg-info
[0.690s] -- Installing: /home/niweiss/ws_sensor_combined/install/custom_msgs/local/lib/python3.10/dist-packages/custom_msgs-0.0.0-py3.10.egg-info/top_level.txt
[0.691s] -- Installing: /home/niweiss/ws_sensor_combined/install/custom_msgs/local/lib/python3.10/dist-packages/custom_msgs-0.0.0-py3.10.egg-info/PKG-INFO
[0.691s] -- Installing: /home/niweiss/ws_sensor_combined/install/custom_msgs/local/lib/python3.10/dist-packages/custom_msgs-0.0.0-py3.10.egg-info/dependency_links.txt
[0.691s] -- Installing: /home/niweiss/ws_sensor_combined/install/custom_msgs/local/lib/python3.10/dist-packages/custom_msgs-0.0.0-py3.10.egg-info/SOURCES.txt
[0.691s] -- Up-to-date: /home/niweiss/ws_sensor_combined/install/custom_msgs/local/lib/python3.10/dist-packages/custom_msgs
[0.691s] -- Up-to-date: /home/niweiss/ws_sensor_combined/install/custom_msgs/local/lib/python3.10/dist-packages/custom_msgs/custom_msgs_s__rosidl_typesupport_fastrtps_c.cpython-310-x86_64-linux-gnu.so
[0.691s] -- Up-to-date: /home/niweiss/ws_sensor_combined/install/custom_msgs/local/lib/python3.10/dist-packages/custom_msgs/msg
[0.691s] -- Up-to-date: /home/niweiss/ws_sensor_combined/install/custom_msgs/local/lib/python3.10/dist-packages/custom_msgs/msg/_flight_command.py
[0.691s] -- Up-to-date: /home/niweiss/ws_sensor_combined/install/custom_msgs/local/lib/python3.10/dist-packages/custom_msgs/msg/__init__.py
[0.691s] -- Up-to-date: /home/niweiss/ws_sensor_combined/install/custom_msgs/local/lib/python3.10/dist-packages/custom_msgs/msg/_flight_command_s.c
[0.691s] -- Up-to-date: /home/niweiss/ws_sensor_combined/install/custom_msgs/local/lib/python3.10/dist-packages/custom_msgs/_custom_msgs_s.ep.rosidl_typesupport_introspection_c.c
[0.691s] -- Up-to-date: /home/niweiss/ws_sensor_combined/install/custom_msgs/local/lib/python3.10/dist-packages/custom_msgs/custom_msgs_s__rosidl_typesupport_introspection_c.cpython-310-x86_64-linux-gnu.so
[0.691s] -- Up-to-date: /home/niweiss/ws_sensor_combined/install/custom_msgs/local/lib/python3.10/dist-packages/custom_msgs/__init__.py
[0.691s] -- Up-to-date: /home/niweiss/ws_sensor_combined/install/custom_msgs/local/lib/python3.10/dist-packages/custom_msgs/_custom_msgs_s.ep.rosidl_typesupport_c.c
[0.692s] -- Up-to-date: /home/niweiss/ws_sensor_combined/install/custom_msgs/local/lib/python3.10/dist-packages/custom_msgs/custom_msgs_s__rosidl_typesupport_c.cpython-310-x86_64-linux-gnu.so
[0.692s] -- Up-to-date: /home/niweiss/ws_sensor_combined/install/custom_msgs/local/lib/python3.10/dist-packages/custom_msgs/_custom_msgs_s.ep.rosidl_typesupport_fastrtps_c.c
[0.692s] -- Up-to-date: /home/niweiss/ws_sensor_combined/install/custom_msgs/local/lib/python3.10/dist-packages/custom_msgs/libcustom_msgs__rosidl_generator_py.so
[0.729s] Listing '/home/niweiss/ws_sensor_combined/install/custom_msgs/local/lib/python3.10/dist-packages/custom_msgs'...
[0.729s] Listing '/home/niweiss/ws_sensor_combined/install/custom_msgs/local/lib/python3.10/dist-packages/custom_msgs/msg'...
[0.735s] -- Up-to-date: /home/niweiss/ws_sensor_combined/install/custom_msgs/local/lib/python3.10/dist-packages/custom_msgs/custom_msgs_s__rosidl_typesupport_fastrtps_c.cpython-310-x86_64-linux-gnu.so
[0.735s] -- Up-to-date: /home/niweiss/ws_sensor_combined/install/custom_msgs/local/lib/python3.10/dist-packages/custom_msgs/custom_msgs_s__rosidl_typesupport_introspection_c.cpython-310-x86_64-linux-gnu.so
[0.735s] -- Up-to-date: /home/niweiss/ws_sensor_combined/install/custom_msgs/local/lib/python3.10/dist-packages/custom_msgs/custom_msgs_s__rosidl_typesupport_c.cpython-310-x86_64-linux-gnu.so
[0.736s] -- Up-to-date: /home/niweiss/ws_sensor_combined/install/custom_msgs/lib/libcustom_msgs__rosidl_generator_py.so
[0.736s] -- Up-to-date: /home/niweiss/ws_sensor_combined/install/custom_msgs/share/custom_msgs/msg/FlightCommand.idl
[0.736s] -- Up-to-date: /home/niweiss/ws_sensor_combined/install/custom_msgs/share/custom_msgs/msg/FlightCommand.msg
[0.736s] -- Up-to-date: /home/niweiss/ws_sensor_combined/install/custom_msgs/share/ament_index/resource_index/package_run_dependencies/custom_msgs
[0.737s] -- Up-to-date: /home/niweiss/ws_sensor_combined/install/custom_msgs/share/ament_index/resource_index/parent_prefix_path/custom_msgs
[0.737s] -- Up-to-date: /home/niweiss/ws_sensor_combined/install/custom_msgs/share/custom_msgs/environment/ament_prefix_path.sh
[0.737s] -- Up-to-date: /home/niweiss/ws_sensor_combined/install/custom_msgs/share/custom_msgs/environment/ament_prefix_path.dsv
[0.738s] -- Up-to-date: /home/niweiss/ws_sensor_combined/install/custom_msgs/share/custom_msgs/environment/path.sh
[0.739s] -- Up-to-date: /home/niweiss/ws_sensor_combined/install/custom_msgs/share/custom_msgs/environment/path.dsv
[0.739s] -- Up-to-date: /home/niweiss/ws_sensor_combined/install/custom_msgs/share/custom_msgs/local_setup.bash
[0.739s] -- Up-to-date: /home/niweiss/ws_sensor_combined/install/custom_msgs/share/custom_msgs/local_setup.sh
[0.739s] -- Up-to-date: /home/niweiss/ws_sensor_combined/install/custom_msgs/share/custom_msgs/local_setup.zsh
[0.739s] -- Up-to-date: /home/niweiss/ws_sensor_combined/install/custom_msgs/share/custom_msgs/local_setup.dsv
[0.740s] -- Installing: /home/niweiss/ws_sensor_combined/install/custom_msgs/share/custom_msgs/package.dsv
[0.740s] -- Up-to-date: /home/niweiss/ws_sensor_combined/install/custom_msgs/share/ament_index/resource_index/packages/custom_msgs
[0.740s] -- Up-to-date: /home/niweiss/ws_sensor_combined/install/custom_msgs/share/custom_msgs/cmake/export_custom_msgs__rosidl_generator_cExport.cmake
[0.740s] -- Up-to-date: /home/niweiss/ws_sensor_combined/install/custom_msgs/share/custom_msgs/cmake/export_custom_msgs__rosidl_generator_cExport-noconfig.cmake
[0.740s] -- Up-to-date: /home/niweiss/ws_sensor_combined/install/custom_msgs/share/custom_msgs/cmake/export_custom_msgs__rosidl_typesupport_fastrtps_cExport.cmake
[0.740s] -- Up-to-date: /home/niweiss/ws_sensor_combined/install/custom_msgs/share/custom_msgs/cmake/export_custom_msgs__rosidl_typesupport_fastrtps_cExport-noconfig.cmake
[0.740s] -- Up-to-date: /home/niweiss/ws_sensor_combined/install/custom_msgs/share/custom_msgs/cmake/custom_msgs__rosidl_typesupport_introspection_cExport.cmake
[0.740s] -- Up-to-date: /home/niweiss/ws_sensor_combined/install/custom_msgs/share/custom_msgs/cmake/custom_msgs__rosidl_typesupport_introspection_cExport-noconfig.cmake
[0.740s] -- Up-to-date: /home/niweiss/ws_sensor_combined/install/custom_msgs/share/custom_msgs/cmake/custom_msgs__rosidl_typesupport_cExport.cmake
[0.740s] -- Up-to-date: /home/niweiss/ws_sensor_combined/install/custom_msgs/share/custom_msgs/cmake/custom_msgs__rosidl_typesupport_cExport-noconfig.cmake
[0.740s] -- Up-to-date: /home/niweiss/ws_sensor_combined/install/custom_msgs/share/custom_msgs/cmake/export_custom_msgs__rosidl_generator_cppExport.cmake
[0.740s] -- Up-to-date: /home/niweiss/ws_sensor_combined/install/custom_msgs/share/custom_msgs/cmake/export_custom_msgs__rosidl_typesupport_fastrtps_cppExport.cmake
[0.740s] -- Up-to-date: /home/niweiss/ws_sensor_combined/install/custom_msgs/share/custom_msgs/cmake/export_custom_msgs__rosidl_typesupport_fastrtps_cppExport-noconfig.cmake
[0.741s] -- Up-to-date: /home/niweiss/ws_sensor_combined/install/custom_msgs/share/custom_msgs/cmake/custom_msgs__rosidl_typesupport_introspection_cppExport.cmake
[0.741s] -- Up-to-date: /home/niweiss/ws_sensor_combined/install/custom_msgs/share/custom_msgs/cmake/custom_msgs__rosidl_typesupport_introspection_cppExport-noconfig.cmake
[0.741s] -- Up-to-date: /home/niweiss/ws_sensor_combined/install/custom_msgs/share/custom_msgs/cmake/custom_msgs__rosidl_typesupport_cppExport.cmake
[0.741s] -- Up-to-date: /home/niweiss/ws_sensor_combined/install/custom_msgs/share/custom_msgs/cmake/custom_msgs__rosidl_typesupport_cppExport-noconfig.cmake
[0.741s] -- Up-to-date: /home/niweiss/ws_sensor_combined/install/custom_msgs/share/custom_msgs/cmake/export_custom_msgs__rosidl_generator_pyExport.cmake
[0.741s] -- Up-to-date: /home/niweiss/ws_sensor_combined/install/custom_msgs/share/custom_msgs/cmake/export_custom_msgs__rosidl_generator_pyExport-noconfig.cmake
[0.741s] -- Up-to-date: /home/niweiss/ws_sensor_combined/install/custom_msgs/share/custom_msgs/cmake/rosidl_cmake-extras.cmake
[0.741s] -- Up-to-date: /home/niweiss/ws_sensor_combined/install/custom_msgs/share/custom_msgs/cmake/ament_cmake_export_include_directories-extras.cmake
[0.741s] -- Up-to-date: /home/niweiss/ws_sensor_combined/install/custom_msgs/share/custom_msgs/cmake/ament_cmake_export_libraries-extras.cmake
[0.741s] -- Up-to-date: /home/niweiss/ws_sensor_combined/install/custom_msgs/share/custom_msgs/cmake/ament_cmake_export_targets-extras.cmake
[0.741s] -- Up-to-date: /home/niweiss/ws_sensor_combined/install/custom_msgs/share/custom_msgs/cmake/rosidl_cmake_export_typesupport_targets-extras.cmake
[0.741s] -- Up-to-date: /home/niweiss/ws_sensor_combined/install/custom_msgs/share/custom_msgs/cmake/ament_cmake_export_dependencies-extras.cmake
[0.742s] -- Up-to-date: /home/niweiss/ws_sensor_combined/install/custom_msgs/share/custom_msgs/cmake/rosidl_cmake_export_typesupport_libraries-extras.cmake
[0.742s] -- Up-to-date: /home/niweiss/ws_sensor_combined/install/custom_msgs/share/custom_msgs/cmake/custom_msgsConfig.cmake
[0.742s] -- Up-to-date: /home/niweiss/ws_sensor_combined/install/custom_msgs/share/custom_msgs/cmake/custom_msgsConfig-version.cmake
[0.742s] -- Up-to-date: /home/niweiss/ws_sensor_combined/install/custom_msgs/share/custom_msgs/package.xml
[0.744s] Invoked command in '/home/niweiss/ws_sensor_combined/build/custom_msgs' returned '0': CMAKE_PREFIX_PATH=${CMAKE_PREFIX_PATH}:/opt/ros/humble /usr/bin/cmake --install /home/niweiss/ws_sensor_combined/build/custom_msgs
