[0.031s] Invoking command in '/home/niweiss/ws_sensor_combined/build/px4_ros_com': AMENT_PREFIX_PATH=/home/niweiss/ws_sensor_combined/install/px4_msgs:${AMENT_PREFIX_PATH} CMAKE_PREFIX_PATH=/home/niweiss/ws_sensor_combined/install/px4_msgs:/opt/ros/humble LD_LIBRARY_PATH=/home/niweiss/ws_sensor_combined/install/px4_msgs/lib:${LD_LIBRARY_PATH} PYTHONPATH=/home/niweiss/ws_sensor_combined/install/px4_msgs/local/lib/python3.10/dist-packages:${PYTHONPATH} /usr/bin/cmake --build /home/niweiss/ws_sensor_combined/build/px4_ros_com -- -j16 -l16
[0.051s] [35m[1mConsolidate compiler generated dependencies of target offboard_launch[0m
[0.058s] [ 12%] Built target frame_transforms
[0.058s] [ 25%] Built target debug_vect_advertiser
[0.059s] [ 50%] Built target offboard_control
[0.059s] [ 50%] Built target sensor_combined_listener
[0.062s] [ 68%] Built target offboard_control_srv
[0.062s] [ 68%] [32mBuilding CXX object CMakeFiles/offboard_launch.dir/src/examples/offboard/offboard_launch.cpp.o[0m
[0.062s] [ 68%] Built target ament_cmake_python_copy_px4_ros_com
[0.063s] [ 81%] Built target vehicle_gps_position_listener
[0.065s] [ 93%] Built target offboard_paths
[0.164s] running egg_info
[0.173s] writing px4_ros_com.egg-info/PKG-INFO
[0.173s] writing dependency_links to px4_ros_com.egg-info/dependency_links.txt
[0.173s] writing top-level names to px4_ros_com.egg-info/top_level.txt
[0.196s] reading manifest file 'px4_ros_com.egg-info/SOURCES.txt'
[0.196s] writing manifest file 'px4_ros_com.egg-info/SOURCES.txt'
[0.211s] [ 93%] Built target ament_cmake_python_build_px4_ros_com_egg
[1.403s] [01m[K/home/niweiss/ws_sensor_combined/src/px4_ros_com/src/examples/offboard/offboard_launch.cpp:[m[K In function ‘[01m[Kint main(int, char**)[m[K’:
[1.403s] [01m[K/home/niweiss/ws_sensor_combined/src/px4_ros_com/src/examples/offboard/offboard_launch.cpp:186:73:[m[K [01;31m[Kerror: [m[Kexpected ‘[01m[K)[m[K’ before ‘[01m[K;[m[K’ token
[1.403s]   186 |         rclcpp::spin[34m[K([m[Kstd::make_shared<OffboardControl>(initial_altitude)[01;31m[K;[m[K
[1.403s]       |                     [34m[K~[m[K                                                   [01;31m[K^[m[K
[1.403s]       |                                                                         [32m[K)[m[K
[1.971s] gmake[2]: *** [CMakeFiles/offboard_launch.dir/build.make:76: CMakeFiles/offboard_launch.dir/src/examples/offboard/offboard_launch.cpp.o] Error 1
[1.971s] gmake[1]: *** [CMakeFiles/Makefile2:310: CMakeFiles/offboard_launch.dir/all] Error 2
[1.971s] gmake: *** [Makefile:146: all] Error 2
[1.973s] Invoked command in '/home/niweiss/ws_sensor_combined/build/px4_ros_com' returned '2': AMENT_PREFIX_PATH=/home/niweiss/ws_sensor_combined/install/px4_msgs:${AMENT_PREFIX_PATH} CMAKE_PREFIX_PATH=/home/niweiss/ws_sensor_combined/install/px4_msgs:/opt/ros/humble LD_LIBRARY_PATH=/home/niweiss/ws_sensor_combined/install/px4_msgs/lib:${LD_LIBRARY_PATH} PYTHONPATH=/home/niweiss/ws_sensor_combined/install/px4_msgs/local/lib/python3.10/dist-packages:${PYTHONPATH} /usr/bin/cmake --build /home/niweiss/ws_sensor_combined/build/px4_ros_com -- -j16 -l16
