[0.181s] Invoking command in '/home/niweiss/ws_sensor_combined/build/example_mode_with_executor_cpp': AMENT_PREFIX_PATH=/home/niweiss/ws_sensor_combined/install/px4_ros2_cpp:/home/niweiss/ws_sensor_combined/install/px4_msgs:${AMENT_PREFIX_PATH} CMAKE_PREFIX_PATH=/home/niweiss/ws_sensor_combined/install/px4_ros2_cpp:/home/niweiss/ws_sensor_combined/install/px4_msgs:/opt/ros/humble LD_LIBRARY_PATH=/home/niweiss/ws_sensor_combined/install/px4_ros2_cpp/lib:/home/niweiss/ws_sensor_combined/install/px4_msgs/lib:${LD_LIBRARY_PATH} PYTHONPATH=/home/niweiss/ws_sensor_combined/install/px4_msgs/local/lib/python3.10/dist-packages:${PYTHONPATH} /usr/bin/cmake --build /home/niweiss/ws_sensor_combined/build/example_mode_with_executor_cpp -- -j16 -l16
[0.249s] [100%] Built target example_mode_with_executor
[0.310s] Invoked command in '/home/niweiss/ws_sensor_combined/build/example_mode_with_executor_cpp' returned '0': AMENT_PREFIX_PATH=/home/niweiss/ws_sensor_combined/install/px4_ros2_cpp:/home/niweiss/ws_sensor_combined/install/px4_msgs:${AMENT_PREFIX_PATH} CMAKE_PREFIX_PATH=/home/niweiss/ws_sensor_combined/install/px4_ros2_cpp:/home/niweiss/ws_sensor_combined/install/px4_msgs:/opt/ros/humble LD_LIBRARY_PATH=/home/niweiss/ws_sensor_combined/install/px4_ros2_cpp/lib:/home/niweiss/ws_sensor_combined/install/px4_msgs/lib:${LD_LIBRARY_PATH} PYTHONPATH=/home/niweiss/ws_sensor_combined/install/px4_msgs/local/lib/python3.10/dist-packages:${PYTHONPATH} /usr/bin/cmake --build /home/niweiss/ws_sensor_combined/build/example_mode_with_executor_cpp -- -j16 -l16
[0.313s] Invoking command in '/home/niweiss/ws_sensor_combined/build/example_mode_with_executor_cpp': AMENT_PREFIX_PATH=/home/niweiss/ws_sensor_combined/install/px4_ros2_cpp:/home/niweiss/ws_sensor_combined/install/px4_msgs:${AMENT_PREFIX_PATH} CMAKE_PREFIX_PATH=/home/niweiss/ws_sensor_combined/install/px4_ros2_cpp:/home/niweiss/ws_sensor_combined/install/px4_msgs:/opt/ros/humble LD_LIBRARY_PATH=/home/niweiss/ws_sensor_combined/install/px4_ros2_cpp/lib:/home/niweiss/ws_sensor_combined/install/px4_msgs/lib:${LD_LIBRARY_PATH} PYTHONPATH=/home/niweiss/ws_sensor_combined/install/px4_msgs/local/lib/python3.10/dist-packages:${PYTHONPATH} /usr/bin/cmake --install /home/niweiss/ws_sensor_combined/build/example_mode_with_executor_cpp
[0.330s] -- Install configuration: ""
[0.331s] -- Up-to-date: /home/niweiss/ws_sensor_combined/install/example_mode_with_executor_cpp/lib/example_mode_with_executor_cpp/example_mode_with_executor
[0.331s] -- Up-to-date: /home/niweiss/ws_sensor_combined/install/example_mode_with_executor_cpp/share/ament_index/resource_index/package_run_dependencies/example_mode_with_executor_cpp
[0.331s] -- Up-to-date: /home/niweiss/ws_sensor_combined/install/example_mode_with_executor_cpp/share/ament_index/resource_index/parent_prefix_path/example_mode_with_executor_cpp
[0.331s] -- Up-to-date: /home/niweiss/ws_sensor_combined/install/example_mode_with_executor_cpp/share/example_mode_with_executor_cpp/environment/ament_prefix_path.sh
[0.332s] -- Up-to-date: /home/niweiss/ws_sensor_combined/install/example_mode_with_executor_cpp/share/example_mode_with_executor_cpp/environment/ament_prefix_path.dsv
[0.332s] -- Up-to-date: /home/niweiss/ws_sensor_combined/install/example_mode_with_executor_cpp/share/example_mode_with_executor_cpp/environment/path.sh
[0.332s] -- Up-to-date: /home/niweiss/ws_sensor_combined/install/example_mode_with_executor_cpp/share/example_mode_with_executor_cpp/environment/path.dsv
[0.333s] -- Up-to-date: /home/niweiss/ws_sensor_combined/install/example_mode_with_executor_cpp/share/example_mode_with_executor_cpp/local_setup.bash
[0.333s] -- Up-to-date: /home/niweiss/ws_sensor_combined/install/example_mode_with_executor_cpp/share/example_mode_with_executor_cpp/local_setup.sh
[0.334s] -- Up-to-date: /home/niweiss/ws_sensor_combined/install/example_mode_with_executor_cpp/share/example_mode_with_executor_cpp/local_setup.zsh
[0.337s] -- Up-to-date: /home/niweiss/ws_sensor_combined/install/example_mode_with_executor_cpp/share/example_mode_with_executor_cpp/local_setup.dsv
[0.337s] -- Installing: /home/niweiss/ws_sensor_combined/install/example_mode_with_executor_cpp/share/example_mode_with_executor_cpp/package.dsv
[0.338s] -- Up-to-date: /home/niweiss/ws_sensor_combined/install/example_mode_with_executor_cpp/share/ament_index/resource_index/packages/example_mode_with_executor_cpp
[0.338s] -- Up-to-date: /home/niweiss/ws_sensor_combined/install/example_mode_with_executor_cpp/share/example_mode_with_executor_cpp/cmake/example_mode_with_executor_cppConfig.cmake
[0.338s] -- Up-to-date: /home/niweiss/ws_sensor_combined/install/example_mode_with_executor_cpp/share/example_mode_with_executor_cpp/cmake/example_mode_with_executor_cppConfig-version.cmake
[0.338s] -- Up-to-date: /home/niweiss/ws_sensor_combined/install/example_mode_with_executor_cpp/share/example_mode_with_executor_cpp/package.xml
[0.429s] Invoked command in '/home/niweiss/ws_sensor_combined/build/example_mode_with_executor_cpp' returned '0': AMENT_PREFIX_PATH=/home/niweiss/ws_sensor_combined/install/px4_ros2_cpp:/home/niweiss/ws_sensor_combined/install/px4_msgs:${AMENT_PREFIX_PATH} CMAKE_PREFIX_PATH=/home/niweiss/ws_sensor_combined/install/px4_ros2_cpp:/home/niweiss/ws_sensor_combined/install/px4_msgs:/opt/ros/humble LD_LIBRARY_PATH=/home/niweiss/ws_sensor_combined/install/px4_ros2_cpp/lib:/home/niweiss/ws_sensor_combined/install/px4_msgs/lib:${LD_LIBRARY_PATH} PYTHONPATH=/home/niweiss/ws_sensor_combined/install/px4_msgs/local/lib/python3.10/dist-packages:${PYTHONPATH} /usr/bin/cmake --install /home/niweiss/ws_sensor_combined/build/example_mode_with_executor_cpp
