[0.265s] DEBUG:colcon:Command line arguments: ['/usr/bin/colcon', 'build']
[0.265s] DEBUG:colcon:Parsed command line arguments: Namespace(log_base=None, log_level=None, verb_name='build', build_base='build', install_base='install', merge_install=False, symlink_install=False, test_result_base=None, continue_on_error=False, executor='parallel', parallel_workers=16, event_handlers=None, ignore_user_meta=False, metas=['./colcon.meta'], base_paths=['.'], packages_ignore=None, packages_ignore_regex=None, paths=None, packages_up_to=None, packages_up_to_regex=None, packages_above=None, packages_above_and_dependencies=None, packages_above_depth=None, packages_select_by_dep=None, packages_skip_by_dep=None, packages_skip_up_to=None, packages_select_build_failed=False, packages_skip_build_finished=False, packages_select_test_failures=False, packages_skip_test_passed=False, packages_select=None, packages_skip=None, packages_select_regex=None, packages_skip_regex=None, packages_start=None, packages_end=None, allow_overriding=[], cmake_args=None, cmake_target=None, cmake_target_skip_unavailable=False, cmake_clean_cache=False, cmake_clean_first=False, cmake_force_configure=False, ament_cmake_args=None, catkin_cmake_args=None, catkin_skip_building_tests=False, mixin_files=None, mixin=None, verb_parser=<colcon_mixin.mixin.mixin_argument.MixinArgumentDecorator object at 0x7f3a2ceeaaa0>, verb_extension=<colcon_core.verb.build.BuildVerb object at 0x7f3a2cfd7280>, main=<bound method BuildVerb.main of <colcon_core.verb.build.BuildVerb object at 0x7f3a2cfd7280>>, mixin_verb=('build',))
[0.305s] Level 1:colcon.colcon_core.package_discovery:discover_packages(colcon_meta) check parameters
[0.305s] Level 1:colcon.colcon_core.package_discovery:discover_packages(recursive) check parameters
[0.305s] Level 1:colcon.colcon_core.package_discovery:discover_packages(ignore) check parameters
[0.305s] Level 1:colcon.colcon_core.package_discovery:discover_packages(path) check parameters
[0.305s] Level 1:colcon.colcon_core.package_discovery:discover_packages(colcon_meta) discover
[0.305s] Level 1:colcon.colcon_core.package_discovery:discover_packages(recursive) discover
[0.305s] INFO:colcon.colcon_core.package_discovery:Crawling recursively for packages in '/home/niweiss/ws_sensor_combined'
[0.305s] Level 1:colcon.colcon_core.package_identification:_identify(.) by extensions ['ignore', 'ignore_ament_install']
[0.305s] Level 1:colcon.colcon_core.package_identification:_identify(.) by extension 'ignore'
[0.305s] Level 1:colcon.colcon_core.package_identification:_identify(.) by extension 'ignore_ament_install'
[0.305s] Level 1:colcon.colcon_core.package_identification:_identify(.) by extensions ['colcon_pkg']
[0.305s] Level 1:colcon.colcon_core.package_identification:_identify(.) by extension 'colcon_pkg'
[0.305s] Level 1:colcon.colcon_core.package_identification:_identify(.) by extensions ['colcon_meta']
[0.306s] Level 1:colcon.colcon_core.package_identification:_identify(.) by extension 'colcon_meta'
[0.306s] Level 1:colcon.colcon_core.package_identification:_identify(.) by extensions ['ros']
[0.306s] Level 1:colcon.colcon_core.package_identification:_identify(.) by extension 'ros'
[0.322s] Level 1:colcon.colcon_core.package_identification:_identify(.) by extensions ['cmake', 'python']
[0.322s] Level 1:colcon.colcon_core.package_identification:_identify(.) by extension 'cmake'
[0.322s] Level 1:colcon.colcon_core.package_identification:_identify(.) by extension 'python'
[0.322s] Level 1:colcon.colcon_core.package_identification:_identify(.) by extensions ['python_setup_py']
[0.322s] Level 1:colcon.colcon_core.package_identification:_identify(.) by extension 'python_setup_py'
[0.322s] Level 1:colcon.colcon_core.package_identification:_identify(build) by extensions ['ignore', 'ignore_ament_install']
[0.322s] Level 1:colcon.colcon_core.package_identification:_identify(build) by extension 'ignore'
[0.322s] Level 1:colcon.colcon_core.package_identification:_identify(build) ignored
[0.322s] Level 1:colcon.colcon_core.package_identification:_identify(install) by extensions ['ignore', 'ignore_ament_install']
[0.322s] Level 1:colcon.colcon_core.package_identification:_identify(install) by extension 'ignore'
[0.322s] Level 1:colcon.colcon_core.package_identification:_identify(install) ignored
[0.323s] Level 1:colcon.colcon_core.package_identification:_identify(log) by extensions ['ignore', 'ignore_ament_install']
[0.323s] Level 1:colcon.colcon_core.package_identification:_identify(log) by extension 'ignore'
[0.323s] Level 1:colcon.colcon_core.package_identification:_identify(log) ignored
[0.323s] Level 1:colcon.colcon_core.package_identification:_identify(src) by extensions ['ignore', 'ignore_ament_install']
[0.323s] Level 1:colcon.colcon_core.package_identification:_identify(src) by extension 'ignore'
[0.323s] Level 1:colcon.colcon_core.package_identification:_identify(src) by extension 'ignore_ament_install'
[0.323s] Level 1:colcon.colcon_core.package_identification:_identify(src) by extensions ['colcon_pkg']
[0.323s] Level 1:colcon.colcon_core.package_identification:_identify(src) by extension 'colcon_pkg'
[0.323s] Level 1:colcon.colcon_core.package_identification:_identify(src) by extensions ['colcon_meta']
[0.323s] Level 1:colcon.colcon_core.package_identification:_identify(src) by extension 'colcon_meta'
[0.323s] Level 1:colcon.colcon_core.package_identification:_identify(src) by extensions ['ros']
[0.323s] Level 1:colcon.colcon_core.package_identification:_identify(src) by extension 'ros'
[0.323s] Level 1:colcon.colcon_core.package_identification:_identify(src) by extensions ['cmake', 'python']
[0.323s] Level 1:colcon.colcon_core.package_identification:_identify(src) by extension 'cmake'
[0.323s] Level 1:colcon.colcon_core.package_identification:_identify(src) by extension 'python'
[0.323s] Level 1:colcon.colcon_core.package_identification:_identify(src) by extensions ['python_setup_py']
[0.323s] Level 1:colcon.colcon_core.package_identification:_identify(src) by extension 'python_setup_py'
[0.323s] Level 1:colcon.colcon_core.package_identification:_identify(src/px4_msgs) by extensions ['ignore', 'ignore_ament_install']
[0.323s] Level 1:colcon.colcon_core.package_identification:_identify(src/px4_msgs) by extension 'ignore'
[0.323s] Level 1:colcon.colcon_core.package_identification:_identify(src/px4_msgs) by extension 'ignore_ament_install'
[0.323s] Level 1:colcon.colcon_core.package_identification:_identify(src/px4_msgs) by extensions ['colcon_pkg']
[0.323s] Level 1:colcon.colcon_core.package_identification:_identify(src/px4_msgs) by extension 'colcon_pkg'
[0.323s] Level 1:colcon.colcon_core.package_identification:_identify(src/px4_msgs) by extensions ['colcon_meta']
[0.323s] Level 1:colcon.colcon_core.package_identification:_identify(src/px4_msgs) by extension 'colcon_meta'
[0.323s] Level 1:colcon.colcon_core.package_identification:_identify(src/px4_msgs) by extensions ['ros']
[0.323s] Level 1:colcon.colcon_core.package_identification:_identify(src/px4_msgs) by extension 'ros'
[0.326s] DEBUG:colcon.colcon_core.package_identification:Package 'src/px4_msgs' with type 'ros.ament_cmake' and name 'px4_msgs'
[0.326s] Level 1:colcon.colcon_core.package_identification:_identify(src/px4_ros_com) by extensions ['ignore', 'ignore_ament_install']
[0.326s] Level 1:colcon.colcon_core.package_identification:_identify(src/px4_ros_com) by extension 'ignore'
[0.326s] Level 1:colcon.colcon_core.package_identification:_identify(src/px4_ros_com) by extension 'ignore_ament_install'
[0.326s] Level 1:colcon.colcon_core.package_identification:_identify(src/px4_ros_com) by extensions ['colcon_pkg']
[0.326s] Level 1:colcon.colcon_core.package_identification:_identify(src/px4_ros_com) by extension 'colcon_pkg'
[0.326s] Level 1:colcon.colcon_core.package_identification:_identify(src/px4_ros_com) by extensions ['colcon_meta']
[0.326s] Level 1:colcon.colcon_core.package_identification:_identify(src/px4_ros_com) by extension 'colcon_meta'
[0.326s] Level 1:colcon.colcon_core.package_identification:_identify(src/px4_ros_com) by extensions ['ros']
[0.326s] Level 1:colcon.colcon_core.package_identification:_identify(src/px4_ros_com) by extension 'ros'
[0.327s] DEBUG:colcon.colcon_core.package_identification:Package 'src/px4_ros_com' with type 'ros.ament_cmake' and name 'px4_ros_com'
[0.327s] Level 1:colcon.colcon_core.package_discovery:discover_packages(recursive) using defaults
[0.327s] Level 1:colcon.colcon_core.package_discovery:discover_packages(ignore) discover
[0.327s] Level 1:colcon.colcon_core.package_discovery:discover_packages(ignore) using defaults
[0.327s] Level 1:colcon.colcon_core.package_discovery:discover_packages(path) discover
[0.327s] Level 1:colcon.colcon_core.package_discovery:discover_packages(path) using defaults
[0.344s] Level 1:colcon.colcon_core.package_discovery:discover_packages(prefix_path) check parameters
[0.344s] Level 1:colcon.colcon_core.package_discovery:discover_packages(prefix_path) discover
[0.346s] DEBUG:colcon.colcon_installed_package_information.package_discovery:Found 270 installed packages in /opt/ros/humble
[0.347s] Level 1:colcon.colcon_core.package_discovery:discover_packages(prefix_path) using defaults
[0.373s] Level 5:colcon.colcon_core.verb:set package 'px4_msgs' build argument 'cmake_args' from command line to 'None'
[0.373s] Level 5:colcon.colcon_core.verb:set package 'px4_msgs' build argument 'cmake_target' from command line to 'None'
[0.373s] Level 5:colcon.colcon_core.verb:set package 'px4_msgs' build argument 'cmake_target_skip_unavailable' from command line to 'False'
[0.373s] Level 5:colcon.colcon_core.verb:set package 'px4_msgs' build argument 'cmake_clean_cache' from command line to 'False'
[0.373s] Level 5:colcon.colcon_core.verb:set package 'px4_msgs' build argument 'cmake_clean_first' from command line to 'False'
[0.373s] Level 5:colcon.colcon_core.verb:set package 'px4_msgs' build argument 'cmake_force_configure' from command line to 'False'
[0.373s] Level 5:colcon.colcon_core.verb:set package 'px4_msgs' build argument 'ament_cmake_args' from command line to 'None'
[0.373s] Level 5:colcon.colcon_core.verb:set package 'px4_msgs' build argument 'catkin_cmake_args' from command line to 'None'
[0.373s] Level 5:colcon.colcon_core.verb:set package 'px4_msgs' build argument 'catkin_skip_building_tests' from command line to 'False'
[0.373s] DEBUG:colcon.colcon_core.verb:Building package 'px4_msgs' with the following arguments: {'ament_cmake_args': None, 'build_base': '/home/niweiss/ws_sensor_combined/build/px4_msgs', 'catkin_cmake_args': None, 'catkin_skip_building_tests': False, 'cmake_args': None, 'cmake_clean_cache': False, 'cmake_clean_first': False, 'cmake_force_configure': False, 'cmake_target': None, 'cmake_target_skip_unavailable': False, 'install_base': '/home/niweiss/ws_sensor_combined/install/px4_msgs', 'merge_install': False, 'path': '/home/niweiss/ws_sensor_combined/src/px4_msgs', 'symlink_install': False, 'test_result_base': None}
[0.373s] Level 5:colcon.colcon_core.verb:set package 'px4_ros_com' build argument 'cmake_args' from command line to 'None'
[0.373s] Level 5:colcon.colcon_core.verb:set package 'px4_ros_com' build argument 'cmake_target' from command line to 'None'
[0.373s] Level 5:colcon.colcon_core.verb:set package 'px4_ros_com' build argument 'cmake_target_skip_unavailable' from command line to 'False'
[0.373s] Level 5:colcon.colcon_core.verb:set package 'px4_ros_com' build argument 'cmake_clean_cache' from command line to 'False'
[0.373s] Level 5:colcon.colcon_core.verb:set package 'px4_ros_com' build argument 'cmake_clean_first' from command line to 'False'
[0.373s] Level 5:colcon.colcon_core.verb:set package 'px4_ros_com' build argument 'cmake_force_configure' from command line to 'False'
[0.373s] Level 5:colcon.colcon_core.verb:set package 'px4_ros_com' build argument 'ament_cmake_args' from command line to 'None'
[0.373s] Level 5:colcon.colcon_core.verb:set package 'px4_ros_com' build argument 'catkin_cmake_args' from command line to 'None'
[0.373s] Level 5:colcon.colcon_core.verb:set package 'px4_ros_com' build argument 'catkin_skip_building_tests' from command line to 'False'
[0.373s] DEBUG:colcon.colcon_core.verb:Building package 'px4_ros_com' with the following arguments: {'ament_cmake_args': None, 'build_base': '/home/niweiss/ws_sensor_combined/build/px4_ros_com', 'catkin_cmake_args': None, 'catkin_skip_building_tests': False, 'cmake_args': None, 'cmake_clean_cache': False, 'cmake_clean_first': False, 'cmake_force_configure': False, 'cmake_target': None, 'cmake_target_skip_unavailable': False, 'install_base': '/home/niweiss/ws_sensor_combined/install/px4_ros_com', 'merge_install': False, 'path': '/home/niweiss/ws_sensor_combined/src/px4_ros_com', 'symlink_install': False, 'test_result_base': None}
[0.373s] INFO:colcon.colcon_core.executor:Executing jobs using 'parallel' executor
[0.374s] DEBUG:colcon.colcon_parallel_executor.executor.parallel:run_until_complete
[0.375s] INFO:colcon.colcon_ros.task.ament_cmake.build:Building ROS package in '/home/niweiss/ws_sensor_combined/src/px4_msgs' with build type 'ament_cmake'
[0.375s] INFO:colcon.colcon_cmake.task.cmake.build:Building CMake package in '/home/niweiss/ws_sensor_combined/src/px4_msgs'
[0.377s] INFO:colcon.colcon_core.plugin_system:Skipping extension 'colcon_core.shell.bat': Not used on non-Windows systems
[0.377s] INFO:colcon.colcon_core.shell:Skip shell extension 'powershell' for command environment: Not usable outside of PowerShell
[0.377s] DEBUG:colcon.colcon_core.shell:Skip shell extension 'dsv' for command environment
[0.382s] DEBUG:colcon.colcon_core.event_handler.log_command:Invoking command in '/home/niweiss/ws_sensor_combined/build/px4_msgs': CMAKE_PREFIX_PATH=/opt/ros/humble /usr/bin/cmake /home/niweiss/ws_sensor_combined/src/px4_msgs -DCMAKE_INSTALL_PREFIX=/home/niweiss/ws_sensor_combined/install/px4_msgs
[5.402s] DEBUG:colcon.colcon_core.event_handler.log_command:Invoked command in '/home/niweiss/ws_sensor_combined/build/px4_msgs' returned '0': CMAKE_PREFIX_PATH=/opt/ros/humble /usr/bin/cmake /home/niweiss/ws_sensor_combined/src/px4_msgs -DCMAKE_INSTALL_PREFIX=/home/niweiss/ws_sensor_combined/install/px4_msgs
[5.402s] DEBUG:colcon.colcon_core.event_handler.log_command:Invoking command in '/home/niweiss/ws_sensor_combined/build/px4_msgs': CMAKE_PREFIX_PATH=/opt/ros/humble /usr/bin/cmake --build /home/niweiss/ws_sensor_combined/build/px4_msgs -- -j16 -l16
[171.773s] DEBUG:colcon.colcon_core.event_handler.log_command:Invoked command in '/home/niweiss/ws_sensor_combined/build/px4_msgs' returned '0': CMAKE_PREFIX_PATH=/opt/ros/humble /usr/bin/cmake --build /home/niweiss/ws_sensor_combined/build/px4_msgs -- -j16 -l16
[175.870s] DEBUG:colcon.colcon_core.event_handler.log_command:Invoking command in '/home/niweiss/ws_sensor_combined/build/px4_msgs': CMAKE_PREFIX_PATH=/opt/ros/humble /usr/bin/cmake --install /home/niweiss/ws_sensor_combined/build/px4_msgs
[176.831s] Level 1:colcon.colcon_core.environment:create_environment_scripts_only(px4_msgs)
[176.831s] DEBUG:colcon.colcon_core.event_handler.log_command:Invoked command in '/home/niweiss/ws_sensor_combined/build/px4_msgs' returned '0': CMAKE_PREFIX_PATH=/opt/ros/humble /usr/bin/cmake --install /home/niweiss/ws_sensor_combined/build/px4_msgs
[176.833s] Level 1:colcon.colcon_core.environment:checking '/home/niweiss/ws_sensor_combined/install/px4_msgs' for CMake module files
[176.833s] Level 1:colcon.colcon_core.environment:checking '/home/niweiss/ws_sensor_combined/install/px4_msgs' for CMake config files
[176.837s] Level 1:colcon.colcon_core.shell:create_environment_hook('px4_msgs', 'cmake_prefix_path')
[176.837s] INFO:colcon.colcon_core.shell:Creating environment hook '/home/niweiss/ws_sensor_combined/install/px4_msgs/share/px4_msgs/hook/cmake_prefix_path.ps1'
[176.838s] INFO:colcon.colcon_core.shell:Creating environment descriptor '/home/niweiss/ws_sensor_combined/install/px4_msgs/share/px4_msgs/hook/cmake_prefix_path.dsv'
[176.838s] INFO:colcon.colcon_core.shell:Creating environment hook '/home/niweiss/ws_sensor_combined/install/px4_msgs/share/px4_msgs/hook/cmake_prefix_path.sh'
[176.839s] Level 1:colcon.colcon_core.environment:checking '/home/niweiss/ws_sensor_combined/install/px4_msgs/lib'
[176.839s] Level 1:colcon.colcon_core.shell:create_environment_hook('px4_msgs', 'ld_library_path_lib')
[176.839s] INFO:colcon.colcon_core.shell:Creating environment hook '/home/niweiss/ws_sensor_combined/install/px4_msgs/share/px4_msgs/hook/ld_library_path_lib.ps1'
[176.839s] INFO:colcon.colcon_core.shell:Creating environment descriptor '/home/niweiss/ws_sensor_combined/install/px4_msgs/share/px4_msgs/hook/ld_library_path_lib.dsv'
[176.840s] INFO:colcon.colcon_core.shell:Creating environment hook '/home/niweiss/ws_sensor_combined/install/px4_msgs/share/px4_msgs/hook/ld_library_path_lib.sh'
[176.840s] Level 1:colcon.colcon_core.environment:checking '/home/niweiss/ws_sensor_combined/install/px4_msgs/bin'
[176.840s] Level 1:colcon.colcon_core.environment:checking '/home/niweiss/ws_sensor_combined/install/px4_msgs/lib/pkgconfig/px4_msgs.pc'
[176.840s] Level 1:colcon.colcon_core.environment:checking '/home/niweiss/ws_sensor_combined/install/px4_msgs/lib/python3.10/site-packages'
[176.840s] Level 1:colcon.colcon_core.environment:checking '/home/niweiss/ws_sensor_combined/install/px4_msgs/bin'
[176.840s] INFO:colcon.colcon_core.shell:Creating package script '/home/niweiss/ws_sensor_combined/install/px4_msgs/share/px4_msgs/package.ps1'
[176.841s] INFO:colcon.colcon_core.shell:Creating package descriptor '/home/niweiss/ws_sensor_combined/install/px4_msgs/share/px4_msgs/package.dsv'
[176.841s] INFO:colcon.colcon_core.shell:Creating package script '/home/niweiss/ws_sensor_combined/install/px4_msgs/share/px4_msgs/package.sh'
[176.842s] INFO:colcon.colcon_core.shell:Creating package script '/home/niweiss/ws_sensor_combined/install/px4_msgs/share/px4_msgs/package.bash'
[176.843s] INFO:colcon.colcon_core.shell:Creating package script '/home/niweiss/ws_sensor_combined/install/px4_msgs/share/px4_msgs/package.zsh'
[176.844s] Level 1:colcon.colcon_core.environment:create_file_with_runtime_dependencies(/home/niweiss/ws_sensor_combined/install/px4_msgs/share/colcon-core/packages/px4_msgs)
[180.375s] Level 1:colcon.colcon_core.environment:create_environment_scripts_only(px4_msgs)
[180.375s] Level 1:colcon.colcon_core.environment:checking '/home/niweiss/ws_sensor_combined/install/px4_msgs' for CMake module files
[180.375s] Level 1:colcon.colcon_core.environment:checking '/home/niweiss/ws_sensor_combined/install/px4_msgs' for CMake config files
[180.379s] Level 1:colcon.colcon_core.shell:create_environment_hook('px4_msgs', 'cmake_prefix_path')
[180.379s] INFO:colcon.colcon_core.shell:Creating environment hook '/home/niweiss/ws_sensor_combined/install/px4_msgs/share/px4_msgs/hook/cmake_prefix_path.ps1'
[180.379s] INFO:colcon.colcon_core.shell:Creating environment descriptor '/home/niweiss/ws_sensor_combined/install/px4_msgs/share/px4_msgs/hook/cmake_prefix_path.dsv'
[180.379s] INFO:colcon.colcon_core.shell:Creating environment hook '/home/niweiss/ws_sensor_combined/install/px4_msgs/share/px4_msgs/hook/cmake_prefix_path.sh'
[180.381s] Level 1:colcon.colcon_core.environment:checking '/home/niweiss/ws_sensor_combined/install/px4_msgs/lib'
[180.381s] Level 1:colcon.colcon_core.shell:create_environment_hook('px4_msgs', 'ld_library_path_lib')
[180.381s] INFO:colcon.colcon_core.shell:Creating environment hook '/home/niweiss/ws_sensor_combined/install/px4_msgs/share/px4_msgs/hook/ld_library_path_lib.ps1'
[180.381s] INFO:colcon.colcon_core.shell:Creating environment descriptor '/home/niweiss/ws_sensor_combined/install/px4_msgs/share/px4_msgs/hook/ld_library_path_lib.dsv'
[180.381s] INFO:colcon.colcon_core.shell:Creating environment hook '/home/niweiss/ws_sensor_combined/install/px4_msgs/share/px4_msgs/hook/ld_library_path_lib.sh'
[180.382s] Level 1:colcon.colcon_core.environment:checking '/home/niweiss/ws_sensor_combined/install/px4_msgs/bin'
[180.382s] Level 1:colcon.colcon_core.environment:checking '/home/niweiss/ws_sensor_combined/install/px4_msgs/lib/pkgconfig/px4_msgs.pc'
[180.382s] Level 1:colcon.colcon_core.environment:checking '/home/niweiss/ws_sensor_combined/install/px4_msgs/lib/python3.10/site-packages'
[180.382s] Level 1:colcon.colcon_core.environment:checking '/home/niweiss/ws_sensor_combined/install/px4_msgs/bin'
[180.382s] INFO:colcon.colcon_core.shell:Creating package script '/home/niweiss/ws_sensor_combined/install/px4_msgs/share/px4_msgs/package.ps1'
[180.383s] INFO:colcon.colcon_core.shell:Creating package descriptor '/home/niweiss/ws_sensor_combined/install/px4_msgs/share/px4_msgs/package.dsv'
[180.383s] INFO:colcon.colcon_core.shell:Creating package script '/home/niweiss/ws_sensor_combined/install/px4_msgs/share/px4_msgs/package.sh'
[180.383s] INFO:colcon.colcon_core.shell:Creating package script '/home/niweiss/ws_sensor_combined/install/px4_msgs/share/px4_msgs/package.bash'
[180.384s] INFO:colcon.colcon_core.shell:Creating package script '/home/niweiss/ws_sensor_combined/install/px4_msgs/share/px4_msgs/package.zsh'
[180.384s] Level 1:colcon.colcon_core.environment:create_file_with_runtime_dependencies(/home/niweiss/ws_sensor_combined/install/px4_msgs/share/colcon-core/packages/px4_msgs)
[180.384s] INFO:colcon.colcon_ros.task.ament_cmake.build:Building ROS package in '/home/niweiss/ws_sensor_combined/src/px4_ros_com' with build type 'ament_cmake'
[180.384s] INFO:colcon.colcon_cmake.task.cmake.build:Building CMake package in '/home/niweiss/ws_sensor_combined/src/px4_ros_com'
[180.385s] INFO:colcon.colcon_core.shell:Skip shell extension 'powershell' for command environment: Not usable outside of PowerShell
[180.385s] DEBUG:colcon.colcon_core.shell:Skip shell extension 'dsv' for command environment
[180.424s] DEBUG:colcon.colcon_core.event_handler.log_command:Invoking command in '/home/niweiss/ws_sensor_combined/build/px4_ros_com': AMENT_PREFIX_PATH=/home/niweiss/ws_sensor_combined/install/px4_msgs:${AMENT_PREFIX_PATH} CMAKE_PREFIX_PATH=/home/niweiss/ws_sensor_combined/install/px4_msgs:/opt/ros/humble LD_LIBRARY_PATH=/home/niweiss/ws_sensor_combined/install/px4_msgs/lib:${LD_LIBRARY_PATH} PYTHONPATH=/home/niweiss/ws_sensor_combined/install/px4_msgs/local/lib/python3.10/dist-packages:${PYTHONPATH} /usr/bin/cmake /home/niweiss/ws_sensor_combined/src/px4_ros_com -DCMAKE_INSTALL_PREFIX=/home/niweiss/ws_sensor_combined/install/px4_ros_com
[184.527s] DEBUG:colcon.colcon_core.event_handler.log_command:Invoked command in '/home/niweiss/ws_sensor_combined/build/px4_ros_com' returned '0': AMENT_PREFIX_PATH=/home/niweiss/ws_sensor_combined/install/px4_msgs:${AMENT_PREFIX_PATH} CMAKE_PREFIX_PATH=/home/niweiss/ws_sensor_combined/install/px4_msgs:/opt/ros/humble LD_LIBRARY_PATH=/home/niweiss/ws_sensor_combined/install/px4_msgs/lib:${LD_LIBRARY_PATH} PYTHONPATH=/home/niweiss/ws_sensor_combined/install/px4_msgs/local/lib/python3.10/dist-packages:${PYTHONPATH} /usr/bin/cmake /home/niweiss/ws_sensor_combined/src/px4_ros_com -DCMAKE_INSTALL_PREFIX=/home/niweiss/ws_sensor_combined/install/px4_ros_com
[184.528s] DEBUG:colcon.colcon_core.event_handler.log_command:Invoking command in '/home/niweiss/ws_sensor_combined/build/px4_ros_com': AMENT_PREFIX_PATH=/home/niweiss/ws_sensor_combined/install/px4_msgs:${AMENT_PREFIX_PATH} CMAKE_PREFIX_PATH=/home/niweiss/ws_sensor_combined/install/px4_msgs:/opt/ros/humble LD_LIBRARY_PATH=/home/niweiss/ws_sensor_combined/install/px4_msgs/lib:${LD_LIBRARY_PATH} PYTHONPATH=/home/niweiss/ws_sensor_combined/install/px4_msgs/local/lib/python3.10/dist-packages:${PYTHONPATH} /usr/bin/cmake --build /home/niweiss/ws_sensor_combined/build/px4_ros_com -- -j16 -l16
[193.222s] DEBUG:colcon.colcon_core.event_handler.log_command:Invoked command in '/home/niweiss/ws_sensor_combined/build/px4_ros_com' returned '0': AMENT_PREFIX_PATH=/home/niweiss/ws_sensor_combined/install/px4_msgs:${AMENT_PREFIX_PATH} CMAKE_PREFIX_PATH=/home/niweiss/ws_sensor_combined/install/px4_msgs:/opt/ros/humble LD_LIBRARY_PATH=/home/niweiss/ws_sensor_combined/install/px4_msgs/lib:${LD_LIBRARY_PATH} PYTHONPATH=/home/niweiss/ws_sensor_combined/install/px4_msgs/local/lib/python3.10/dist-packages:${PYTHONPATH} /usr/bin/cmake --build /home/niweiss/ws_sensor_combined/build/px4_ros_com -- -j16 -l16
[193.251s] DEBUG:colcon.colcon_core.event_handler.log_command:Invoking command in '/home/niweiss/ws_sensor_combined/build/px4_ros_com': AMENT_PREFIX_PATH=/home/niweiss/ws_sensor_combined/install/px4_msgs:${AMENT_PREFIX_PATH} CMAKE_PREFIX_PATH=/home/niweiss/ws_sensor_combined/install/px4_msgs:/opt/ros/humble LD_LIBRARY_PATH=/home/niweiss/ws_sensor_combined/install/px4_msgs/lib:${LD_LIBRARY_PATH} PYTHONPATH=/home/niweiss/ws_sensor_combined/install/px4_msgs/local/lib/python3.10/dist-packages:${PYTHONPATH} /usr/bin/cmake --install /home/niweiss/ws_sensor_combined/build/px4_ros_com
[193.304s] Level 1:colcon.colcon_core.environment:create_environment_scripts_only(px4_ros_com)
[193.305s] DEBUG:colcon.colcon_core.event_handler.log_command:Invoked command in '/home/niweiss/ws_sensor_combined/build/px4_ros_com' returned '0': AMENT_PREFIX_PATH=/home/niweiss/ws_sensor_combined/install/px4_msgs:${AMENT_PREFIX_PATH} CMAKE_PREFIX_PATH=/home/niweiss/ws_sensor_combined/install/px4_msgs:/opt/ros/humble LD_LIBRARY_PATH=/home/niweiss/ws_sensor_combined/install/px4_msgs/lib:${LD_LIBRARY_PATH} PYTHONPATH=/home/niweiss/ws_sensor_combined/install/px4_msgs/local/lib/python3.10/dist-packages:${PYTHONPATH} /usr/bin/cmake --install /home/niweiss/ws_sensor_combined/build/px4_ros_com
[193.305s] Level 1:colcon.colcon_core.environment:checking '/home/niweiss/ws_sensor_combined/install/px4_ros_com' for CMake module files
[193.305s] Level 1:colcon.colcon_core.environment:checking '/home/niweiss/ws_sensor_combined/install/px4_ros_com' for CMake config files
[193.306s] Level 1:colcon.colcon_core.shell:create_environment_hook('px4_ros_com', 'cmake_prefix_path')
[193.306s] INFO:colcon.colcon_core.shell:Creating environment hook '/home/niweiss/ws_sensor_combined/install/px4_ros_com/share/px4_ros_com/hook/cmake_prefix_path.ps1'
[193.306s] INFO:colcon.colcon_core.shell:Creating environment descriptor '/home/niweiss/ws_sensor_combined/install/px4_ros_com/share/px4_ros_com/hook/cmake_prefix_path.dsv'
[193.306s] INFO:colcon.colcon_core.shell:Creating environment hook '/home/niweiss/ws_sensor_combined/install/px4_ros_com/share/px4_ros_com/hook/cmake_prefix_path.sh'
[193.307s] Level 1:colcon.colcon_core.environment:checking '/home/niweiss/ws_sensor_combined/install/px4_ros_com/lib'
[193.307s] Level 1:colcon.colcon_core.shell:create_environment_hook('px4_ros_com', 'ld_library_path_lib')
[193.307s] INFO:colcon.colcon_core.shell:Creating environment hook '/home/niweiss/ws_sensor_combined/install/px4_ros_com/share/px4_ros_com/hook/ld_library_path_lib.ps1'
[193.307s] INFO:colcon.colcon_core.shell:Creating environment descriptor '/home/niweiss/ws_sensor_combined/install/px4_ros_com/share/px4_ros_com/hook/ld_library_path_lib.dsv'
[193.308s] INFO:colcon.colcon_core.shell:Creating environment hook '/home/niweiss/ws_sensor_combined/install/px4_ros_com/share/px4_ros_com/hook/ld_library_path_lib.sh'
[193.308s] Level 1:colcon.colcon_core.environment:checking '/home/niweiss/ws_sensor_combined/install/px4_ros_com/bin'
[193.308s] Level 1:colcon.colcon_core.environment:checking '/home/niweiss/ws_sensor_combined/install/px4_ros_com/lib/pkgconfig/px4_ros_com.pc'
[193.308s] Level 1:colcon.colcon_core.environment:checking '/home/niweiss/ws_sensor_combined/install/px4_ros_com/lib/python3.10/site-packages'
[193.308s] Level 1:colcon.colcon_core.environment:checking '/home/niweiss/ws_sensor_combined/install/px4_ros_com/bin'
[193.308s] INFO:colcon.colcon_core.shell:Creating package script '/home/niweiss/ws_sensor_combined/install/px4_ros_com/share/px4_ros_com/package.ps1'
[193.309s] INFO:colcon.colcon_core.shell:Creating package descriptor '/home/niweiss/ws_sensor_combined/install/px4_ros_com/share/px4_ros_com/package.dsv'
[193.309s] INFO:colcon.colcon_core.shell:Creating package script '/home/niweiss/ws_sensor_combined/install/px4_ros_com/share/px4_ros_com/package.sh'
[193.309s] INFO:colcon.colcon_core.shell:Creating package script '/home/niweiss/ws_sensor_combined/install/px4_ros_com/share/px4_ros_com/package.bash'
[193.309s] INFO:colcon.colcon_core.shell:Creating package script '/home/niweiss/ws_sensor_combined/install/px4_ros_com/share/px4_ros_com/package.zsh'
[193.310s] Level 1:colcon.colcon_core.environment:create_file_with_runtime_dependencies(/home/niweiss/ws_sensor_combined/install/px4_ros_com/share/colcon-core/packages/px4_ros_com)
[193.343s] Level 1:colcon.colcon_core.environment:create_environment_scripts_only(px4_ros_com)
[193.343s] Level 1:colcon.colcon_core.environment:checking '/home/niweiss/ws_sensor_combined/install/px4_ros_com' for CMake module files
[193.344s] Level 1:colcon.colcon_core.environment:checking '/home/niweiss/ws_sensor_combined/install/px4_ros_com' for CMake config files
[193.344s] Level 1:colcon.colcon_core.shell:create_environment_hook('px4_ros_com', 'cmake_prefix_path')
[193.344s] INFO:colcon.colcon_core.shell:Creating environment hook '/home/niweiss/ws_sensor_combined/install/px4_ros_com/share/px4_ros_com/hook/cmake_prefix_path.ps1'
[193.344s] INFO:colcon.colcon_core.shell:Creating environment descriptor '/home/niweiss/ws_sensor_combined/install/px4_ros_com/share/px4_ros_com/hook/cmake_prefix_path.dsv'
[193.345s] INFO:colcon.colcon_core.shell:Creating environment hook '/home/niweiss/ws_sensor_combined/install/px4_ros_com/share/px4_ros_com/hook/cmake_prefix_path.sh'
[193.345s] Level 1:colcon.colcon_core.environment:checking '/home/niweiss/ws_sensor_combined/install/px4_ros_com/lib'
[193.345s] Level 1:colcon.colcon_core.shell:create_environment_hook('px4_ros_com', 'ld_library_path_lib')
[193.345s] INFO:colcon.colcon_core.shell:Creating environment hook '/home/niweiss/ws_sensor_combined/install/px4_ros_com/share/px4_ros_com/hook/ld_library_path_lib.ps1'
[193.346s] INFO:colcon.colcon_core.shell:Creating environment descriptor '/home/niweiss/ws_sensor_combined/install/px4_ros_com/share/px4_ros_com/hook/ld_library_path_lib.dsv'
[193.346s] INFO:colcon.colcon_core.shell:Creating environment hook '/home/niweiss/ws_sensor_combined/install/px4_ros_com/share/px4_ros_com/hook/ld_library_path_lib.sh'
[193.346s] Level 1:colcon.colcon_core.environment:checking '/home/niweiss/ws_sensor_combined/install/px4_ros_com/bin'
[193.346s] Level 1:colcon.colcon_core.environment:checking '/home/niweiss/ws_sensor_combined/install/px4_ros_com/lib/pkgconfig/px4_ros_com.pc'
[193.346s] Level 1:colcon.colcon_core.environment:checking '/home/niweiss/ws_sensor_combined/install/px4_ros_com/lib/python3.10/site-packages'
[193.346s] Level 1:colcon.colcon_core.environment:checking '/home/niweiss/ws_sensor_combined/install/px4_ros_com/bin'
[193.347s] INFO:colcon.colcon_core.shell:Creating package script '/home/niweiss/ws_sensor_combined/install/px4_ros_com/share/px4_ros_com/package.ps1'
[193.347s] INFO:colcon.colcon_core.shell:Creating package descriptor '/home/niweiss/ws_sensor_combined/install/px4_ros_com/share/px4_ros_com/package.dsv'
[193.347s] INFO:colcon.colcon_core.shell:Creating package script '/home/niweiss/ws_sensor_combined/install/px4_ros_com/share/px4_ros_com/package.sh'
[193.347s] INFO:colcon.colcon_core.shell:Creating package script '/home/niweiss/ws_sensor_combined/install/px4_ros_com/share/px4_ros_com/package.bash'
[193.348s] INFO:colcon.colcon_core.shell:Creating package script '/home/niweiss/ws_sensor_combined/install/px4_ros_com/share/px4_ros_com/package.zsh'
[193.348s] Level 1:colcon.colcon_core.environment:create_file_with_runtime_dependencies(/home/niweiss/ws_sensor_combined/install/px4_ros_com/share/colcon-core/packages/px4_ros_com)
[193.349s] DEBUG:colcon.colcon_parallel_executor.executor.parallel:closing loop
[193.349s] DEBUG:colcon.colcon_parallel_executor.executor.parallel:loop closed
[193.349s] DEBUG:colcon.colcon_parallel_executor.executor.parallel:run_until_complete finished with '0'
[193.349s] DEBUG:colcon.colcon_core.event_reactor:joining thread
[193.377s] INFO:colcon.colcon_core.plugin_system:Skipping extension 'colcon_notification.desktop_notification.notify_send': Could not find 'notify-send'
[193.377s] INFO:colcon.colcon_core.plugin_system:Skipping extension 'colcon_notification.desktop_notification.terminal_notifier': Not used on non-Darwin systems
[193.377s] INFO:colcon.colcon_core.plugin_system:Skipping extension 'colcon_notification.desktop_notification.win32': Not used on non-Windows systems
[193.377s] INFO:colcon.colcon_notification.desktop_notification:Sending desktop notification using 'notify2'
[193.377s] DEBUG:colcon.colcon_notification.desktop_notification.notify2:Failed to initialize notify2: org.freedesktop.DBus.Error.FileNotFound: Failed to connect to socket /run/user/1000/bus: No such file or directory
[193.378s] DEBUG:colcon.colcon_core.event_reactor:joined thread
[193.378s] INFO:colcon.colcon_core.shell:Creating prefix script '/home/niweiss/ws_sensor_combined/install/local_setup.ps1'
[193.379s] INFO:colcon.colcon_core.shell:Creating prefix util module '/home/niweiss/ws_sensor_combined/install/_local_setup_util_ps1.py'
[193.380s] INFO:colcon.colcon_core.shell:Creating prefix chain script '/home/niweiss/ws_sensor_combined/install/setup.ps1'
[193.381s] INFO:colcon.colcon_core.shell:Creating prefix script '/home/niweiss/ws_sensor_combined/install/local_setup.sh'
[193.381s] INFO:colcon.colcon_core.shell:Creating prefix util module '/home/niweiss/ws_sensor_combined/install/_local_setup_util_sh.py'
[193.381s] INFO:colcon.colcon_core.shell:Creating prefix chain script '/home/niweiss/ws_sensor_combined/install/setup.sh'
[193.382s] INFO:colcon.colcon_core.shell:Creating prefix script '/home/niweiss/ws_sensor_combined/install/local_setup.bash'
[193.382s] INFO:colcon.colcon_core.shell:Creating prefix chain script '/home/niweiss/ws_sensor_combined/install/setup.bash'
[193.383s] INFO:colcon.colcon_core.shell:Creating prefix script '/home/niweiss/ws_sensor_combined/install/local_setup.zsh'
[193.383s] INFO:colcon.colcon_core.shell:Creating prefix chain script '/home/niweiss/ws_sensor_combined/install/setup.zsh'
