[0.495s] Invoking command in '/home/niweiss/CPE-Capstone-2024-2025/ws_sensor_combined/build/px4_ros_com': CMAKE_PREFIX_PATH=/home/niweiss/CPE-Capstone-2024-2025/ws_sensor_combined/install/px4_msgs:/home/niweiss/CPE-Capstone-2024-2025/ws_sensor_combined/install/custom_msgs:/home/niweiss/ws_sensor_combined/install/px4_msgs:/home/niweiss/ws_sensor_combined/install/custom_msgs:/home/niweiss/CPE-Capstone-2024-2025/ws_sensor_combined/install/px4_ros_com:/home/niweiss/ws_sensor_combined/install/example_mode_with_executor_cpp:/home/niweiss/ws_sensor_combined/install/example_mode_rtl_replacement_cpp:/home/niweiss/ws_sensor_combined/install/example_mode_manual_cpp:/home/niweiss/ws_sensor_combined/install/example_mode_goto_global_cpp:/home/niweiss/ws_sensor_combined/install/example_mode_goto_cpp:/home/niweiss/ws_sensor_combined/install/example_mode_fw_attitude_cpp:/home/niweiss/ws_sensor_combined/install/example_local_navigation_cpp:/home/niweiss/ws_sensor_combined/install/example_global_navigation_cpp:/home/niweiss/ws_sensor_combined/install/px4_ros2_cpp:/home/niweiss/ws_sensor_combined/install/px4_ros_com:/opt/ros/humble LD_LIBRARY_PATH=/home/niweiss/CPE-Capstone-2024-2025/ws_sensor_combined/install/px4_msgs/lib:/home/niweiss/CPE-Capstone-2024-2025/ws_sensor_combined/install/custom_msgs/lib:/home/niweiss/CPE-Capstone-2024-2025/ws_sensor_combined/install/px4_ros_com/lib:/home/niweiss/ws_sensor_combined/install/px4_ros_com/lib:/home/niweiss/ws_sensor_combined/install/px4_ros2_cpp/lib:/home/niweiss/ws_sensor_combined/install/px4_msgs/lib:/home/niweiss/ws_sensor_combined/install/custom_msgs/lib:/opt/ros/humble/opt/rviz_ogre_vendor/lib:/opt/ros/humble/lib/x86_64-linux-gnu:/opt/ros/humble/lib /usr/bin/cmake --build /home/niweiss/CPE-Capstone-2024-2025/ws_sensor_combined/build/px4_ros_com -- -j16 -l16
[0.558s] [35m[1mConsolidate compiler generated dependencies of target gui_command_pub[0m
[0.566s] [ 10%] Built target debug_vect_advertiser
[0.567s] [ 20%] Built target vehicle_gps_position_listener
[0.568s] [ 25%] [32mBuilding CXX object CMakeFiles/offboard_launch.dir/src/examples/offboard/offboard_launch.cpp.o[0m
[0.571s] [ 45%] Built target offboard_control
[0.571s] [ 45%] Built target offboard_control_srv
[0.573s] [ 55%] Built target sensor_combined_listener
[0.573s] [ 65%] Built target frame_transforms
[0.574s] [ 75%] Built target flight_state_pub
[0.577s] [ 85%] Built target gui_command_pub
[0.580s] [ 95%] Built target offboard_paths
[0.583s] [ 95%] Built target ament_cmake_python_copy_px4_ros_com
[0.841s] running egg_info
[0.859s] writing px4_ros_com.egg-info/PKG-INFO
[0.859s] writing dependency_links to px4_ros_com.egg-info/dependency_links.txt
[0.860s] writing top-level names to px4_ros_com.egg-info/top_level.txt
[0.910s] reading manifest file 'px4_ros_com.egg-info/SOURCES.txt'
[0.911s] writing manifest file 'px4_ros_com.egg-info/SOURCES.txt'
[0.948s] [ 95%] Built target ament_cmake_python_build_px4_ros_com_egg
[31.060s] [100%] [32m[1mLinking CXX executable offboard_launch[0m
[32.658s] [100%] Built target offboard_launch
[32.672s] Invoked command in '/home/niweiss/CPE-Capstone-2024-2025/ws_sensor_combined/build/px4_ros_com' returned '0': CMAKE_PREFIX_PATH=/home/niweiss/CPE-Capstone-2024-2025/ws_sensor_combined/install/px4_msgs:/home/niweiss/CPE-Capstone-2024-2025/ws_sensor_combined/install/custom_msgs:/home/niweiss/ws_sensor_combined/install/px4_msgs:/home/niweiss/ws_sensor_combined/install/custom_msgs:/home/niweiss/CPE-Capstone-2024-2025/ws_sensor_combined/install/px4_ros_com:/home/niweiss/ws_sensor_combined/install/example_mode_with_executor_cpp:/home/niweiss/ws_sensor_combined/install/example_mode_rtl_replacement_cpp:/home/niweiss/ws_sensor_combined/install/example_mode_manual_cpp:/home/niweiss/ws_sensor_combined/install/example_mode_goto_global_cpp:/home/niweiss/ws_sensor_combined/install/example_mode_goto_cpp:/home/niweiss/ws_sensor_combined/install/example_mode_fw_attitude_cpp:/home/niweiss/ws_sensor_combined/install/example_local_navigation_cpp:/home/niweiss/ws_sensor_combined/install/example_global_navigation_cpp:/home/niweiss/ws_sensor_combined/install/px4_ros2_cpp:/home/niweiss/ws_sensor_combined/install/px4_ros_com:/opt/ros/humble LD_LIBRARY_PATH=/home/niweiss/CPE-Capstone-2024-2025/ws_sensor_combined/install/px4_msgs/lib:/home/niweiss/CPE-Capstone-2024-2025/ws_sensor_combined/install/custom_msgs/lib:/home/niweiss/CPE-Capstone-2024-2025/ws_sensor_combined/install/px4_ros_com/lib:/home/niweiss/ws_sensor_combined/install/px4_ros_com/lib:/home/niweiss/ws_sensor_combined/install/px4_ros2_cpp/lib:/home/niweiss/ws_sensor_combined/install/px4_msgs/lib:/home/niweiss/ws_sensor_combined/install/custom_msgs/lib:/opt/ros/humble/opt/rviz_ogre_vendor/lib:/opt/ros/humble/lib/x86_64-linux-gnu:/opt/ros/humble/lib /usr/bin/cmake --build /home/niweiss/CPE-Capstone-2024-2025/ws_sensor_combined/build/px4_ros_com -- -j16 -l16
[32.676s] Invoking command in '/home/niweiss/CPE-Capstone-2024-2025/ws_sensor_combined/build/px4_ros_com': CMAKE_PREFIX_PATH=/home/niweiss/CPE-Capstone-2024-2025/ws_sensor_combined/install/px4_msgs:/home/niweiss/CPE-Capstone-2024-2025/ws_sensor_combined/install/custom_msgs:/home/niweiss/ws_sensor_combined/install/px4_msgs:/home/niweiss/ws_sensor_combined/install/custom_msgs:/home/niweiss/CPE-Capstone-2024-2025/ws_sensor_combined/install/px4_ros_com:/home/niweiss/ws_sensor_combined/install/example_mode_with_executor_cpp:/home/niweiss/ws_sensor_combined/install/example_mode_rtl_replacement_cpp:/home/niweiss/ws_sensor_combined/install/example_mode_manual_cpp:/home/niweiss/ws_sensor_combined/install/example_mode_goto_global_cpp:/home/niweiss/ws_sensor_combined/install/example_mode_goto_cpp:/home/niweiss/ws_sensor_combined/install/example_mode_fw_attitude_cpp:/home/niweiss/ws_sensor_combined/install/example_local_navigation_cpp:/home/niweiss/ws_sensor_combined/install/example_global_navigation_cpp:/home/niweiss/ws_sensor_combined/install/px4_ros2_cpp:/home/niweiss/ws_sensor_combined/install/px4_ros_com:/opt/ros/humble LD_LIBRARY_PATH=/home/niweiss/CPE-Capstone-2024-2025/ws_sensor_combined/install/px4_msgs/lib:/home/niweiss/CPE-Capstone-2024-2025/ws_sensor_combined/install/custom_msgs/lib:/home/niweiss/CPE-Capstone-2024-2025/ws_sensor_combined/install/px4_ros_com/lib:/home/niweiss/ws_sensor_combined/install/px4_ros_com/lib:/home/niweiss/ws_sensor_combined/install/px4_ros2_cpp/lib:/home/niweiss/ws_sensor_combined/install/px4_msgs/lib:/home/niweiss/ws_sensor_combined/install/custom_msgs/lib:/opt/ros/humble/opt/rviz_ogre_vendor/lib:/opt/ros/humble/lib/x86_64-linux-gnu:/opt/ros/humble/lib /usr/bin/cmake --install /home/niweiss/CPE-Capstone-2024-2025/ws_sensor_combined/build/px4_ros_com
[32.690s] -- Install configuration: ""
[32.691s] -- Up-to-date: /home/niweiss/CPE-Capstone-2024-2025/ws_sensor_combined/install/px4_ros_com/lib/px4_ros_com/sensor_combined_listener
[32.691s] -- Up-to-date: /home/niweiss/CPE-Capstone-2024-2025/ws_sensor_combined/install/px4_ros_com/lib/px4_ros_com/vehicle_gps_position_listener
[32.692s] -- Up-to-date: /home/niweiss/CPE-Capstone-2024-2025/ws_sensor_combined/install/px4_ros_com/lib/px4_ros_com/debug_vect_advertiser
[32.692s] -- Up-to-date: /home/niweiss/CPE-Capstone-2024-2025/ws_sensor_combined/install/px4_ros_com/lib/px4_ros_com/offboard_control
[32.692s] -- Up-to-date: /home/niweiss/CPE-Capstone-2024-2025/ws_sensor_combined/install/px4_ros_com/lib/px4_ros_com/offboard_control_srv
[32.692s] -- Installing: /home/niweiss/CPE-Capstone-2024-2025/ws_sensor_combined/install/px4_ros_com/lib/px4_ros_com/offboard_launch
[32.712s] -- Set runtime path of "/home/niweiss/CPE-Capstone-2024-2025/ws_sensor_combined/install/px4_ros_com/lib/px4_ros_com/offboard_launch" to ""
[32.712s] -- Up-to-date: /home/niweiss/CPE-Capstone-2024-2025/ws_sensor_combined/install/px4_ros_com/lib/px4_ros_com/flight_state_pub
[32.713s] -- Up-to-date: /home/niweiss/CPE-Capstone-2024-2025/ws_sensor_combined/install/px4_ros_com/lib/px4_ros_com/gui_command_pub
[32.714s] -- Up-to-date: /home/niweiss/CPE-Capstone-2024-2025/ws_sensor_combined/install/px4_ros_com/lib/px4_ros_com/offboard_paths
[32.714s] -- Up-to-date: /home/niweiss/CPE-Capstone-2024-2025/ws_sensor_combined/install/px4_ros_com/share/px4_ros_com/environment/library_path.sh
[32.714s] -- Up-to-date: /home/niweiss/CPE-Capstone-2024-2025/ws_sensor_combined/install/px4_ros_com/share/px4_ros_com/environment/library_path.dsv
[32.715s] -- Up-to-date: /home/niweiss/CPE-Capstone-2024-2025/ws_sensor_combined/install/px4_ros_com/include/px4_ros_com
[32.715s] -- Up-to-date: /home/niweiss/CPE-Capstone-2024-2025/ws_sensor_combined/install/px4_ros_com/include/px4_ros_com/frame_transforms.h
[32.715s] -- Up-to-date: /home/niweiss/CPE-Capstone-2024-2025/ws_sensor_combined/install/px4_ros_com/lib/libframe_transforms.so
[32.716s] -- Up-to-date: /home/niweiss/CPE-Capstone-2024-2025/ws_sensor_combined/install/px4_ros_com/share/px4_ros_com//launch
[32.716s] -- Up-to-date: /home/niweiss/CPE-Capstone-2024-2025/ws_sensor_combined/install/px4_ros_com/share/px4_ros_com//launch/offboard_control_launch.yaml
[32.716s] -- Up-to-date: /home/niweiss/CPE-Capstone-2024-2025/ws_sensor_combined/install/px4_ros_com/share/px4_ros_com//launch/vehicle_gps_position_listener.launch.py
[32.716s] -- Up-to-date: /home/niweiss/CPE-Capstone-2024-2025/ws_sensor_combined/install/px4_ros_com/share/px4_ros_com//launch/sensor_combined_listener.launch.py
[32.717s] -- Up-to-date: /home/niweiss/CPE-Capstone-2024-2025/ws_sensor_combined/install/px4_ros_com/share/px4_ros_com//test
[32.717s] -- Up-to-date: /home/niweiss/CPE-Capstone-2024-2025/ws_sensor_combined/install/px4_ros_com/share/px4_ros_com//test/test_input.py
[32.717s] -- Up-to-date: /home/niweiss/CPE-Capstone-2024-2025/ws_sensor_combined/install/px4_ros_com/share/px4_ros_com//test/test_output.py
[32.717s] -- Up-to-date: /home/niweiss/CPE-Capstone-2024-2025/ws_sensor_combined/install/px4_ros_com/share/px4_ros_com//test/__init__.py
[32.717s] -- Up-to-date: /home/niweiss/CPE-Capstone-2024-2025/ws_sensor_combined/install/px4_ros_com/share/px4_ros_com//test/pipeline_io_test.py
[32.717s] -- Up-to-date: /home/niweiss/CPE-Capstone-2024-2025/ws_sensor_combined/install/px4_ros_com/share/px4_ros_com/environment/pythonpath.sh
[32.718s] -- Up-to-date: /home/niweiss/CPE-Capstone-2024-2025/ws_sensor_combined/install/px4_ros_com/share/px4_ros_com/environment/pythonpath.dsv
[32.718s] -- Up-to-date: /home/niweiss/CPE-Capstone-2024-2025/ws_sensor_combined/install/px4_ros_com/local/lib/python3.10/dist-packages/px4_ros_com-0.1.0-py3.10.egg-info
[32.718s] -- Installing: /home/niweiss/CPE-Capstone-2024-2025/ws_sensor_combined/install/px4_ros_com/local/lib/python3.10/dist-packages/px4_ros_com-0.1.0-py3.10.egg-info/top_level.txt
[32.718s] -- Installing: /home/niweiss/CPE-Capstone-2024-2025/ws_sensor_combined/install/px4_ros_com/local/lib/python3.10/dist-packages/px4_ros_com-0.1.0-py3.10.egg-info/PKG-INFO
[32.719s] -- Installing: /home/niweiss/CPE-Capstone-2024-2025/ws_sensor_combined/install/px4_ros_com/local/lib/python3.10/dist-packages/px4_ros_com-0.1.0-py3.10.egg-info/dependency_links.txt
[32.719s] -- Installing: /home/niweiss/CPE-Capstone-2024-2025/ws_sensor_combined/install/px4_ros_com/local/lib/python3.10/dist-packages/px4_ros_com-0.1.0-py3.10.egg-info/SOURCES.txt
[32.720s] -- Up-to-date: /home/niweiss/CPE-Capstone-2024-2025/ws_sensor_combined/install/px4_ros_com/local/lib/python3.10/dist-packages/px4_ros_com
[32.720s] -- Up-to-date: /home/niweiss/CPE-Capstone-2024-2025/ws_sensor_combined/install/px4_ros_com/local/lib/python3.10/dist-packages/px4_ros_com/module_to_import.py
[32.720s] -- Up-to-date: /home/niweiss/CPE-Capstone-2024-2025/ws_sensor_combined/install/px4_ros_com/local/lib/python3.10/dist-packages/px4_ros_com/__init__.py
[32.766s] Listing '/home/niweiss/CPE-Capstone-2024-2025/ws_sensor_combined/install/px4_ros_com/local/lib/python3.10/dist-packages/px4_ros_com'...
[32.771s] -- Up-to-date: /home/niweiss/CPE-Capstone-2024-2025/ws_sensor_combined/install/px4_ros_com/lib/px4_ros_com/offboard_control.py
[32.772s] -- Up-to-date: /home/niweiss/CPE-Capstone-2024-2025/ws_sensor_combined/install/px4_ros_com/share/ament_index/resource_index/package_run_dependencies/px4_ros_com
[32.772s] -- Up-to-date: /home/niweiss/CPE-Capstone-2024-2025/ws_sensor_combined/install/px4_ros_com/share/ament_index/resource_index/parent_prefix_path/px4_ros_com
[32.772s] -- Up-to-date: /home/niweiss/CPE-Capstone-2024-2025/ws_sensor_combined/install/px4_ros_com/share/px4_ros_com/environment/ament_prefix_path.sh
[32.772s] -- Up-to-date: /home/niweiss/CPE-Capstone-2024-2025/ws_sensor_combined/install/px4_ros_com/share/px4_ros_com/environment/ament_prefix_path.dsv
[32.772s] -- Up-to-date: /home/niweiss/CPE-Capstone-2024-2025/ws_sensor_combined/install/px4_ros_com/share/px4_ros_com/environment/path.sh
[32.772s] -- Up-to-date: /home/niweiss/CPE-Capstone-2024-2025/ws_sensor_combined/install/px4_ros_com/share/px4_ros_com/environment/path.dsv
[32.772s] -- Up-to-date: /home/niweiss/CPE-Capstone-2024-2025/ws_sensor_combined/install/px4_ros_com/share/px4_ros_com/local_setup.bash
[32.773s] -- Up-to-date: /home/niweiss/CPE-Capstone-2024-2025/ws_sensor_combined/install/px4_ros_com/share/px4_ros_com/local_setup.sh
[32.773s] -- Up-to-date: /home/niweiss/CPE-Capstone-2024-2025/ws_sensor_combined/install/px4_ros_com/share/px4_ros_com/local_setup.zsh
[32.773s] -- Up-to-date: /home/niweiss/CPE-Capstone-2024-2025/ws_sensor_combined/install/px4_ros_com/share/px4_ros_com/local_setup.dsv
[32.773s] -- Installing: /home/niweiss/CPE-Capstone-2024-2025/ws_sensor_combined/install/px4_ros_com/share/px4_ros_com/package.dsv
[32.773s] -- Up-to-date: /home/niweiss/CPE-Capstone-2024-2025/ws_sensor_combined/install/px4_ros_com/share/ament_index/resource_index/packages/px4_ros_com
[32.773s] -- Up-to-date: /home/niweiss/CPE-Capstone-2024-2025/ws_sensor_combined/install/px4_ros_com/share/px4_ros_com/cmake/export_frame_transformsExport.cmake
[32.773s] -- Up-to-date: /home/niweiss/CPE-Capstone-2024-2025/ws_sensor_combined/install/px4_ros_com/share/px4_ros_com/cmake/export_frame_transformsExport-noconfig.cmake
[32.773s] -- Up-to-date: /home/niweiss/CPE-Capstone-2024-2025/ws_sensor_combined/install/px4_ros_com/share/px4_ros_com/cmake/ament_cmake_export_dependencies-extras.cmake
[32.773s] -- Up-to-date: /home/niweiss/CPE-Capstone-2024-2025/ws_sensor_combined/install/px4_ros_com/share/px4_ros_com/cmake/ament_cmake_export_targets-extras.cmake
[32.773s] -- Up-to-date: /home/niweiss/CPE-Capstone-2024-2025/ws_sensor_combined/install/px4_ros_com/share/px4_ros_com/cmake/ament_cmake_export_include_directories-extras.cmake
[32.773s] -- Up-to-date: /home/niweiss/CPE-Capstone-2024-2025/ws_sensor_combined/install/px4_ros_com/share/px4_ros_com/cmake/ament_cmake_export_libraries-extras.cmake
[32.773s] -- Up-to-date: /home/niweiss/CPE-Capstone-2024-2025/ws_sensor_combined/install/px4_ros_com/share/px4_ros_com/cmake/px4_ros_comConfig.cmake
[32.774s] -- Up-to-date: /home/niweiss/CPE-Capstone-2024-2025/ws_sensor_combined/install/px4_ros_com/share/px4_ros_com/cmake/px4_ros_comConfig-version.cmake
[32.774s] -- Up-to-date: /home/niweiss/CPE-Capstone-2024-2025/ws_sensor_combined/install/px4_ros_com/share/px4_ros_com/package.xml
[32.778s] Invoked command in '/home/niweiss/CPE-Capstone-2024-2025/ws_sensor_combined/build/px4_ros_com' returned '0': CMAKE_PREFIX_PATH=/home/niweiss/CPE-Capstone-2024-2025/ws_sensor_combined/install/px4_msgs:/home/niweiss/CPE-Capstone-2024-2025/ws_sensor_combined/install/custom_msgs:/home/niweiss/ws_sensor_combined/install/px4_msgs:/home/niweiss/ws_sensor_combined/install/custom_msgs:/home/niweiss/CPE-Capstone-2024-2025/ws_sensor_combined/install/px4_ros_com:/home/niweiss/ws_sensor_combined/install/example_mode_with_executor_cpp:/home/niweiss/ws_sensor_combined/install/example_mode_rtl_replacement_cpp:/home/niweiss/ws_sensor_combined/install/example_mode_manual_cpp:/home/niweiss/ws_sensor_combined/install/example_mode_goto_global_cpp:/home/niweiss/ws_sensor_combined/install/example_mode_goto_cpp:/home/niweiss/ws_sensor_combined/install/example_mode_fw_attitude_cpp:/home/niweiss/ws_sensor_combined/install/example_local_navigation_cpp:/home/niweiss/ws_sensor_combined/install/example_global_navigation_cpp:/home/niweiss/ws_sensor_combined/install/px4_ros2_cpp:/home/niweiss/ws_sensor_combined/install/px4_ros_com:/opt/ros/humble LD_LIBRARY_PATH=/home/niweiss/CPE-Capstone-2024-2025/ws_sensor_combined/install/px4_msgs/lib:/home/niweiss/CPE-Capstone-2024-2025/ws_sensor_combined/install/custom_msgs/lib:/home/niweiss/CPE-Capstone-2024-2025/ws_sensor_combined/install/px4_ros_com/lib:/home/niweiss/ws_sensor_combined/install/px4_ros_com/lib:/home/niweiss/ws_sensor_combined/install/px4_ros2_cpp/lib:/home/niweiss/ws_sensor_combined/install/px4_msgs/lib:/home/niweiss/ws_sensor_combined/install/custom_msgs/lib:/opt/ros/humble/opt/rviz_ogre_vendor/lib:/opt/ros/humble/lib/x86_64-linux-gnu:/opt/ros/humble/lib /usr/bin/cmake --install /home/niweiss/CPE-Capstone-2024-2025/ws_sensor_combined/build/px4_ros_com
