[0.102s] Invoking command in '/home/niweiss/ws_sensor_combined/build/px4_ros_com': AMENT_PREFIX_PATH=/home/niweiss/ws_sensor_combined/install/px4_msgs:/home/niweiss/ws_sensor_combined/install/custom_msgs:${AMENT_PREFIX_PATH} CMAKE_PREFIX_PATH=/home/niweiss/ws_sensor_combined/install/px4_msgs:/home/niweiss/ws_sensor_combined/install/custom_msgs:/opt/ros/humble LD_LIBRARY_PATH=/home/niweiss/ws_sensor_combined/install/px4_msgs/lib:/home/niweiss/ws_sensor_combined/install/custom_msgs/lib:${LD_LIBRARY_PATH} PYTHONPATH=/home/niweiss/ws_sensor_combined/install/px4_msgs/local/lib/python3.10/dist-packages:/home/niweiss/ws_sensor_combined/install/custom_msgs/local/lib/python3.10/dist-packages:${PYTHONPATH} /usr/bin/cmake --build /home/niweiss/ws_sensor_combined/build/px4_ros_com -- -j16 -l16
[0.126s] [35m[1mConsolidate compiler generated dependencies of target offboard_launch[0m
[0.135s] [ 22%] Built target offboard_paths
[0.135s] [ 22%] Built target frame_transforms
[0.135s] [ 38%] Built target sensor_combined_listener
[0.135s] [ 44%] Built target offboard_control
[0.136s] [ 55%] Built target debug_vect_advertiser
[0.136s] [ 77%] Built target flight_state_pub
[0.137s] [ 77%] Built target vehicle_gps_position_listener
[0.138s] [ 88%] Built target offboard_control_srv
[0.139s] [ 88%] Built target ament_cmake_python_copy_px4_ros_com
[0.141s] [ 94%] [32mBuilding CXX object CMakeFiles/offboard_launch.dir/src/examples/offboard/offboard_launch.cpp.o[0m
[0.288s] running egg_info
[0.303s] writing px4_ros_com.egg-info/PKG-INFO
[0.304s] writing dependency_links to px4_ros_com.egg-info/dependency_links.txt
[0.304s] writing top-level names to px4_ros_com.egg-info/top_level.txt
[0.337s] reading manifest file 'px4_ros_com.egg-info/SOURCES.txt'
[0.338s] writing manifest file 'px4_ros_com.egg-info/SOURCES.txt'
[0.360s] [ 94%] Built target ament_cmake_python_build_px4_ros_com_egg
[1.964s] [01m[K/home/niweiss/ws_sensor_combined/src/px4_ros_com/src/examples/offboard/offboard_launch.cpp:[m[K In member function ‘[01m[Kvoid OffboardControl::handleSquarePathState()[m[K’:
[1.965s] [01m[K/home/niweiss/ws_sensor_combined/src/px4_ros_com/src/examples/offboard/offboard_launch.cpp:370:25:[m[K [01;31m[Kerror: [m[Kexpected ‘[01m[K;[m[K’ before ‘[01m[Ksteps_taken_[m[K’
[1.965s]   370 |                         [01;31m[Ksteps_taken_[m[K++;
[1.965s]       |                         [01;31m[K^~~~~~~~~~~~[m[K
[1.965s] [01m[K/home/niweiss/ws_sensor_combined/src/px4_ros_com/src/examples/offboard/offboard_launch.cpp:389:99:[m[K [01;31m[Kerror: [m[Kexpected ‘[01m[K)[m[K’ before ‘[01m[K;[m[K’ token
[1.965s]   389 |                         publish_trajectory_setpoint(cur_square_x_, cur_square_y_, target_altitude_[01;31m[K;[m[K
[1.965s]       |                                                                                                   [01;31m[K^[m[K
[1.965s] [01m[K/home/niweiss/ws_sensor_combined/src/px4_ros_com/src/examples/offboard/offboard_launch.cpp:389:52:[m[K [01;36m[Knote: [m[Kto match this ‘[01m[K([m[K’
[1.965s]   389 |                         publish_trajectory_setpoint[01;36m[K([m[Kcur_square_x_, cur_square_y_, target_altitude_;
[1.965s]       |                                                    [01;36m[K^[m[K
[6.946s] gmake[2]: *** [CMakeFiles/offboard_launch.dir/build.make:76: CMakeFiles/offboard_launch.dir/src/examples/offboard/offboard_launch.cpp.o] Error 1
[6.947s] gmake[1]: *** [CMakeFiles/Makefile2:312: CMakeFiles/offboard_launch.dir/all] Error 2
[6.947s] gmake: *** [Makefile:146: all] Error 2
[6.949s] Invoked command in '/home/niweiss/ws_sensor_combined/build/px4_ros_com' returned '2': AMENT_PREFIX_PATH=/home/niweiss/ws_sensor_combined/install/px4_msgs:/home/niweiss/ws_sensor_combined/install/custom_msgs:${AMENT_PREFIX_PATH} CMAKE_PREFIX_PATH=/home/niweiss/ws_sensor_combined/install/px4_msgs:/home/niweiss/ws_sensor_combined/install/custom_msgs:/opt/ros/humble LD_LIBRARY_PATH=/home/niweiss/ws_sensor_combined/install/px4_msgs/lib:/home/niweiss/ws_sensor_combined/install/custom_msgs/lib:${LD_LIBRARY_PATH} PYTHONPATH=/home/niweiss/ws_sensor_combined/install/px4_msgs/local/lib/python3.10/dist-packages:/home/niweiss/ws_sensor_combined/install/custom_msgs/local/lib/python3.10/dist-packages:${PYTHONPATH} /usr/bin/cmake --build /home/niweiss/ws_sensor_combined/build/px4_ros_com -- -j16 -l16
