-- Found ament_cmake: 1.3.11 (/opt/ros/humble/share/ament_cmake/cmake)
-- Found builtin_interfaces: 1.2.1 (/opt/ros/humble/share/builtin_interfaces/cmake)
-- Found rosidl_generator_c: 3.1.6 (/opt/ros/humble/share/rosidl_generator_c/cmake)
-- Found rosidl_adapter: 3.1.6 (/opt/ros/humble/share/rosidl_adapter/cmake)
-- Found rosidl_generator_cpp: 3.1.6 (/opt/ros/humble/share/rosidl_generator_cpp/cmake)
-- Using all available rosidl_typesupport_c: rosidl_typesupport_fastrtps_c;rosidl_typesupport_introspection_c
-- Using all available rosidl_typesupport_cpp: rosidl_typesupport_fastrtps_cpp;rosidl_typesupport_introspection_cpp
-- Found eigen3_cmake_module: 0.1.1 (/opt/ros/humble/share/eigen3_cmake_module/cmake)
-- Found geometry_msgs: 4.2.4 (/opt/ros/humble/share/geometry_msgs/cmake)
-- Found px4_msgs: 2.0.1 (/home/niweiss/CPE-Capstone-2024-2025/ws_sensor_combined/install/px4_msgs/share/px4_msgs/cmake)
-- Found rclcpp: 16.0.11 (/opt/ros/humble/share/rclcpp/cmake)
-- Found rmw_implementation_cmake: 6.1.2 (/opt/ros/humble/share/rmw_implementation_cmake/cmake)
-- Found rmw_fastrtps_cpp: 6.2.7 (/opt/ros/humble/share/rmw_fastrtps_cpp/cmake)
-- Using RMW implementation 'rmw_fastrtps_cpp' as default
-- Found sensor_msgs: 4.2.4 (/opt/ros/humble/share/sensor_msgs/cmake)
-- Found rclpy: 3.3.15 (/opt/ros/humble/share/rclpy/cmake)
-- Found custom_msgs: 0.0.0 (/home/niweiss/CPE-Capstone-2024-2025/ws_sensor_combined/install/custom_msgs/share/custom_msgs/cmake)
-- Found ament_lint_auto: 0.12.11 (/opt/ros/humble/share/ament_lint_auto/cmake)
-- Added test 'copyright' to check source files copyright and LICENSE
-- Added test 'cppcheck' to perform static code analysis on C / C++ code
-- Configured cppcheck include dirs: /home/niweiss/CPE-Capstone-2024-2025/ws_sensor_combined/src/px4_ros_com/include;$<BUILD_INTERFACE:/home/niweiss/CPE-Capstone-2024-2025/ws_sensor_combined/src/px4_ros_com/include/px4_ros_com>
-- Configured cppcheck exclude dirs and/or files: 
-- Added test 'cpplint' to check C / C++ code against the Google style
-- Configured cpplint exclude dirs and/or files: 
-- Added test 'flake8' to check Python code syntax and style conventions
-- Added test 'lint_cmake' to check CMake code style
-- Added test 'pep257' to check Python code against some of the docstring style conventions in PEP 257
-- Added test 'uncrustify' to check C / C++ code style
-- Configured uncrustify additional arguments: 
-- Added test 'xmllint' to check XML markup files
-- Configuring done
-- Generating done
-- Build files have been written to: /home/niweiss/CPE-Capstone-2024-2025/ws_sensor_combined/build/px4_ros_com
[35m[1mConsolidate compiler generated dependencies of target flight_state_pub[0m
[35m[1mConsolidate compiler generated dependencies of target sensor_combined_listener[0m
[35m[1mConsolidate compiler generated dependencies of target offboard_control_srv[0m
[35m[1mConsolidate compiler generated dependencies of target vehicle_gps_position_listener[0m
[35m[1mConsolidate compiler generated dependencies of target offboard_control[0m
[35m[1mConsolidate compiler generated dependencies of target debug_vect_advertiser[0m
[35m[1mConsolidate compiler generated dependencies of target frame_transforms[0m
[35m[1mConsolidate compiler generated dependencies of target offboard_paths[0m
[35m[1mConsolidate compiler generated dependencies of target offboard_launch[0m
[  5%] [32mBuilding CXX object CMakeFiles/gui_command_pub.dir/src/examples/offboard/gui_command_pub.cpp.o[0m
[  5%] Built target ament_cmake_python_copy_px4_ros_com
[ 15%] Built target sensor_combined_listener
[ 25%] Built target flight_state_pub
[ 35%] Built target frame_transforms
[ 45%] Built target vehicle_gps_position_listener
[ 65%] Built target offboard_control
[ 65%] Built target offboard_paths
[ 75%] Built target offboard_control_srv
[ 85%] Built target debug_vect_advertiser
[ 95%] Built target offboard_launch
running egg_info
writing px4_ros_com.egg-info/PKG-INFO
writing dependency_links to px4_ros_com.egg-info/dependency_links.txt
writing top-level names to px4_ros_com.egg-info/top_level.txt
reading manifest file 'px4_ros_com.egg-info/SOURCES.txt'
writing manifest file 'px4_ros_com.egg-info/SOURCES.txt'
[ 95%] Built target ament_cmake_python_build_px4_ros_com_egg
