[0.096s] Invoking command in '/home/niweiss/CPE-Capstone-2024-2025/ws_sensor_combined/build/px4_ros_com': CMAKE_PREFIX_PATH=/home/niweiss/CPE-Capstone-2024-2025/ws_sensor_combined/install/px4_msgs:/home/niweiss/CPE-Capstone-2024-2025/ws_sensor_combined/install/custom_msgs:/home/niweiss/CPE-Capstone-2024-2025/ws_sensor_combined/install/px4_ros_com:/home/niweiss/ws_sensor_combined/install/example_mode_with_executor_cpp:/home/niweiss/ws_sensor_combined/install/example_mode_rtl_replacement_cpp:/home/niweiss/ws_sensor_combined/install/example_mode_manual_cpp:/home/niweiss/ws_sensor_combined/install/example_mode_goto_global_cpp:/home/niweiss/ws_sensor_combined/install/example_mode_goto_cpp:/home/niweiss/ws_sensor_combined/install/example_mode_fw_attitude_cpp:/home/niweiss/ws_sensor_combined/install/example_local_navigation_cpp:/home/niweiss/ws_sensor_combined/install/example_global_navigation_cpp:/home/niweiss/ws_sensor_combined/install/px4_ros2_cpp:/home/niweiss/ws_sensor_combined/install/px4_ros_com:/home/niweiss/ws_sensor_combined/install/px4_msgs:/home/niweiss/ws_sensor_combined/install/custom_msgs:/opt/ros/humble LD_LIBRARY_PATH=/home/niweiss/CPE-Capstone-2024-2025/ws_sensor_combined/install/px4_msgs/lib:/home/niweiss/CPE-Capstone-2024-2025/ws_sensor_combined/install/custom_msgs/lib:/home/niweiss/CPE-Capstone-2024-2025/ws_sensor_combined/install/px4_ros_com/lib:/home/niweiss/ws_sensor_combined/install/px4_ros_com/lib:/home/niweiss/ws_sensor_combined/install/px4_ros2_cpp/lib:/home/niweiss/ws_sensor_combined/install/px4_msgs/lib:/home/niweiss/ws_sensor_combined/install/custom_msgs/lib:/opt/ros/humble/opt/rviz_ogre_vendor/lib:/opt/ros/humble/lib/x86_64-linux-gnu:/opt/ros/humble/lib /usr/bin/cmake --build /home/niweiss/CPE-Capstone-2024-2025/ws_sensor_combined/build/px4_ros_com -- -j16 -l16
[0.136s] [35m[1mConsolidate compiler generated dependencies of target offboard_launch[0m
[0.153s] [ 16%] Built target debug_vect_advertiser
[0.153s] [ 22%] Built target sensor_combined_listener
[0.160s] [ 44%] Built target vehicle_gps_position_listener
[0.160s] [ 38%] Built target offboard_control_srv
[0.165s] [ 66%] Built target frame_transforms
[0.165s] [ 66%] Built target flight_state_pub
[0.165s] [ 72%] [32mBuilding CXX object CMakeFiles/offboard_launch.dir/src/examples/offboard/offboard_launch.cpp.o[0m
[0.165s] [ 83%] Built target offboard_control
[0.165s] [ 94%] Built target offboard_paths
[0.173s] [ 94%] Built target ament_cmake_python_copy_px4_ros_com
[0.356s] running egg_info
[0.368s] writing px4_ros_com.egg-info/PKG-INFO
[0.370s] writing dependency_links to px4_ros_com.egg-info/dependency_links.txt
[0.370s] writing top-level names to px4_ros_com.egg-info/top_level.txt
[0.407s] reading manifest file 'px4_ros_com.egg-info/SOURCES.txt'
[0.408s] writing manifest file 'px4_ros_com.egg-info/SOURCES.txt'
[0.431s] [ 94%] Built target ament_cmake_python_build_px4_ros_com_egg
[2.995s] [01m[K/home/niweiss/CPE-Capstone-2024-2025/ws_sensor_combined/src/px4_ros_com/src/examples/offboard/offboard_launch.cpp:[m[K In member function ‘[01m[Kvoid OffboardControl::flightCommandCallback(custom_msgs::msg::FlightCommand)[m[K’:
[2.996s] [01m[K/home/niweiss/CPE-Capstone-2024-2025/ws_sensor_combined/src/px4_ros_com/src/examples/offboard/offboard_launch.cpp:513:246:[m[K [01;31m[Kerror: [m[Kno match for ‘[01m[Koperator<<[m[K’ (operand types are ‘[01m[Kstd::basic_ostream<char>[m[K’ and ‘[01m[KOffboardControl::FlightState[m[K’)
[2.996s]   513 |                 [32m[Kstd::cout << "Received Flight Command:\n" << "Latitude: " << target_lat_ << "\nLongitude: " << target_lon_ << "\nAltitude: " << target_altitude_ << "\nRadius: " << circle_radius_ <<  "\nLength: " << square_length_ << "\nState: "[m[K [01;31m[K<<[m[K [34m[Kcurrent_state_[m[K << std::endl;
[2.996s]       |                 [32m[K~~~~~~~~~~~~~~~~~~~~~~~~~~~~~~~~~~~~~~~~~~~~~~~~~~~~~~~~~~~~~~~~~~~~~~~~~~~~~~~~~~~~~~~~~~~~~~~~~~~~~~~~~~~~~~~~~~~~~~~~~~~~~~~~~~~~~~~~~~~~~~~~~~~~~~~~~~~~~~~~~~~~~~~~~~~~~~~~~~~~~~~~~~~~~~~~~~~~~~~~~~~~~~~~~~~~~~~~~~~~~~~~~~~~[m[K [01;31m[K^~[m[K [34m[K~~~~~~~~~~~~~~[m[K
[2.996s]       |                                                                                                                                                                                                                                       [32m[K|[m[K                 [34m[K|[m[K
[2.997s]       |                                                                                                                                                                                                                                       [32m[K|[m[K                 [34m[KOffboardControl::FlightState[m[K
[2.997s]       |                                                                                                                                                                                                                                       [32m[Kstd::basic_ostream<char>[m[K
[2.997s] In file included from [01m[K/usr/include/c++/11/istream:39[m[K,
[2.998s]                  from [01m[K/usr/include/c++/11/sstream:38[m[K,
[2.998s]                  from [01m[K/home/niweiss/CPE-Capstone-2024-2025/ws_sensor_combined/install/px4_msgs/include/px4_msgs/px4_msgs/msg/detail/offboard_control_mode__traits.hpp:10[m[K,
[2.998s]                  from [01m[K/home/niweiss/CPE-Capstone-2024-2025/ws_sensor_combined/install/px4_msgs/include/px4_msgs/px4_msgs/msg/offboard_control_mode.hpp:9[m[K,
[2.998s]                  from [01m[K/home/niweiss/CPE-Capstone-2024-2025/ws_sensor_combined/src/px4_ros_com/src/examples/offboard/offboard_launch.cpp:9[m[K:
[2.999s] [01m[K/usr/include/c++/11/ostream:108:7:[m[K [01;36m[Knote: [m[Kcandidate: ‘[01m[Kstd::basic_ostream<_CharT, _Traits>::__ostream_type& std::basic_ostream<_CharT, _Traits>::operator<<(std::basic_ostream<_CharT, _Traits>::__ostream_type& (*)(std::basic_ostream<_CharT, _Traits>::__ostream_type&)) [with _CharT = char; _Traits = std::char_traits<char>; std::basic_ostream<_CharT, _Traits>::__ostream_type = std::basic_ostream<char>][m[K’
[2.999s]   108 |       [01;36m[Koperator[m[K<<(__ostream_type& (*__pf)(__ostream_type&))
[2.999s]       |       [01;36m[K^~~~~~~~[m[K
[2.999s] [01m[K/usr/include/c++/11/ostream:108:36:[m[K [01;36m[Knote: [m[K  no known conversion for argument 1 from ‘[01m[KOffboardControl::FlightState[m[K’ to ‘[01m[Kstd::basic_ostream<char>::__ostream_type& (*)(std::basic_ostream<char>::__ostream_type&)[m[K’ {aka ‘[01m[Kstd::basic_ostream<char>& (*)(std::basic_ostream<char>&)[m[K’}
[2.999s]   108 |       operator<<([01;36m[K__ostream_type& (*__pf)(__ostream_type&)[m[K)
[2.999s]       |                  [01;36m[K~~~~~~~~~~~~~~~~~~^~~~~~~~~~~~~~~~~~~~~~[m[K
[3.000s] [01m[K/usr/include/c++/11/ostream:117:7:[m[K [01;36m[Knote: [m[Kcandidate: ‘[01m[Kstd::basic_ostream<_CharT, _Traits>::__ostream_type& std::basic_ostream<_CharT, _Traits>::operator<<(std::basic_ostream<_CharT, _Traits>::__ios_type& (*)(std::basic_ostream<_CharT, _Traits>::__ios_type&)) [with _CharT = char; _Traits = std::char_traits<char>; std::basic_ostream<_CharT, _Traits>::__ostream_type = std::basic_ostream<char>; std::basic_ostream<_CharT, _Traits>::__ios_type = std::basic_ios<char>][m[K’
[3.000s]   117 |       [01;36m[Koperator[m[K<<(__ios_type& (*__pf)(__ios_type&))
[3.000s]       |       [01;36m[K^~~~~~~~[m[K
[3.000s] [01m[K/usr/include/c++/11/ostream:117:32:[m[K [01;36m[Knote: [m[K  no known conversion for argument 1 from ‘[01m[KOffboardControl::FlightState[m[K’ to ‘[01m[Kstd::basic_ostream<char>::__ios_type& (*)(std::basic_ostream<char>::__ios_type&)[m[K’ {aka ‘[01m[Kstd::basic_ios<char>& (*)(std::basic_ios<char>&)[m[K’}
[3.000s]   117 |       operator<<([01;36m[K__ios_type& (*__pf)(__ios_type&)[m[K)
[3.000s]       |                  [01;36m[K~~~~~~~~~~~~~~^~~~~~~~~~~~~~~~~~[m[K
[3.001s] [01m[K/usr/include/c++/11/ostream:127:7:[m[K [01;36m[Knote: [m[Kcandidate: ‘[01m[Kstd::basic_ostream<_CharT, _Traits>::__ostream_type& std::basic_ostream<_CharT, _Traits>::operator<<(std::ios_base& (*)(std::ios_base&)) [with _CharT = char; _Traits = std::char_traits<char>; std::basic_ostream<_CharT, _Traits>::__ostream_type = std::basic_ostream<char>][m[K’
[3.001s]   127 |       [01;36m[Koperator[m[K<<(ios_base& (*__pf) (ios_base&))
[3.001s]       |       [01;36m[K^~~~~~~~[m[K
[3.001s] [01m[K/usr/include/c++/11/ostream:127:30:[m[K [01;36m[Knote: [m[K  no known conversion for argument 1 from ‘[01m[KOffboardControl::FlightState[m[K’ to ‘[01m[Kstd::ios_base& (*)(std::ios_base&)[m[K’
[3.001s]   127 |       operator<<([01;36m[Kios_base& (*__pf) (ios_base&)[m[K)
[3.001s]       |                  [01;36m[K~~~~~~~~~~~~^~~~~~~~~~~~~~~~~[m[K
[3.001s] [01m[K/usr/include/c++/11/ostream:166:7:[m[K [01;36m[Knote: [m[Kcandidate: ‘[01m[Kstd::basic_ostream<_CharT, _Traits>::__ostream_type& std::basic_ostream<_CharT, _Traits>::operator<<(long int) [with _CharT = char; _Traits = std::char_traits<char>; std::basic_ostream<_CharT, _Traits>::__ostream_type = std::basic_ostream<char>][m[K’
[3.002s]   166 |       [01;36m[Koperator[m[K<<(long __n)
[3.002s]       |       [01;36m[K^~~~~~~~[m[K
[3.002s] [01m[K/usr/include/c++/11/ostream:166:23:[m[K [01;36m[Knote: [m[K  no known conversion for argument 1 from ‘[01m[KOffboardControl::FlightState[m[K’ to ‘[01m[Klong int[m[K’
[3.002s]   166 |       operator<<([01;36m[Klong __n[m[K)
[3.002s]       |                  [01;36m[K~~~~~^~~[m[K
[3.002s] [01m[K/usr/include/c++/11/ostream:170:7:[m[K [01;36m[Knote: [m[Kcandidate: ‘[01m[Kstd::basic_ostream<_CharT, _Traits>::__ostream_type& std::basic_ostream<_CharT, _Traits>::operator<<(long unsigned int) [with _CharT = char; _Traits = std::char_traits<char>; std::basic_ostream<_CharT, _Traits>::__ostream_type = std::basic_ostream<char>][m[K’
[3.002s]   170 |       [01;36m[Koperator[m[K<<(unsigned long __n)
[3.002s]       |       [01;36m[K^~~~~~~~[m[K
[3.002s] [01m[K/usr/include/c++/11/ostream:170:32:[m[K [01;36m[Knote: [m[K  no known conversion for argument 1 from ‘[01m[KOffboardControl::FlightState[m[K’ to ‘[01m[Klong unsigned int[m[K’
[3.003s]   170 |       operator<<([01;36m[Kunsigned long __n[m[K)
[3.003s]       |                  [01;36m[K~~~~~~~~~~~~~~^~~[m[K
[3.003s] [01m[K/usr/include/c++/11/ostream:174:7:[m[K [01;36m[Knote: [m[Kcandidate: ‘[01m[Kstd::basic_ostream<_CharT, _Traits>::__ostream_type& std::basic_ostream<_CharT, _Traits>::operator<<(bool) [with _CharT = char; _Traits = std::char_traits<char>; std::basic_ostream<_CharT, _Traits>::__ostream_type = std::basic_ostream<char>][m[K’
[3.003s]   174 |       [01;36m[Koperator[m[K<<(bool __n)
[3.003s]       |       [01;36m[K^~~~~~~~[m[K
[3.003s] [01m[K/usr/include/c++/11/ostream:174:23:[m[K [01;36m[Knote: [m[K  no known conversion for argument 1 from ‘[01m[KOffboardControl::FlightState[m[K’ to ‘[01m[Kbool[m[K’
[3.003s]   174 |       operator<<([01;36m[Kbool __n[m[K)
[3.003s]       |                  [01;36m[K~~~~~^~~[m[K
[3.003s] In file included from [01m[K/usr/include/c++/11/ostream:829[m[K,
[3.003s]                  from [01m[K/usr/include/c++/11/istream:39[m[K,
[3.003s]                  from [01m[K/usr/include/c++/11/sstream:38[m[K,
[3.003s]                  from [01m[K/home/niweiss/CPE-Capstone-2024-2025/ws_sensor_combined/install/px4_msgs/include/px4_msgs/px4_msgs/msg/detail/offboard_control_mode__traits.hpp:10[m[K,
[3.003s]                  from [01m[K/home/niweiss/CPE-Capstone-2024-2025/ws_sensor_combined/install/px4_msgs/include/px4_msgs/px4_msgs/msg/offboard_control_mode.hpp:9[m[K,
[3.003s]                  from [01m[K/home/niweiss/CPE-Capstone-2024-2025/ws_sensor_combined/src/px4_ros_com/src/examples/offboard/offboard_launch.cpp:9[m[K:
[3.003s] [01m[K/usr/include/c++/11/bits/ostream.tcc:91:5:[m[K [01;36m[Knote: [m[Kcandidate: ‘[01m[Kstd::basic_ostream<_Ch, _Tr>& std::basic_ostream<_CharT, _Traits>::operator<<(short int) [with _CharT = char; _Traits = std::char_traits<char>][m[K’
[3.003s]    91 |     [01;36m[Kbasic_ostream<_CharT, _Traits>[m[K::
[3.003s]       |     [01;36m[K^~~~~~~~~~~~~~~~~~~~~~~~~~~~~~[m[K
[3.003s] [01m[K/usr/include/c++/11/bits/ostream.tcc:92:22:[m[K [01;36m[Knote: [m[K  no known conversion for argument 1 from ‘[01m[KOffboardControl::FlightState[m[K’ to ‘[01m[Kshort int[m[K’
[3.004s]    92 |     operator<<([01;36m[Kshort __n[m[K)
[3.004s]       |                [01;36m[K~~~~~~^~~[m[K
[3.004s] In file included from [01m[K/usr/include/c++/11/istream:39[m[K,
[3.004s]                  from [01m[K/usr/include/c++/11/sstream:38[m[K,
[3.004s]                  from [01m[K/home/niweiss/CPE-Capstone-2024-2025/ws_sensor_combined/install/px4_msgs/include/px4_msgs/px4_msgs/msg/detail/offboard_control_mode__traits.hpp:10[m[K,
[3.004s]                  from [01m[K/home/niweiss/CPE-Capstone-2024-2025/ws_sensor_combined/install/px4_msgs/include/px4_msgs/px4_msgs/msg/offboard_control_mode.hpp:9[m[K,
[3.004s]                  from [01m[K/home/niweiss/CPE-Capstone-2024-2025/ws_sensor_combined/src/px4_ros_com/src/examples/offboard/offboard_launch.cpp:9[m[K:
[3.004s] [01m[K/usr/include/c++/11/ostream:181:7:[m[K [01;36m[Knote: [m[Kcandidate: ‘[01m[Kstd::basic_ostream<_CharT, _Traits>::__ostream_type& std::basic_ostream<_CharT, _Traits>::operator<<(short unsigned int) [with _CharT = char; _Traits = std::char_traits<char>; std::basic_ostream<_CharT, _Traits>::__ostream_type = std::basic_ostream<char>][m[K’
[3.004s]   181 |       [01;36m[Koperator[m[K<<(unsigned short __n)
[3.004s]       |       [01;36m[K^~~~~~~~[m[K
[3.004s] [01m[K/usr/include/c++/11/ostream:181:33:[m[K [01;36m[Knote: [m[K  no known conversion for argument 1 from ‘[01m[KOffboardControl::FlightState[m[K’ to ‘[01m[Kshort unsigned int[m[K’
[3.004s]   181 |       operator<<([01;36m[Kunsigned short __n[m[K)
[3.004s]       |                  [01;36m[K~~~~~~~~~~~~~~~^~~[m[K
[3.004s] In file included from [01m[K/usr/include/c++/11/ostream:829[m[K,
[3.004s]                  from [01m[K/usr/include/c++/11/istream:39[m[K,
[3.004s]                  from [01m[K/usr/include/c++/11/sstream:38[m[K,
[3.004s]                  from [01m[K/home/niweiss/CPE-Capstone-2024-2025/ws_sensor_combined/install/px4_msgs/include/px4_msgs/px4_msgs/msg/detail/offboard_control_mode__traits.hpp:10[m[K,
[3.005s]                  from [01m[K/home/niweiss/CPE-Capstone-2024-2025/ws_sensor_combined/install/px4_msgs/include/px4_msgs/px4_msgs/msg/offboard_control_mode.hpp:9[m[K,
[3.005s]                  from [01m[K/home/niweiss/CPE-Capstone-2024-2025/ws_sensor_combined/src/px4_ros_com/src/examples/offboard/offboard_launch.cpp:9[m[K:
[3.005s] [01m[K/usr/include/c++/11/bits/ostream.tcc:105:5:[m[K [01;36m[Knote: [m[Kcandidate: ‘[01m[Kstd::basic_ostream<_Ch, _Tr>& std::basic_ostream<_CharT, _Traits>::operator<<(int) [with _CharT = char; _Traits = std::char_traits<char>][m[K’
[3.005s]   105 |     [01;36m[Kbasic_ostream<_CharT, _Traits>[m[K::
[3.005s]       |     [01;36m[K^~~~~~~~~~~~~~~~~~~~~~~~~~~~~~[m[K
[3.005s] [01m[K/usr/include/c++/11/bits/ostream.tcc:106:20:[m[K [01;36m[Knote: [m[K  no known conversion for argument 1 from ‘[01m[KOffboardControl::FlightState[m[K’ to ‘[01m[Kint[m[K’
[3.005s]   106 |     operator<<([01;36m[Kint __n[m[K)
[3.005s]       |                [01;36m[K~~~~^~~[m[K
[3.005s] In file included from [01m[K/usr/include/c++/11/istream:39[m[K,
[3.005s]                  from [01m[K/usr/include/c++/11/sstream:38[m[K,
[3.005s]                  from [01m[K/home/niweiss/CPE-Capstone-2024-2025/ws_sensor_combined/install/px4_msgs/include/px4_msgs/px4_msgs/msg/detail/offboard_control_mode__traits.hpp:10[m[K,
[3.005s]                  from [01m[K/home/niweiss/CPE-Capstone-2024-2025/ws_sensor_combined/install/px4_msgs/include/px4_msgs/px4_msgs/msg/offboard_control_mode.hpp:9[m[K,
[3.005s]                  from [01m[K/home/niweiss/CPE-Capstone-2024-2025/ws_sensor_combined/src/px4_ros_com/src/examples/offboard/offboard_launch.cpp:9[m[K:
[3.005s] [01m[K/usr/include/c++/11/ostream:192:7:[m[K [01;36m[Knote: [m[Kcandidate: ‘[01m[Kstd::basic_ostream<_CharT, _Traits>::__ostream_type& std::basic_ostream<_CharT, _Traits>::operator<<(unsigned int) [with _CharT = char; _Traits = std::char_traits<char>; std::basic_ostream<_CharT, _Traits>::__ostream_type = std::basic_ostream<char>][m[K’
[3.005s]   192 |       [01;36m[Koperator[m[K<<(unsigned int __n)
[3.005s]       |       [01;36m[K^~~~~~~~[m[K
[3.005s] [01m[K/usr/include/c++/11/ostream:192:31:[m[K [01;36m[Knote: [m[K  no known conversion for argument 1 from ‘[01m[KOffboardControl::FlightState[m[K’ to ‘[01m[Kunsigned int[m[K’
[3.005s]   192 |       operator<<([01;36m[Kunsigned int __n[m[K)
[3.006s]       |                  [01;36m[K~~~~~~~~~~~~~^~~[m[K
[3.006s] [01m[K/usr/include/c++/11/ostream:201:7:[m[K [01;36m[Knote: [m[Kcandidate: ‘[01m[Kstd::basic_ostream<_CharT, _Traits>::__ostream_type& std::basic_ostream<_CharT, _Traits>::operator<<(long long int) [with _CharT = char; _Traits = std::char_traits<char>; std::basic_ostream<_CharT, _Traits>::__ostream_type = std::basic_ostream<char>][m[K’
[3.006s]   201 |       [01;36m[Koperator[m[K<<(long long __n)
[3.006s]       |       [01;36m[K^~~~~~~~[m[K
[3.006s] [01m[K/usr/include/c++/11/ostream:201:28:[m[K [01;36m[Knote: [m[K  no known conversion for argument 1 from ‘[01m[KOffboardControl::FlightState[m[K’ to ‘[01m[Klong long int[m[K’
[3.006s]   201 |       operator<<([01;36m[Klong long __n[m[K)
[3.006s]       |                  [01;36m[K~~~~~~~~~~^~~[m[K
[3.006s] [01m[K/usr/include/c++/11/ostream:205:7:[m[K [01;36m[Knote: [m[Kcandidate: ‘[01m[Kstd::basic_ostream<_CharT, _Traits>::__ostream_type& std::basic_ostream<_CharT, _Traits>::operator<<(long long unsigned int) [with _CharT = char; _Traits = std::char_traits<char>; std::basic_ostream<_CharT, _Traits>::__ostream_type = std::basic_ostream<char>][m[K’
[3.006s]   205 |       [01;36m[Koperator[m[K<<(unsigned long long __n)
[3.006s]       |       [01;36m[K^~~~~~~~[m[K
[3.006s] [01m[K/usr/include/c++/11/ostream:205:37:[m[K [01;36m[Knote: [m[K  no known conversion for argument 1 from ‘[01m[KOffboardControl::FlightState[m[K’ to ‘[01m[Klong long unsigned int[m[K’
[3.006s]   205 |       operator<<([01;36m[Kunsigned long long __n[m[K)
[3.006s]       |                  [01;36m[K~~~~~~~~~~~~~~~~~~~^~~[m[K
[3.006s] [01m[K/usr/include/c++/11/ostream:220:7:[m[K [01;36m[Knote: [m[Kcandidate: ‘[01m[Kstd::basic_ostream<_CharT, _Traits>::__ostream_type& std::basic_ostream<_CharT, _Traits>::operator<<(double) [with _CharT = char; _Traits = std::char_traits<char>; std::basic_ostream<_CharT, _Traits>::__ostream_type = std::basic_ostream<char>][m[K’
[3.006s]   220 |       [01;36m[Koperator[m[K<<(double __f)
[3.006s]       |       [01;36m[K^~~~~~~~[m[K
[3.006s] [01m[K/usr/include/c++/11/ostream:220:25:[m[K [01;36m[Knote: [m[K  no known conversion for argument 1 from ‘[01m[KOffboardControl::FlightState[m[K’ to ‘[01m[Kdouble[m[K’
[3.006s]   220 |       operator<<([01;36m[Kdouble __f[m[K)
[3.006s]       |                  [01;36m[K~~~~~~~^~~[m[K
[3.006s] [01m[K/usr/include/c++/11/ostream:224:7:[m[K [01;36m[Knote: [m[Kcandidate: ‘[01m[Kstd::basic_ostream<_CharT, _Traits>::__ostream_type& std::basic_ostream<_CharT, _Traits>::operator<<(float) [with _CharT = char; _Traits = std::char_traits<char>; std::basic_ostream<_CharT, _Traits>::__ostream_type = std::basic_ostream<char>][m[K’
[3.006s]   224 |       [01;36m[Koperator[m[K<<(float __f)
[3.006s]       |       [01;36m[K^~~~~~~~[m[K
[3.006s] [01m[K/usr/include/c++/11/ostream:224:24:[m[K [01;36m[Knote: [m[K  no known conversion for argument 1 from ‘[01m[KOffboardControl::FlightState[m[K’ to ‘[01m[Kfloat[m[K’
[3.007s]   224 |       operator<<([01;36m[Kfloat __f[m[K)
[3.007s]       |                  [01;36m[K~~~~~~^~~[m[K
[3.007s] [01m[K/usr/include/c++/11/ostream:232:7:[m[K [01;36m[Knote: [m[Kcandidate: ‘[01m[Kstd::basic_ostream<_CharT, _Traits>::__ostream_type& std::basic_ostream<_CharT, _Traits>::operator<<(long double) [with _CharT = char; _Traits = std::char_traits<char>; std::basic_ostream<_CharT, _Traits>::__ostream_type = std::basic_ostream<char>][m[K’
[3.007s]   232 |       [01;36m[Koperator[m[K<<(long double __f)
[3.007s]       |       [01;36m[K^~~~~~~~[m[K
[3.007s] [01m[K/usr/include/c++/11/ostream:232:30:[m[K [01;36m[Knote: [m[K  no known conversion for argument 1 from ‘[01m[KOffboardControl::FlightState[m[K’ to ‘[01m[Klong double[m[K’
[3.007s]   232 |       operator<<([01;36m[Klong double __f[m[K)
[3.007s]       |                  [01;36m[K~~~~~~~~~~~~^~~[m[K
[3.007s] [01m[K/usr/include/c++/11/ostream:245:7:[m[K [01;36m[Knote: [m[Kcandidate: ‘[01m[Kstd::basic_ostream<_CharT, _Traits>::__ostream_type& std::basic_ostream<_CharT, _Traits>::operator<<(const void*) [with _CharT = char; _Traits = std::char_traits<char>; std::basic_ostream<_CharT, _Traits>::__ostream_type = std::basic_ostream<char>][m[K’
[3.007s]   245 |       [01;36m[Koperator[m[K<<(const void* __p)
[3.007s]       |       [01;36m[K^~~~~~~~[m[K
[3.007s] [01m[K/usr/include/c++/11/ostream:245:30:[m[K [01;36m[Knote: [m[K  no known conversion for argument 1 from ‘[01m[KOffboardControl::FlightState[m[K’ to ‘[01m[Kconst void*[m[K’
[3.007s]   245 |       operator<<([01;36m[Kconst void* __p[m[K)
[3.007s]       |                  [01;36m[K~~~~~~~~~~~~^~~[m[K
[3.007s] [01m[K/usr/include/c++/11/ostream:250:7:[m[K [01;36m[Knote: [m[Kcandidate: ‘[01m[Kstd::basic_ostream<_CharT, _Traits>::__ostream_type& std::basic_ostream<_CharT, _Traits>::operator<<(std::nullptr_t) [with _CharT = char; _Traits = std::char_traits<char>; std::basic_ostream<_CharT, _Traits>::__ostream_type = std::basic_ostream<char>; std::nullptr_t = std::nullptr_t][m[K’
[3.007s]   250 |       [01;36m[Koperator[m[K<<(nullptr_t)
[3.008s]       |       [01;36m[K^~~~~~~~[m[K
[3.008s] [01m[K/usr/include/c++/11/ostream:250:18:[m[K [01;36m[Knote: [m[K  no known conversion for argument 1 from ‘[01m[KOffboardControl::FlightState[m[K’ to ‘[01m[Kstd::nullptr_t[m[K’
[3.008s]   250 |       operator<<([01;36m[Knullptr_t[m[K)
[3.008s]       |                  [01;36m[K^~~~~~~~~[m[K
[3.008s] In file included from [01m[K/usr/include/c++/11/ostream:829[m[K,
[3.008s]                  from [01m[K/usr/include/c++/11/istream:39[m[K,
[3.008s]                  from [01m[K/usr/include/c++/11/sstream:38[m[K,
[3.008s]                  from [01m[K/home/niweiss/CPE-Capstone-2024-2025/ws_sensor_combined/install/px4_msgs/include/px4_msgs/px4_msgs/msg/detail/offboard_control_mode__traits.hpp:10[m[K,
[3.008s]                  from [01m[K/home/niweiss/CPE-Capstone-2024-2025/ws_sensor_combined/install/px4_msgs/include/px4_msgs/px4_msgs/msg/offboard_control_mode.hpp:9[m[K,
[3.008s]                  from [01m[K/home/niweiss/CPE-Capstone-2024-2025/ws_sensor_combined/src/px4_ros_com/src/examples/offboard/offboard_launch.cpp:9[m[K:
[3.008s] [01m[K/usr/include/c++/11/bits/ostream.tcc:119:5:[m[K [01;36m[Knote: [m[Kcandidate: ‘[01m[Kstd::basic_ostream<_Ch, _Tr>& std::basic_ostream<_CharT, _Traits>::operator<<(std::basic_ostream<_CharT, _Traits>::__streambuf_type*) [with _CharT = char; _Traits = std::char_traits<char>; std::basic_ostream<_CharT, _Traits>::__streambuf_type = std::basic_streambuf<char>][m[K’
[3.008s]   119 |     [01;36m[Kbasic_ostream<_CharT, _Traits>[m[K::
[3.008s]       |     [01;36m[K^~~~~~~~~~~~~~~~~~~~~~~~~~~~~~[m[K
[3.008s] [01m[K/usr/include/c++/11/bits/ostream.tcc:120:34:[m[K [01;36m[Knote: [m[K  no known conversion for argument 1 from ‘[01m[KOffboardControl::FlightState[m[K’ to ‘[01m[Kstd::basic_ostream<char>::__streambuf_type*[m[K’ {aka ‘[01m[Kstd::basic_streambuf<char>*[m[K’}
[3.008s]   120 |     operator<<([01;36m[K__streambuf_type* __sbin[m[K)
[3.009s]       |                [01;36m[K~~~~~~~~~~~~~~~~~~^~~~~~[m[K
[3.009s] In file included from [01m[K/usr/include/c++/11/memory:77[m[K,
[3.009s]                  from [01m[K/home/niweiss/CPE-Capstone-2024-2025/ws_sensor_combined/install/px4_msgs/include/px4_msgs/px4_msgs/msg/detail/offboard_control_mode__struct.hpp:10[m[K,
[3.009s]                  from [01m[K/home/niweiss/CPE-Capstone-2024-2025/ws_sensor_combined/install/px4_msgs/include/px4_msgs/px4_msgs/msg/offboard_control_mode.hpp:7[m[K,
[3.009s]                  from [01m[K/home/niweiss/CPE-Capstone-2024-2025/ws_sensor_combined/src/px4_ros_com/src/examples/offboard/offboard_launch.cpp:9[m[K:
[3.009s] [01m[K/usr/include/c++/11/bits/shared_ptr.h:70:5:[m[K [01;36m[Knote: [m[Kcandidate: ‘[01m[Ktemplate<class _Ch, class _Tr, class _Tp, __gnu_cxx::_Lock_policy _Lp> std::basic_ostream<_Ch, _Tr>& std::operator<<(std::basic_ostream<_Ch, _Tr>&, const std::__shared_ptr<_Tp, _Lp>&)[m[K’
[3.009s]    70 |     [01;36m[Koperator[m[K<<(std::basic_ostream<_Ch, _Tr>& __os,
[3.010s]       |     [01;36m[K^~~~~~~~[m[K
[3.010s] [01m[K/usr/include/c++/11/bits/shared_ptr.h:70:5:[m[K [01;36m[Knote: [m[K  template argument deduction/substitution failed:
[3.010s] [01m[K/home/niweiss/CPE-Capstone-2024-2025/ws_sensor_combined/src/px4_ros_com/src/examples/offboard/offboard_launch.cpp:513:249:[m[K [01;36m[Knote: [m[K  mismatched types ‘[01m[Kconst std::__shared_ptr<_Tp, _Lp>[m[K’ and ‘[01m[KOffboardControl::FlightState[m[K’
[3.010s]   513 |                 std::cout << "Received Flight Command:\n" << "Latitude: " << target_lat_ << "\nLongitude: " << target_lon_ << "\nAltitude: " << target_altitude_ << "\nRadius: " << circle_radius_ <<  "\nLength: " << square_length_ << "\nState: " << [01;36m[Kcurrent_state_[m[K << std::endl;
[3.010s]       |                                                                                                                                                                                                                                                         [01;36m[K^~~~~~~~~~~~~~[m[K
[3.010s] In file included from [01m[K/usr/include/c++/11/bits/basic_string.h:48[m[K,
[3.010s]                  from [01m[K/usr/include/c++/11/string:55[m[K,
[3.010s]                  from [01m[K/home/niweiss/CPE-Capstone-2024-2025/ws_sensor_combined/install/px4_msgs/include/px4_msgs/px4_msgs/msg/detail/offboard_control_mode__struct.hpp:11[m[K,
[3.010s]                  from [01m[K/home/niweiss/CPE-Capstone-2024-2025/ws_sensor_combined/install/px4_msgs/include/px4_msgs/px4_msgs/msg/offboard_control_mode.hpp:7[m[K,
[3.010s]                  from [01m[K/home/niweiss/CPE-Capstone-2024-2025/ws_sensor_combined/src/px4_ros_com/src/examples/offboard/offboard_launch.cpp:9[m[K:
[3.010s] [01m[K/usr/include/c++/11/string_view:667:5:[m[K [01;36m[Knote: [m[Kcandidate: ‘[01m[Ktemplate<class _CharT, class _Traits> std::basic_ostream<_Ch, _Tr>& std::operator<<(std::basic_ostream<_Ch, _Tr>&, std::basic_string_view<_CharT, _Traits>)[m[K’
[3.010s]   667 |     [01;36m[Koperator[m[K<<(basic_ostream<_CharT, _Traits>& __os,
[3.010s]       |     [01;36m[K^~~~~~~~[m[K
[3.010s] [01m[K/usr/include/c++/11/string_view:667:5:[m[K [01;36m[Knote: [m[K  template argument deduction/substitution failed:
[3.010s] [01m[K/home/niweiss/CPE-Capstone-2024-2025/ws_sensor_combined/src/px4_ros_com/src/examples/offboard/offboard_launch.cpp:513:249:[m[K [01;36m[Knote: [m[K  mismatched types ‘[01m[Kstd::basic_string_view<_CharT, _Traits>[m[K’ and ‘[01m[KOffboardControl::FlightState[m[K’
[3.010s]   513 |                 std::cout << "Received Flight Command:\n" << "Latitude: " << target_lat_ << "\nLongitude: " << target_lon_ << "\nAltitude: " << target_altitude_ << "\nRadius: " << circle_radius_ <<  "\nLength: " << square_length_ << "\nState: " << [01;36m[Kcurrent_state_[m[K << std::endl;
[3.010s]       |                                                                                                                                                                                                                                                         [01;36m[K^~~~~~~~~~~~~~[m[K
[3.010s] In file included from [01m[K/usr/include/c++/11/string:55[m[K,
[3.010s]                  from [01m[K/home/niweiss/CPE-Capstone-2024-2025/ws_sensor_combined/install/px4_msgs/include/px4_msgs/px4_msgs/msg/detail/offboard_control_mode__struct.hpp:11[m[K,
[3.010s]                  from [01m[K/home/niweiss/CPE-Capstone-2024-2025/ws_sensor_combined/install/px4_msgs/include/px4_msgs/px4_msgs/msg/offboard_control_mode.hpp:7[m[K,
[3.010s]                  from [01m[K/home/niweiss/CPE-Capstone-2024-2025/ws_sensor_combined/src/px4_ros_com/src/examples/offboard/offboard_launch.cpp:9[m[K:
[3.010s] [01m[K/usr/include/c++/11/bits/basic_string.h:6531:5:[m[K [01;36m[Knote: [m[Kcandidate: ‘[01m[Ktemplate<class _CharT, class _Traits, class _Alloc> std::basic_ostream<_Ch, _Tr>& std::operator<<(std::basic_ostream<_Ch, _Tr>&, const std::__cxx11::basic_string<_CharT, _Traits, _Allocator>&)[m[K’
[3.010s]  6531 |     [01;36m[Koperator[m[K<<(basic_ostream<_CharT, _Traits>& __os,
[3.010s]       |     [01;36m[K^~~~~~~~[m[K
[3.011s] [01m[K/usr/include/c++/11/bits/basic_string.h:6531:5:[m[K [01;36m[Knote: [m[K  template argument deduction/substitution failed:
[3.011s] [01m[K/home/niweiss/CPE-Capstone-2024-2025/ws_sensor_combined/src/px4_ros_com/src/examples/offboard/offboard_launch.cpp:513:249:[m[K [01;36m[Knote: [m[K  mismatched types ‘[01m[Kconst std::__cxx11::basic_string<_CharT, _Traits, _Allocator>[m[K’ and ‘[01m[KOffboardControl::FlightState[m[K’
[3.011s]   513 |                 std::cout << "Received Flight Command:\n" << "Latitude: " << target_lat_ << "\nLongitude: " << target_lon_ << "\nAltitude: " << target_altitude_ << "\nRadius: " << circle_radius_ <<  "\nLength: " << square_length_ << "\nState: " << [01;36m[Kcurrent_state_[m[K << std::endl;
[3.011s]       |                                                                                                                                                                                                                                                         [01;36m[K^~~~~~~~~~~~~~[m[K
[3.011s] In file included from [01m[K/usr/include/c++/11/bits/ios_base.h:46[m[K,
[3.011s]                  from [01m[K/usr/include/c++/11/ios:42[m[K,
[3.011s]                  from [01m[K/usr/include/c++/11/istream:38[m[K,
[3.011s]                  from [01m[K/usr/include/c++/11/sstream:38[m[K,
[3.011s]                  from [01m[K/home/niweiss/CPE-Capstone-2024-2025/ws_sensor_combined/install/px4_msgs/include/px4_msgs/px4_msgs/msg/detail/offboard_control_mode__traits.hpp:10[m[K,
[3.011s]                  from [01m[K/home/niweiss/CPE-Capstone-2024-2025/ws_sensor_combined/install/px4_msgs/include/px4_msgs/px4_msgs/msg/offboard_control_mode.hpp:9[m[K,
[3.011s]                  from [01m[K/home/niweiss/CPE-Capstone-2024-2025/ws_sensor_combined/src/px4_ros_com/src/examples/offboard/offboard_launch.cpp:9[m[K:
[3.011s] [01m[K/usr/include/c++/11/system_error:279:5:[m[K [01;36m[Knote: [m[Kcandidate: ‘[01m[Ktemplate<class _CharT, class _Traits> std::basic_ostream<_Ch, _Tr>& std::operator<<(std::basic_ostream<_Ch, _Tr>&, const std::error_code&)[m[K’
[3.011s]   279 |     [01;36m[Koperator[m[K<<(basic_ostream<_CharT, _Traits>& __os, const error_code& __e)
[3.011s]       |     [01;36m[K^~~~~~~~[m[K
[3.011s] [01m[K/usr/include/c++/11/system_error:279:5:[m[K [01;36m[Knote: [m[K  template argument deduction/substitution failed:
[3.011s] [01m[K/home/niweiss/CPE-Capstone-2024-2025/ws_sensor_combined/src/px4_ros_com/src/examples/offboard/offboard_launch.cpp:513:249:[m[K [01;36m[Knote: [m[K  cannot convert ‘[01m[K((OffboardControl*)this)->OffboardControl::current_state_[m[K’ (type ‘[01m[KOffboardControl::FlightState[m[K’) to type ‘[01m[Kconst std::error_code&[m[K’
[3.011s]   513 |                 std::cout << "Received Flight Command:\n" << "Latitude: " << target_lat_ << "\nLongitude: " << target_lon_ << "\nAltitude: " << target_altitude_ << "\nRadius: " << circle_radius_ <<  "\nLength: " << square_length_ << "\nState: " << [01;36m[Kcurrent_state_[m[K << std::endl;
[3.012s]       |                                                                                                                                                                                                                                                         [01;36m[K^~~~~~~~~~~~~~[m[K
[3.012s] In file included from [01m[K/usr/include/c++/11/istream:39[m[K,
[3.012s]                  from [01m[K/usr/include/c++/11/sstream:38[m[K,
[3.012s]                  from [01m[K/home/niweiss/CPE-Capstone-2024-2025/ws_sensor_combined/install/px4_msgs/include/px4_msgs/px4_msgs/msg/detail/offboard_control_mode__traits.hpp:10[m[K,
[3.012s]                  from [01m[K/home/niweiss/CPE-Capstone-2024-2025/ws_sensor_combined/install/px4_msgs/include/px4_msgs/px4_msgs/msg/offboard_control_mode.hpp:9[m[K,
[3.012s]                  from [01m[K/home/niweiss/CPE-Capstone-2024-2025/ws_sensor_combined/src/px4_ros_com/src/examples/offboard/offboard_launch.cpp:9[m[K:
[3.012s] [01m[K/usr/include/c++/11/ostream:513:5:[m[K [01;36m[Knote: [m[Kcandidate: ‘[01m[Ktemplate<class _CharT, class _Traits> std::basic_ostream<_Ch, _Tr>& std::operator<<(std::basic_ostream<_Ch, _Tr>&, _CharT)[m[K’
[3.012s]   513 |     [01;36m[Koperator[m[K<<(basic_ostream<_CharT, _Traits>& __out, _CharT __c)
[3.012s]       |     [01;36m[K^~~~~~~~[m[K
[3.012s] [01m[K/usr/include/c++/11/ostream:513:5:[m[K [01;36m[Knote: [m[K  template argument deduction/substitution failed:
[3.012s] [01m[K/home/niweiss/CPE-Capstone-2024-2025/ws_sensor_combined/src/px4_ros_com/src/examples/offboard/offboard_launch.cpp:513:249:[m[K [01;36m[Knote: [m[K  deduced conflicting types for parameter ‘[01m[K_CharT[m[K’ (‘[01m[Kchar[m[K’ and ‘[01m[KOffboardControl::FlightState[m[K’)
[3.012s]   513 |                 std::cout << "Received Flight Command:\n" << "Latitude: " << target_lat_ << "\nLongitude: " << target_lon_ << "\nAltitude: " << target_altitude_ << "\nRadius: " << circle_radius_ <<  "\nLength: " << square_length_ << "\nState: " << [01;36m[Kcurrent_state_[m[K << std::endl;
[3.012s]       |                                                                                                                                                                                                                                                         [01;36m[K^~~~~~~~~~~~~~[m[K
[3.013s] In file included from [01m[K/usr/include/c++/11/istream:39[m[K,
[3.013s]                  from [01m[K/usr/include/c++/11/sstream:38[m[K,
[3.013s]                  from [01m[K/home/niweiss/CPE-Capstone-2024-2025/ws_sensor_combined/install/px4_msgs/include/px4_msgs/px4_msgs/msg/detail/offboard_control_mode__traits.hpp:10[m[K,
[3.013s]                  from [01m[K/home/niweiss/CPE-Capstone-2024-2025/ws_sensor_combined/install/px4_msgs/include/px4_msgs/px4_msgs/msg/offboard_control_mode.hpp:9[m[K,
[3.013s]                  from [01m[K/home/niweiss/CPE-Capstone-2024-2025/ws_sensor_combined/src/px4_ros_com/src/examples/offboard/offboard_launch.cpp:9[m[K:
[3.013s] [01m[K/usr/include/c++/11/ostream:518:5:[m[K [01;36m[Knote: [m[Kcandidate: ‘[01m[Ktemplate<class _CharT, class _Traits> std::basic_ostream<_Ch, _Tr>& std::operator<<(std::basic_ostream<_Ch, _Tr>&, char)[m[K’
[3.013s]   518 |     [01;36m[Koperator[m[K<<(basic_ostream<_CharT, _Traits>& __out, char __c)
[3.013s]       |     [01;36m[K^~~~~~~~[m[K
[3.013s] [01m[K/usr/include/c++/11/ostream:518:5:[m[K [01;36m[Knote: [m[K  template argument deduction/substitution failed:
[3.013s] [01m[K/home/niweiss/CPE-Capstone-2024-2025/ws_sensor_combined/src/px4_ros_com/src/examples/offboard/offboard_launch.cpp:513:249:[m[K [01;36m[Knote: [m[K  cannot convert ‘[01m[K((OffboardControl*)this)->OffboardControl::current_state_[m[K’ (type ‘[01m[KOffboardControl::FlightState[m[K’) to type ‘[01m[Kchar[m[K’
[3.013s]   513 |                 std::cout << "Received Flight Command:\n" << "Latitude: " << target_lat_ << "\nLongitude: " << target_lon_ << "\nAltitude: " << target_altitude_ << "\nRadius: " << circle_radius_ <<  "\nLength: " << square_length_ << "\nState: " << [01;36m[Kcurrent_state_[m[K << std::endl;
[3.013s]       |                                                                                                                                                                                                                                                         [01;36m[K^~~~~~~~~~~~~~[m[K
[3.013s] In file included from [01m[K/usr/include/c++/11/istream:39[m[K,
[3.013s]                  from [01m[K/usr/include/c++/11/sstream:38[m[K,
[3.013s]                  from [01m[K/home/niweiss/CPE-Capstone-2024-2025/ws_sensor_combined/install/px4_msgs/include/px4_msgs/px4_msgs/msg/detail/offboard_control_mode__traits.hpp:10[m[K,
[3.013s]                  from [01m[K/home/niweiss/CPE-Capstone-2024-2025/ws_sensor_combined/install/px4_msgs/include/px4_msgs/px4_msgs/msg/offboard_control_mode.hpp:9[m[K,
[3.014s]                  from [01m[K/home/niweiss/CPE-Capstone-2024-2025/ws_sensor_combined/src/px4_ros_com/src/examples/offboard/offboard_launch.cpp:9[m[K:
[3.014s] [01m[K/usr/include/c++/11/ostream:524:5:[m[K [01;36m[Knote: [m[Kcandidate: ‘[01m[Ktemplate<class _Traits> std::basic_ostream<char, _Traits>& std::operator<<(std::basic_ostream<char, _Traits>&, char)[m[K’
[3.014s]   524 |     [01;36m[Koperator[m[K<<(basic_ostream<char, _Traits>& __out, char __c)
[3.014s]       |     [01;36m[K^~~~~~~~[m[K
[3.014s] [01m[K/usr/include/c++/11/ostream:524:5:[m[K [01;36m[Knote: [m[K  template argument deduction/substitution failed:
[3.014s] [01m[K/home/niweiss/CPE-Capstone-2024-2025/ws_sensor_combined/src/px4_ros_com/src/examples/offboard/offboard_launch.cpp:513:249:[m[K [01;36m[Knote: [m[K  cannot convert ‘[01m[K((OffboardControl*)this)->OffboardControl::current_state_[m[K’ (type ‘[01m[KOffboardControl::FlightState[m[K’) to type ‘[01m[Kchar[m[K’
[3.014s]   513 |                 std::cout << "Received Flight Command:\n" << "Latitude: " << target_lat_ << "\nLongitude: " << target_lon_ << "\nAltitude: " << target_altitude_ << "\nRadius: " << circle_radius_ <<  "\nLength: " << square_length_ << "\nState: " << [01;36m[Kcurrent_state_[m[K << std::endl;
[3.014s]       |                                                                                                                                                                                                                                                         [01;36m[K^~~~~~~~~~~~~~[m[K
[3.014s] In file included from [01m[K/usr/include/c++/11/istream:39[m[K,
[3.014s]                  from [01m[K/usr/include/c++/11/sstream:38[m[K,
[3.014s]                  from [01m[K/home/niweiss/CPE-Capstone-2024-2025/ws_sensor_combined/install/px4_msgs/include/px4_msgs/px4_msgs/msg/detail/offboard_control_mode__traits.hpp:10[m[K,
[3.014s]                  from [01m[K/home/niweiss/CPE-Capstone-2024-2025/ws_sensor_combined/install/px4_msgs/include/px4_msgs/px4_msgs/msg/offboard_control_mode.hpp:9[m[K,
[3.014s]                  from [01m[K/home/niweiss/CPE-Capstone-2024-2025/ws_sensor_combined/src/px4_ros_com/src/examples/offboard/offboard_launch.cpp:9[m[K:
[3.014s] [01m[K/usr/include/c++/11/ostream:530:5:[m[K [01;36m[Knote: [m[Kcandidate: ‘[01m[Ktemplate<class _Traits> std::basic_ostream<char, _Traits>& std::operator<<(std::basic_ostream<char, _Traits>&, signed char)[m[K’
[3.014s]   530 |     [01;36m[Koperator[m[K<<(basic_ostream<char, _Traits>& __out, signed char __c)
[3.014s]       |     [01;36m[K^~~~~~~~[m[K
[3.014s] [01m[K/usr/include/c++/11/ostream:530:5:[m[K [01;36m[Knote: [m[K  template argument deduction/substitution failed:
[3.014s] [01m[K/home/niweiss/CPE-Capstone-2024-2025/ws_sensor_combined/src/px4_ros_com/src/examples/offboard/offboard_launch.cpp:513:249:[m[K [01;36m[Knote: [m[K  cannot convert ‘[01m[K((OffboardControl*)this)->OffboardControl::current_state_[m[K’ (type ‘[01m[KOffboardControl::FlightState[m[K’) to type ‘[01m[Ksigned char[m[K’
[3.015s]   513 |                 std::cout << "Received Flight Command:\n" << "Latitude: " << target_lat_ << "\nLongitude: " << target_lon_ << "\nAltitude: " << target_altitude_ << "\nRadius: " << circle_radius_ <<  "\nLength: " << square_length_ << "\nState: " << [01;36m[Kcurrent_state_[m[K << std::endl;
[3.015s]       |                                                                                                                                                                                                                                                         [01;36m[K^~~~~~~~~~~~~~[m[K
[3.015s] In file included from [01m[K/usr/include/c++/11/istream:39[m[K,
[3.015s]                  from [01m[K/usr/include/c++/11/sstream:38[m[K,
[3.015s]                  from [01m[K/home/niweiss/CPE-Capstone-2024-2025/ws_sensor_combined/install/px4_msgs/include/px4_msgs/px4_msgs/msg/detail/offboard_control_mode__traits.hpp:10[m[K,
[3.015s]                  from [01m[K/home/niweiss/CPE-Capstone-2024-2025/ws_sensor_combined/install/px4_msgs/include/px4_msgs/px4_msgs/msg/offboard_control_mode.hpp:9[m[K,
[3.015s]                  from [01m[K/home/niweiss/CPE-Capstone-2024-2025/ws_sensor_combined/src/px4_ros_com/src/examples/offboard/offboard_launch.cpp:9[m[K:
[3.015s] [01m[K/usr/include/c++/11/ostream:535:5:[m[K [01;36m[Knote: [m[Kcandidate: ‘[01m[Ktemplate<class _Traits> std::basic_ostream<char, _Traits>& std::operator<<(std::basic_ostream<char, _Traits>&, unsigned char)[m[K’
[3.015s]   535 |     [01;36m[Koperator[m[K<<(basic_ostream<char, _Traits>& __out, unsigned char __c)
[3.015s]       |     [01;36m[K^~~~~~~~[m[K
[3.015s] [01m[K/usr/include/c++/11/ostream:535:5:[m[K [01;36m[Knote: [m[K  template argument deduction/substitution failed:
[3.015s] [01m[K/home/niweiss/CPE-Capstone-2024-2025/ws_sensor_combined/src/px4_ros_com/src/examples/offboard/offboard_launch.cpp:513:249:[m[K [01;36m[Knote: [m[K  cannot convert ‘[01m[K((OffboardControl*)this)->OffboardControl::current_state_[m[K’ (type ‘[01m[KOffboardControl::FlightState[m[K’) to type ‘[01m[Kunsigned char[m[K’
[3.015s]   513 |                 std::cout << "Received Flight Command:\n" << "Latitude: " << target_lat_ << "\nLongitude: " << target_lon_ << "\nAltitude: " << target_altitude_ << "\nRadius: " << circle_radius_ <<  "\nLength: " << square_length_ << "\nState: " << [01;36m[Kcurrent_state_[m[K << std::endl;
[3.015s]       |                                                                                                                                                                                                                                                         [01;36m[K^~~~~~~~~~~~~~[m[K
[3.015s] In file included from [01m[K/usr/include/c++/11/istream:39[m[K,
[3.015s]                  from [01m[K/usr/include/c++/11/sstream:38[m[K,
[3.015s]                  from [01m[K/home/niweiss/CPE-Capstone-2024-2025/ws_sensor_combined/install/px4_msgs/include/px4_msgs/px4_msgs/msg/detail/offboard_control_mode__traits.hpp:10[m[K,
[3.016s]                  from [01m[K/home/niweiss/CPE-Capstone-2024-2025/ws_sensor_combined/install/px4_msgs/include/px4_msgs/px4_msgs/msg/offboard_control_mode.hpp:9[m[K,
[3.016s]                  from [01m[K/home/niweiss/CPE-Capstone-2024-2025/ws_sensor_combined/src/px4_ros_com/src/examples/offboard/offboard_launch.cpp:9[m[K:
[3.016s] [01m[K/usr/include/c++/11/ostream:594:5:[m[K [01;36m[Knote: [m[Kcandidate: ‘[01m[Ktemplate<class _CharT, class _Traits> std::basic_ostream<_Ch, _Tr>& std::operator<<(std::basic_ostream<_Ch, _Tr>&, const _CharT*)[m[K’
[3.016s]   594 |     [01;36m[Koperator[m[K<<(basic_ostream<_CharT, _Traits>& __out, const _CharT* __s)
[3.016s]       |     [01;36m[K^~~~~~~~[m[K
[3.016s] [01m[K/usr/include/c++/11/ostream:594:5:[m[K [01;36m[Knote: [m[K  template argument deduction/substitution failed:
[3.016s] [01m[K/home/niweiss/CPE-Capstone-2024-2025/ws_sensor_combined/src/px4_ros_com/src/examples/offboard/offboard_launch.cpp:513:249:[m[K [01;36m[Knote: [m[K  mismatched types ‘[01m[Kconst _CharT*[m[K’ and ‘[01m[KOffboardControl::FlightState[m[K’
[3.016s]   513 |                 std::cout << "Received Flight Command:\n" << "Latitude: " << target_lat_ << "\nLongitude: " << target_lon_ << "\nAltitude: " << target_altitude_ << "\nRadius: " << circle_radius_ <<  "\nLength: " << square_length_ << "\nState: " << [01;36m[Kcurrent_state_[m[K << std::endl;
[3.016s]       |                                                                                                                                                                                                                                                         [01;36m[K^~~~~~~~~~~~~~[m[K
[3.016s] In file included from [01m[K/usr/include/c++/11/ostream:829[m[K,
[3.016s]                  from [01m[K/usr/include/c++/11/istream:39[m[K,
[3.016s]                  from [01m[K/usr/include/c++/11/sstream:38[m[K,
[3.016s]                  from [01m[K/home/niweiss/CPE-Capstone-2024-2025/ws_sensor_combined/install/px4_msgs/include/px4_msgs/px4_msgs/msg/detail/offboard_control_mode__traits.hpp:10[m[K,
[3.016s]                  from [01m[K/home/niweiss/CPE-Capstone-2024-2025/ws_sensor_combined/install/px4_msgs/include/px4_msgs/px4_msgs/msg/offboard_control_mode.hpp:9[m[K,
[3.016s]                  from [01m[K/home/niweiss/CPE-Capstone-2024-2025/ws_sensor_combined/src/px4_ros_com/src/examples/offboard/offboard_launch.cpp:9[m[K:
[3.016s] [01m[K/usr/include/c++/11/bits/ostream.tcc:321:5:[m[K [01;36m[Knote: [m[Kcandidate: ‘[01m[Ktemplate<class _CharT, class _Traits> std::basic_ostream<_Ch, _Tr>& std::operator<<(std::basic_ostream<_Ch, _Tr>&, const char*)[m[K’
[3.016s]   321 |     [01;36m[Koperator[m[K<<(basic_ostream<_CharT, _Traits>& __out, const char* __s)
[3.016s]       |     [01;36m[K^~~~~~~~[m[K
[3.017s] [01m[K/usr/include/c++/11/bits/ostream.tcc:321:5:[m[K [01;36m[Knote: [m[K  template argument deduction/substitution failed:
[3.017s] [01m[K/home/niweiss/CPE-Capstone-2024-2025/ws_sensor_combined/src/px4_ros_com/src/examples/offboard/offboard_launch.cpp:513:249:[m[K [01;36m[Knote: [m[K  cannot convert ‘[01m[K((OffboardControl*)this)->OffboardControl::current_state_[m[K’ (type ‘[01m[KOffboardControl::FlightState[m[K’) to type ‘[01m[Kconst char*[m[K’
[3.017s]   513 |                 std::cout << "Received Flight Command:\n" << "Latitude: " << target_lat_ << "\nLongitude: " << target_lon_ << "\nAltitude: " << target_altitude_ << "\nRadius: " << circle_radius_ <<  "\nLength: " << square_length_ << "\nState: " << [01;36m[Kcurrent_state_[m[K << std::endl;
[3.017s]       |                                                                                                                                                                                                                                                         [01;36m[K^~~~~~~~~~~~~~[m[K
[3.017s] In file included from [01m[K/usr/include/c++/11/istream:39[m[K,
[3.017s]                  from [01m[K/usr/include/c++/11/sstream:38[m[K,
[3.017s]                  from [01m[K/home/niweiss/CPE-Capstone-2024-2025/ws_sensor_combined/install/px4_msgs/include/px4_msgs/px4_msgs/msg/detail/offboard_control_mode__traits.hpp:10[m[K,
[3.017s]                  from [01m[K/home/niweiss/CPE-Capstone-2024-2025/ws_sensor_combined/install/px4_msgs/include/px4_msgs/px4_msgs/msg/offboard_control_mode.hpp:9[m[K,
[3.017s]                  from [01m[K/home/niweiss/CPE-Capstone-2024-2025/ws_sensor_combined/src/px4_ros_com/src/examples/offboard/offboard_launch.cpp:9[m[K:
[3.017s] [01m[K/usr/include/c++/11/ostream:611:5:[m[K [01;36m[Knote: [m[Kcandidate: ‘[01m[Ktemplate<class _Traits> std::basic_ostream<char, _Traits>& std::operator<<(std::basic_ostream<char, _Traits>&, const char*)[m[K’
[3.018s]   611 |     [01;36m[Koperator[m[K<<(basic_ostream<char, _Traits>& __out, const char* __s)
[3.018s]       |     [01;36m[K^~~~~~~~[m[K
[3.018s] [01m[K/usr/include/c++/11/ostream:611:5:[m[K [01;36m[Knote: [m[K  template argument deduction/substitution failed:
[3.018s] [01m[K/home/niweiss/CPE-Capstone-2024-2025/ws_sensor_combined/src/px4_ros_com/src/examples/offboard/offboard_launch.cpp:513:249:[m[K [01;36m[Knote: [m[K  cannot convert ‘[01m[K((OffboardControl*)this)->OffboardControl::current_state_[m[K’ (type ‘[01m[KOffboardControl::FlightState[m[K’) to type ‘[01m[Kconst char*[m[K’
[3.018s]   513 |                 std::cout << "Received Flight Command:\n" << "Latitude: " << target_lat_ << "\nLongitude: " << target_lon_ << "\nAltitude: " << target_altitude_ << "\nRadius: " << circle_radius_ <<  "\nLength: " << square_length_ << "\nState: " << [01;36m[Kcurrent_state_[m[K << std::endl;
[3.018s]       |                                                                                                                                                                                                                                                         [01;36m[K^~~~~~~~~~~~~~[m[K
[3.018s] In file included from [01m[K/usr/include/c++/11/istream:39[m[K,
[3.018s]                  from [01m[K/usr/include/c++/11/sstream:38[m[K,
[3.018s]                  from [01m[K/home/niweiss/CPE-Capstone-2024-2025/ws_sensor_combined/install/px4_msgs/include/px4_msgs/px4_msgs/msg/detail/offboard_control_mode__traits.hpp:10[m[K,
[3.018s]                  from [01m[K/home/niweiss/CPE-Capstone-2024-2025/ws_sensor_combined/install/px4_msgs/include/px4_msgs/px4_msgs/msg/offboard_control_mode.hpp:9[m[K,
[3.018s]                  from [01m[K/home/niweiss/CPE-Capstone-2024-2025/ws_sensor_combined/src/px4_ros_com/src/examples/offboard/offboard_launch.cpp:9[m[K:
[3.018s] [01m[K/usr/include/c++/11/ostream:624:5:[m[K [01;36m[Knote: [m[Kcandidate: ‘[01m[Ktemplate<class _Traits> std::basic_ostream<char, _Traits>& std::operator<<(std::basic_ostream<char, _Traits>&, const signed char*)[m[K’
[3.019s]   624 |     [01;36m[Koperator[m[K<<(basic_ostream<char, _Traits>& __out, const signed char* __s)
[3.019s]       |     [01;36m[K^~~~~~~~[m[K
[3.019s] [01m[K/usr/include/c++/11/ostream:624:5:[m[K [01;36m[Knote: [m[K  template argument deduction/substitution failed:
[3.019s] [01m[K/home/niweiss/CPE-Capstone-2024-2025/ws_sensor_combined/src/px4_ros_com/src/examples/offboard/offboard_launch.cpp:513:249:[m[K [01;36m[Knote: [m[K  cannot convert ‘[01m[K((OffboardControl*)this)->OffboardControl::current_state_[m[K’ (type ‘[01m[KOffboardControl::FlightState[m[K’) to type ‘[01m[Kconst signed char*[m[K’
[3.019s]   513 |                 std::cout << "Received Flight Command:\n" << "Latitude: " << target_lat_ << "\nLongitude: " << target_lon_ << "\nAltitude: " << target_altitude_ << "\nRadius: " << circle_radius_ <<  "\nLength: " << square_length_ << "\nState: " << [01;36m[Kcurrent_state_[m[K << std::endl;
[3.019s]       |                                                                                                                                                                                                                                                         [01;36m[K^~~~~~~~~~~~~~[m[K
[3.019s] In file included from [01m[K/usr/include/c++/11/istream:39[m[K,
[3.019s]                  from [01m[K/usr/include/c++/11/sstream:38[m[K,
[3.019s]                  from [01m[K/home/niweiss/CPE-Capstone-2024-2025/ws_sensor_combined/install/px4_msgs/include/px4_msgs/px4_msgs/msg/detail/offboard_control_mode__traits.hpp:10[m[K,
[3.019s]                  from [01m[K/home/niweiss/CPE-Capstone-2024-2025/ws_sensor_combined/install/px4_msgs/include/px4_msgs/px4_msgs/msg/offboard_control_mode.hpp:9[m[K,
[3.019s]                  from [01m[K/home/niweiss/CPE-Capstone-2024-2025/ws_sensor_combined/src/px4_ros_com/src/examples/offboard/offboard_launch.cpp:9[m[K:
[3.019s] [01m[K/usr/include/c++/11/ostream:629:5:[m[K [01;36m[Knote: [m[Kcandidate: ‘[01m[Ktemplate<class _Traits> std::basic_ostream<char, _Traits>& std::operator<<(std::basic_ostream<char, _Traits>&, const unsigned char*)[m[K’
[3.019s]   629 |     [01;36m[Koperator[m[K<<(basic_ostream<char, _Traits>& __out, const unsigned char* __s)
[3.019s]       |     [01;36m[K^~~~~~~~[m[K
[3.019s] [01m[K/usr/include/c++/11/ostream:629:5:[m[K [01;36m[Knote: [m[K  template argument deduction/substitution failed:
[3.019s] [01m[K/home/niweiss/CPE-Capstone-2024-2025/ws_sensor_combined/src/px4_ros_com/src/examples/offboard/offboard_launch.cpp:513:249:[m[K [01;36m[Knote: [m[K  cannot convert ‘[01m[K((OffboardControl*)this)->OffboardControl::current_state_[m[K’ (type ‘[01m[KOffboardControl::FlightState[m[K’) to type ‘[01m[Kconst unsigned char*[m[K’
[3.019s]   513 |                 std::cout << "Received Flight Command:\n" << "Latitude: " << target_lat_ << "\nLongitude: " << target_lon_ << "\nAltitude: " << target_altitude_ << "\nRadius: " << circle_radius_ <<  "\nLength: " << square_length_ << "\nState: " << [01;36m[Kcurrent_state_[m[K << std::endl;
[3.019s]       |                                                                                                                                                                                                                                                         [01;36m[K^~~~~~~~~~~~~~[m[K
[3.020s] In file included from [01m[K/usr/include/c++/11/istream:39[m[K,
[3.020s]                  from [01m[K/usr/include/c++/11/sstream:38[m[K,
[3.020s]                  from [01m[K/home/niweiss/CPE-Capstone-2024-2025/ws_sensor_combined/install/px4_msgs/include/px4_msgs/px4_msgs/msg/detail/offboard_control_mode__traits.hpp:10[m[K,
[3.020s]                  from [01m[K/home/niweiss/CPE-Capstone-2024-2025/ws_sensor_combined/install/px4_msgs/include/px4_msgs/px4_msgs/msg/offboard_control_mode.hpp:9[m[K,
[3.020s]                  from [01m[K/home/niweiss/CPE-Capstone-2024-2025/ws_sensor_combined/src/px4_ros_com/src/examples/offboard/offboard_launch.cpp:9[m[K:
[3.020s] [01m[K/usr/include/c++/11/ostream:750:5:[m[K [01;36m[Knote: [m[Kcandidate: ‘[01m[Ktemplate<class _Ostream, class _Tp> _Ostream&& std::operator<<(_Ostream&&, const _Tp&)[m[K’
[3.020s]   750 |     [01;36m[Koperator[m[K<<(_Ostream&& __os, const _Tp& __x)
[3.020s]       |     [01;36m[K^~~~~~~~[m[K
[3.020s] [01m[K/usr/include/c++/11/ostream:750:5:[m[K [01;36m[Knote: [m[K  template argument deduction/substitution failed:
[3.020s] /usr/include/c++/11/ostream: In substitution of ‘[01m[Ktemplate<class _Ostream, class _Tp> _Ostream&& std::operator<<(_Ostream&&, const _Tp&) [with _Ostream = std::basic_ostream<char>&; _Tp = OffboardControl::FlightState][m[K’:
[3.020s] [01m[K/home/niweiss/CPE-Capstone-2024-2025/ws_sensor_combined/src/px4_ros_com/src/examples/offboard/offboard_launch.cpp:513:235:[m[K   required from here
[3.020s] [01m[K/usr/include/c++/11/ostream:750:5:[m[K [01;31m[Kerror: [m[Kno type named ‘[01m[Ktype[m[K’ in ‘[01m[Kstruct std::enable_if<false, void>[m[K’
[3.020s] In file included from [01m[K/opt/ros/humble/include/rosidl_runtime_cpp/rosidl_runtime_cpp/traits.hpp:19[m[K,
[3.020s]                  from [01m[K/home/niweiss/CPE-Capstone-2024-2025/ws_sensor_combined/install/px4_msgs/include/px4_msgs/px4_msgs/msg/detail/offboard_control_mode__traits.hpp:15[m[K,
[3.020s]                  from [01m[K/home/niweiss/CPE-Capstone-2024-2025/ws_sensor_combined/install/px4_msgs/include/px4_msgs/px4_msgs/msg/offboard_control_mode.hpp:9[m[K,
[3.020s]                  from [01m[K/home/niweiss/CPE-Capstone-2024-2025/ws_sensor_combined/src/px4_ros_com/src/examples/offboard/offboard_launch.cpp:9[m[K:
[3.020s] [01m[K/usr/include/c++/11/iomanip:79:5:[m[K [01;36m[Knote: [m[Kcandidate: ‘[01m[Ktemplate<class _CharT, class _Traits> std::basic_ostream<_Ch, _Tr>& std::operator<<(std::basic_ostream<_Ch, _Tr>&, std::_Resetiosflags)[m[K’
[3.021s]    79 |     [01;36m[Koperator[m[K<<(basic_ostream<_CharT, _Traits>& __os, _Resetiosflags __f)
[3.021s]       |     [01;36m[K^~~~~~~~[m[K
[3.021s] [01m[K/usr/include/c++/11/iomanip:79:5:[m[K [01;36m[Knote: [m[K  template argument deduction/substitution failed:
[3.021s] [01m[K/home/niweiss/CPE-Capstone-2024-2025/ws_sensor_combined/src/px4_ros_com/src/examples/offboard/offboard_launch.cpp:513:249:[m[K [01;36m[Knote: [m[K  cannot convert ‘[01m[K((OffboardControl*)this)->OffboardControl::current_state_[m[K’ (type ‘[01m[KOffboardControl::FlightState[m[K’) to type ‘[01m[Kstd::_Resetiosflags[m[K’
[3.021s]   513 |                 std::cout << "Received Flight Command:\n" << "Latitude: " << target_lat_ << "\nLongitude: " << target_lon_ << "\nAltitude: " << target_altitude_ << "\nRadius: " << circle_radius_ <<  "\nLength: " << square_length_ << "\nState: " << [01;36m[Kcurrent_state_[m[K << std::endl;
[3.021s]       |                                                                                                                                                                                                                                                         [01;36m[K^~~~~~~~~~~~~~[m[K
[3.021s] In file included from [01m[K/opt/ros/humble/include/rosidl_runtime_cpp/rosidl_runtime_cpp/traits.hpp:19[m[K,
[3.021s]                  from [01m[K/home/niweiss/CPE-Capstone-2024-2025/ws_sensor_combined/install/px4_msgs/include/px4_msgs/px4_msgs/msg/detail/offboard_control_mode__traits.hpp:15[m[K,
[3.021s]                  from [01m[K/home/niweiss/CPE-Capstone-2024-2025/ws_sensor_combined/install/px4_msgs/include/px4_msgs/px4_msgs/msg/offboard_control_mode.hpp:9[m[K,
[3.021s]                  from [01m[K/home/niweiss/CPE-Capstone-2024-2025/ws_sensor_combined/src/px4_ros_com/src/examples/offboard/offboard_launch.cpp:9[m[K:
[3.021s] [01m[K/usr/include/c++/11/iomanip:109:5:[m[K [01;36m[Knote: [m[Kcandidate: ‘[01m[Ktemplate<class _CharT, class _Traits> std::basic_ostream<_Ch, _Tr>& std::operator<<(std::basic_ostream<_Ch, _Tr>&, std::_Setiosflags)[m[K’
[3.021s]   109 |     [01;36m[Koperator[m[K<<(basic_ostream<_CharT, _Traits>& __os, _Setiosflags __f)
[3.021s]       |     [01;36m[K^~~~~~~~[m[K
[3.021s] [01m[K/usr/include/c++/11/iomanip:109:5:[m[K [01;36m[Knote: [m[K  template argument deduction/substitution failed:
[3.021s] [01m[K/home/niweiss/CPE-Capstone-2024-2025/ws_sensor_combined/src/px4_ros_com/src/examples/offboard/offboard_launch.cpp:513:249:[m[K [01;36m[Knote: [m[K  cannot convert ‘[01m[K((OffboardControl*)this)->OffboardControl::current_state_[m[K’ (type ‘[01m[KOffboardControl::FlightState[m[K’) to type ‘[01m[Kstd::_Setiosflags[m[K’
[3.021s]   513 |                 std::cout << "Received Flight Command:\n" << "Latitude: " << target_lat_ << "\nLongitude: " << target_lon_ << "\nAltitude: " << target_altitude_ << "\nRadius: " << circle_radius_ <<  "\nLength: " << square_length_ << "\nState: " << [01;36m[Kcurrent_state_[m[K << std::endl;
[3.021s]       |                                                                                                                                                                                                                                                         [01;36m[K^~~~~~~~~~~~~~[m[K
[3.021s] In file included from [01m[K/opt/ros/humble/include/rosidl_runtime_cpp/rosidl_runtime_cpp/traits.hpp:19[m[K,
[3.022s]                  from [01m[K/home/niweiss/CPE-Capstone-2024-2025/ws_sensor_combined/install/px4_msgs/include/px4_msgs/px4_msgs/msg/detail/offboard_control_mode__traits.hpp:15[m[K,
[3.022s]                  from [01m[K/home/niweiss/CPE-Capstone-2024-2025/ws_sensor_combined/install/px4_msgs/include/px4_msgs/px4_msgs/msg/offboard_control_mode.hpp:9[m[K,
[3.022s]                  from [01m[K/home/niweiss/CPE-Capstone-2024-2025/ws_sensor_combined/src/px4_ros_com/src/examples/offboard/offboard_launch.cpp:9[m[K:
[3.022s] [01m[K/usr/include/c++/11/iomanip:143:5:[m[K [01;36m[Knote: [m[Kcandidate: ‘[01m[Ktemplate<class _CharT, class _Traits> std::basic_ostream<_Ch, _Tr>& std::operator<<(std::basic_ostream<_Ch, _Tr>&, std::_Setbase)[m[K’
[3.022s]   143 |     [01;36m[Koperator[m[K<<(basic_ostream<_CharT, _Traits>& __os, _Setbase __f)
[3.022s]       |     [01;36m[K^~~~~~~~[m[K
[3.022s] [01m[K/usr/include/c++/11/iomanip:143:5:[m[K [01;36m[Knote: [m[K  template argument deduction/substitution failed:
[3.022s] [01m[K/home/niweiss/CPE-Capstone-2024-2025/ws_sensor_combined/src/px4_ros_com/src/examples/offboard/offboard_launch.cpp:513:249:[m[K [01;36m[Knote: [m[K  cannot convert ‘[01m[K((OffboardControl*)this)->OffboardControl::current_state_[m[K’ (type ‘[01m[KOffboardControl::FlightState[m[K’) to type ‘[01m[Kstd::_Setbase[m[K’
[3.022s]   513 |                 std::cout << "Received Flight Command:\n" << "Latitude: " << target_lat_ << "\nLongitude: " << target_lon_ << "\nAltitude: " << target_altitude_ << "\nRadius: " << circle_radius_ <<  "\nLength: " << square_length_ << "\nState: " << [01;36m[Kcurrent_state_[m[K << std::endl;
[3.022s]       |                                                                                                                                                                                                                                                         [01;36m[K^~~~~~~~~~~~~~[m[K
[3.022s] In file included from [01m[K/opt/ros/humble/include/rosidl_runtime_cpp/rosidl_runtime_cpp/traits.hpp:19[m[K,
[3.022s]                  from [01m[K/home/niweiss/CPE-Capstone-2024-2025/ws_sensor_combined/install/px4_msgs/include/px4_msgs/px4_msgs/msg/detail/offboard_control_mode__traits.hpp:15[m[K,
[3.022s]                  from [01m[K/home/niweiss/CPE-Capstone-2024-2025/ws_sensor_combined/install/px4_msgs/include/px4_msgs/px4_msgs/msg/offboard_control_mode.hpp:9[m[K,
[3.022s]                  from [01m[K/home/niweiss/CPE-Capstone-2024-2025/ws_sensor_combined/src/px4_ros_com/src/examples/offboard/offboard_launch.cpp:9[m[K:
[3.023s] [01m[K/usr/include/c++/11/iomanip:178:5:[m[K [01;36m[Knote: [m[Kcandidate: ‘[01m[Ktemplate<class _CharT, class _Traits> std::basic_ostream<_Ch, _Tr>& std::operator<<(std::basic_ostream<_Ch, _Tr>&, std::_Setfill<_CharT>)[m[K’
[3.023s]   178 |     [01;36m[Koperator[m[K<<(basic_ostream<_CharT, _Traits>& __os, _Setfill<_CharT> __f)
[3.023s]       |     [01;36m[K^~~~~~~~[m[K
[3.023s] [01m[K/usr/include/c++/11/iomanip:178:5:[m[K [01;36m[Knote: [m[K  template argument deduction/substitution failed:
[3.023s] [01m[K/home/niweiss/CPE-Capstone-2024-2025/ws_sensor_combined/src/px4_ros_com/src/examples/offboard/offboard_launch.cpp:513:249:[m[K [01;36m[Knote: [m[K  mismatched types ‘[01m[Kstd::_Setfill<_CharT>[m[K’ and ‘[01m[KOffboardControl::FlightState[m[K’
[3.023s]   513 |                 std::cout << "Received Flight Command:\n" << "Latitude: " << target_lat_ << "\nLongitude: " << target_lon_ << "\nAltitude: " << target_altitude_ << "\nRadius: " << circle_radius_ <<  "\nLength: " << square_length_ << "\nState: " << [01;36m[Kcurrent_state_[m[K << std::endl;
[3.023s]       |                                                                                                                                                                                                                                                         [01;36m[K^~~~~~~~~~~~~~[m[K
[3.023s] In file included from [01m[K/opt/ros/humble/include/rosidl_runtime_cpp/rosidl_runtime_cpp/traits.hpp:19[m[K,
[3.023s]                  from [01m[K/home/niweiss/CPE-Capstone-2024-2025/ws_sensor_combined/install/px4_msgs/include/px4_msgs/px4_msgs/msg/detail/offboard_control_mode__traits.hpp:15[m[K,
[3.024s]                  from [01m[K/home/niweiss/CPE-Capstone-2024-2025/ws_sensor_combined/install/px4_msgs/include/px4_msgs/px4_msgs/msg/offboard_control_mode.hpp:9[m[K,
[3.024s]                  from [01m[K/home/niweiss/CPE-Capstone-2024-2025/ws_sensor_combined/src/px4_ros_com/src/examples/offboard/offboard_launch.cpp:9[m[K:
[3.024s] [01m[K/usr/include/c++/11/iomanip:208:5:[m[K [01;36m[Knote: [m[Kcandidate: ‘[01m[Ktemplate<class _CharT, class _Traits> std::basic_ostream<_Ch, _Tr>& std::operator<<(std::basic_ostream<_Ch, _Tr>&, std::_Setprecision)[m[K’
[3.024s]   208 |     [01;36m[Koperator[m[K<<(basic_ostream<_CharT, _Traits>& __os, _Setprecision __f)
[3.024s]       |     [01;36m[K^~~~~~~~[m[K
[3.024s] [01m[K/usr/include/c++/11/iomanip:208:5:[m[K [01;36m[Knote: [m[K  template argument deduction/substitution failed:
[3.024s] [01m[K/home/niweiss/CPE-Capstone-2024-2025/ws_sensor_combined/src/px4_ros_com/src/examples/offboard/offboard_launch.cpp:513:249:[m[K [01;36m[Knote: [m[K  cannot convert ‘[01m[K((OffboardControl*)this)->OffboardControl::current_state_[m[K’ (type ‘[01m[KOffboardControl::FlightState[m[K’) to type ‘[01m[Kstd::_Setprecision[m[K’
[3.024s]   513 |                 std::cout << "Received Flight Command:\n" << "Latitude: " << target_lat_ << "\nLongitude: " << target_lon_ << "\nAltitude: " << target_altitude_ << "\nRadius: " << circle_radius_ <<  "\nLength: " << square_length_ << "\nState: " << [01;36m[Kcurrent_state_[m[K << std::endl;
[3.024s]       |                                                                                                                                                                                                                                                         [01;36m[K^~~~~~~~~~~~~~[m[K
[3.024s] In file included from [01m[K/opt/ros/humble/include/rosidl_runtime_cpp/rosidl_runtime_cpp/traits.hpp:19[m[K,
[3.024s]                  from [01m[K/home/niweiss/CPE-Capstone-2024-2025/ws_sensor_combined/install/px4_msgs/include/px4_msgs/px4_msgs/msg/detail/offboard_control_mode__traits.hpp:15[m[K,
[3.024s]                  from [01m[K/home/niweiss/CPE-Capstone-2024-2025/ws_sensor_combined/install/px4_msgs/include/px4_msgs/px4_msgs/msg/offboard_control_mode.hpp:9[m[K,
[3.024s]                  from [01m[K/home/niweiss/CPE-Capstone-2024-2025/ws_sensor_combined/src/px4_ros_com/src/examples/offboard/offboard_launch.cpp:9[m[K:
[3.024s] [01m[K/usr/include/c++/11/iomanip:238:5:[m[K [01;36m[Knote: [m[Kcandidate: ‘[01m[Ktemplate<class _CharT, class _Traits> std::basic_ostream<_Ch, _Tr>& std::operator<<(std::basic_ostream<_Ch, _Tr>&, std::_Setw)[m[K’
[3.024s]   238 |     [01;36m[Koperator[m[K<<(basic_ostream<_CharT, _Traits>& __os, _Setw __f)
[3.024s]       |     [01;36m[K^~~~~~~~[m[K
[3.025s] [01m[K/usr/include/c++/11/iomanip:238:5:[m[K [01;36m[Knote: [m[K  template argument deduction/substitution failed:
[3.025s] [01m[K/home/niweiss/CPE-Capstone-2024-2025/ws_sensor_combined/src/px4_ros_com/src/examples/offboard/offboard_launch.cpp:513:249:[m[K [01;36m[Knote: [m[K  cannot convert ‘[01m[K((OffboardControl*)this)->OffboardControl::current_state_[m[K’ (type ‘[01m[KOffboardControl::FlightState[m[K’) to type ‘[01m[Kstd::_Setw[m[K’
[3.025s]   513 |                 std::cout << "Received Flight Command:\n" << "Latitude: " << target_lat_ << "\nLongitude: " << target_lon_ << "\nAltitude: " << target_altitude_ << "\nRadius: " << circle_radius_ <<  "\nLength: " << square_length_ << "\nState: " << [01;36m[Kcurrent_state_[m[K << std::endl;
[3.025s]       |                                                                                                                                                                                                                                                         [01;36m[K^~~~~~~~~~~~~~[m[K
[3.025s] In file included from [01m[K/opt/ros/humble/include/rosidl_runtime_cpp/rosidl_runtime_cpp/traits.hpp:19[m[K,
[3.025s]                  from [01m[K/home/niweiss/CPE-Capstone-2024-2025/ws_sensor_combined/install/px4_msgs/include/px4_msgs/px4_msgs/msg/detail/offboard_control_mode__traits.hpp:15[m[K,
[3.025s]                  from [01m[K/home/niweiss/CPE-Capstone-2024-2025/ws_sensor_combined/install/px4_msgs/include/px4_msgs/px4_msgs/msg/offboard_control_mode.hpp:9[m[K,
[3.025s]                  from [01m[K/home/niweiss/CPE-Capstone-2024-2025/ws_sensor_combined/src/px4_ros_com/src/examples/offboard/offboard_launch.cpp:9[m[K:
[3.025s] [01m[K/usr/include/c++/11/iomanip:311:5:[m[K [01;36m[Knote: [m[Kcandidate: ‘[01m[Ktemplate<class _CharT, class _Traits, class _MoneyT> std::basic_ostream<_Ch, _Tr>& std::operator<<(std::basic_ostream<_Ch, _Tr>&, std::_Put_money<_MoneyT>)[m[K’
[3.025s]   311 |     [01;36m[Koperator[m[K<<(basic_ostream<_CharT, _Traits>& __os, _Put_money<_MoneyT> __f)
[3.025s]       |     [01;36m[K^~~~~~~~[m[K
[3.025s] [01m[K/usr/include/c++/11/iomanip:311:5:[m[K [01;36m[Knote: [m[K  template argument deduction/substitution failed:
[3.025s] [01m[K/home/niweiss/CPE-Capstone-2024-2025/ws_sensor_combined/src/px4_ros_com/src/examples/offboard/offboard_launch.cpp:513:249:[m[K [01;36m[Knote: [m[K  mismatched types ‘[01m[Kstd::_Put_money<_MoneyT>[m[K’ and ‘[01m[KOffboardControl::FlightState[m[K’
[3.025s]   513 |                 std::cout << "Received Flight Command:\n" << "Latitude: " << target_lat_ << "\nLongitude: " << target_lon_ << "\nAltitude: " << target_altitude_ << "\nRadius: " << circle_radius_ <<  "\nLength: " << square_length_ << "\nState: " << [01;36m[Kcurrent_state_[m[K << std::endl;
[3.025s]       |                                                                                                                                                                                                                                                         [01;36m[K^~~~~~~~~~~~~~[m[K
[3.025s] In file included from [01m[K/opt/ros/humble/include/rosidl_runtime_cpp/rosidl_runtime_cpp/traits.hpp:19[m[K,
[3.025s]                  from [01m[K/home/niweiss/CPE-Capstone-2024-2025/ws_sensor_combined/install/px4_msgs/include/px4_msgs/px4_msgs/msg/detail/offboard_control_mode__traits.hpp:15[m[K,
[3.025s]                  from [01m[K/home/niweiss/CPE-Capstone-2024-2025/ws_sensor_combined/install/px4_msgs/include/px4_msgs/px4_msgs/msg/offboard_control_mode.hpp:9[m[K,
[3.025s]                  from [01m[K/home/niweiss/CPE-Capstone-2024-2025/ws_sensor_combined/src/px4_ros_com/src/examples/offboard/offboard_launch.cpp:9[m[K:
[3.025s] [01m[K/usr/include/c++/11/iomanip:363:5:[m[K [01;36m[Knote: [m[Kcandidate: ‘[01m[Ktemplate<class _CharT, class _Traits> std::basic_ostream<_Ch, _Tr>& std::operator<<(std::basic_ostream<_Ch, _Tr>&, std::_Put_time<_CharT>)[m[K’
[3.025s]   363 |     [01;36m[Koperator[m[K<<(basic_ostream<_CharT, _Traits>& __os, _Put_time<_CharT> __f)
[3.025s]       |     [01;36m[K^~~~~~~~[m[K
[3.026s] [01m[K/usr/include/c++/11/iomanip:363:5:[m[K [01;36m[Knote: [m[K  template argument deduction/substitution failed:
[3.026s] [01m[K/home/niweiss/CPE-Capstone-2024-2025/ws_sensor_combined/src/px4_ros_com/src/examples/offboard/offboard_launch.cpp:513:249:[m[K [01;36m[Knote: [m[K  mismatched types ‘[01m[Kstd::_Put_time<_CharT>[m[K’ and ‘[01m[KOffboardControl::FlightState[m[K’
[3.026s]   513 |                 std::cout << "Received Flight Command:\n" << "Latitude: " << target_lat_ << "\nLongitude: " << target_lon_ << "\nAltitude: " << target_altitude_ << "\nRadius: " << circle_radius_ <<  "\nLength: " << square_length_ << "\nState: " << [01;36m[Kcurrent_state_[m[K << std::endl;
[3.026s]       |                                                                                                                                                                                                                                                         [01;36m[K^~~~~~~~~~~~~~[m[K
[3.026s] In file included from [01m[K/opt/ros/humble/include/rclcpp/rclcpp/executors/multi_threaded_executor.hpp:22[m[K,
[3.026s]                  from [01m[K/opt/ros/humble/include/rclcpp/rclcpp/executors.hpp:21[m[K,
[3.026s]                  from [01m[K/opt/ros/humble/include/rclcpp/rclcpp/rclcpp.hpp:155[m[K,
[3.026s]                  from [01m[K/home/niweiss/CPE-Capstone-2024-2025/ws_sensor_combined/src/px4_ros_com/src/examples/offboard/offboard_launch.cpp:20[m[K:
[3.026s] [01m[K/usr/include/c++/11/thread:92:5:[m[K [01;36m[Knote: [m[Kcandidate: ‘[01m[Ktemplate<class _CharT, class _Traits> std::basic_ostream<_Ch, _Tr>& std::operator<<(std::basic_ostream<_Ch, _Tr>&, std::thread::id)[m[K’
[3.026s]    92 |     [01;36m[Koperator[m[K<<(basic_ostream<_CharT, _Traits>& __out, thread::id __id)
[3.026s]       |     [01;36m[K^~~~~~~~[m[K
[3.026s] [01m[K/usr/include/c++/11/thread:92:5:[m[K [01;36m[Knote: [m[K  template argument deduction/substitution failed:
[3.026s] [01m[K/home/niweiss/CPE-Capstone-2024-2025/ws_sensor_combined/src/px4_ros_com/src/examples/offboard/offboard_launch.cpp:513:249:[m[K [01;36m[Knote: [m[K  cannot convert ‘[01m[K((OffboardControl*)this)->OffboardControl::current_state_[m[K’ (type ‘[01m[KOffboardControl::FlightState[m[K’) to type ‘[01m[Kstd::thread::id[m[K’
[3.026s]   513 |                 std::cout << "Received Flight Command:\n" << "Latitude: " << target_lat_ << "\nLongitude: " << target_lon_ << "\nAltitude: " << target_altitude_ << "\nRadius: " << circle_radius_ <<  "\nLength: " << square_length_ << "\nState: " << [01;36m[Kcurrent_state_[m[K << std::endl;
[3.026s]       |                                                                                                                                                                                                                                                         [01;36m[K^~~~~~~~~~~~~~[m[K
[9.677s] gmake[2]: *** [CMakeFiles/offboard_launch.dir/build.make:76: CMakeFiles/offboard_launch.dir/src/examples/offboard/offboard_launch.cpp.o] Error 1
[9.677s] gmake[1]: *** [CMakeFiles/Makefile2:312: CMakeFiles/offboard_launch.dir/all] Error 2
[9.677s] gmake: *** [Makefile:146: all] Error 2
[9.679s] Invoked command in '/home/niweiss/CPE-Capstone-2024-2025/ws_sensor_combined/build/px4_ros_com' returned '2': CMAKE_PREFIX_PATH=/home/niweiss/CPE-Capstone-2024-2025/ws_sensor_combined/install/px4_msgs:/home/niweiss/CPE-Capstone-2024-2025/ws_sensor_combined/install/custom_msgs:/home/niweiss/CPE-Capstone-2024-2025/ws_sensor_combined/install/px4_ros_com:/home/niweiss/ws_sensor_combined/install/example_mode_with_executor_cpp:/home/niweiss/ws_sensor_combined/install/example_mode_rtl_replacement_cpp:/home/niweiss/ws_sensor_combined/install/example_mode_manual_cpp:/home/niweiss/ws_sensor_combined/install/example_mode_goto_global_cpp:/home/niweiss/ws_sensor_combined/install/example_mode_goto_cpp:/home/niweiss/ws_sensor_combined/install/example_mode_fw_attitude_cpp:/home/niweiss/ws_sensor_combined/install/example_local_navigation_cpp:/home/niweiss/ws_sensor_combined/install/example_global_navigation_cpp:/home/niweiss/ws_sensor_combined/install/px4_ros2_cpp:/home/niweiss/ws_sensor_combined/install/px4_ros_com:/home/niweiss/ws_sensor_combined/install/px4_msgs:/home/niweiss/ws_sensor_combined/install/custom_msgs:/opt/ros/humble LD_LIBRARY_PATH=/home/niweiss/CPE-Capstone-2024-2025/ws_sensor_combined/install/px4_msgs/lib:/home/niweiss/CPE-Capstone-2024-2025/ws_sensor_combined/install/custom_msgs/lib:/home/niweiss/CPE-Capstone-2024-2025/ws_sensor_combined/install/px4_ros_com/lib:/home/niweiss/ws_sensor_combined/install/px4_ros_com/lib:/home/niweiss/ws_sensor_combined/install/px4_ros2_cpp/lib:/home/niweiss/ws_sensor_combined/install/px4_msgs/lib:/home/niweiss/ws_sensor_combined/install/custom_msgs/lib:/opt/ros/humble/opt/rviz_ogre_vendor/lib:/opt/ros/humble/lib/x86_64-linux-gnu:/opt/ros/humble/lib /usr/bin/cmake --build /home/niweiss/CPE-Capstone-2024-2025/ws_sensor_combined/build/px4_ros_com -- -j16 -l16
