[0.254s] DEBUG:colcon:Command line arguments: ['/usr/bin/colcon', 'build']
[0.254s] DEBUG:colcon:Parsed command line arguments: Namespace(log_base=None, log_level=None, verb_name='build', build_base='build', install_base='install', merge_install=False, symlink_install=False, test_result_base=None, continue_on_error=False, executor='parallel', parallel_workers=16, event_handlers=None, ignore_user_meta=False, metas=['./colcon.meta'], base_paths=['.'], packages_ignore=None, packages_ignore_regex=None, paths=None, packages_up_to=None, packages_up_to_regex=None, packages_above=None, packages_above_and_dependencies=None, packages_above_depth=None, packages_select_by_dep=None, packages_skip_by_dep=None, packages_skip_up_to=None, packages_select_build_failed=False, packages_skip_build_finished=False, packages_select_test_failures=False, packages_skip_test_passed=False, packages_select=None, packages_skip=None, packages_select_regex=None, packages_skip_regex=None, packages_start=None, packages_end=None, allow_overriding=[], cmake_args=None, cmake_target=None, cmake_target_skip_unavailable=False, cmake_clean_cache=False, cmake_clean_first=False, cmake_force_configure=False, ament_cmake_args=None, catkin_cmake_args=None, catkin_skip_building_tests=False, mixin_files=None, mixin=None, verb_parser=<colcon_mixin.mixin.mixin_argument.MixinArgumentDecorator object at 0x7fa10ae9ea70>, verb_extension=<colcon_core.verb.build.BuildVerb object at 0x7fa10af87c10>, main=<bound method BuildVerb.main of <colcon_core.verb.build.BuildVerb object at 0x7fa10af87c10>>, mixin_verb=('build',))
[0.294s] Level 1:colcon.colcon_core.package_discovery:discover_packages(colcon_meta) check parameters
[0.294s] Level 1:colcon.colcon_core.package_discovery:discover_packages(recursive) check parameters
[0.294s] Level 1:colcon.colcon_core.package_discovery:discover_packages(ignore) check parameters
[0.294s] Level 1:colcon.colcon_core.package_discovery:discover_packages(path) check parameters
[0.294s] Level 1:colcon.colcon_core.package_discovery:discover_packages(colcon_meta) discover
[0.295s] Level 1:colcon.colcon_core.package_discovery:discover_packages(recursive) discover
[0.295s] INFO:colcon.colcon_core.package_discovery:Crawling recursively for packages in '/home/niweiss/CPE-Capstone-2024-2025/ws_sensor_combined'
[0.295s] Level 1:colcon.colcon_core.package_identification:_identify(.) by extensions ['ignore', 'ignore_ament_install']
[0.295s] Level 1:colcon.colcon_core.package_identification:_identify(.) by extension 'ignore'
[0.295s] Level 1:colcon.colcon_core.package_identification:_identify(.) by extension 'ignore_ament_install'
[0.295s] Level 1:colcon.colcon_core.package_identification:_identify(.) by extensions ['colcon_pkg']
[0.295s] Level 1:colcon.colcon_core.package_identification:_identify(.) by extension 'colcon_pkg'
[0.295s] Level 1:colcon.colcon_core.package_identification:_identify(.) by extensions ['colcon_meta']
[0.295s] Level 1:colcon.colcon_core.package_identification:_identify(.) by extension 'colcon_meta'
[0.295s] Level 1:colcon.colcon_core.package_identification:_identify(.) by extensions ['ros']
[0.295s] Level 1:colcon.colcon_core.package_identification:_identify(.) by extension 'ros'
[0.313s] Level 1:colcon.colcon_core.package_identification:_identify(.) by extensions ['cmake', 'python']
[0.313s] Level 1:colcon.colcon_core.package_identification:_identify(.) by extension 'cmake'
[0.313s] Level 1:colcon.colcon_core.package_identification:_identify(.) by extension 'python'
[0.313s] Level 1:colcon.colcon_core.package_identification:_identify(.) by extensions ['python_setup_py']
[0.313s] Level 1:colcon.colcon_core.package_identification:_identify(.) by extension 'python_setup_py'
[0.313s] Level 1:colcon.colcon_core.package_identification:_identify(build) by extensions ['ignore', 'ignore_ament_install']
[0.313s] Level 1:colcon.colcon_core.package_identification:_identify(build) by extension 'ignore'
[0.313s] Level 1:colcon.colcon_core.package_identification:_identify(build) ignored
[0.314s] Level 1:colcon.colcon_core.package_identification:_identify(install) by extensions ['ignore', 'ignore_ament_install']
[0.314s] Level 1:colcon.colcon_core.package_identification:_identify(install) by extension 'ignore'
[0.314s] Level 1:colcon.colcon_core.package_identification:_identify(install) ignored
[0.314s] Level 1:colcon.colcon_core.package_identification:_identify(log) by extensions ['ignore', 'ignore_ament_install']
[0.314s] Level 1:colcon.colcon_core.package_identification:_identify(log) by extension 'ignore'
[0.314s] Level 1:colcon.colcon_core.package_identification:_identify(log) ignored
[0.314s] Level 1:colcon.colcon_core.package_identification:_identify(src) by extensions ['ignore', 'ignore_ament_install']
[0.314s] Level 1:colcon.colcon_core.package_identification:_identify(src) by extension 'ignore'
[0.314s] Level 1:colcon.colcon_core.package_identification:_identify(src) by extension 'ignore_ament_install'
[0.315s] Level 1:colcon.colcon_core.package_identification:_identify(src) by extensions ['colcon_pkg']
[0.315s] Level 1:colcon.colcon_core.package_identification:_identify(src) by extension 'colcon_pkg'
[0.315s] Level 1:colcon.colcon_core.package_identification:_identify(src) by extensions ['colcon_meta']
[0.315s] Level 1:colcon.colcon_core.package_identification:_identify(src) by extension 'colcon_meta'
[0.315s] Level 1:colcon.colcon_core.package_identification:_identify(src) by extensions ['ros']
[0.315s] Level 1:colcon.colcon_core.package_identification:_identify(src) by extension 'ros'
[0.315s] Level 1:colcon.colcon_core.package_identification:_identify(src) by extensions ['cmake', 'python']
[0.315s] Level 1:colcon.colcon_core.package_identification:_identify(src) by extension 'cmake'
[0.315s] Level 1:colcon.colcon_core.package_identification:_identify(src) by extension 'python'
[0.315s] Level 1:colcon.colcon_core.package_identification:_identify(src) by extensions ['python_setup_py']
[0.315s] Level 1:colcon.colcon_core.package_identification:_identify(src) by extension 'python_setup_py'
[0.315s] Level 1:colcon.colcon_core.package_identification:_identify(src/custom_msgs) by extensions ['ignore', 'ignore_ament_install']
[0.316s] Level 1:colcon.colcon_core.package_identification:_identify(src/custom_msgs) by extension 'ignore'
[0.316s] Level 1:colcon.colcon_core.package_identification:_identify(src/custom_msgs) by extension 'ignore_ament_install'
[0.316s] Level 1:colcon.colcon_core.package_identification:_identify(src/custom_msgs) by extensions ['colcon_pkg']
[0.316s] Level 1:colcon.colcon_core.package_identification:_identify(src/custom_msgs) by extension 'colcon_pkg'
[0.316s] Level 1:colcon.colcon_core.package_identification:_identify(src/custom_msgs) by extensions ['colcon_meta']
[0.317s] Level 1:colcon.colcon_core.package_identification:_identify(src/custom_msgs) by extension 'colcon_meta'
[0.317s] Level 1:colcon.colcon_core.package_identification:_identify(src/custom_msgs) by extensions ['ros']
[0.317s] Level 1:colcon.colcon_core.package_identification:_identify(src/custom_msgs) by extension 'ros'
[0.320s] DEBUG:colcon.colcon_core.package_identification:Package 'src/custom_msgs' with type 'ros.ament_cmake' and name 'custom_msgs'
[0.320s] Level 1:colcon.colcon_core.package_identification:_identify(src/px4_msgs) by extensions ['ignore', 'ignore_ament_install']
[0.320s] Level 1:colcon.colcon_core.package_identification:_identify(src/px4_msgs) by extension 'ignore'
[0.320s] Level 1:colcon.colcon_core.package_identification:_identify(src/px4_msgs) by extension 'ignore_ament_install'
[0.320s] Level 1:colcon.colcon_core.package_identification:_identify(src/px4_msgs) by extensions ['colcon_pkg']
[0.321s] Level 1:colcon.colcon_core.package_identification:_identify(src/px4_msgs) by extension 'colcon_pkg'
[0.321s] Level 1:colcon.colcon_core.package_identification:_identify(src/px4_msgs) by extensions ['colcon_meta']
[0.321s] Level 1:colcon.colcon_core.package_identification:_identify(src/px4_msgs) by extension 'colcon_meta'
[0.321s] Level 1:colcon.colcon_core.package_identification:_identify(src/px4_msgs) by extensions ['ros']
[0.321s] Level 1:colcon.colcon_core.package_identification:_identify(src/px4_msgs) by extension 'ros'
[0.321s] DEBUG:colcon.colcon_core.package_identification:Package 'src/px4_msgs' with type 'ros.ament_cmake' and name 'px4_msgs'
[0.321s] Level 1:colcon.colcon_core.package_identification:_identify(src/px4_ros_com) by extensions ['ignore', 'ignore_ament_install']
[0.322s] Level 1:colcon.colcon_core.package_identification:_identify(src/px4_ros_com) by extension 'ignore'
[0.322s] Level 1:colcon.colcon_core.package_identification:_identify(src/px4_ros_com) by extension 'ignore_ament_install'
[0.322s] Level 1:colcon.colcon_core.package_identification:_identify(src/px4_ros_com) by extensions ['colcon_pkg']
[0.322s] Level 1:colcon.colcon_core.package_identification:_identify(src/px4_ros_com) by extension 'colcon_pkg'
[0.322s] Level 1:colcon.colcon_core.package_identification:_identify(src/px4_ros_com) by extensions ['colcon_meta']
[0.322s] Level 1:colcon.colcon_core.package_identification:_identify(src/px4_ros_com) by extension 'colcon_meta'
[0.322s] Level 1:colcon.colcon_core.package_identification:_identify(src/px4_ros_com) by extensions ['ros']
[0.322s] Level 1:colcon.colcon_core.package_identification:_identify(src/px4_ros_com) by extension 'ros'
[0.323s] DEBUG:colcon.colcon_core.package_identification:Package 'src/px4_ros_com' with type 'ros.ament_cmake' and name 'px4_ros_com'
[0.323s] Level 1:colcon.colcon_core.package_discovery:discover_packages(recursive) using defaults
[0.323s] Level 1:colcon.colcon_core.package_discovery:discover_packages(ignore) discover
[0.323s] Level 1:colcon.colcon_core.package_discovery:discover_packages(ignore) using defaults
[0.323s] Level 1:colcon.colcon_core.package_discovery:discover_packages(path) discover
[0.323s] Level 1:colcon.colcon_core.package_discovery:discover_packages(path) using defaults
[0.360s] Level 1:colcon.colcon_core.package_discovery:discover_packages(prefix_path) check parameters
[0.360s] Level 1:colcon.colcon_core.package_discovery:discover_packages(prefix_path) discover
[0.362s] DEBUG:colcon.colcon_installed_package_information.package_discovery:Found 3 installed packages in /home/niweiss/CPE-Capstone-2024-2025/ws_sensor_combined/install
[0.363s] DEBUG:colcon.colcon_installed_package_information.package_discovery:Found 270 installed packages in /opt/ros/humble
[0.364s] Level 1:colcon.colcon_core.package_discovery:discover_packages(prefix_path) using defaults
[0.401s] Level 5:colcon.colcon_core.verb:set package 'custom_msgs' build argument 'cmake_args' from command line to 'None'
[0.402s] Level 5:colcon.colcon_core.verb:set package 'custom_msgs' build argument 'cmake_target' from command line to 'None'
[0.402s] Level 5:colcon.colcon_core.verb:set package 'custom_msgs' build argument 'cmake_target_skip_unavailable' from command line to 'False'
[0.402s] Level 5:colcon.colcon_core.verb:set package 'custom_msgs' build argument 'cmake_clean_cache' from command line to 'False'
[0.402s] Level 5:colcon.colcon_core.verb:set package 'custom_msgs' build argument 'cmake_clean_first' from command line to 'False'
[0.402s] Level 5:colcon.colcon_core.verb:set package 'custom_msgs' build argument 'cmake_force_configure' from command line to 'False'
[0.402s] Level 5:colcon.colcon_core.verb:set package 'custom_msgs' build argument 'ament_cmake_args' from command line to 'None'
[0.402s] Level 5:colcon.colcon_core.verb:set package 'custom_msgs' build argument 'catkin_cmake_args' from command line to 'None'
[0.402s] Level 5:colcon.colcon_core.verb:set package 'custom_msgs' build argument 'catkin_skip_building_tests' from command line to 'False'
[0.402s] DEBUG:colcon.colcon_core.verb:Building package 'custom_msgs' with the following arguments: {'ament_cmake_args': None, 'build_base': '/home/niweiss/CPE-Capstone-2024-2025/ws_sensor_combined/build/custom_msgs', 'catkin_cmake_args': None, 'catkin_skip_building_tests': False, 'cmake_args': None, 'cmake_clean_cache': False, 'cmake_clean_first': False, 'cmake_force_configure': False, 'cmake_target': None, 'cmake_target_skip_unavailable': False, 'install_base': '/home/niweiss/CPE-Capstone-2024-2025/ws_sensor_combined/install/custom_msgs', 'merge_install': False, 'path': '/home/niweiss/CPE-Capstone-2024-2025/ws_sensor_combined/src/custom_msgs', 'symlink_install': False, 'test_result_base': None}
[0.402s] Level 5:colcon.colcon_core.verb:set package 'px4_msgs' build argument 'cmake_args' from command line to 'None'
[0.402s] Level 5:colcon.colcon_core.verb:set package 'px4_msgs' build argument 'cmake_target' from command line to 'None'
[0.402s] Level 5:colcon.colcon_core.verb:set package 'px4_msgs' build argument 'cmake_target_skip_unavailable' from command line to 'False'
[0.402s] Level 5:colcon.colcon_core.verb:set package 'px4_msgs' build argument 'cmake_clean_cache' from command line to 'False'
[0.402s] Level 5:colcon.colcon_core.verb:set package 'px4_msgs' build argument 'cmake_clean_first' from command line to 'False'
[0.402s] Level 5:colcon.colcon_core.verb:set package 'px4_msgs' build argument 'cmake_force_configure' from command line to 'False'
[0.402s] Level 5:colcon.colcon_core.verb:set package 'px4_msgs' build argument 'ament_cmake_args' from command line to 'None'
[0.402s] Level 5:colcon.colcon_core.verb:set package 'px4_msgs' build argument 'catkin_cmake_args' from command line to 'None'
[0.402s] Level 5:colcon.colcon_core.verb:set package 'px4_msgs' build argument 'catkin_skip_building_tests' from command line to 'False'
[0.402s] DEBUG:colcon.colcon_core.verb:Building package 'px4_msgs' with the following arguments: {'ament_cmake_args': None, 'build_base': '/home/niweiss/CPE-Capstone-2024-2025/ws_sensor_combined/build/px4_msgs', 'catkin_cmake_args': None, 'catkin_skip_building_tests': False, 'cmake_args': None, 'cmake_clean_cache': False, 'cmake_clean_first': False, 'cmake_force_configure': False, 'cmake_target': None, 'cmake_target_skip_unavailable': False, 'install_base': '/home/niweiss/CPE-Capstone-2024-2025/ws_sensor_combined/install/px4_msgs', 'merge_install': False, 'path': '/home/niweiss/CPE-Capstone-2024-2025/ws_sensor_combined/src/px4_msgs', 'symlink_install': False, 'test_result_base': None}
[0.403s] Level 5:colcon.colcon_core.verb:set package 'px4_ros_com' build argument 'cmake_args' from command line to 'None'
[0.403s] Level 5:colcon.colcon_core.verb:set package 'px4_ros_com' build argument 'cmake_target' from command line to 'None'
[0.403s] Level 5:colcon.colcon_core.verb:set package 'px4_ros_com' build argument 'cmake_target_skip_unavailable' from command line to 'False'
[0.403s] Level 5:colcon.colcon_core.verb:set package 'px4_ros_com' build argument 'cmake_clean_cache' from command line to 'False'
[0.403s] Level 5:colcon.colcon_core.verb:set package 'px4_ros_com' build argument 'cmake_clean_first' from command line to 'False'
[0.403s] Level 5:colcon.colcon_core.verb:set package 'px4_ros_com' build argument 'cmake_force_configure' from command line to 'False'
[0.403s] Level 5:colcon.colcon_core.verb:set package 'px4_ros_com' build argument 'ament_cmake_args' from command line to 'None'
[0.403s] Level 5:colcon.colcon_core.verb:set package 'px4_ros_com' build argument 'catkin_cmake_args' from command line to 'None'
[0.403s] Level 5:colcon.colcon_core.verb:set package 'px4_ros_com' build argument 'catkin_skip_building_tests' from command line to 'False'
[0.403s] DEBUG:colcon.colcon_core.verb:Building package 'px4_ros_com' with the following arguments: {'ament_cmake_args': None, 'build_base': '/home/niweiss/CPE-Capstone-2024-2025/ws_sensor_combined/build/px4_ros_com', 'catkin_cmake_args': None, 'catkin_skip_building_tests': False, 'cmake_args': None, 'cmake_clean_cache': False, 'cmake_clean_first': False, 'cmake_force_configure': False, 'cmake_target': None, 'cmake_target_skip_unavailable': False, 'install_base': '/home/niweiss/CPE-Capstone-2024-2025/ws_sensor_combined/install/px4_ros_com', 'merge_install': False, 'path': '/home/niweiss/CPE-Capstone-2024-2025/ws_sensor_combined/src/px4_ros_com', 'symlink_install': False, 'test_result_base': None}
[0.403s] INFO:colcon.colcon_core.executor:Executing jobs using 'parallel' executor
[0.404s] DEBUG:colcon.colcon_parallel_executor.executor.parallel:run_until_complete
[0.405s] INFO:colcon.colcon_ros.task.ament_cmake.build:Building ROS package in '/home/niweiss/CPE-Capstone-2024-2025/ws_sensor_combined/src/custom_msgs' with build type 'ament_cmake'
[0.405s] INFO:colcon.colcon_cmake.task.cmake.build:Building CMake package in '/home/niweiss/CPE-Capstone-2024-2025/ws_sensor_combined/src/custom_msgs'
[0.408s] INFO:colcon.colcon_core.plugin_system:Skipping extension 'colcon_core.shell.bat': Not used on non-Windows systems
[0.408s] INFO:colcon.colcon_core.shell:Skip shell extension 'powershell' for command environment: Not usable outside of PowerShell
[0.409s] DEBUG:colcon.colcon_core.shell:Skip shell extension 'dsv' for command environment
[0.412s] INFO:colcon.colcon_ros.task.ament_cmake.build:Building ROS package in '/home/niweiss/CPE-Capstone-2024-2025/ws_sensor_combined/src/px4_msgs' with build type 'ament_cmake'
[0.412s] INFO:colcon.colcon_cmake.task.cmake.build:Building CMake package in '/home/niweiss/CPE-Capstone-2024-2025/ws_sensor_combined/src/px4_msgs'
[0.413s] INFO:colcon.colcon_core.shell:Skip shell extension 'powershell' for command environment: Not usable outside of PowerShell
[0.413s] DEBUG:colcon.colcon_core.shell:Skip shell extension 'dsv' for command environment
[0.422s] DEBUG:colcon.colcon_core.event_handler.log_command:Invoking command in '/home/niweiss/CPE-Capstone-2024-2025/ws_sensor_combined/build/custom_msgs': CMAKE_PREFIX_PATH=${CMAKE_PREFIX_PATH}:/opt/ros/humble /usr/bin/cmake --build /home/niweiss/CPE-Capstone-2024-2025/ws_sensor_combined/build/custom_msgs -- -j16 -l16
[0.432s] DEBUG:colcon.colcon_core.event_handler.log_command:Invoking command in '/home/niweiss/CPE-Capstone-2024-2025/ws_sensor_combined/build/px4_msgs': CMAKE_PREFIX_PATH=${CMAKE_PREFIX_PATH}:/opt/ros/humble /usr/bin/cmake --build /home/niweiss/CPE-Capstone-2024-2025/ws_sensor_combined/build/px4_msgs -- -j16 -l16
[0.904s] DEBUG:colcon.colcon_core.event_handler.log_command:Invoked command in '/home/niweiss/CPE-Capstone-2024-2025/ws_sensor_combined/build/custom_msgs' returned '0': CMAKE_PREFIX_PATH=${CMAKE_PREFIX_PATH}:/opt/ros/humble /usr/bin/cmake --build /home/niweiss/CPE-Capstone-2024-2025/ws_sensor_combined/build/custom_msgs -- -j16 -l16
[0.917s] DEBUG:colcon.colcon_core.event_handler.log_command:Invoking command in '/home/niweiss/CPE-Capstone-2024-2025/ws_sensor_combined/build/custom_msgs': CMAKE_PREFIX_PATH=${CMAKE_PREFIX_PATH}:/opt/ros/humble /usr/bin/cmake --install /home/niweiss/CPE-Capstone-2024-2025/ws_sensor_combined/build/custom_msgs
[0.993s] Level 1:colcon.colcon_core.environment:create_environment_scripts_only(custom_msgs)
[0.995s] Level 1:colcon.colcon_core.environment:checking '/home/niweiss/CPE-Capstone-2024-2025/ws_sensor_combined/install/custom_msgs' for CMake module files
[0.996s] Level 1:colcon.colcon_core.environment:checking '/home/niweiss/CPE-Capstone-2024-2025/ws_sensor_combined/install/custom_msgs' for CMake config files
[0.997s] Level 1:colcon.colcon_core.shell:create_environment_hook('custom_msgs', 'cmake_prefix_path')
[0.997s] INFO:colcon.colcon_core.shell:Creating environment hook '/home/niweiss/CPE-Capstone-2024-2025/ws_sensor_combined/install/custom_msgs/share/custom_msgs/hook/cmake_prefix_path.ps1'
[0.998s] INFO:colcon.colcon_core.shell:Creating environment descriptor '/home/niweiss/CPE-Capstone-2024-2025/ws_sensor_combined/install/custom_msgs/share/custom_msgs/hook/cmake_prefix_path.dsv'
[0.999s] INFO:colcon.colcon_core.shell:Creating environment hook '/home/niweiss/CPE-Capstone-2024-2025/ws_sensor_combined/install/custom_msgs/share/custom_msgs/hook/cmake_prefix_path.sh'
[1.000s] DEBUG:colcon.colcon_core.event_handler.log_command:Invoked command in '/home/niweiss/CPE-Capstone-2024-2025/ws_sensor_combined/build/custom_msgs' returned '0': CMAKE_PREFIX_PATH=${CMAKE_PREFIX_PATH}:/opt/ros/humble /usr/bin/cmake --install /home/niweiss/CPE-Capstone-2024-2025/ws_sensor_combined/build/custom_msgs
[1.001s] Level 1:colcon.colcon_core.environment:checking '/home/niweiss/CPE-Capstone-2024-2025/ws_sensor_combined/install/custom_msgs/lib'
[1.002s] Level 1:colcon.colcon_core.shell:create_environment_hook('custom_msgs', 'ld_library_path_lib')
[1.002s] INFO:colcon.colcon_core.shell:Creating environment hook '/home/niweiss/CPE-Capstone-2024-2025/ws_sensor_combined/install/custom_msgs/share/custom_msgs/hook/ld_library_path_lib.ps1'
[1.003s] INFO:colcon.colcon_core.shell:Creating environment descriptor '/home/niweiss/CPE-Capstone-2024-2025/ws_sensor_combined/install/custom_msgs/share/custom_msgs/hook/ld_library_path_lib.dsv'
[1.004s] INFO:colcon.colcon_core.shell:Creating environment hook '/home/niweiss/CPE-Capstone-2024-2025/ws_sensor_combined/install/custom_msgs/share/custom_msgs/hook/ld_library_path_lib.sh'
[1.004s] Level 1:colcon.colcon_core.environment:checking '/home/niweiss/CPE-Capstone-2024-2025/ws_sensor_combined/install/custom_msgs/bin'
[1.004s] Level 1:colcon.colcon_core.environment:checking '/home/niweiss/CPE-Capstone-2024-2025/ws_sensor_combined/install/custom_msgs/lib/pkgconfig/custom_msgs.pc'
[1.005s] Level 1:colcon.colcon_core.environment:checking '/home/niweiss/CPE-Capstone-2024-2025/ws_sensor_combined/install/custom_msgs/lib/python3.10/site-packages'
[1.005s] Level 1:colcon.colcon_core.environment:checking '/home/niweiss/CPE-Capstone-2024-2025/ws_sensor_combined/install/custom_msgs/bin'
[1.005s] INFO:colcon.colcon_core.shell:Creating package script '/home/niweiss/CPE-Capstone-2024-2025/ws_sensor_combined/install/custom_msgs/share/custom_msgs/package.ps1'
[1.007s] INFO:colcon.colcon_core.shell:Creating package descriptor '/home/niweiss/CPE-Capstone-2024-2025/ws_sensor_combined/install/custom_msgs/share/custom_msgs/package.dsv'
[1.008s] INFO:colcon.colcon_core.shell:Creating package script '/home/niweiss/CPE-Capstone-2024-2025/ws_sensor_combined/install/custom_msgs/share/custom_msgs/package.sh'
[1.008s] INFO:colcon.colcon_core.shell:Creating package script '/home/niweiss/CPE-Capstone-2024-2025/ws_sensor_combined/install/custom_msgs/share/custom_msgs/package.bash'
[1.010s] INFO:colcon.colcon_core.shell:Creating package script '/home/niweiss/CPE-Capstone-2024-2025/ws_sensor_combined/install/custom_msgs/share/custom_msgs/package.zsh'
[1.011s] Level 1:colcon.colcon_core.environment:create_file_with_runtime_dependencies(/home/niweiss/CPE-Capstone-2024-2025/ws_sensor_combined/install/custom_msgs/share/colcon-core/packages/custom_msgs)
[1.012s] Level 1:colcon.colcon_core.environment:create_environment_scripts_only(custom_msgs)
[1.013s] Level 1:colcon.colcon_core.environment:checking '/home/niweiss/CPE-Capstone-2024-2025/ws_sensor_combined/install/custom_msgs' for CMake module files
[1.014s] Level 1:colcon.colcon_core.environment:checking '/home/niweiss/CPE-Capstone-2024-2025/ws_sensor_combined/install/custom_msgs' for CMake config files
[1.015s] Level 1:colcon.colcon_core.shell:create_environment_hook('custom_msgs', 'cmake_prefix_path')
[1.015s] INFO:colcon.colcon_core.shell:Creating environment hook '/home/niweiss/CPE-Capstone-2024-2025/ws_sensor_combined/install/custom_msgs/share/custom_msgs/hook/cmake_prefix_path.ps1'
[1.017s] INFO:colcon.colcon_core.shell:Creating environment descriptor '/home/niweiss/CPE-Capstone-2024-2025/ws_sensor_combined/install/custom_msgs/share/custom_msgs/hook/cmake_prefix_path.dsv'
[1.017s] INFO:colcon.colcon_core.shell:Creating environment hook '/home/niweiss/CPE-Capstone-2024-2025/ws_sensor_combined/install/custom_msgs/share/custom_msgs/hook/cmake_prefix_path.sh'
[1.018s] Level 1:colcon.colcon_core.environment:checking '/home/niweiss/CPE-Capstone-2024-2025/ws_sensor_combined/install/custom_msgs/lib'
[1.018s] Level 1:colcon.colcon_core.shell:create_environment_hook('custom_msgs', 'ld_library_path_lib')
[1.018s] INFO:colcon.colcon_core.shell:Creating environment hook '/home/niweiss/CPE-Capstone-2024-2025/ws_sensor_combined/install/custom_msgs/share/custom_msgs/hook/ld_library_path_lib.ps1'
[1.018s] INFO:colcon.colcon_core.shell:Creating environment descriptor '/home/niweiss/CPE-Capstone-2024-2025/ws_sensor_combined/install/custom_msgs/share/custom_msgs/hook/ld_library_path_lib.dsv'
[1.019s] INFO:colcon.colcon_core.shell:Creating environment hook '/home/niweiss/CPE-Capstone-2024-2025/ws_sensor_combined/install/custom_msgs/share/custom_msgs/hook/ld_library_path_lib.sh'
[1.019s] Level 1:colcon.colcon_core.environment:checking '/home/niweiss/CPE-Capstone-2024-2025/ws_sensor_combined/install/custom_msgs/bin'
[1.019s] Level 1:colcon.colcon_core.environment:checking '/home/niweiss/CPE-Capstone-2024-2025/ws_sensor_combined/install/custom_msgs/lib/pkgconfig/custom_msgs.pc'
[1.020s] Level 1:colcon.colcon_core.environment:checking '/home/niweiss/CPE-Capstone-2024-2025/ws_sensor_combined/install/custom_msgs/lib/python3.10/site-packages'
[1.020s] Level 1:colcon.colcon_core.environment:checking '/home/niweiss/CPE-Capstone-2024-2025/ws_sensor_combined/install/custom_msgs/bin'
[1.021s] INFO:colcon.colcon_core.shell:Creating package script '/home/niweiss/CPE-Capstone-2024-2025/ws_sensor_combined/install/custom_msgs/share/custom_msgs/package.ps1'
[1.022s] INFO:colcon.colcon_core.shell:Creating package descriptor '/home/niweiss/CPE-Capstone-2024-2025/ws_sensor_combined/install/custom_msgs/share/custom_msgs/package.dsv'
[1.022s] INFO:colcon.colcon_core.shell:Creating package script '/home/niweiss/CPE-Capstone-2024-2025/ws_sensor_combined/install/custom_msgs/share/custom_msgs/package.sh'
[1.023s] INFO:colcon.colcon_core.shell:Creating package script '/home/niweiss/CPE-Capstone-2024-2025/ws_sensor_combined/install/custom_msgs/share/custom_msgs/package.bash'
[1.023s] INFO:colcon.colcon_core.shell:Creating package script '/home/niweiss/CPE-Capstone-2024-2025/ws_sensor_combined/install/custom_msgs/share/custom_msgs/package.zsh'
[1.024s] Level 1:colcon.colcon_core.environment:create_file_with_runtime_dependencies(/home/niweiss/CPE-Capstone-2024-2025/ws_sensor_combined/install/custom_msgs/share/colcon-core/packages/custom_msgs)
[1.723s] DEBUG:colcon.colcon_core.event_handler.log_command:Invoked command in '/home/niweiss/CPE-Capstone-2024-2025/ws_sensor_combined/build/px4_msgs' returned '0': CMAKE_PREFIX_PATH=${CMAKE_PREFIX_PATH}:/opt/ros/humble /usr/bin/cmake --build /home/niweiss/CPE-Capstone-2024-2025/ws_sensor_combined/build/px4_msgs -- -j16 -l16
[1.725s] DEBUG:colcon.colcon_core.event_handler.log_command:Invoking command in '/home/niweiss/CPE-Capstone-2024-2025/ws_sensor_combined/build/px4_msgs': CMAKE_PREFIX_PATH=${CMAKE_PREFIX_PATH}:/opt/ros/humble /usr/bin/cmake --install /home/niweiss/CPE-Capstone-2024-2025/ws_sensor_combined/build/px4_msgs
[2.236s] Level 1:colcon.colcon_core.environment:create_environment_scripts_only(px4_msgs)
[2.237s] Level 1:colcon.colcon_core.environment:checking '/home/niweiss/CPE-Capstone-2024-2025/ws_sensor_combined/install/px4_msgs' for CMake module files
[2.244s] Level 1:colcon.colcon_core.environment:checking '/home/niweiss/CPE-Capstone-2024-2025/ws_sensor_combined/install/px4_msgs' for CMake config files
[2.351s] DEBUG:colcon.colcon_core.event_handler.log_command:Invoked command in '/home/niweiss/CPE-Capstone-2024-2025/ws_sensor_combined/build/px4_msgs' returned '0': CMAKE_PREFIX_PATH=${CMAKE_PREFIX_PATH}:/opt/ros/humble /usr/bin/cmake --install /home/niweiss/CPE-Capstone-2024-2025/ws_sensor_combined/build/px4_msgs
[2.351s] Level 1:colcon.colcon_core.shell:create_environment_hook('px4_msgs', 'cmake_prefix_path')
[2.351s] INFO:colcon.colcon_core.shell:Creating environment hook '/home/niweiss/CPE-Capstone-2024-2025/ws_sensor_combined/install/px4_msgs/share/px4_msgs/hook/cmake_prefix_path.ps1'
[2.352s] INFO:colcon.colcon_core.shell:Creating environment descriptor '/home/niweiss/CPE-Capstone-2024-2025/ws_sensor_combined/install/px4_msgs/share/px4_msgs/hook/cmake_prefix_path.dsv'
[2.352s] INFO:colcon.colcon_core.shell:Creating environment hook '/home/niweiss/CPE-Capstone-2024-2025/ws_sensor_combined/install/px4_msgs/share/px4_msgs/hook/cmake_prefix_path.sh'
[2.353s] Level 1:colcon.colcon_core.environment:checking '/home/niweiss/CPE-Capstone-2024-2025/ws_sensor_combined/install/px4_msgs/lib'
[2.353s] Level 1:colcon.colcon_core.shell:create_environment_hook('px4_msgs', 'ld_library_path_lib')
[2.353s] INFO:colcon.colcon_core.shell:Creating environment hook '/home/niweiss/CPE-Capstone-2024-2025/ws_sensor_combined/install/px4_msgs/share/px4_msgs/hook/ld_library_path_lib.ps1'
[2.353s] INFO:colcon.colcon_core.shell:Creating environment descriptor '/home/niweiss/CPE-Capstone-2024-2025/ws_sensor_combined/install/px4_msgs/share/px4_msgs/hook/ld_library_path_lib.dsv'
[2.354s] INFO:colcon.colcon_core.shell:Creating environment hook '/home/niweiss/CPE-Capstone-2024-2025/ws_sensor_combined/install/px4_msgs/share/px4_msgs/hook/ld_library_path_lib.sh'
[2.354s] Level 1:colcon.colcon_core.environment:checking '/home/niweiss/CPE-Capstone-2024-2025/ws_sensor_combined/install/px4_msgs/bin'
[2.354s] Level 1:colcon.colcon_core.environment:checking '/home/niweiss/CPE-Capstone-2024-2025/ws_sensor_combined/install/px4_msgs/lib/pkgconfig/px4_msgs.pc'
[2.354s] Level 1:colcon.colcon_core.environment:checking '/home/niweiss/CPE-Capstone-2024-2025/ws_sensor_combined/install/px4_msgs/lib/python3.10/site-packages'
[2.354s] Level 1:colcon.colcon_core.environment:checking '/home/niweiss/CPE-Capstone-2024-2025/ws_sensor_combined/install/px4_msgs/bin'
[2.355s] INFO:colcon.colcon_core.shell:Creating package script '/home/niweiss/CPE-Capstone-2024-2025/ws_sensor_combined/install/px4_msgs/share/px4_msgs/package.ps1'
[2.355s] INFO:colcon.colcon_core.shell:Creating package descriptor '/home/niweiss/CPE-Capstone-2024-2025/ws_sensor_combined/install/px4_msgs/share/px4_msgs/package.dsv'
[2.355s] INFO:colcon.colcon_core.shell:Creating package script '/home/niweiss/CPE-Capstone-2024-2025/ws_sensor_combined/install/px4_msgs/share/px4_msgs/package.sh'
[2.356s] INFO:colcon.colcon_core.shell:Creating package script '/home/niweiss/CPE-Capstone-2024-2025/ws_sensor_combined/install/px4_msgs/share/px4_msgs/package.bash'
[2.356s] INFO:colcon.colcon_core.shell:Creating package script '/home/niweiss/CPE-Capstone-2024-2025/ws_sensor_combined/install/px4_msgs/share/px4_msgs/package.zsh'
[2.357s] Level 1:colcon.colcon_core.environment:create_file_with_runtime_dependencies(/home/niweiss/CPE-Capstone-2024-2025/ws_sensor_combined/install/px4_msgs/share/colcon-core/packages/px4_msgs)
[2.357s] Level 1:colcon.colcon_core.environment:create_environment_scripts_only(px4_msgs)
[2.357s] Level 1:colcon.colcon_core.environment:checking '/home/niweiss/CPE-Capstone-2024-2025/ws_sensor_combined/install/px4_msgs' for CMake module files
[2.358s] Level 1:colcon.colcon_core.environment:checking '/home/niweiss/CPE-Capstone-2024-2025/ws_sensor_combined/install/px4_msgs' for CMake config files
[2.363s] Level 1:colcon.colcon_core.shell:create_environment_hook('px4_msgs', 'cmake_prefix_path')
[2.363s] INFO:colcon.colcon_core.shell:Creating environment hook '/home/niweiss/CPE-Capstone-2024-2025/ws_sensor_combined/install/px4_msgs/share/px4_msgs/hook/cmake_prefix_path.ps1'
[2.364s] INFO:colcon.colcon_core.shell:Creating environment descriptor '/home/niweiss/CPE-Capstone-2024-2025/ws_sensor_combined/install/px4_msgs/share/px4_msgs/hook/cmake_prefix_path.dsv'
[2.364s] INFO:colcon.colcon_core.shell:Creating environment hook '/home/niweiss/CPE-Capstone-2024-2025/ws_sensor_combined/install/px4_msgs/share/px4_msgs/hook/cmake_prefix_path.sh'
[2.365s] Level 1:colcon.colcon_core.environment:checking '/home/niweiss/CPE-Capstone-2024-2025/ws_sensor_combined/install/px4_msgs/lib'
[2.365s] Level 1:colcon.colcon_core.shell:create_environment_hook('px4_msgs', 'ld_library_path_lib')
[2.365s] INFO:colcon.colcon_core.shell:Creating environment hook '/home/niweiss/CPE-Capstone-2024-2025/ws_sensor_combined/install/px4_msgs/share/px4_msgs/hook/ld_library_path_lib.ps1'
[2.366s] INFO:colcon.colcon_core.shell:Creating environment descriptor '/home/niweiss/CPE-Capstone-2024-2025/ws_sensor_combined/install/px4_msgs/share/px4_msgs/hook/ld_library_path_lib.dsv'
[2.366s] INFO:colcon.colcon_core.shell:Creating environment hook '/home/niweiss/CPE-Capstone-2024-2025/ws_sensor_combined/install/px4_msgs/share/px4_msgs/hook/ld_library_path_lib.sh'
[2.366s] Level 1:colcon.colcon_core.environment:checking '/home/niweiss/CPE-Capstone-2024-2025/ws_sensor_combined/install/px4_msgs/bin'
[2.367s] Level 1:colcon.colcon_core.environment:checking '/home/niweiss/CPE-Capstone-2024-2025/ws_sensor_combined/install/px4_msgs/lib/pkgconfig/px4_msgs.pc'
[2.367s] Level 1:colcon.colcon_core.environment:checking '/home/niweiss/CPE-Capstone-2024-2025/ws_sensor_combined/install/px4_msgs/lib/python3.10/site-packages'
[2.367s] Level 1:colcon.colcon_core.environment:checking '/home/niweiss/CPE-Capstone-2024-2025/ws_sensor_combined/install/px4_msgs/bin'
[2.367s] INFO:colcon.colcon_core.shell:Creating package script '/home/niweiss/CPE-Capstone-2024-2025/ws_sensor_combined/install/px4_msgs/share/px4_msgs/package.ps1'
[2.368s] INFO:colcon.colcon_core.shell:Creating package descriptor '/home/niweiss/CPE-Capstone-2024-2025/ws_sensor_combined/install/px4_msgs/share/px4_msgs/package.dsv'
[2.369s] INFO:colcon.colcon_core.shell:Creating package script '/home/niweiss/CPE-Capstone-2024-2025/ws_sensor_combined/install/px4_msgs/share/px4_msgs/package.sh'
[2.369s] INFO:colcon.colcon_core.shell:Creating package script '/home/niweiss/CPE-Capstone-2024-2025/ws_sensor_combined/install/px4_msgs/share/px4_msgs/package.bash'
[2.369s] INFO:colcon.colcon_core.shell:Creating package script '/home/niweiss/CPE-Capstone-2024-2025/ws_sensor_combined/install/px4_msgs/share/px4_msgs/package.zsh'
[2.370s] Level 1:colcon.colcon_core.environment:create_file_with_runtime_dependencies(/home/niweiss/CPE-Capstone-2024-2025/ws_sensor_combined/install/px4_msgs/share/colcon-core/packages/px4_msgs)
[2.370s] INFO:colcon.colcon_ros.task.ament_cmake.build:Building ROS package in '/home/niweiss/CPE-Capstone-2024-2025/ws_sensor_combined/src/px4_ros_com' with build type 'ament_cmake'
[2.370s] INFO:colcon.colcon_cmake.task.cmake.build:Building CMake package in '/home/niweiss/CPE-Capstone-2024-2025/ws_sensor_combined/src/px4_ros_com'
[2.371s] INFO:colcon.colcon_core.shell:Skip shell extension 'powershell' for command environment: Not usable outside of PowerShell
[2.371s] DEBUG:colcon.colcon_core.shell:Skip shell extension 'dsv' for command environment
[2.545s] DEBUG:colcon.colcon_core.event_handler.log_command:Invoking command in '/home/niweiss/CPE-Capstone-2024-2025/ws_sensor_combined/build/px4_ros_com': CMAKE_PREFIX_PATH=/home/niweiss/CPE-Capstone-2024-2025/ws_sensor_combined/install/px4_msgs:/home/niweiss/CPE-Capstone-2024-2025/ws_sensor_combined/install/custom_msgs:/home/niweiss/CPE-Capstone-2024-2025/ws_sensor_combined/install/px4_ros_com:/opt/ros/humble LD_LIBRARY_PATH=/home/niweiss/CPE-Capstone-2024-2025/ws_sensor_combined/install/px4_msgs/lib:/home/niweiss/CPE-Capstone-2024-2025/ws_sensor_combined/install/custom_msgs/lib:/home/niweiss/CPE-Capstone-2024-2025/ws_sensor_combined/install/px4_ros_com/lib:/opt/ros/humble/opt/rviz_ogre_vendor/lib:/opt/ros/humble/lib/x86_64-linux-gnu:/opt/ros/humble/lib /usr/bin/cmake --build /home/niweiss/CPE-Capstone-2024-2025/ws_sensor_combined/build/px4_ros_com -- -j16 -l16
[17.245s] DEBUG:colcon.colcon_core.event_handler.log_command:Invoked command in '/home/niweiss/CPE-Capstone-2024-2025/ws_sensor_combined/build/px4_ros_com' returned '2': CMAKE_PREFIX_PATH=/home/niweiss/CPE-Capstone-2024-2025/ws_sensor_combined/install/px4_msgs:/home/niweiss/CPE-Capstone-2024-2025/ws_sensor_combined/install/custom_msgs:/home/niweiss/CPE-Capstone-2024-2025/ws_sensor_combined/install/px4_ros_com:/opt/ros/humble LD_LIBRARY_PATH=/home/niweiss/CPE-Capstone-2024-2025/ws_sensor_combined/install/px4_msgs/lib:/home/niweiss/CPE-Capstone-2024-2025/ws_sensor_combined/install/custom_msgs/lib:/home/niweiss/CPE-Capstone-2024-2025/ws_sensor_combined/install/px4_ros_com/lib:/opt/ros/humble/opt/rviz_ogre_vendor/lib:/opt/ros/humble/lib/x86_64-linux-gnu:/opt/ros/humble/lib /usr/bin/cmake --build /home/niweiss/CPE-Capstone-2024-2025/ws_sensor_combined/build/px4_ros_com -- -j16 -l16
[17.246s] Level 1:colcon.colcon_core.environment:create_environment_scripts_only(px4_ros_com)
[17.247s] Level 1:colcon.colcon_core.environment:checking '/home/niweiss/CPE-Capstone-2024-2025/ws_sensor_combined/install/px4_ros_com' for CMake module files
[17.247s] Level 1:colcon.colcon_core.environment:checking '/home/niweiss/CPE-Capstone-2024-2025/ws_sensor_combined/install/px4_ros_com' for CMake config files
[17.248s] Level 1:colcon.colcon_core.shell:create_environment_hook('px4_ros_com', 'cmake_prefix_path')
[17.249s] INFO:colcon.colcon_core.shell:Creating environment hook '/home/niweiss/CPE-Capstone-2024-2025/ws_sensor_combined/install/px4_ros_com/share/px4_ros_com/hook/cmake_prefix_path.ps1'
[17.250s] INFO:colcon.colcon_core.shell:Creating environment descriptor '/home/niweiss/CPE-Capstone-2024-2025/ws_sensor_combined/install/px4_ros_com/share/px4_ros_com/hook/cmake_prefix_path.dsv'
[17.251s] INFO:colcon.colcon_core.shell:Creating environment hook '/home/niweiss/CPE-Capstone-2024-2025/ws_sensor_combined/install/px4_ros_com/share/px4_ros_com/hook/cmake_prefix_path.sh'
[17.251s] Level 1:colcon.colcon_core.environment:checking '/home/niweiss/CPE-Capstone-2024-2025/ws_sensor_combined/install/px4_ros_com/lib'
[17.252s] Level 1:colcon.colcon_core.shell:create_environment_hook('px4_ros_com', 'ld_library_path_lib')
[17.252s] INFO:colcon.colcon_core.shell:Creating environment hook '/home/niweiss/CPE-Capstone-2024-2025/ws_sensor_combined/install/px4_ros_com/share/px4_ros_com/hook/ld_library_path_lib.ps1'
[17.253s] INFO:colcon.colcon_core.shell:Creating environment descriptor '/home/niweiss/CPE-Capstone-2024-2025/ws_sensor_combined/install/px4_ros_com/share/px4_ros_com/hook/ld_library_path_lib.dsv'
[17.254s] INFO:colcon.colcon_core.shell:Creating environment hook '/home/niweiss/CPE-Capstone-2024-2025/ws_sensor_combined/install/px4_ros_com/share/px4_ros_com/hook/ld_library_path_lib.sh'
[17.255s] Level 1:colcon.colcon_core.environment:checking '/home/niweiss/CPE-Capstone-2024-2025/ws_sensor_combined/install/px4_ros_com/bin'
[17.255s] Level 1:colcon.colcon_core.environment:checking '/home/niweiss/CPE-Capstone-2024-2025/ws_sensor_combined/install/px4_ros_com/lib/pkgconfig/px4_ros_com.pc'
[17.256s] Level 1:colcon.colcon_core.environment:checking '/home/niweiss/CPE-Capstone-2024-2025/ws_sensor_combined/install/px4_ros_com/lib/python3.10/site-packages'
[17.256s] Level 1:colcon.colcon_core.environment:checking '/home/niweiss/CPE-Capstone-2024-2025/ws_sensor_combined/install/px4_ros_com/bin'
[17.257s] INFO:colcon.colcon_core.shell:Creating package script '/home/niweiss/CPE-Capstone-2024-2025/ws_sensor_combined/install/px4_ros_com/share/px4_ros_com/package.ps1'
[17.258s] INFO:colcon.colcon_core.shell:Creating package descriptor '/home/niweiss/CPE-Capstone-2024-2025/ws_sensor_combined/install/px4_ros_com/share/px4_ros_com/package.dsv'
[17.259s] INFO:colcon.colcon_core.shell:Creating package script '/home/niweiss/CPE-Capstone-2024-2025/ws_sensor_combined/install/px4_ros_com/share/px4_ros_com/package.sh'
[17.260s] INFO:colcon.colcon_core.shell:Creating package script '/home/niweiss/CPE-Capstone-2024-2025/ws_sensor_combined/install/px4_ros_com/share/px4_ros_com/package.bash'
[17.261s] INFO:colcon.colcon_core.shell:Creating package script '/home/niweiss/CPE-Capstone-2024-2025/ws_sensor_combined/install/px4_ros_com/share/px4_ros_com/package.zsh'
[17.262s] Level 1:colcon.colcon_core.environment:create_file_with_runtime_dependencies(/home/niweiss/CPE-Capstone-2024-2025/ws_sensor_combined/install/px4_ros_com/share/colcon-core/packages/px4_ros_com)
[17.273s] DEBUG:colcon.colcon_parallel_executor.executor.parallel:closing loop
[17.273s] DEBUG:colcon.colcon_parallel_executor.executor.parallel:loop closed
[17.274s] DEBUG:colcon.colcon_parallel_executor.executor.parallel:run_until_complete finished with '2'
[17.274s] DEBUG:colcon.colcon_core.event_reactor:joining thread
[17.330s] INFO:colcon.colcon_core.plugin_system:Skipping extension 'colcon_notification.desktop_notification.notify_send': Could not find 'notify-send'
[17.330s] INFO:colcon.colcon_core.plugin_system:Skipping extension 'colcon_notification.desktop_notification.terminal_notifier': Not used on non-Darwin systems
[17.330s] INFO:colcon.colcon_core.plugin_system:Skipping extension 'colcon_notification.desktop_notification.win32': Not used on non-Windows systems
[17.330s] INFO:colcon.colcon_notification.desktop_notification:Sending desktop notification using 'notify2'
[17.330s] DEBUG:colcon.colcon_notification.desktop_notification.notify2:Failed to initialize notify2: org.freedesktop.DBus.Error.FileNotFound: Failed to connect to socket /run/user/1000/bus: No such file or directory
[17.331s] DEBUG:colcon.colcon_core.event_reactor:joined thread
[17.331s] INFO:colcon.colcon_core.shell:Creating prefix script '/home/niweiss/CPE-Capstone-2024-2025/ws_sensor_combined/install/local_setup.ps1'
[17.332s] INFO:colcon.colcon_core.shell:Creating prefix util module '/home/niweiss/CPE-Capstone-2024-2025/ws_sensor_combined/install/_local_setup_util_ps1.py'
[17.333s] INFO:colcon.colcon_core.shell:Creating prefix chain script '/home/niweiss/CPE-Capstone-2024-2025/ws_sensor_combined/install/setup.ps1'
[17.335s] INFO:colcon.colcon_core.shell:Creating prefix script '/home/niweiss/CPE-Capstone-2024-2025/ws_sensor_combined/install/local_setup.sh'
[17.336s] INFO:colcon.colcon_core.shell:Creating prefix util module '/home/niweiss/CPE-Capstone-2024-2025/ws_sensor_combined/install/_local_setup_util_sh.py'
[17.336s] INFO:colcon.colcon_core.shell:Creating prefix chain script '/home/niweiss/CPE-Capstone-2024-2025/ws_sensor_combined/install/setup.sh'
[17.337s] INFO:colcon.colcon_core.shell:Creating prefix script '/home/niweiss/CPE-Capstone-2024-2025/ws_sensor_combined/install/local_setup.bash'
[17.338s] INFO:colcon.colcon_core.shell:Creating prefix chain script '/home/niweiss/CPE-Capstone-2024-2025/ws_sensor_combined/install/setup.bash'
[17.339s] INFO:colcon.colcon_core.shell:Creating prefix script '/home/niweiss/CPE-Capstone-2024-2025/ws_sensor_combined/install/local_setup.zsh'
[17.340s] INFO:colcon.colcon_core.shell:Creating prefix chain script '/home/niweiss/CPE-Capstone-2024-2025/ws_sensor_combined/install/setup.zsh'
