[0.042s] Invoking command in '/home/niweiss/ws_sensor_combined/build/px4_ros2_cpp': CMAKE_PREFIX_PATH=/home/niweiss/ws_sensor_combined/install/px4_msgs:/home/niweiss/ws_sensor_combined/install/px4_ros_com:/opt/ros/humble LD_LIBRARY_PATH=/home/niweiss/ws_sensor_combined/install/px4_msgs/lib:/home/niweiss/ws_sensor_combined/install/px4_ros_com/lib:/opt/ros/humble/opt/rviz_ogre_vendor/lib:/opt/ros/humble/lib/x86_64-linux-gnu:/opt/ros/humble/lib /usr/bin/cmake /home/niweiss/ws_sensor_combined/src/px4-ros2-interface-lib/px4_ros2_cpp -DCMAKE_INSTALL_PREFIX=/home/niweiss/ws_sensor_combined/install/px4_ros2_cpp
[0.160s] -- The C compiler identification is GNU 11.4.0
[0.410s] -- The CXX compiler identification is GNU 11.4.0
[0.577s] -- Detecting C compiler ABI info
[0.664s] -- Detecting C compiler ABI info - done
[0.671s] -- Check for working C compiler: /usr/bin/cc - skipped
[0.672s] -- Detecting C compile features
[0.672s] -- Detecting C compile features - done
[0.677s] -- Detecting CXX compiler ABI info
[0.768s] -- Detecting CXX compiler ABI info - done
[0.775s] -- Check for working CXX compiler: /usr/bin/c++ - skipped
[0.775s] -- Detecting CXX compile features
[0.775s] -- Detecting CXX compile features - done
[0.777s] -- Found ament_cmake: 1.3.10 (/opt/ros/humble/share/ament_cmake/cmake)
[1.122s] -- Found Python3: /usr/bin/python3 (found version "3.10.12") found components: Interpreter 
[1.206s] -- Found ament_index_cpp: 1.4.0 (/opt/ros/humble/share/ament_index_cpp/cmake)
[1.207s] -- Found rclcpp: 16.0.10 (/opt/ros/humble/share/rclcpp/cmake)
[1.319s] -- Found rosidl_generator_c: 3.1.5 (/opt/ros/humble/share/rosidl_generator_c/cmake)
[1.322s] -- Found rosidl_adapter: 3.1.5 (/opt/ros/humble/share/rosidl_adapter/cmake)
[1.329s] -- Found rosidl_generator_cpp: 3.1.5 (/opt/ros/humble/share/rosidl_generator_cpp/cmake)
[1.341s] -- Using all available rosidl_typesupport_c: rosidl_typesupport_fastrtps_c;rosidl_typesupport_introspection_c
[1.356s] -- Using all available rosidl_typesupport_cpp: rosidl_typesupport_fastrtps_cpp;rosidl_typesupport_introspection_cpp
[1.395s] -- Found rmw_implementation_cmake: 6.1.2 (/opt/ros/humble/share/rmw_implementation_cmake/cmake)
[1.398s] -- Found rmw_fastrtps_cpp: 6.2.7 (/opt/ros/humble/share/rmw_fastrtps_cpp/cmake)
[2.078s] -- Found OpenSSL: /usr/lib/x86_64-linux-gnu/libcrypto.so (found version "3.0.2")  
[2.814s] -- Found FastRTPS: /opt/ros/humble/include  
[4.119s] -- Using RMW implementation 'rmw_fastrtps_cpp' as default
[4.125s] -- Looking for pthread.h
[4.227s] -- Looking for pthread.h - found
[4.227s] -- Performing Test CMAKE_HAVE_LIBC_PTHREAD
[4.329s] -- Performing Test CMAKE_HAVE_LIBC_PTHREAD - Success
[4.330s] -- Found Threads: TRUE  
[4.372s] -- Found px4_msgs: 2.0.1 (/home/niweiss/ws_sensor_combined/install/px4_msgs/share/px4_msgs/cmake)
[4.384s] -- Found eigen3_cmake_module: 0.1.1 (/opt/ros/humble/share/eigen3_cmake_module/cmake)
[4.400s] -- Found Eigen3: TRUE (found version "3.4.0") 
[4.403s] -- Found ament_lint_auto: 0.12.11 (/opt/ros/humble/share/ament_lint_auto/cmake)
[4.404s] -- Found ament_cmake_gtest: 1.3.10 (/opt/ros/humble/share/ament_cmake_gtest/cmake)
[4.482s] -- Found gtest sources under '/opt/ros/humble/src/gtest_vendor': C++ tests using 'Google Test' will be built
[4.490s] -- Added test 'copyright' to check source files copyright and LICENSE
[4.493s] -- Added test 'cppcheck' to perform static code analysis on C / C++ code
[4.494s] -- Configured cppcheck include dirs: /home/niweiss/ws_sensor_combined/src/px4-ros2-interface-lib/px4_ros2_cpp/include
[4.494s] -- Configured cppcheck exclude dirs and/or files: 
[4.496s] -- Added test 'cpplint' to check C / C++ code against the Google style
[4.496s] -- Configured cpplint exclude dirs and/or files: 
[4.498s] -- Added test 'lint_cmake' to check CMake code style
[4.501s] -- Added test 'uncrustify' to check C / C++ code style
[4.501s] -- Configured uncrustify additional arguments: 
[4.503s] -- Added test 'xmllint' to check XML markup files
[4.505s] -- Configuring done
[4.532s] -- Generating done
[4.533s] -- Build files have been written to: /home/niweiss/ws_sensor_combined/build/px4_ros2_cpp
[4.542s] Invoked command in '/home/niweiss/ws_sensor_combined/build/px4_ros2_cpp' returned '0': CMAKE_PREFIX_PATH=/home/niweiss/ws_sensor_combined/install/px4_msgs:/home/niweiss/ws_sensor_combined/install/px4_ros_com:/opt/ros/humble LD_LIBRARY_PATH=/home/niweiss/ws_sensor_combined/install/px4_msgs/lib:/home/niweiss/ws_sensor_combined/install/px4_ros_com/lib:/opt/ros/humble/opt/rviz_ogre_vendor/lib:/opt/ros/humble/lib/x86_64-linux-gnu:/opt/ros/humble/lib /usr/bin/cmake /home/niweiss/ws_sensor_combined/src/px4-ros2-interface-lib/px4_ros2_cpp -DCMAKE_INSTALL_PREFIX=/home/niweiss/ws_sensor_combined/install/px4_ros2_cpp
[4.544s] Invoking command in '/home/niweiss/ws_sensor_combined/build/px4_ros2_cpp': CMAKE_PREFIX_PATH=/home/niweiss/ws_sensor_combined/install/px4_msgs:/home/niweiss/ws_sensor_combined/install/px4_ros_com:/opt/ros/humble LD_LIBRARY_PATH=/home/niweiss/ws_sensor_combined/install/px4_msgs/lib:/home/niweiss/ws_sensor_combined/install/px4_ros_com/lib:/opt/ros/humble/opt/rviz_ogre_vendor/lib:/opt/ros/humble/lib/x86_64-linux-gnu:/opt/ros/humble/lib /usr/bin/cmake --build /home/niweiss/ws_sensor_combined/build/px4_ros2_cpp -- -j16 -l16
[4.583s] [  2%] [32mBuilding CXX object gtest/CMakeFiles/gtest_main.dir/src/gtest_main.cc.o[0m
[4.583s] [  4%] [32mBuilding CXX object gtest/CMakeFiles/gtest.dir/src/gtest-all.cc.o[0m
[4.585s] [  6%] [32mBuilding CXX object CMakeFiles/integration_utils.dir/test/integration/util.cpp.o[0m
[4.585s] [  8%] [32mBuilding CXX object CMakeFiles/px4_ros2_cpp.dir/src/components/health_and_arming_checks.cpp.o[0m
[4.586s] [ 10%] [32mBuilding CXX object CMakeFiles/px4_ros2_cpp.dir/src/components/manual_control_input.cpp.o[0m
[4.592s] [ 12%] [32mBuilding CXX object CMakeFiles/unit_utils.dir/test/unit/utils/util.cpp.o[0m
[4.593s] [ 14%] [32mBuilding CXX object CMakeFiles/px4_ros2_cpp.dir/src/components/message_compatibility_check.cpp.o[0m
[4.613s] [ 17%] [32mBuilding CXX object CMakeFiles/px4_ros2_cpp.dir/src/components/mode.cpp.o[0m
[4.613s] [ 19%] [32mBuilding CXX object CMakeFiles/px4_ros2_cpp.dir/src/components/registration.cpp.o[0m
[4.613s] [ 21%] [32mBuilding CXX object CMakeFiles/px4_ros2_cpp.dir/src/components/overrides.cpp.o[0m
[4.625s] [ 23%] [32mBuilding CXX object CMakeFiles/px4_ros2_cpp.dir/src/control/setpoint_types/direct_actuators.cpp.o[0m
[4.625s] [ 25%] [32mBuilding CXX object CMakeFiles/px4_ros2_cpp.dir/src/control/setpoint_types/goto.cpp.o[0m
[4.625s] [ 27%] [32mBuilding CXX object CMakeFiles/px4_ros2_cpp.dir/src/components/mode_executor.cpp.o[0m
[4.625s] [ 29%] [32mBuilding CXX object CMakeFiles/px4_ros2_cpp.dir/src/control/peripheral_actuators.cpp.o[0m
[4.625s] [ 31%] [32mBuilding CXX object CMakeFiles/px4_ros2_cpp.dir/src/components/wait_for_fmu.cpp.o[0m
[4.683s] [ 34%] [32mBuilding CXX object CMakeFiles/px4_ros2_cpp.dir/src/control/setpoint_types/experimental/attitude.cpp.o[0m
[6.722s] [ 36%] [32m[1mLinking CXX static library libgtest_main.a[0m
[6.863s] [ 36%] Built target gtest_main
[6.926s] [ 38%] [32mBuilding CXX object CMakeFiles/px4_ros2_cpp.dir/src/control/setpoint_types/experimental/rates.cpp.o[0m
[9.640s] [ 40%] [32m[1mLinking CXX shared library libunit_utils.so[0m
[9.796s] [ 42%] [32m[1mLinking CXX static library libgtest.a[0m
[9.904s] [ 42%] Built target gtest
[9.933s] [ 44%] [32mBuilding CXX object CMakeFiles/px4_ros2_cpp.dir/src/control/setpoint_types/experimental/trajectory.cpp.o[0m
[10.008s] [ 44%] Built target unit_utils
[10.020s] [ 46%] [32mBuilding CXX object CMakeFiles/px4_ros2_cpp.dir/src/navigation/experimental/global_position_measurement_interface.cpp.o[0m
[12.560s] [ 48%] [32mBuilding CXX object CMakeFiles/px4_ros2_cpp.dir/src/navigation/experimental/local_position_measurement_interface.cpp.o[0m
[13.032s] [ 51%] [32mBuilding CXX object CMakeFiles/px4_ros2_cpp.dir/src/odometry/attitude.cpp.o[0m
[13.189s] [ 53%] [32mBuilding CXX object CMakeFiles/px4_ros2_cpp.dir/src/odometry/global_position.cpp.o[0m
[13.389s] [ 55%] [32mBuilding CXX object CMakeFiles/px4_ros2_cpp.dir/src/odometry/local_position.cpp.o[0m
[14.150s] [ 57%] [32mBuilding CXX object CMakeFiles/px4_ros2_cpp.dir/src/odometry/angular_velocity.cpp.o[0m
[15.026s] [ 59%] [32mBuilding CXX object CMakeFiles/px4_ros2_cpp.dir/src/utils/geodesic.cpp.o[0m
[26.871s] [ 61%] [32mBuilding CXX object CMakeFiles/px4_ros2_cpp.dir/src/utils/map_projection_impl.cpp.o[0m
[29.883s] [ 63%] [32m[1mLinking CXX shared library libintegration_utils.so[0m
[30.510s] [ 63%] Built target integration_utils
[35.578s] [ 65%] [32m[1mLinking CXX shared library libpx4_ros2_cpp.so[0m
[39.465s] [ 65%] Built target px4_ros2_cpp
[39.529s] [ 68%] [32mBuilding CXX object CMakeFiles/px4_ros2_cpp_unit_tests.dir/test/unit/local_navigation.cpp.o[0m
[39.530s] [ 70%] [32mBuilding CXX object CMakeFiles/px4_ros2_cpp_unit_tests.dir/test/unit/global_navigation.cpp.o[0m
[39.530s] [ 72%] [32mBuilding CXX object CMakeFiles/integration_tests.dir/test/integration/global_navigation.cpp.o[0m
[39.530s] [ 74%] [32mBuilding CXX object CMakeFiles/px4_ros2_cpp_unit_tests.dir/test/unit/main.cpp.o[0m
[39.530s] [ 76%] [32mBuilding CXX object CMakeFiles/integration_tests.dir/test/integration/arming_check.cpp.o[0m
[39.530s] [ 78%] [32mBuilding CXX object CMakeFiles/integration_tests.dir/test/integration/local_navigation.cpp.o[0m
[39.530s] [ 80%] [32mBuilding CXX object CMakeFiles/integration_tests.dir/test/integration/mode.cpp.o[0m
[39.531s] [ 82%] [32mBuilding CXX object CMakeFiles/px4_ros2_cpp_unit_tests.dir/test/unit/modes.cpp.o[0m
[39.531s] [ 85%] [32mBuilding CXX object CMakeFiles/integration_tests.dir/test/integration/overrides.cpp.o[0m
[39.531s] [ 87%] [32mBuilding CXX object CMakeFiles/integration_tests.dir/test/integration/mode_executor.cpp.o[0m
[39.537s] [ 89%] [32mBuilding CXX object CMakeFiles/px4_ros2_cpp_unit_tests.dir/test/unit/utils/frame_conversion.cpp.o[0m
[39.552s] [ 91%] [32mBuilding CXX object CMakeFiles/px4_ros2_cpp_unit_tests.dir/test/unit/utils/geodesic.cpp.o[0m
[39.552s] [ 93%] [32mBuilding CXX object CMakeFiles/px4_ros2_cpp_unit_tests.dir/test/unit/utils/map_projection_impl.cpp.o[0m
[39.562s] [ 95%] [32mBuilding CXX object CMakeFiles/px4_ros2_cpp_unit_tests.dir/test/unit/utils/geometry.cpp.o[0m
[51.766s] [ 97%] [32m[1mLinking CXX executable px4_ros2_cpp_unit_tests[0m
[52.264s] [100%] [32m[1mLinking CXX executable integration_tests[0m
[52.759s] [100%] Built target px4_ros2_cpp_unit_tests
[53.418s] [100%] Built target integration_tests
[53.576s] Invoked command in '/home/niweiss/ws_sensor_combined/build/px4_ros2_cpp' returned '0': CMAKE_PREFIX_PATH=/home/niweiss/ws_sensor_combined/install/px4_msgs:/home/niweiss/ws_sensor_combined/install/px4_ros_com:/opt/ros/humble LD_LIBRARY_PATH=/home/niweiss/ws_sensor_combined/install/px4_msgs/lib:/home/niweiss/ws_sensor_combined/install/px4_ros_com/lib:/opt/ros/humble/opt/rviz_ogre_vendor/lib:/opt/ros/humble/lib/x86_64-linux-gnu:/opt/ros/humble/lib /usr/bin/cmake --build /home/niweiss/ws_sensor_combined/build/px4_ros2_cpp -- -j16 -l16
[53.729s] Invoking command in '/home/niweiss/ws_sensor_combined/build/px4_ros2_cpp': CMAKE_PREFIX_PATH=/home/niweiss/ws_sensor_combined/install/px4_msgs:/home/niweiss/ws_sensor_combined/install/px4_ros_com:/opt/ros/humble LD_LIBRARY_PATH=/home/niweiss/ws_sensor_combined/install/px4_msgs/lib:/home/niweiss/ws_sensor_combined/install/px4_ros_com/lib:/opt/ros/humble/opt/rviz_ogre_vendor/lib:/opt/ros/humble/lib/x86_64-linux-gnu:/opt/ros/humble/lib /usr/bin/cmake --install /home/niweiss/ws_sensor_combined/build/px4_ros2_cpp
[53.731s] -- Install configuration: ""
[53.732s] -- Installing: /home/niweiss/ws_sensor_combined/install/px4_ros2_cpp/share/px4_ros2_cpp/environment/library_path.sh
[53.732s] -- Installing: /home/niweiss/ws_sensor_combined/install/px4_ros2_cpp/share/px4_ros2_cpp/environment/library_path.dsv
[53.732s] -- Installing: /home/niweiss/ws_sensor_combined/install/px4_ros2_cpp/include/px4_ros2
[53.732s] -- Installing: /home/niweiss/ws_sensor_combined/install/px4_ros2_cpp/include/px4_ros2/navigation
[53.732s] -- Installing: /home/niweiss/ws_sensor_combined/install/px4_ros2_cpp/include/px4_ros2/navigation/groups.dox
[53.732s] -- Installing: /home/niweiss/ws_sensor_combined/install/px4_ros2_cpp/include/px4_ros2/navigation/experimental
[53.732s] -- Installing: /home/niweiss/ws_sensor_combined/install/px4_ros2_cpp/include/px4_ros2/navigation/experimental/local_position_measurement_interface.hpp
[53.732s] -- Installing: /home/niweiss/ws_sensor_combined/install/px4_ros2_cpp/include/px4_ros2/navigation/experimental/navigation_interface_base.hpp
[53.733s] -- Installing: /home/niweiss/ws_sensor_combined/install/px4_ros2_cpp/include/px4_ros2/navigation/experimental/global_position_measurement_interface.hpp
[53.733s] -- Installing: /home/niweiss/ws_sensor_combined/install/px4_ros2_cpp/include/px4_ros2/vehicle_state
[53.733s] -- Installing: /home/niweiss/ws_sensor_combined/install/px4_ros2_cpp/include/px4_ros2/vehicle_state/home_position.hpp
[53.733s] -- Installing: /home/niweiss/ws_sensor_combined/install/px4_ros2_cpp/include/px4_ros2/vehicle_state/groups.dox
[53.733s] -- Installing: /home/niweiss/ws_sensor_combined/install/px4_ros2_cpp/include/px4_ros2/vehicle_state/vtol_status.hpp
[53.733s] -- Installing: /home/niweiss/ws_sensor_combined/install/px4_ros2_cpp/include/px4_ros2/vehicle_state/vehicle_status.hpp
[53.733s] -- Installing: /home/niweiss/ws_sensor_combined/install/px4_ros2_cpp/include/px4_ros2/vehicle_state/land_detected.hpp
[53.734s] -- Installing: /home/niweiss/ws_sensor_combined/install/px4_ros2_cpp/include/px4_ros2/vehicle_state/battery.hpp
[53.734s] -- Installing: /home/niweiss/ws_sensor_combined/install/px4_ros2_cpp/include/px4_ros2/common
[53.734s] -- Installing: /home/niweiss/ws_sensor_combined/install/px4_ros2_cpp/include/px4_ros2/common/requirement_flags.hpp
[53.734s] -- Installing: /home/niweiss/ws_sensor_combined/install/px4_ros2_cpp/include/px4_ros2/common/context.hpp
[53.735s] -- Installing: /home/niweiss/ws_sensor_combined/install/px4_ros2_cpp/include/px4_ros2/common/frame.hpp
[53.735s] -- Installing: /home/niweiss/ws_sensor_combined/install/px4_ros2_cpp/include/px4_ros2/common/setpoint_base.hpp
[53.735s] -- Installing: /home/niweiss/ws_sensor_combined/install/px4_ros2_cpp/include/px4_ros2/utils
[53.735s] -- Installing: /home/niweiss/ws_sensor_combined/install/px4_ros2_cpp/include/px4_ros2/utils/groups.dox
[53.735s] -- Installing: /home/niweiss/ws_sensor_combined/install/px4_ros2_cpp/include/px4_ros2/utils/subscription.hpp
[53.735s] -- Installing: /home/niweiss/ws_sensor_combined/install/px4_ros2_cpp/include/px4_ros2/utils/geometry.hpp
[53.736s] -- Installing: /home/niweiss/ws_sensor_combined/install/px4_ros2_cpp/include/px4_ros2/utils/frame_conversion.hpp
[53.736s] -- Installing: /home/niweiss/ws_sensor_combined/install/px4_ros2_cpp/include/px4_ros2/utils/geodesic.hpp
[53.736s] -- Installing: /home/niweiss/ws_sensor_combined/install/px4_ros2_cpp/include/px4_ros2/odometry
[53.736s] -- Installing: /home/niweiss/ws_sensor_combined/install/px4_ros2_cpp/include/px4_ros2/odometry/groups.dox
[53.736s] -- Installing: /home/niweiss/ws_sensor_combined/install/px4_ros2_cpp/include/px4_ros2/odometry/angular_velocity.hpp
[53.737s] -- Installing: /home/niweiss/ws_sensor_combined/install/px4_ros2_cpp/include/px4_ros2/odometry/attitude.hpp
[53.737s] -- Installing: /home/niweiss/ws_sensor_combined/install/px4_ros2_cpp/include/px4_ros2/odometry/local_position.hpp
[53.737s] -- Installing: /home/niweiss/ws_sensor_combined/install/px4_ros2_cpp/include/px4_ros2/odometry/global_position.hpp
[53.737s] -- Installing: /home/niweiss/ws_sensor_combined/install/px4_ros2_cpp/include/px4_ros2/components
[53.738s] -- Installing: /home/niweiss/ws_sensor_combined/install/px4_ros2_cpp/include/px4_ros2/components/mode_executor.hpp
[53.738s] -- Installing: /home/niweiss/ws_sensor_combined/install/px4_ros2_cpp/include/px4_ros2/components/message_compatibility_check.hpp
[53.738s] -- Installing: /home/niweiss/ws_sensor_combined/install/px4_ros2_cpp/include/px4_ros2/components/groups.dox
[53.738s] -- Installing: /home/niweiss/ws_sensor_combined/install/px4_ros2_cpp/include/px4_ros2/components/health_and_arming_checks.hpp
[53.738s] -- Installing: /home/niweiss/ws_sensor_combined/install/px4_ros2_cpp/include/px4_ros2/components/node_with_mode.hpp
[53.738s] -- Installing: /home/niweiss/ws_sensor_combined/install/px4_ros2_cpp/include/px4_ros2/components/events.hpp
[53.739s] -- Installing: /home/niweiss/ws_sensor_combined/install/px4_ros2_cpp/include/px4_ros2/components/overrides.hpp
[53.739s] -- Installing: /home/niweiss/ws_sensor_combined/install/px4_ros2_cpp/include/px4_ros2/components/mode.hpp
[53.739s] -- Installing: /home/niweiss/ws_sensor_combined/install/px4_ros2_cpp/include/px4_ros2/components/manual_control_input.hpp
[53.739s] -- Installing: /home/niweiss/ws_sensor_combined/install/px4_ros2_cpp/include/px4_ros2/components/wait_for_fmu.hpp
[53.739s] -- Installing: /home/niweiss/ws_sensor_combined/install/px4_ros2_cpp/include/px4_ros2/control
[53.739s] -- Installing: /home/niweiss/ws_sensor_combined/install/px4_ros2_cpp/include/px4_ros2/control/groups.dox
[53.740s] -- Installing: /home/niweiss/ws_sensor_combined/install/px4_ros2_cpp/include/px4_ros2/control/peripheral_actuators.hpp
[53.740s] -- Installing: /home/niweiss/ws_sensor_combined/install/px4_ros2_cpp/include/px4_ros2/control/setpoint_types
[53.740s] -- Installing: /home/niweiss/ws_sensor_combined/install/px4_ros2_cpp/include/px4_ros2/control/setpoint_types/groups.dox
[53.740s] -- Installing: /home/niweiss/ws_sensor_combined/install/px4_ros2_cpp/include/px4_ros2/control/setpoint_types/experimental
[53.741s] -- Installing: /home/niweiss/ws_sensor_combined/install/px4_ros2_cpp/include/px4_ros2/control/setpoint_types/experimental/rates.hpp
[53.741s] -- Installing: /home/niweiss/ws_sensor_combined/install/px4_ros2_cpp/include/px4_ros2/control/setpoint_types/experimental/attitude.hpp
[53.741s] -- Installing: /home/niweiss/ws_sensor_combined/install/px4_ros2_cpp/include/px4_ros2/control/setpoint_types/experimental/trajectory.hpp
[53.741s] -- Installing: /home/niweiss/ws_sensor_combined/install/px4_ros2_cpp/include/px4_ros2/control/setpoint_types/goto.hpp
[53.741s] -- Installing: /home/niweiss/ws_sensor_combined/install/px4_ros2_cpp/include/px4_ros2/control/setpoint_types/direct_actuators.hpp
[53.742s] -- Installing: /home/niweiss/ws_sensor_combined/install/px4_ros2_cpp/lib/libpx4_ros2_cpp.so
[53.774s] -- Set runtime path of "/home/niweiss/ws_sensor_combined/install/px4_ros2_cpp/lib/libpx4_ros2_cpp.so" to ""
[53.775s] -- Installing: /home/niweiss/ws_sensor_combined/install/px4_ros2_cpp/share/ament_index/resource_index/package_run_dependencies/px4_ros2_cpp
[53.776s] -- Installing: /home/niweiss/ws_sensor_combined/install/px4_ros2_cpp/share/ament_index/resource_index/parent_prefix_path/px4_ros2_cpp
[53.778s] -- Installing: /home/niweiss/ws_sensor_combined/install/px4_ros2_cpp/share/px4_ros2_cpp/environment/ament_prefix_path.sh
[53.778s] -- Installing: /home/niweiss/ws_sensor_combined/install/px4_ros2_cpp/share/px4_ros2_cpp/environment/ament_prefix_path.dsv
[53.778s] -- Installing: /home/niweiss/ws_sensor_combined/install/px4_ros2_cpp/share/px4_ros2_cpp/environment/path.sh
[53.778s] -- Installing: /home/niweiss/ws_sensor_combined/install/px4_ros2_cpp/share/px4_ros2_cpp/environment/path.dsv
[53.779s] -- Installing: /home/niweiss/ws_sensor_combined/install/px4_ros2_cpp/share/px4_ros2_cpp/local_setup.bash
[53.779s] -- Installing: /home/niweiss/ws_sensor_combined/install/px4_ros2_cpp/share/px4_ros2_cpp/local_setup.sh
[53.780s] -- Installing: /home/niweiss/ws_sensor_combined/install/px4_ros2_cpp/share/px4_ros2_cpp/local_setup.zsh
[53.780s] -- Installing: /home/niweiss/ws_sensor_combined/install/px4_ros2_cpp/share/px4_ros2_cpp/local_setup.dsv
[53.781s] -- Installing: /home/niweiss/ws_sensor_combined/install/px4_ros2_cpp/share/px4_ros2_cpp/package.dsv
[53.782s] -- Installing: /home/niweiss/ws_sensor_combined/install/px4_ros2_cpp/share/ament_index/resource_index/packages/px4_ros2_cpp
[53.783s] -- Installing: /home/niweiss/ws_sensor_combined/install/px4_ros2_cpp/share/px4_ros2_cpp/cmake/px4_ros2_cppExport.cmake
[53.786s] -- Installing: /home/niweiss/ws_sensor_combined/install/px4_ros2_cpp/share/px4_ros2_cpp/cmake/px4_ros2_cppExport-noconfig.cmake
[53.787s] -- Installing: /home/niweiss/ws_sensor_combined/install/px4_ros2_cpp/share/px4_ros2_cpp/cmake/ament_cmake_export_targets-extras.cmake
[53.787s] -- Installing: /home/niweiss/ws_sensor_combined/install/px4_ros2_cpp/share/px4_ros2_cpp/cmake/ament_cmake_export_dependencies-extras.cmake
[53.787s] -- Installing: /home/niweiss/ws_sensor_combined/install/px4_ros2_cpp/share/px4_ros2_cpp/cmake/px4_ros2_cppConfig.cmake
[53.788s] -- Installing: /home/niweiss/ws_sensor_combined/install/px4_ros2_cpp/share/px4_ros2_cpp/cmake/px4_ros2_cppConfig-version.cmake
[53.788s] -- Installing: /home/niweiss/ws_sensor_combined/install/px4_ros2_cpp/share/px4_ros2_cpp/package.xml
[53.804s] Invoked command in '/home/niweiss/ws_sensor_combined/build/px4_ros2_cpp' returned '0': CMAKE_PREFIX_PATH=/home/niweiss/ws_sensor_combined/install/px4_msgs:/home/niweiss/ws_sensor_combined/install/px4_ros_com:/opt/ros/humble LD_LIBRARY_PATH=/home/niweiss/ws_sensor_combined/install/px4_msgs/lib:/home/niweiss/ws_sensor_combined/install/px4_ros_com/lib:/opt/ros/humble/opt/rviz_ogre_vendor/lib:/opt/ros/humble/lib/x86_64-linux-gnu:/opt/ros/humble/lib /usr/bin/cmake --install /home/niweiss/ws_sensor_combined/build/px4_ros2_cpp
