[0.348s] Invoking command in '/home/niweiss/CPE-Capstone-2024-2025/ws_sensor_combined/build/px4_ros_com': CMAKE_PREFIX_PATH=/home/niweiss/CPE-Capstone-2024-2025/ws_sensor_combined/install/px4_msgs:/home/niweiss/CPE-Capstone-2024-2025/ws_sensor_combined/install/custom_msgs:/home/niweiss/CPE-Capstone-2024-2025/ws_sensor_combined/install/px4_ros_com:/home/niweiss/ws_sensor_combined/install/example_mode_with_executor_cpp:/home/niweiss/ws_sensor_combined/install/example_mode_rtl_replacement_cpp:/home/niweiss/ws_sensor_combined/install/example_mode_manual_cpp:/home/niweiss/ws_sensor_combined/install/example_mode_goto_global_cpp:/home/niweiss/ws_sensor_combined/install/example_mode_goto_cpp:/home/niweiss/ws_sensor_combined/install/example_mode_fw_attitude_cpp:/home/niweiss/ws_sensor_combined/install/example_local_navigation_cpp:/home/niweiss/ws_sensor_combined/install/example_global_navigation_cpp:/home/niweiss/ws_sensor_combined/install/px4_ros2_cpp:/home/niweiss/ws_sensor_combined/install/px4_msgs:/home/niweiss/ws_sensor_combined/install/custom_msgs:/home/niweiss/ws_sensor_combined/install/px4_ros_com:/opt/ros/humble LD_LIBRARY_PATH=/home/niweiss/CPE-Capstone-2024-2025/ws_sensor_combined/install/px4_msgs/lib:/home/niweiss/CPE-Capstone-2024-2025/ws_sensor_combined/install/custom_msgs/lib:/home/niweiss/CPE-Capstone-2024-2025/ws_sensor_combined/install/px4_ros_com/lib:/home/niweiss/ws_sensor_combined/install/px4_ros_com/lib:/home/niweiss/ws_sensor_combined/install/px4_ros2_cpp/lib:/home/niweiss/ws_sensor_combined/install/px4_msgs/lib:/home/niweiss/ws_sensor_combined/install/custom_msgs/lib:/opt/ros/humble/opt/rviz_ogre_vendor/lib:/opt/ros/humble/lib/x86_64-linux-gnu:/opt/ros/humble/lib /usr/bin/cmake --build /home/niweiss/CPE-Capstone-2024-2025/ws_sensor_combined/build/px4_ros_com -- -j16 -l16
[0.406s] [35m[1mConsolidate compiler generated dependencies of target gui_command_pub[0m
[0.413s] [ 10%] Built target sensor_combined_listener
[0.417s] [ 20%] Built target debug_vect_advertiser
[0.422s] [ 20%] Built target ament_cmake_python_copy_px4_ros_com
[0.424s] [ 30%] Built target offboard_control
[0.425s] [ 40%] Built target frame_transforms
[0.425s] [ 50%] Built target vehicle_gps_position_listener
[0.425s] [ 60%] Built target offboard_paths
[0.426s] [ 70%] Built target flight_state_pub
[0.426s] [ 80%] Built target offboard_control_srv
[0.429s] [ 85%] [32mBuilding CXX object CMakeFiles/gui_command_pub.dir/src/examples/offboard/gui_command_pub.cpp.o[0m
[0.431s] [ 95%] Built target offboard_launch
[0.647s] running egg_info
[0.661s] writing px4_ros_com.egg-info/PKG-INFO
[0.662s] writing dependency_links to px4_ros_com.egg-info/dependency_links.txt
[0.663s] writing top-level names to px4_ros_com.egg-info/top_level.txt
[0.708s] reading manifest file 'px4_ros_com.egg-info/SOURCES.txt'
[0.709s] writing manifest file 'px4_ros_com.egg-info/SOURCES.txt'
[0.738s] [ 95%] Built target ament_cmake_python_build_px4_ros_com_egg
[7.912s] [100%] [32m[1mLinking CXX executable gui_command_pub[0m
[8.255s] [100%] Built target gui_command_pub
[8.270s] Invoked command in '/home/niweiss/CPE-Capstone-2024-2025/ws_sensor_combined/build/px4_ros_com' returned '0': CMAKE_PREFIX_PATH=/home/niweiss/CPE-Capstone-2024-2025/ws_sensor_combined/install/px4_msgs:/home/niweiss/CPE-Capstone-2024-2025/ws_sensor_combined/install/custom_msgs:/home/niweiss/CPE-Capstone-2024-2025/ws_sensor_combined/install/px4_ros_com:/home/niweiss/ws_sensor_combined/install/example_mode_with_executor_cpp:/home/niweiss/ws_sensor_combined/install/example_mode_rtl_replacement_cpp:/home/niweiss/ws_sensor_combined/install/example_mode_manual_cpp:/home/niweiss/ws_sensor_combined/install/example_mode_goto_global_cpp:/home/niweiss/ws_sensor_combined/install/example_mode_goto_cpp:/home/niweiss/ws_sensor_combined/install/example_mode_fw_attitude_cpp:/home/niweiss/ws_sensor_combined/install/example_local_navigation_cpp:/home/niweiss/ws_sensor_combined/install/example_global_navigation_cpp:/home/niweiss/ws_sensor_combined/install/px4_ros2_cpp:/home/niweiss/ws_sensor_combined/install/px4_msgs:/home/niweiss/ws_sensor_combined/install/custom_msgs:/home/niweiss/ws_sensor_combined/install/px4_ros_com:/opt/ros/humble LD_LIBRARY_PATH=/home/niweiss/CPE-Capstone-2024-2025/ws_sensor_combined/install/px4_msgs/lib:/home/niweiss/CPE-Capstone-2024-2025/ws_sensor_combined/install/custom_msgs/lib:/home/niweiss/CPE-Capstone-2024-2025/ws_sensor_combined/install/px4_ros_com/lib:/home/niweiss/ws_sensor_combined/install/px4_ros_com/lib:/home/niweiss/ws_sensor_combined/install/px4_ros2_cpp/lib:/home/niweiss/ws_sensor_combined/install/px4_msgs/lib:/home/niweiss/ws_sensor_combined/install/custom_msgs/lib:/opt/ros/humble/opt/rviz_ogre_vendor/lib:/opt/ros/humble/lib/x86_64-linux-gnu:/opt/ros/humble/lib /usr/bin/cmake --build /home/niweiss/CPE-Capstone-2024-2025/ws_sensor_combined/build/px4_ros_com -- -j16 -l16
[8.276s] Invoking command in '/home/niweiss/CPE-Capstone-2024-2025/ws_sensor_combined/build/px4_ros_com': CMAKE_PREFIX_PATH=/home/niweiss/CPE-Capstone-2024-2025/ws_sensor_combined/install/px4_msgs:/home/niweiss/CPE-Capstone-2024-2025/ws_sensor_combined/install/custom_msgs:/home/niweiss/CPE-Capstone-2024-2025/ws_sensor_combined/install/px4_ros_com:/home/niweiss/ws_sensor_combined/install/example_mode_with_executor_cpp:/home/niweiss/ws_sensor_combined/install/example_mode_rtl_replacement_cpp:/home/niweiss/ws_sensor_combined/install/example_mode_manual_cpp:/home/niweiss/ws_sensor_combined/install/example_mode_goto_global_cpp:/home/niweiss/ws_sensor_combined/install/example_mode_goto_cpp:/home/niweiss/ws_sensor_combined/install/example_mode_fw_attitude_cpp:/home/niweiss/ws_sensor_combined/install/example_local_navigation_cpp:/home/niweiss/ws_sensor_combined/install/example_global_navigation_cpp:/home/niweiss/ws_sensor_combined/install/px4_ros2_cpp:/home/niweiss/ws_sensor_combined/install/px4_msgs:/home/niweiss/ws_sensor_combined/install/custom_msgs:/home/niweiss/ws_sensor_combined/install/px4_ros_com:/opt/ros/humble LD_LIBRARY_PATH=/home/niweiss/CPE-Capstone-2024-2025/ws_sensor_combined/install/px4_msgs/lib:/home/niweiss/CPE-Capstone-2024-2025/ws_sensor_combined/install/custom_msgs/lib:/home/niweiss/CPE-Capstone-2024-2025/ws_sensor_combined/install/px4_ros_com/lib:/home/niweiss/ws_sensor_combined/install/px4_ros_com/lib:/home/niweiss/ws_sensor_combined/install/px4_ros2_cpp/lib:/home/niweiss/ws_sensor_combined/install/px4_msgs/lib:/home/niweiss/ws_sensor_combined/install/custom_msgs/lib:/opt/ros/humble/opt/rviz_ogre_vendor/lib:/opt/ros/humble/lib/x86_64-linux-gnu:/opt/ros/humble/lib /usr/bin/cmake --install /home/niweiss/CPE-Capstone-2024-2025/ws_sensor_combined/build/px4_ros_com
[8.293s] -- Install configuration: ""
[8.293s] -- Up-to-date: /home/niweiss/CPE-Capstone-2024-2025/ws_sensor_combined/install/px4_ros_com/lib/px4_ros_com/sensor_combined_listener
[8.293s] -- Up-to-date: /home/niweiss/CPE-Capstone-2024-2025/ws_sensor_combined/install/px4_ros_com/lib/px4_ros_com/vehicle_gps_position_listener
[8.293s] -- Up-to-date: /home/niweiss/CPE-Capstone-2024-2025/ws_sensor_combined/install/px4_ros_com/lib/px4_ros_com/debug_vect_advertiser
[8.295s] -- Up-to-date: /home/niweiss/CPE-Capstone-2024-2025/ws_sensor_combined/install/px4_ros_com/lib/px4_ros_com/offboard_control
[8.298s] -- Up-to-date: /home/niweiss/CPE-Capstone-2024-2025/ws_sensor_combined/install/px4_ros_com/lib/px4_ros_com/offboard_control_srv
[8.299s] -- Up-to-date: /home/niweiss/CPE-Capstone-2024-2025/ws_sensor_combined/install/px4_ros_com/lib/px4_ros_com/offboard_launch
[8.300s] -- Up-to-date: /home/niweiss/CPE-Capstone-2024-2025/ws_sensor_combined/install/px4_ros_com/lib/px4_ros_com/flight_state_pub
[8.300s] -- Installing: /home/niweiss/CPE-Capstone-2024-2025/ws_sensor_combined/install/px4_ros_com/lib/px4_ros_com/gui_command_pub
[8.304s] -- Set runtime path of "/home/niweiss/CPE-Capstone-2024-2025/ws_sensor_combined/install/px4_ros_com/lib/px4_ros_com/gui_command_pub" to ""
[8.305s] -- Up-to-date: /home/niweiss/CPE-Capstone-2024-2025/ws_sensor_combined/install/px4_ros_com/lib/px4_ros_com/offboard_paths
[8.307s] -- Up-to-date: /home/niweiss/CPE-Capstone-2024-2025/ws_sensor_combined/install/px4_ros_com/share/px4_ros_com/environment/library_path.sh
[8.307s] -- Installing: /home/niweiss/CPE-Capstone-2024-2025/ws_sensor_combined/install/px4_ros_com/share/px4_ros_com/environment/library_path.dsv
[8.308s] -- Up-to-date: /home/niweiss/CPE-Capstone-2024-2025/ws_sensor_combined/install/px4_ros_com/include/px4_ros_com
[8.308s] -- Up-to-date: /home/niweiss/CPE-Capstone-2024-2025/ws_sensor_combined/install/px4_ros_com/include/px4_ros_com/frame_transforms.h
[8.308s] -- Up-to-date: /home/niweiss/CPE-Capstone-2024-2025/ws_sensor_combined/install/px4_ros_com/lib/libframe_transforms.so
[8.309s] -- Up-to-date: /home/niweiss/CPE-Capstone-2024-2025/ws_sensor_combined/install/px4_ros_com/share/px4_ros_com//launch
[8.309s] -- Up-to-date: /home/niweiss/CPE-Capstone-2024-2025/ws_sensor_combined/install/px4_ros_com/share/px4_ros_com//launch/offboard_control_launch.yaml
[8.310s] -- Up-to-date: /home/niweiss/CPE-Capstone-2024-2025/ws_sensor_combined/install/px4_ros_com/share/px4_ros_com//launch/vehicle_gps_position_listener.launch.py
[8.310s] -- Up-to-date: /home/niweiss/CPE-Capstone-2024-2025/ws_sensor_combined/install/px4_ros_com/share/px4_ros_com//launch/sensor_combined_listener.launch.py
[8.311s] -- Up-to-date: /home/niweiss/CPE-Capstone-2024-2025/ws_sensor_combined/install/px4_ros_com/share/px4_ros_com//test
[8.311s] -- Up-to-date: /home/niweiss/CPE-Capstone-2024-2025/ws_sensor_combined/install/px4_ros_com/share/px4_ros_com//test/test_input.py
[8.311s] -- Up-to-date: /home/niweiss/CPE-Capstone-2024-2025/ws_sensor_combined/install/px4_ros_com/share/px4_ros_com//test/test_output.py
[8.311s] -- Up-to-date: /home/niweiss/CPE-Capstone-2024-2025/ws_sensor_combined/install/px4_ros_com/share/px4_ros_com//test/__init__.py
[8.312s] -- Up-to-date: /home/niweiss/CPE-Capstone-2024-2025/ws_sensor_combined/install/px4_ros_com/share/px4_ros_com//test/pipeline_io_test.py
[8.312s] -- Up-to-date: /home/niweiss/CPE-Capstone-2024-2025/ws_sensor_combined/install/px4_ros_com/share/px4_ros_com/environment/pythonpath.sh
[8.312s] -- Installing: /home/niweiss/CPE-Capstone-2024-2025/ws_sensor_combined/install/px4_ros_com/share/px4_ros_com/environment/pythonpath.dsv
[8.313s] -- Up-to-date: /home/niweiss/CPE-Capstone-2024-2025/ws_sensor_combined/install/px4_ros_com/local/lib/python3.10/dist-packages/px4_ros_com-0.1.0-py3.10.egg-info
[8.313s] -- Installing: /home/niweiss/CPE-Capstone-2024-2025/ws_sensor_combined/install/px4_ros_com/local/lib/python3.10/dist-packages/px4_ros_com-0.1.0-py3.10.egg-info/top_level.txt
[8.313s] -- Installing: /home/niweiss/CPE-Capstone-2024-2025/ws_sensor_combined/install/px4_ros_com/local/lib/python3.10/dist-packages/px4_ros_com-0.1.0-py3.10.egg-info/PKG-INFO
[8.313s] -- Installing: /home/niweiss/CPE-Capstone-2024-2025/ws_sensor_combined/install/px4_ros_com/local/lib/python3.10/dist-packages/px4_ros_com-0.1.0-py3.10.egg-info/dependency_links.txt
[8.313s] -- Installing: /home/niweiss/CPE-Capstone-2024-2025/ws_sensor_combined/install/px4_ros_com/local/lib/python3.10/dist-packages/px4_ros_com-0.1.0-py3.10.egg-info/SOURCES.txt
[8.314s] -- Up-to-date: /home/niweiss/CPE-Capstone-2024-2025/ws_sensor_combined/install/px4_ros_com/local/lib/python3.10/dist-packages/px4_ros_com
[8.314s] -- Up-to-date: /home/niweiss/CPE-Capstone-2024-2025/ws_sensor_combined/install/px4_ros_com/local/lib/python3.10/dist-packages/px4_ros_com/module_to_import.py
[8.314s] -- Up-to-date: /home/niweiss/CPE-Capstone-2024-2025/ws_sensor_combined/install/px4_ros_com/local/lib/python3.10/dist-packages/px4_ros_com/__init__.py
[8.372s] Listing '/home/niweiss/CPE-Capstone-2024-2025/ws_sensor_combined/install/px4_ros_com/local/lib/python3.10/dist-packages/px4_ros_com'...
[8.379s] -- Up-to-date: /home/niweiss/CPE-Capstone-2024-2025/ws_sensor_combined/install/px4_ros_com/lib/px4_ros_com/offboard_control.py
[8.379s] -- Up-to-date: /home/niweiss/CPE-Capstone-2024-2025/ws_sensor_combined/install/px4_ros_com/share/ament_index/resource_index/package_run_dependencies/px4_ros_com
[8.379s] -- Installing: /home/niweiss/CPE-Capstone-2024-2025/ws_sensor_combined/install/px4_ros_com/share/ament_index/resource_index/parent_prefix_path/px4_ros_com
[8.380s] -- Up-to-date: /home/niweiss/CPE-Capstone-2024-2025/ws_sensor_combined/install/px4_ros_com/share/px4_ros_com/environment/ament_prefix_path.sh
[8.380s] -- Installing: /home/niweiss/CPE-Capstone-2024-2025/ws_sensor_combined/install/px4_ros_com/share/px4_ros_com/environment/ament_prefix_path.dsv
[8.380s] -- Up-to-date: /home/niweiss/CPE-Capstone-2024-2025/ws_sensor_combined/install/px4_ros_com/share/px4_ros_com/environment/path.sh
[8.381s] -- Installing: /home/niweiss/CPE-Capstone-2024-2025/ws_sensor_combined/install/px4_ros_com/share/px4_ros_com/environment/path.dsv
[8.381s] -- Up-to-date: /home/niweiss/CPE-Capstone-2024-2025/ws_sensor_combined/install/px4_ros_com/share/px4_ros_com/local_setup.bash
[8.381s] -- Up-to-date: /home/niweiss/CPE-Capstone-2024-2025/ws_sensor_combined/install/px4_ros_com/share/px4_ros_com/local_setup.sh
[8.381s] -- Up-to-date: /home/niweiss/CPE-Capstone-2024-2025/ws_sensor_combined/install/px4_ros_com/share/px4_ros_com/local_setup.zsh
[8.381s] -- Installing: /home/niweiss/CPE-Capstone-2024-2025/ws_sensor_combined/install/px4_ros_com/share/px4_ros_com/local_setup.dsv
[8.382s] -- Installing: /home/niweiss/CPE-Capstone-2024-2025/ws_sensor_combined/install/px4_ros_com/share/px4_ros_com/package.dsv
[8.382s] -- Up-to-date: /home/niweiss/CPE-Capstone-2024-2025/ws_sensor_combined/install/px4_ros_com/share/ament_index/resource_index/packages/px4_ros_com
[8.383s] -- Up-to-date: /home/niweiss/CPE-Capstone-2024-2025/ws_sensor_combined/install/px4_ros_com/share/px4_ros_com/cmake/export_frame_transformsExport.cmake
[8.383s] -- Up-to-date: /home/niweiss/CPE-Capstone-2024-2025/ws_sensor_combined/install/px4_ros_com/share/px4_ros_com/cmake/export_frame_transformsExport-noconfig.cmake
[8.384s] -- Up-to-date: /home/niweiss/CPE-Capstone-2024-2025/ws_sensor_combined/install/px4_ros_com/share/px4_ros_com/cmake/ament_cmake_export_dependencies-extras.cmake
[8.384s] -- Up-to-date: /home/niweiss/CPE-Capstone-2024-2025/ws_sensor_combined/install/px4_ros_com/share/px4_ros_com/cmake/ament_cmake_export_targets-extras.cmake
[8.386s] -- Up-to-date: /home/niweiss/CPE-Capstone-2024-2025/ws_sensor_combined/install/px4_ros_com/share/px4_ros_com/cmake/ament_cmake_export_include_directories-extras.cmake
[8.386s] -- Up-to-date: /home/niweiss/CPE-Capstone-2024-2025/ws_sensor_combined/install/px4_ros_com/share/px4_ros_com/cmake/ament_cmake_export_libraries-extras.cmake
[8.387s] -- Up-to-date: /home/niweiss/CPE-Capstone-2024-2025/ws_sensor_combined/install/px4_ros_com/share/px4_ros_com/cmake/px4_ros_comConfig.cmake
[8.387s] -- Up-to-date: /home/niweiss/CPE-Capstone-2024-2025/ws_sensor_combined/install/px4_ros_com/share/px4_ros_com/cmake/px4_ros_comConfig-version.cmake
[8.387s] -- Up-to-date: /home/niweiss/CPE-Capstone-2024-2025/ws_sensor_combined/install/px4_ros_com/share/px4_ros_com/package.xml
[8.387s] Invoked command in '/home/niweiss/CPE-Capstone-2024-2025/ws_sensor_combined/build/px4_ros_com' returned '0': CMAKE_PREFIX_PATH=/home/niweiss/CPE-Capstone-2024-2025/ws_sensor_combined/install/px4_msgs:/home/niweiss/CPE-Capstone-2024-2025/ws_sensor_combined/install/custom_msgs:/home/niweiss/CPE-Capstone-2024-2025/ws_sensor_combined/install/px4_ros_com:/home/niweiss/ws_sensor_combined/install/example_mode_with_executor_cpp:/home/niweiss/ws_sensor_combined/install/example_mode_rtl_replacement_cpp:/home/niweiss/ws_sensor_combined/install/example_mode_manual_cpp:/home/niweiss/ws_sensor_combined/install/example_mode_goto_global_cpp:/home/niweiss/ws_sensor_combined/install/example_mode_goto_cpp:/home/niweiss/ws_sensor_combined/install/example_mode_fw_attitude_cpp:/home/niweiss/ws_sensor_combined/install/example_local_navigation_cpp:/home/niweiss/ws_sensor_combined/install/example_global_navigation_cpp:/home/niweiss/ws_sensor_combined/install/px4_ros2_cpp:/home/niweiss/ws_sensor_combined/install/px4_msgs:/home/niweiss/ws_sensor_combined/install/custom_msgs:/home/niweiss/ws_sensor_combined/install/px4_ros_com:/opt/ros/humble LD_LIBRARY_PATH=/home/niweiss/CPE-Capstone-2024-2025/ws_sensor_combined/install/px4_msgs/lib:/home/niweiss/CPE-Capstone-2024-2025/ws_sensor_combined/install/custom_msgs/lib:/home/niweiss/CPE-Capstone-2024-2025/ws_sensor_combined/install/px4_ros_com/lib:/home/niweiss/ws_sensor_combined/install/px4_ros_com/lib:/home/niweiss/ws_sensor_combined/install/px4_ros2_cpp/lib:/home/niweiss/ws_sensor_combined/install/px4_msgs/lib:/home/niweiss/ws_sensor_combined/install/custom_msgs/lib:/opt/ros/humble/opt/rviz_ogre_vendor/lib:/opt/ros/humble/lib/x86_64-linux-gnu:/opt/ros/humble/lib /usr/bin/cmake --install /home/niweiss/CPE-Capstone-2024-2025/ws_sensor_combined/build/px4_ros_com
