[0.026s] Invoking command in '/home/niweiss/ws_sensor_combined/build/px4_ros_com': AMENT_PREFIX_PATH=/home/niweiss/ws_sensor_combined/install/px4_msgs:${AMENT_PREFIX_PATH} CMAKE_PREFIX_PATH=/home/niweiss/ws_sensor_combined/install/px4_msgs:/opt/ros/humble LD_LIBRARY_PATH=/home/niweiss/ws_sensor_combined/install/px4_msgs/lib:${LD_LIBRARY_PATH} PYTHONPATH=/home/niweiss/ws_sensor_combined/install/px4_msgs/local/lib/python3.10/dist-packages:${PYTHONPATH} /usr/bin/cmake --build /home/niweiss/ws_sensor_combined/build/px4_ros_com -- -j16 -l16
[0.045s] [35m[1mConsolidate compiler generated dependencies of target offboard_launch[0m
[0.048s] [35m[1mConsolidate compiler generated dependencies of target offboard_paths[0m
[0.051s] [ 12%] Built target sensor_combined_listener
[0.053s] [ 25%] Built target debug_vect_advertiser
[0.054s] [ 37%] Built target vehicle_gps_position_listener
[0.055s] [ 56%] Built target offboard_control_srv
[0.055s] [ 56%] [32mBuilding CXX object CMakeFiles/offboard_launch.dir/src/examples/offboard/offboard_launch.cpp.o[0m
[0.056s] [ 68%] Built target frame_transforms
[0.057s] [ 68%] Built target ament_cmake_python_copy_px4_ros_com
[0.058s] [ 81%] Built target offboard_paths
[0.060s] [ 93%] Built target offboard_control
[0.158s] running egg_info
[0.167s] writing px4_ros_com.egg-info/PKG-INFO
[0.168s] writing dependency_links to px4_ros_com.egg-info/dependency_links.txt
[0.168s] writing top-level names to px4_ros_com.egg-info/top_level.txt
[0.188s] reading manifest file 'px4_ros_com.egg-info/SOURCES.txt'
[0.189s] writing manifest file 'px4_ros_com.egg-info/SOURCES.txt'
[0.204s] [ 93%] Built target ament_cmake_python_build_px4_ros_com_egg
[1.642s] In file included from [01m[K/usr/include/x86_64-linux-gnu/c++/11/bits/c++allocator.h:33[m[K,
[1.642s]                  from [01m[K/usr/include/c++/11/bits/allocator.h:46[m[K,
[1.642s]                  from [01m[K/usr/include/c++/11/unordered_map:40[m[K,
[1.642s]                  from [01m[K/usr/include/c++/11/functional:61[m[K,
[1.642s]                  from [01m[K/usr/include/c++/11/pstl/glue_algorithm_defs.h:13[m[K,
[1.642s]                  from [01m[K/usr/include/c++/11/algorithm:74[m[K,
[1.642s]                  from [01m[K/home/niweiss/ws_sensor_combined/install/px4_msgs/include/px4_msgs/px4_msgs/msg/detail/offboard_control_mode__struct.hpp:8[m[K,
[1.642s]                  from [01m[K/home/niweiss/ws_sensor_combined/install/px4_msgs/include/px4_msgs/px4_msgs/msg/offboard_control_mode.hpp:7[m[K,
[1.642s]                  from [01m[K/home/niweiss/ws_sensor_combined/src/px4_ros_com/src/examples/offboard/offboard_launch.cpp:41[m[K:
[1.642s] /usr/include/c++/11/ext/new_allocator.h: In instantiation of ‘[01m[Kvoid __gnu_cxx::new_allocator<_Tp>::construct(_Up*, _Args&& ...) [with _Up = OffboardControl; _Args = {}; _Tp = OffboardControl][m[K’:
[1.642s] [01m[K/usr/include/c++/11/bits/alloc_traits.h:516:17:[m[K   required from ‘[01m[Kstatic void std::allocator_traits<std::allocator<_Tp1> >::construct(std::allocator_traits<std::allocator<_Tp1> >::allocator_type&, _Up*, _Args&& ...) [with _Up = OffboardControl; _Args = {}; _Tp = OffboardControl; std::allocator_traits<std::allocator<_Tp1> >::allocator_type = std::allocator<OffboardControl>][m[K’
[1.642s] [01m[K/usr/include/c++/11/bits/shared_ptr_base.h:519:39:[m[K   required from ‘[01m[Kstd::_Sp_counted_ptr_inplace<_Tp, _Alloc, _Lp>::_Sp_counted_ptr_inplace(_Alloc, _Args&& ...) [with _Args = {}; _Tp = OffboardControl; _Alloc = std::allocator<OffboardControl>; __gnu_cxx::_Lock_policy _Lp = __gnu_cxx::_S_atomic][m[K’
[1.642s] [01m[K/usr/include/c++/11/bits/shared_ptr_base.h:650:16:[m[K   required from ‘[01m[Kstd::__shared_count<_Lp>::__shared_count(_Tp*&, std::_Sp_alloc_shared_tag<_Alloc>, _Args&& ...) [with _Tp = OffboardControl; _Alloc = std::allocator<OffboardControl>; _Args = {}; __gnu_cxx::_Lock_policy _Lp = __gnu_cxx::_S_atomic][m[K’
[1.642s] [01m[K/usr/include/c++/11/bits/shared_ptr_base.h:1342:14:[m[K   required from ‘[01m[Kstd::__shared_ptr<_Tp, _Lp>::__shared_ptr(std::_Sp_alloc_shared_tag<_Tp>, _Args&& ...) [with _Alloc = std::allocator<OffboardControl>; _Args = {}; _Tp = OffboardControl; __gnu_cxx::_Lock_policy _Lp = __gnu_cxx::_S_atomic][m[K’
[1.642s] [01m[K/usr/include/c++/11/bits/shared_ptr.h:409:59:[m[K   required from ‘[01m[Kstd::shared_ptr<_Tp>::shared_ptr(std::_Sp_alloc_shared_tag<_Tp>, _Args&& ...) [with _Alloc = std::allocator<OffboardControl>; _Args = {}; _Tp = OffboardControl][m[K’
[1.642s] [01m[K/usr/include/c++/11/bits/shared_ptr.h:862:14:[m[K   required from ‘[01m[Kstd::shared_ptr<_Tp> std::allocate_shared(const _Alloc&, _Args&& ...) [with _Tp = OffboardControl; _Alloc = std::allocator<OffboardControl>; _Args = {}][m[K’
[1.642s] [01m[K/usr/include/c++/11/bits/shared_ptr.h:878:39:[m[K   required from ‘[01m[Kstd::shared_ptr<_Tp> std::make_shared(_Args&& ...) [with _Tp = OffboardControl; _Args = {}][m[K’
[1.642s] [01m[K/home/niweiss/ws_sensor_combined/src/px4_ros_com/src/examples/offboard/offboard_launch.cpp:185:48:[m[K   required from here
[1.642s] [01m[K/usr/include/c++/11/ext/new_allocator.h:162:11:[m[K [01;31m[Kerror: [m[Kno matching function for call to ‘[01m[KOffboardControl::OffboardControl()[m[K’
[1.642s]   162 |         { [01;31m[K::new((void *)__p) _Up(std::forward<_Args>(__args)...)[m[K; }
[1.642s]       |           [01;31m[K^~~~~~~~~~~~~~~~~~~~~~~~~~~~~~~~~~~~~~~~~~~~~~~~~~~~~~[m[K
[1.642s] [01m[K/home/niweiss/ws_sensor_combined/src/px4_ros_com/src/examples/offboard/offboard_launch.cpp:58:9:[m[K [01;36m[Knote: [m[Kcandidate: ‘[01m[KOffboardControl::OffboardControl(float)[m[K’
[1.642s]    58 |         [01;36m[KOffboardControl[m[K(float initial_altitude) : Node("drone_launch") // initialize node (base class constructor)
[1.642s]       |         [01;36m[K^~~~~~~~~~~~~~~[m[K
[1.642s] [01m[K/home/niweiss/ws_sensor_combined/src/px4_ros_com/src/examples/offboard/offboard_launch.cpp:58:9:[m[K [01;36m[Knote: [m[K  candidate expects 1 argument, 0 provided
[1.858s] gmake[2]: *** [CMakeFiles/offboard_launch.dir/build.make:76: CMakeFiles/offboard_launch.dir/src/examples/offboard/offboard_launch.cpp.o] Error 1
[1.858s] gmake[1]: *** [CMakeFiles/Makefile2:310: CMakeFiles/offboard_launch.dir/all] Error 2
[1.858s] gmake: *** [Makefile:146: all] Error 2
[1.860s] Invoked command in '/home/niweiss/ws_sensor_combined/build/px4_ros_com' returned '2': AMENT_PREFIX_PATH=/home/niweiss/ws_sensor_combined/install/px4_msgs:${AMENT_PREFIX_PATH} CMAKE_PREFIX_PATH=/home/niweiss/ws_sensor_combined/install/px4_msgs:/opt/ros/humble LD_LIBRARY_PATH=/home/niweiss/ws_sensor_combined/install/px4_msgs/lib:${LD_LIBRARY_PATH} PYTHONPATH=/home/niweiss/ws_sensor_combined/install/px4_msgs/local/lib/python3.10/dist-packages:${PYTHONPATH} /usr/bin/cmake --build /home/niweiss/ws_sensor_combined/build/px4_ros_com -- -j16 -l16
