[0.228s] DEBUG:colcon:Command line arguments: ['/usr/bin/colcon', 'build']
[0.228s] DEBUG:colcon:Parsed command line arguments: Namespace(log_base=None, log_level=None, verb_name='build', build_base='build', install_base='install', merge_install=False, symlink_install=False, test_result_base=None, continue_on_error=False, executor='parallel', parallel_workers=16, event_handlers=None, ignore_user_meta=False, metas=['./colcon.meta'], base_paths=['.'], packages_ignore=None, packages_ignore_regex=None, paths=None, packages_up_to=None, packages_up_to_regex=None, packages_above=None, packages_above_and_dependencies=None, packages_above_depth=None, packages_select_by_dep=None, packages_skip_by_dep=None, packages_skip_up_to=None, packages_select_build_failed=False, packages_skip_build_finished=False, packages_select_test_failures=False, packages_skip_test_passed=False, packages_select=None, packages_skip=None, packages_select_regex=None, packages_skip_regex=None, packages_start=None, packages_end=None, allow_overriding=[], cmake_args=None, cmake_target=None, cmake_target_skip_unavailable=False, cmake_clean_cache=False, cmake_clean_first=False, cmake_force_configure=False, ament_cmake_args=None, catkin_cmake_args=None, catkin_skip_building_tests=False, mixin_files=None, mixin=None, verb_parser=<colcon_mixin.mixin.mixin_argument.MixinArgumentDecorator object at 0x7f1aa30d2a70>, verb_extension=<colcon_core.verb.build.BuildVerb object at 0x7f1aa323fc10>, main=<bound method BuildVerb.main of <colcon_core.verb.build.BuildVerb object at 0x7f1aa323fc10>>, mixin_verb=('build',))
[0.275s] Level 1:colcon.colcon_core.package_discovery:discover_packages(colcon_meta) check parameters
[0.275s] Level 1:colcon.colcon_core.package_discovery:discover_packages(recursive) check parameters
[0.275s] Level 1:colcon.colcon_core.package_discovery:discover_packages(ignore) check parameters
[0.275s] Level 1:colcon.colcon_core.package_discovery:discover_packages(path) check parameters
[0.275s] Level 1:colcon.colcon_core.package_discovery:discover_packages(colcon_meta) discover
[0.275s] Level 1:colcon.colcon_core.package_discovery:discover_packages(recursive) discover
[0.275s] INFO:colcon.colcon_core.package_discovery:Crawling recursively for packages in '/home/niweiss/CPE-Capstone-2024-2025/ws_sensor_combined'
[0.276s] Level 1:colcon.colcon_core.package_identification:_identify(.) by extensions ['ignore', 'ignore_ament_install']
[0.276s] Level 1:colcon.colcon_core.package_identification:_identify(.) by extension 'ignore'
[0.276s] Level 1:colcon.colcon_core.package_identification:_identify(.) by extension 'ignore_ament_install'
[0.276s] Level 1:colcon.colcon_core.package_identification:_identify(.) by extensions ['colcon_pkg']
[0.276s] Level 1:colcon.colcon_core.package_identification:_identify(.) by extension 'colcon_pkg'
[0.276s] Level 1:colcon.colcon_core.package_identification:_identify(.) by extensions ['colcon_meta']
[0.276s] Level 1:colcon.colcon_core.package_identification:_identify(.) by extension 'colcon_meta'
[0.276s] Level 1:colcon.colcon_core.package_identification:_identify(.) by extensions ['ros']
[0.276s] Level 1:colcon.colcon_core.package_identification:_identify(.) by extension 'ros'
[0.293s] Level 1:colcon.colcon_core.package_identification:_identify(.) by extensions ['cmake', 'python']
[0.294s] Level 1:colcon.colcon_core.package_identification:_identify(.) by extension 'cmake'
[0.294s] Level 1:colcon.colcon_core.package_identification:_identify(.) by extension 'python'
[0.294s] Level 1:colcon.colcon_core.package_identification:_identify(.) by extensions ['python_setup_py']
[0.294s] Level 1:colcon.colcon_core.package_identification:_identify(.) by extension 'python_setup_py'
[0.294s] Level 1:colcon.colcon_core.package_identification:_identify(build) by extensions ['ignore', 'ignore_ament_install']
[0.294s] Level 1:colcon.colcon_core.package_identification:_identify(build) by extension 'ignore'
[0.294s] Level 1:colcon.colcon_core.package_identification:_identify(build) ignored
[0.294s] Level 1:colcon.colcon_core.package_identification:_identify(install) by extensions ['ignore', 'ignore_ament_install']
[0.294s] Level 1:colcon.colcon_core.package_identification:_identify(install) by extension 'ignore'
[0.294s] Level 1:colcon.colcon_core.package_identification:_identify(install) ignored
[0.295s] Level 1:colcon.colcon_core.package_identification:_identify(log) by extensions ['ignore', 'ignore_ament_install']
[0.295s] Level 1:colcon.colcon_core.package_identification:_identify(log) by extension 'ignore'
[0.295s] Level 1:colcon.colcon_core.package_identification:_identify(log) ignored
[0.295s] Level 1:colcon.colcon_core.package_identification:_identify(src) by extensions ['ignore', 'ignore_ament_install']
[0.295s] Level 1:colcon.colcon_core.package_identification:_identify(src) by extension 'ignore'
[0.295s] Level 1:colcon.colcon_core.package_identification:_identify(src) by extension 'ignore_ament_install'
[0.295s] Level 1:colcon.colcon_core.package_identification:_identify(src) by extensions ['colcon_pkg']
[0.295s] Level 1:colcon.colcon_core.package_identification:_identify(src) by extension 'colcon_pkg'
[0.295s] Level 1:colcon.colcon_core.package_identification:_identify(src) by extensions ['colcon_meta']
[0.295s] Level 1:colcon.colcon_core.package_identification:_identify(src) by extension 'colcon_meta'
[0.295s] Level 1:colcon.colcon_core.package_identification:_identify(src) by extensions ['ros']
[0.295s] Level 1:colcon.colcon_core.package_identification:_identify(src) by extension 'ros'
[0.295s] Level 1:colcon.colcon_core.package_identification:_identify(src) by extensions ['cmake', 'python']
[0.295s] Level 1:colcon.colcon_core.package_identification:_identify(src) by extension 'cmake'
[0.295s] Level 1:colcon.colcon_core.package_identification:_identify(src) by extension 'python'
[0.296s] Level 1:colcon.colcon_core.package_identification:_identify(src) by extensions ['python_setup_py']
[0.296s] Level 1:colcon.colcon_core.package_identification:_identify(src) by extension 'python_setup_py'
[0.296s] Level 1:colcon.colcon_core.package_identification:_identify(src/custom_msgs) by extensions ['ignore', 'ignore_ament_install']
[0.296s] Level 1:colcon.colcon_core.package_identification:_identify(src/custom_msgs) by extension 'ignore'
[0.297s] Level 1:colcon.colcon_core.package_identification:_identify(src/custom_msgs) by extension 'ignore_ament_install'
[0.297s] Level 1:colcon.colcon_core.package_identification:_identify(src/custom_msgs) by extensions ['colcon_pkg']
[0.297s] Level 1:colcon.colcon_core.package_identification:_identify(src/custom_msgs) by extension 'colcon_pkg'
[0.297s] Level 1:colcon.colcon_core.package_identification:_identify(src/custom_msgs) by extensions ['colcon_meta']
[0.297s] Level 1:colcon.colcon_core.package_identification:_identify(src/custom_msgs) by extension 'colcon_meta'
[0.297s] Level 1:colcon.colcon_core.package_identification:_identify(src/custom_msgs) by extensions ['ros']
[0.297s] Level 1:colcon.colcon_core.package_identification:_identify(src/custom_msgs) by extension 'ros'
[0.300s] DEBUG:colcon.colcon_core.package_identification:Package 'src/custom_msgs' with type 'ros.ament_cmake' and name 'custom_msgs'
[0.301s] Level 1:colcon.colcon_core.package_identification:_identify(src/px4_msgs) by extensions ['ignore', 'ignore_ament_install']
[0.301s] Level 1:colcon.colcon_core.package_identification:_identify(src/px4_msgs) by extension 'ignore'
[0.301s] Level 1:colcon.colcon_core.package_identification:_identify(src/px4_msgs) by extension 'ignore_ament_install'
[0.301s] Level 1:colcon.colcon_core.package_identification:_identify(src/px4_msgs) by extensions ['colcon_pkg']
[0.301s] Level 1:colcon.colcon_core.package_identification:_identify(src/px4_msgs) by extension 'colcon_pkg'
[0.301s] Level 1:colcon.colcon_core.package_identification:_identify(src/px4_msgs) by extensions ['colcon_meta']
[0.301s] Level 1:colcon.colcon_core.package_identification:_identify(src/px4_msgs) by extension 'colcon_meta'
[0.301s] Level 1:colcon.colcon_core.package_identification:_identify(src/px4_msgs) by extensions ['ros']
[0.301s] Level 1:colcon.colcon_core.package_identification:_identify(src/px4_msgs) by extension 'ros'
[0.302s] DEBUG:colcon.colcon_core.package_identification:Package 'src/px4_msgs' with type 'ros.ament_cmake' and name 'px4_msgs'
[0.302s] Level 1:colcon.colcon_core.package_identification:_identify(src/px4_ros_com) by extensions ['ignore', 'ignore_ament_install']
[0.302s] Level 1:colcon.colcon_core.package_identification:_identify(src/px4_ros_com) by extension 'ignore'
[0.302s] Level 1:colcon.colcon_core.package_identification:_identify(src/px4_ros_com) by extension 'ignore_ament_install'
[0.302s] Level 1:colcon.colcon_core.package_identification:_identify(src/px4_ros_com) by extensions ['colcon_pkg']
[0.302s] Level 1:colcon.colcon_core.package_identification:_identify(src/px4_ros_com) by extension 'colcon_pkg'
[0.302s] Level 1:colcon.colcon_core.package_identification:_identify(src/px4_ros_com) by extensions ['colcon_meta']
[0.302s] Level 1:colcon.colcon_core.package_identification:_identify(src/px4_ros_com) by extension 'colcon_meta'
[0.302s] Level 1:colcon.colcon_core.package_identification:_identify(src/px4_ros_com) by extensions ['ros']
[0.302s] Level 1:colcon.colcon_core.package_identification:_identify(src/px4_ros_com) by extension 'ros'
[0.304s] DEBUG:colcon.colcon_core.package_identification:Package 'src/px4_ros_com' with type 'ros.ament_cmake' and name 'px4_ros_com'
[0.304s] Level 1:colcon.colcon_core.package_discovery:discover_packages(recursive) using defaults
[0.304s] Level 1:colcon.colcon_core.package_discovery:discover_packages(ignore) discover
[0.304s] Level 1:colcon.colcon_core.package_discovery:discover_packages(ignore) using defaults
[0.304s] Level 1:colcon.colcon_core.package_discovery:discover_packages(path) discover
[0.304s] Level 1:colcon.colcon_core.package_discovery:discover_packages(path) using defaults
[0.330s] Level 1:colcon.colcon_core.package_discovery:discover_packages(prefix_path) check parameters
[0.331s] Level 1:colcon.colcon_core.package_discovery:discover_packages(prefix_path) discover
[0.334s] DEBUG:colcon.colcon_installed_package_information.package_discovery:Found 3 installed packages in /home/niweiss/CPE-Capstone-2024-2025/ws_sensor_combined/install
[0.335s] DEBUG:colcon.colcon_installed_package_information.package_discovery:Found 270 installed packages in /opt/ros/humble
[0.336s] Level 1:colcon.colcon_core.package_discovery:discover_packages(prefix_path) using defaults
[0.374s] Level 5:colcon.colcon_core.verb:set package 'custom_msgs' build argument 'cmake_args' from command line to 'None'
[0.374s] Level 5:colcon.colcon_core.verb:set package 'custom_msgs' build argument 'cmake_target' from command line to 'None'
[0.374s] Level 5:colcon.colcon_core.verb:set package 'custom_msgs' build argument 'cmake_target_skip_unavailable' from command line to 'False'
[0.374s] Level 5:colcon.colcon_core.verb:set package 'custom_msgs' build argument 'cmake_clean_cache' from command line to 'False'
[0.374s] Level 5:colcon.colcon_core.verb:set package 'custom_msgs' build argument 'cmake_clean_first' from command line to 'False'
[0.374s] Level 5:colcon.colcon_core.verb:set package 'custom_msgs' build argument 'cmake_force_configure' from command line to 'False'
[0.374s] Level 5:colcon.colcon_core.verb:set package 'custom_msgs' build argument 'ament_cmake_args' from command line to 'None'
[0.374s] Level 5:colcon.colcon_core.verb:set package 'custom_msgs' build argument 'catkin_cmake_args' from command line to 'None'
[0.374s] Level 5:colcon.colcon_core.verb:set package 'custom_msgs' build argument 'catkin_skip_building_tests' from command line to 'False'
[0.374s] DEBUG:colcon.colcon_core.verb:Building package 'custom_msgs' with the following arguments: {'ament_cmake_args': None, 'build_base': '/home/niweiss/CPE-Capstone-2024-2025/ws_sensor_combined/build/custom_msgs', 'catkin_cmake_args': None, 'catkin_skip_building_tests': False, 'cmake_args': None, 'cmake_clean_cache': False, 'cmake_clean_first': False, 'cmake_force_configure': False, 'cmake_target': None, 'cmake_target_skip_unavailable': False, 'install_base': '/home/niweiss/CPE-Capstone-2024-2025/ws_sensor_combined/install/custom_msgs', 'merge_install': False, 'path': '/home/niweiss/CPE-Capstone-2024-2025/ws_sensor_combined/src/custom_msgs', 'symlink_install': False, 'test_result_base': None}
[0.375s] Level 5:colcon.colcon_core.verb:set package 'px4_msgs' build argument 'cmake_args' from command line to 'None'
[0.375s] Level 5:colcon.colcon_core.verb:set package 'px4_msgs' build argument 'cmake_target' from command line to 'None'
[0.375s] Level 5:colcon.colcon_core.verb:set package 'px4_msgs' build argument 'cmake_target_skip_unavailable' from command line to 'False'
[0.375s] Level 5:colcon.colcon_core.verb:set package 'px4_msgs' build argument 'cmake_clean_cache' from command line to 'False'
[0.375s] Level 5:colcon.colcon_core.verb:set package 'px4_msgs' build argument 'cmake_clean_first' from command line to 'False'
[0.375s] Level 5:colcon.colcon_core.verb:set package 'px4_msgs' build argument 'cmake_force_configure' from command line to 'False'
[0.375s] Level 5:colcon.colcon_core.verb:set package 'px4_msgs' build argument 'ament_cmake_args' from command line to 'None'
[0.375s] Level 5:colcon.colcon_core.verb:set package 'px4_msgs' build argument 'catkin_cmake_args' from command line to 'None'
[0.375s] Level 5:colcon.colcon_core.verb:set package 'px4_msgs' build argument 'catkin_skip_building_tests' from command line to 'False'
[0.375s] DEBUG:colcon.colcon_core.verb:Building package 'px4_msgs' with the following arguments: {'ament_cmake_args': None, 'build_base': '/home/niweiss/CPE-Capstone-2024-2025/ws_sensor_combined/build/px4_msgs', 'catkin_cmake_args': None, 'catkin_skip_building_tests': False, 'cmake_args': None, 'cmake_clean_cache': False, 'cmake_clean_first': False, 'cmake_force_configure': False, 'cmake_target': None, 'cmake_target_skip_unavailable': False, 'install_base': '/home/niweiss/CPE-Capstone-2024-2025/ws_sensor_combined/install/px4_msgs', 'merge_install': False, 'path': '/home/niweiss/CPE-Capstone-2024-2025/ws_sensor_combined/src/px4_msgs', 'symlink_install': False, 'test_result_base': None}
[0.375s] Level 5:colcon.colcon_core.verb:set package 'px4_ros_com' build argument 'cmake_args' from command line to 'None'
[0.376s] Level 5:colcon.colcon_core.verb:set package 'px4_ros_com' build argument 'cmake_target' from command line to 'None'
[0.376s] Level 5:colcon.colcon_core.verb:set package 'px4_ros_com' build argument 'cmake_target_skip_unavailable' from command line to 'False'
[0.376s] Level 5:colcon.colcon_core.verb:set package 'px4_ros_com' build argument 'cmake_clean_cache' from command line to 'False'
[0.376s] Level 5:colcon.colcon_core.verb:set package 'px4_ros_com' build argument 'cmake_clean_first' from command line to 'False'
[0.376s] Level 5:colcon.colcon_core.verb:set package 'px4_ros_com' build argument 'cmake_force_configure' from command line to 'False'
[0.376s] Level 5:colcon.colcon_core.verb:set package 'px4_ros_com' build argument 'ament_cmake_args' from command line to 'None'
[0.376s] Level 5:colcon.colcon_core.verb:set package 'px4_ros_com' build argument 'catkin_cmake_args' from command line to 'None'
[0.376s] Level 5:colcon.colcon_core.verb:set package 'px4_ros_com' build argument 'catkin_skip_building_tests' from command line to 'False'
[0.376s] DEBUG:colcon.colcon_core.verb:Building package 'px4_ros_com' with the following arguments: {'ament_cmake_args': None, 'build_base': '/home/niweiss/CPE-Capstone-2024-2025/ws_sensor_combined/build/px4_ros_com', 'catkin_cmake_args': None, 'catkin_skip_building_tests': False, 'cmake_args': None, 'cmake_clean_cache': False, 'cmake_clean_first': False, 'cmake_force_configure': False, 'cmake_target': None, 'cmake_target_skip_unavailable': False, 'install_base': '/home/niweiss/CPE-Capstone-2024-2025/ws_sensor_combined/install/px4_ros_com', 'merge_install': False, 'path': '/home/niweiss/CPE-Capstone-2024-2025/ws_sensor_combined/src/px4_ros_com', 'symlink_install': False, 'test_result_base': None}
[0.376s] INFO:colcon.colcon_core.executor:Executing jobs using 'parallel' executor
[0.377s] DEBUG:colcon.colcon_parallel_executor.executor.parallel:run_until_complete
[0.378s] INFO:colcon.colcon_ros.task.ament_cmake.build:Building ROS package in '/home/niweiss/CPE-Capstone-2024-2025/ws_sensor_combined/src/custom_msgs' with build type 'ament_cmake'
[0.378s] INFO:colcon.colcon_cmake.task.cmake.build:Building CMake package in '/home/niweiss/CPE-Capstone-2024-2025/ws_sensor_combined/src/custom_msgs'
[0.382s] INFO:colcon.colcon_core.plugin_system:Skipping extension 'colcon_core.shell.bat': Not used on non-Windows systems
[0.383s] INFO:colcon.colcon_core.shell:Skip shell extension 'powershell' for command environment: Not usable outside of PowerShell
[0.383s] DEBUG:colcon.colcon_core.shell:Skip shell extension 'dsv' for command environment
[0.387s] INFO:colcon.colcon_ros.task.ament_cmake.build:Building ROS package in '/home/niweiss/CPE-Capstone-2024-2025/ws_sensor_combined/src/px4_msgs' with build type 'ament_cmake'
[0.387s] INFO:colcon.colcon_cmake.task.cmake.build:Building CMake package in '/home/niweiss/CPE-Capstone-2024-2025/ws_sensor_combined/src/px4_msgs'
[0.388s] INFO:colcon.colcon_core.shell:Skip shell extension 'powershell' for command environment: Not usable outside of PowerShell
[0.388s] DEBUG:colcon.colcon_core.shell:Skip shell extension 'dsv' for command environment
[0.401s] DEBUG:colcon.colcon_core.event_handler.log_command:Invoking command in '/home/niweiss/CPE-Capstone-2024-2025/ws_sensor_combined/build/custom_msgs': CMAKE_PREFIX_PATH=${CMAKE_PREFIX_PATH}:/opt/ros/humble /usr/bin/cmake --build /home/niweiss/CPE-Capstone-2024-2025/ws_sensor_combined/build/custom_msgs -- -j16 -l16
[0.405s] DEBUG:colcon.colcon_core.event_handler.log_command:Invoking command in '/home/niweiss/CPE-Capstone-2024-2025/ws_sensor_combined/build/px4_msgs': CMAKE_PREFIX_PATH=${CMAKE_PREFIX_PATH}:/opt/ros/humble /usr/bin/cmake --build /home/niweiss/CPE-Capstone-2024-2025/ws_sensor_combined/build/px4_msgs -- -j16 -l16
[0.858s] DEBUG:colcon.colcon_core.event_handler.log_command:Invoked command in '/home/niweiss/CPE-Capstone-2024-2025/ws_sensor_combined/build/custom_msgs' returned '0': CMAKE_PREFIX_PATH=${CMAKE_PREFIX_PATH}:/opt/ros/humble /usr/bin/cmake --build /home/niweiss/CPE-Capstone-2024-2025/ws_sensor_combined/build/custom_msgs -- -j16 -l16
[0.869s] DEBUG:colcon.colcon_core.event_handler.log_command:Invoking command in '/home/niweiss/CPE-Capstone-2024-2025/ws_sensor_combined/build/custom_msgs': CMAKE_PREFIX_PATH=${CMAKE_PREFIX_PATH}:/opt/ros/humble /usr/bin/cmake --install /home/niweiss/CPE-Capstone-2024-2025/ws_sensor_combined/build/custom_msgs
[0.939s] Level 1:colcon.colcon_core.environment:create_environment_scripts_only(custom_msgs)
[0.942s] DEBUG:colcon.colcon_core.event_handler.log_command:Invoked command in '/home/niweiss/CPE-Capstone-2024-2025/ws_sensor_combined/build/custom_msgs' returned '0': CMAKE_PREFIX_PATH=${CMAKE_PREFIX_PATH}:/opt/ros/humble /usr/bin/cmake --install /home/niweiss/CPE-Capstone-2024-2025/ws_sensor_combined/build/custom_msgs
[0.946s] Level 1:colcon.colcon_core.environment:checking '/home/niweiss/CPE-Capstone-2024-2025/ws_sensor_combined/install/custom_msgs' for CMake module files
[0.946s] Level 1:colcon.colcon_core.environment:checking '/home/niweiss/CPE-Capstone-2024-2025/ws_sensor_combined/install/custom_msgs' for CMake config files
[0.947s] Level 1:colcon.colcon_core.shell:create_environment_hook('custom_msgs', 'cmake_prefix_path')
[0.948s] INFO:colcon.colcon_core.shell:Creating environment hook '/home/niweiss/CPE-Capstone-2024-2025/ws_sensor_combined/install/custom_msgs/share/custom_msgs/hook/cmake_prefix_path.ps1'
[0.948s] INFO:colcon.colcon_core.shell:Creating environment descriptor '/home/niweiss/CPE-Capstone-2024-2025/ws_sensor_combined/install/custom_msgs/share/custom_msgs/hook/cmake_prefix_path.dsv'
[0.949s] INFO:colcon.colcon_core.shell:Creating environment hook '/home/niweiss/CPE-Capstone-2024-2025/ws_sensor_combined/install/custom_msgs/share/custom_msgs/hook/cmake_prefix_path.sh'
[0.950s] Level 1:colcon.colcon_core.environment:checking '/home/niweiss/CPE-Capstone-2024-2025/ws_sensor_combined/install/custom_msgs/lib'
[0.950s] Level 1:colcon.colcon_core.shell:create_environment_hook('custom_msgs', 'ld_library_path_lib')
[0.950s] INFO:colcon.colcon_core.shell:Creating environment hook '/home/niweiss/CPE-Capstone-2024-2025/ws_sensor_combined/install/custom_msgs/share/custom_msgs/hook/ld_library_path_lib.ps1'
[0.951s] INFO:colcon.colcon_core.shell:Creating environment descriptor '/home/niweiss/CPE-Capstone-2024-2025/ws_sensor_combined/install/custom_msgs/share/custom_msgs/hook/ld_library_path_lib.dsv'
[0.951s] INFO:colcon.colcon_core.shell:Creating environment hook '/home/niweiss/CPE-Capstone-2024-2025/ws_sensor_combined/install/custom_msgs/share/custom_msgs/hook/ld_library_path_lib.sh'
[0.952s] Level 1:colcon.colcon_core.environment:checking '/home/niweiss/CPE-Capstone-2024-2025/ws_sensor_combined/install/custom_msgs/bin'
[0.952s] Level 1:colcon.colcon_core.environment:checking '/home/niweiss/CPE-Capstone-2024-2025/ws_sensor_combined/install/custom_msgs/lib/pkgconfig/custom_msgs.pc'
[0.952s] Level 1:colcon.colcon_core.environment:checking '/home/niweiss/CPE-Capstone-2024-2025/ws_sensor_combined/install/custom_msgs/lib/python3.10/site-packages'
[0.952s] Level 1:colcon.colcon_core.environment:checking '/home/niweiss/CPE-Capstone-2024-2025/ws_sensor_combined/install/custom_msgs/bin'
[0.953s] INFO:colcon.colcon_core.shell:Creating package script '/home/niweiss/CPE-Capstone-2024-2025/ws_sensor_combined/install/custom_msgs/share/custom_msgs/package.ps1'
[0.954s] INFO:colcon.colcon_core.shell:Creating package descriptor '/home/niweiss/CPE-Capstone-2024-2025/ws_sensor_combined/install/custom_msgs/share/custom_msgs/package.dsv'
[0.954s] INFO:colcon.colcon_core.shell:Creating package script '/home/niweiss/CPE-Capstone-2024-2025/ws_sensor_combined/install/custom_msgs/share/custom_msgs/package.sh'
[0.956s] INFO:colcon.colcon_core.shell:Creating package script '/home/niweiss/CPE-Capstone-2024-2025/ws_sensor_combined/install/custom_msgs/share/custom_msgs/package.bash'
[0.957s] INFO:colcon.colcon_core.shell:Creating package script '/home/niweiss/CPE-Capstone-2024-2025/ws_sensor_combined/install/custom_msgs/share/custom_msgs/package.zsh'
[0.958s] Level 1:colcon.colcon_core.environment:create_file_with_runtime_dependencies(/home/niweiss/CPE-Capstone-2024-2025/ws_sensor_combined/install/custom_msgs/share/colcon-core/packages/custom_msgs)
[0.960s] Level 1:colcon.colcon_core.environment:create_environment_scripts_only(custom_msgs)
[0.960s] Level 1:colcon.colcon_core.environment:checking '/home/niweiss/CPE-Capstone-2024-2025/ws_sensor_combined/install/custom_msgs' for CMake module files
[0.960s] Level 1:colcon.colcon_core.environment:checking '/home/niweiss/CPE-Capstone-2024-2025/ws_sensor_combined/install/custom_msgs' for CMake config files
[0.961s] Level 1:colcon.colcon_core.shell:create_environment_hook('custom_msgs', 'cmake_prefix_path')
[0.961s] INFO:colcon.colcon_core.shell:Creating environment hook '/home/niweiss/CPE-Capstone-2024-2025/ws_sensor_combined/install/custom_msgs/share/custom_msgs/hook/cmake_prefix_path.ps1'
[0.962s] INFO:colcon.colcon_core.shell:Creating environment descriptor '/home/niweiss/CPE-Capstone-2024-2025/ws_sensor_combined/install/custom_msgs/share/custom_msgs/hook/cmake_prefix_path.dsv'
[0.962s] INFO:colcon.colcon_core.shell:Creating environment hook '/home/niweiss/CPE-Capstone-2024-2025/ws_sensor_combined/install/custom_msgs/share/custom_msgs/hook/cmake_prefix_path.sh'
[0.963s] Level 1:colcon.colcon_core.environment:checking '/home/niweiss/CPE-Capstone-2024-2025/ws_sensor_combined/install/custom_msgs/lib'
[0.964s] Level 1:colcon.colcon_core.shell:create_environment_hook('custom_msgs', 'ld_library_path_lib')
[0.964s] INFO:colcon.colcon_core.shell:Creating environment hook '/home/niweiss/CPE-Capstone-2024-2025/ws_sensor_combined/install/custom_msgs/share/custom_msgs/hook/ld_library_path_lib.ps1'
[0.964s] INFO:colcon.colcon_core.shell:Creating environment descriptor '/home/niweiss/CPE-Capstone-2024-2025/ws_sensor_combined/install/custom_msgs/share/custom_msgs/hook/ld_library_path_lib.dsv'
[0.965s] INFO:colcon.colcon_core.shell:Creating environment hook '/home/niweiss/CPE-Capstone-2024-2025/ws_sensor_combined/install/custom_msgs/share/custom_msgs/hook/ld_library_path_lib.sh'
[0.965s] Level 1:colcon.colcon_core.environment:checking '/home/niweiss/CPE-Capstone-2024-2025/ws_sensor_combined/install/custom_msgs/bin'
[0.965s] Level 1:colcon.colcon_core.environment:checking '/home/niweiss/CPE-Capstone-2024-2025/ws_sensor_combined/install/custom_msgs/lib/pkgconfig/custom_msgs.pc'
[0.965s] Level 1:colcon.colcon_core.environment:checking '/home/niweiss/CPE-Capstone-2024-2025/ws_sensor_combined/install/custom_msgs/lib/python3.10/site-packages'
[0.966s] Level 1:colcon.colcon_core.environment:checking '/home/niweiss/CPE-Capstone-2024-2025/ws_sensor_combined/install/custom_msgs/bin'
[0.966s] INFO:colcon.colcon_core.shell:Creating package script '/home/niweiss/CPE-Capstone-2024-2025/ws_sensor_combined/install/custom_msgs/share/custom_msgs/package.ps1'
[0.967s] INFO:colcon.colcon_core.shell:Creating package descriptor '/home/niweiss/CPE-Capstone-2024-2025/ws_sensor_combined/install/custom_msgs/share/custom_msgs/package.dsv'
[0.968s] INFO:colcon.colcon_core.shell:Creating package script '/home/niweiss/CPE-Capstone-2024-2025/ws_sensor_combined/install/custom_msgs/share/custom_msgs/package.sh'
[0.968s] INFO:colcon.colcon_core.shell:Creating package script '/home/niweiss/CPE-Capstone-2024-2025/ws_sensor_combined/install/custom_msgs/share/custom_msgs/package.bash'
[0.969s] INFO:colcon.colcon_core.shell:Creating package script '/home/niweiss/CPE-Capstone-2024-2025/ws_sensor_combined/install/custom_msgs/share/custom_msgs/package.zsh'
[0.970s] Level 1:colcon.colcon_core.environment:create_file_with_runtime_dependencies(/home/niweiss/CPE-Capstone-2024-2025/ws_sensor_combined/install/custom_msgs/share/colcon-core/packages/custom_msgs)
[1.636s] DEBUG:colcon.colcon_core.event_handler.log_command:Invoked command in '/home/niweiss/CPE-Capstone-2024-2025/ws_sensor_combined/build/px4_msgs' returned '0': CMAKE_PREFIX_PATH=${CMAKE_PREFIX_PATH}:/opt/ros/humble /usr/bin/cmake --build /home/niweiss/CPE-Capstone-2024-2025/ws_sensor_combined/build/px4_msgs -- -j16 -l16
[1.641s] DEBUG:colcon.colcon_core.event_handler.log_command:Invoking command in '/home/niweiss/CPE-Capstone-2024-2025/ws_sensor_combined/build/px4_msgs': CMAKE_PREFIX_PATH=${CMAKE_PREFIX_PATH}:/opt/ros/humble /usr/bin/cmake --install /home/niweiss/CPE-Capstone-2024-2025/ws_sensor_combined/build/px4_msgs
[2.146s] Level 1:colcon.colcon_core.environment:create_environment_scripts_only(px4_msgs)
[2.147s] Level 1:colcon.colcon_core.environment:checking '/home/niweiss/CPE-Capstone-2024-2025/ws_sensor_combined/install/px4_msgs' for CMake module files
[2.161s] Level 1:colcon.colcon_core.environment:checking '/home/niweiss/CPE-Capstone-2024-2025/ws_sensor_combined/install/px4_msgs' for CMake config files
[2.263s] Level 1:colcon.colcon_core.shell:create_environment_hook('px4_msgs', 'cmake_prefix_path')
[2.263s] INFO:colcon.colcon_core.shell:Creating environment hook '/home/niweiss/CPE-Capstone-2024-2025/ws_sensor_combined/install/px4_msgs/share/px4_msgs/hook/cmake_prefix_path.ps1'
[2.271s] INFO:colcon.colcon_core.shell:Creating environment descriptor '/home/niweiss/CPE-Capstone-2024-2025/ws_sensor_combined/install/px4_msgs/share/px4_msgs/hook/cmake_prefix_path.dsv'
[2.273s] INFO:colcon.colcon_core.shell:Creating environment hook '/home/niweiss/CPE-Capstone-2024-2025/ws_sensor_combined/install/px4_msgs/share/px4_msgs/hook/cmake_prefix_path.sh'
[2.279s] Level 1:colcon.colcon_core.environment:checking '/home/niweiss/CPE-Capstone-2024-2025/ws_sensor_combined/install/px4_msgs/lib'
[2.282s] Level 1:colcon.colcon_core.shell:create_environment_hook('px4_msgs', 'ld_library_path_lib')
[2.283s] INFO:colcon.colcon_core.shell:Creating environment hook '/home/niweiss/CPE-Capstone-2024-2025/ws_sensor_combined/install/px4_msgs/share/px4_msgs/hook/ld_library_path_lib.ps1'
[2.288s] INFO:colcon.colcon_core.shell:Creating environment descriptor '/home/niweiss/CPE-Capstone-2024-2025/ws_sensor_combined/install/px4_msgs/share/px4_msgs/hook/ld_library_path_lib.dsv'
[2.292s] INFO:colcon.colcon_core.shell:Creating environment hook '/home/niweiss/CPE-Capstone-2024-2025/ws_sensor_combined/install/px4_msgs/share/px4_msgs/hook/ld_library_path_lib.sh'
[2.295s] DEBUG:colcon.colcon_core.event_handler.log_command:Invoked command in '/home/niweiss/CPE-Capstone-2024-2025/ws_sensor_combined/build/px4_msgs' returned '0': CMAKE_PREFIX_PATH=${CMAKE_PREFIX_PATH}:/opt/ros/humble /usr/bin/cmake --install /home/niweiss/CPE-Capstone-2024-2025/ws_sensor_combined/build/px4_msgs
[2.296s] Level 1:colcon.colcon_core.environment:checking '/home/niweiss/CPE-Capstone-2024-2025/ws_sensor_combined/install/px4_msgs/bin'
[2.296s] Level 1:colcon.colcon_core.environment:checking '/home/niweiss/CPE-Capstone-2024-2025/ws_sensor_combined/install/px4_msgs/lib/pkgconfig/px4_msgs.pc'
[2.296s] Level 1:colcon.colcon_core.environment:checking '/home/niweiss/CPE-Capstone-2024-2025/ws_sensor_combined/install/px4_msgs/lib/python3.10/site-packages'
[2.296s] Level 1:colcon.colcon_core.environment:checking '/home/niweiss/CPE-Capstone-2024-2025/ws_sensor_combined/install/px4_msgs/bin'
[2.297s] INFO:colcon.colcon_core.shell:Creating package script '/home/niweiss/CPE-Capstone-2024-2025/ws_sensor_combined/install/px4_msgs/share/px4_msgs/package.ps1'
[2.297s] INFO:colcon.colcon_core.shell:Creating package descriptor '/home/niweiss/CPE-Capstone-2024-2025/ws_sensor_combined/install/px4_msgs/share/px4_msgs/package.dsv'
[2.298s] INFO:colcon.colcon_core.shell:Creating package script '/home/niweiss/CPE-Capstone-2024-2025/ws_sensor_combined/install/px4_msgs/share/px4_msgs/package.sh'
[2.299s] INFO:colcon.colcon_core.shell:Creating package script '/home/niweiss/CPE-Capstone-2024-2025/ws_sensor_combined/install/px4_msgs/share/px4_msgs/package.bash'
[2.299s] INFO:colcon.colcon_core.shell:Creating package script '/home/niweiss/CPE-Capstone-2024-2025/ws_sensor_combined/install/px4_msgs/share/px4_msgs/package.zsh'
[2.300s] Level 1:colcon.colcon_core.environment:create_file_with_runtime_dependencies(/home/niweiss/CPE-Capstone-2024-2025/ws_sensor_combined/install/px4_msgs/share/colcon-core/packages/px4_msgs)
[2.300s] Level 1:colcon.colcon_core.environment:create_environment_scripts_only(px4_msgs)
[2.301s] Level 1:colcon.colcon_core.environment:checking '/home/niweiss/CPE-Capstone-2024-2025/ws_sensor_combined/install/px4_msgs' for CMake module files
[2.301s] Level 1:colcon.colcon_core.environment:checking '/home/niweiss/CPE-Capstone-2024-2025/ws_sensor_combined/install/px4_msgs' for CMake config files
[2.306s] Level 1:colcon.colcon_core.shell:create_environment_hook('px4_msgs', 'cmake_prefix_path')
[2.306s] INFO:colcon.colcon_core.shell:Creating environment hook '/home/niweiss/CPE-Capstone-2024-2025/ws_sensor_combined/install/px4_msgs/share/px4_msgs/hook/cmake_prefix_path.ps1'
[2.306s] INFO:colcon.colcon_core.shell:Creating environment descriptor '/home/niweiss/CPE-Capstone-2024-2025/ws_sensor_combined/install/px4_msgs/share/px4_msgs/hook/cmake_prefix_path.dsv'
[2.307s] INFO:colcon.colcon_core.shell:Creating environment hook '/home/niweiss/CPE-Capstone-2024-2025/ws_sensor_combined/install/px4_msgs/share/px4_msgs/hook/cmake_prefix_path.sh'
[2.307s] Level 1:colcon.colcon_core.environment:checking '/home/niweiss/CPE-Capstone-2024-2025/ws_sensor_combined/install/px4_msgs/lib'
[2.307s] Level 1:colcon.colcon_core.shell:create_environment_hook('px4_msgs', 'ld_library_path_lib')
[2.308s] INFO:colcon.colcon_core.shell:Creating environment hook '/home/niweiss/CPE-Capstone-2024-2025/ws_sensor_combined/install/px4_msgs/share/px4_msgs/hook/ld_library_path_lib.ps1'
[2.308s] INFO:colcon.colcon_core.shell:Creating environment descriptor '/home/niweiss/CPE-Capstone-2024-2025/ws_sensor_combined/install/px4_msgs/share/px4_msgs/hook/ld_library_path_lib.dsv'
[2.308s] INFO:colcon.colcon_core.shell:Creating environment hook '/home/niweiss/CPE-Capstone-2024-2025/ws_sensor_combined/install/px4_msgs/share/px4_msgs/hook/ld_library_path_lib.sh'
[2.308s] Level 1:colcon.colcon_core.environment:checking '/home/niweiss/CPE-Capstone-2024-2025/ws_sensor_combined/install/px4_msgs/bin'
[2.309s] Level 1:colcon.colcon_core.environment:checking '/home/niweiss/CPE-Capstone-2024-2025/ws_sensor_combined/install/px4_msgs/lib/pkgconfig/px4_msgs.pc'
[2.309s] Level 1:colcon.colcon_core.environment:checking '/home/niweiss/CPE-Capstone-2024-2025/ws_sensor_combined/install/px4_msgs/lib/python3.10/site-packages'
[2.309s] Level 1:colcon.colcon_core.environment:checking '/home/niweiss/CPE-Capstone-2024-2025/ws_sensor_combined/install/px4_msgs/bin'
[2.309s] INFO:colcon.colcon_core.shell:Creating package script '/home/niweiss/CPE-Capstone-2024-2025/ws_sensor_combined/install/px4_msgs/share/px4_msgs/package.ps1'
[2.310s] INFO:colcon.colcon_core.shell:Creating package descriptor '/home/niweiss/CPE-Capstone-2024-2025/ws_sensor_combined/install/px4_msgs/share/px4_msgs/package.dsv'
[2.310s] INFO:colcon.colcon_core.shell:Creating package script '/home/niweiss/CPE-Capstone-2024-2025/ws_sensor_combined/install/px4_msgs/share/px4_msgs/package.sh'
[2.311s] INFO:colcon.colcon_core.shell:Creating package script '/home/niweiss/CPE-Capstone-2024-2025/ws_sensor_combined/install/px4_msgs/share/px4_msgs/package.bash'
[2.311s] INFO:colcon.colcon_core.shell:Creating package script '/home/niweiss/CPE-Capstone-2024-2025/ws_sensor_combined/install/px4_msgs/share/px4_msgs/package.zsh'
[2.311s] Level 1:colcon.colcon_core.environment:create_file_with_runtime_dependencies(/home/niweiss/CPE-Capstone-2024-2025/ws_sensor_combined/install/px4_msgs/share/colcon-core/packages/px4_msgs)
[2.312s] INFO:colcon.colcon_ros.task.ament_cmake.build:Building ROS package in '/home/niweiss/CPE-Capstone-2024-2025/ws_sensor_combined/src/px4_ros_com' with build type 'ament_cmake'
[2.312s] INFO:colcon.colcon_cmake.task.cmake.build:Building CMake package in '/home/niweiss/CPE-Capstone-2024-2025/ws_sensor_combined/src/px4_ros_com'
[2.312s] INFO:colcon.colcon_core.shell:Skip shell extension 'powershell' for command environment: Not usable outside of PowerShell
[2.312s] DEBUG:colcon.colcon_core.shell:Skip shell extension 'dsv' for command environment
[2.661s] DEBUG:colcon.colcon_core.event_handler.log_command:Invoking command in '/home/niweiss/CPE-Capstone-2024-2025/ws_sensor_combined/build/px4_ros_com': CMAKE_PREFIX_PATH=/home/niweiss/CPE-Capstone-2024-2025/ws_sensor_combined/install/px4_msgs:/home/niweiss/CPE-Capstone-2024-2025/ws_sensor_combined/install/custom_msgs:/home/niweiss/CPE-Capstone-2024-2025/ws_sensor_combined/install/px4_ros_com:/opt/ros/humble LD_LIBRARY_PATH=/home/niweiss/CPE-Capstone-2024-2025/ws_sensor_combined/install/px4_msgs/lib:/home/niweiss/CPE-Capstone-2024-2025/ws_sensor_combined/install/custom_msgs/lib:/home/niweiss/CPE-Capstone-2024-2025/ws_sensor_combined/install/px4_ros_com/lib:/opt/ros/humble/opt/rviz_ogre_vendor/lib:/opt/ros/humble/lib/x86_64-linux-gnu:/opt/ros/humble/lib /usr/bin/cmake --build /home/niweiss/CPE-Capstone-2024-2025/ws_sensor_combined/build/px4_ros_com -- -j16 -l16
[35.871s] DEBUG:colcon.colcon_core.event_handler.log_command:Invoked command in '/home/niweiss/CPE-Capstone-2024-2025/ws_sensor_combined/build/px4_ros_com' returned '0': CMAKE_PREFIX_PATH=/home/niweiss/CPE-Capstone-2024-2025/ws_sensor_combined/install/px4_msgs:/home/niweiss/CPE-Capstone-2024-2025/ws_sensor_combined/install/custom_msgs:/home/niweiss/CPE-Capstone-2024-2025/ws_sensor_combined/install/px4_ros_com:/opt/ros/humble LD_LIBRARY_PATH=/home/niweiss/CPE-Capstone-2024-2025/ws_sensor_combined/install/px4_msgs/lib:/home/niweiss/CPE-Capstone-2024-2025/ws_sensor_combined/install/custom_msgs/lib:/home/niweiss/CPE-Capstone-2024-2025/ws_sensor_combined/install/px4_ros_com/lib:/opt/ros/humble/opt/rviz_ogre_vendor/lib:/opt/ros/humble/lib/x86_64-linux-gnu:/opt/ros/humble/lib /usr/bin/cmake --build /home/niweiss/CPE-Capstone-2024-2025/ws_sensor_combined/build/px4_ros_com -- -j16 -l16
[35.875s] DEBUG:colcon.colcon_core.event_handler.log_command:Invoking command in '/home/niweiss/CPE-Capstone-2024-2025/ws_sensor_combined/build/px4_ros_com': CMAKE_PREFIX_PATH=/home/niweiss/CPE-Capstone-2024-2025/ws_sensor_combined/install/px4_msgs:/home/niweiss/CPE-Capstone-2024-2025/ws_sensor_combined/install/custom_msgs:/home/niweiss/CPE-Capstone-2024-2025/ws_sensor_combined/install/px4_ros_com:/opt/ros/humble LD_LIBRARY_PATH=/home/niweiss/CPE-Capstone-2024-2025/ws_sensor_combined/install/px4_msgs/lib:/home/niweiss/CPE-Capstone-2024-2025/ws_sensor_combined/install/custom_msgs/lib:/home/niweiss/CPE-Capstone-2024-2025/ws_sensor_combined/install/px4_ros_com/lib:/opt/ros/humble/opt/rviz_ogre_vendor/lib:/opt/ros/humble/lib/x86_64-linux-gnu:/opt/ros/humble/lib /usr/bin/cmake --install /home/niweiss/CPE-Capstone-2024-2025/ws_sensor_combined/build/px4_ros_com
[35.959s] Level 1:colcon.colcon_core.environment:create_environment_scripts_only(px4_ros_com)
[35.960s] Level 1:colcon.colcon_core.environment:checking '/home/niweiss/CPE-Capstone-2024-2025/ws_sensor_combined/install/px4_ros_com' for CMake module files
[35.960s] DEBUG:colcon.colcon_core.event_handler.log_command:Invoked command in '/home/niweiss/CPE-Capstone-2024-2025/ws_sensor_combined/build/px4_ros_com' returned '0': CMAKE_PREFIX_PATH=/home/niweiss/CPE-Capstone-2024-2025/ws_sensor_combined/install/px4_msgs:/home/niweiss/CPE-Capstone-2024-2025/ws_sensor_combined/install/custom_msgs:/home/niweiss/CPE-Capstone-2024-2025/ws_sensor_combined/install/px4_ros_com:/opt/ros/humble LD_LIBRARY_PATH=/home/niweiss/CPE-Capstone-2024-2025/ws_sensor_combined/install/px4_msgs/lib:/home/niweiss/CPE-Capstone-2024-2025/ws_sensor_combined/install/custom_msgs/lib:/home/niweiss/CPE-Capstone-2024-2025/ws_sensor_combined/install/px4_ros_com/lib:/opt/ros/humble/opt/rviz_ogre_vendor/lib:/opt/ros/humble/lib/x86_64-linux-gnu:/opt/ros/humble/lib /usr/bin/cmake --install /home/niweiss/CPE-Capstone-2024-2025/ws_sensor_combined/build/px4_ros_com
[35.961s] Level 1:colcon.colcon_core.environment:checking '/home/niweiss/CPE-Capstone-2024-2025/ws_sensor_combined/install/px4_ros_com' for CMake config files
[35.961s] Level 1:colcon.colcon_core.shell:create_environment_hook('px4_ros_com', 'cmake_prefix_path')
[35.962s] INFO:colcon.colcon_core.shell:Creating environment hook '/home/niweiss/CPE-Capstone-2024-2025/ws_sensor_combined/install/px4_ros_com/share/px4_ros_com/hook/cmake_prefix_path.ps1'
[35.962s] INFO:colcon.colcon_core.shell:Creating environment descriptor '/home/niweiss/CPE-Capstone-2024-2025/ws_sensor_combined/install/px4_ros_com/share/px4_ros_com/hook/cmake_prefix_path.dsv'
[35.963s] INFO:colcon.colcon_core.shell:Creating environment hook '/home/niweiss/CPE-Capstone-2024-2025/ws_sensor_combined/install/px4_ros_com/share/px4_ros_com/hook/cmake_prefix_path.sh'
[35.964s] Level 1:colcon.colcon_core.environment:checking '/home/niweiss/CPE-Capstone-2024-2025/ws_sensor_combined/install/px4_ros_com/lib'
[35.964s] Level 1:colcon.colcon_core.shell:create_environment_hook('px4_ros_com', 'ld_library_path_lib')
[35.965s] INFO:colcon.colcon_core.shell:Creating environment hook '/home/niweiss/CPE-Capstone-2024-2025/ws_sensor_combined/install/px4_ros_com/share/px4_ros_com/hook/ld_library_path_lib.ps1'
[35.965s] INFO:colcon.colcon_core.shell:Creating environment descriptor '/home/niweiss/CPE-Capstone-2024-2025/ws_sensor_combined/install/px4_ros_com/share/px4_ros_com/hook/ld_library_path_lib.dsv'
[35.966s] INFO:colcon.colcon_core.shell:Creating environment hook '/home/niweiss/CPE-Capstone-2024-2025/ws_sensor_combined/install/px4_ros_com/share/px4_ros_com/hook/ld_library_path_lib.sh'
[35.966s] Level 1:colcon.colcon_core.environment:checking '/home/niweiss/CPE-Capstone-2024-2025/ws_sensor_combined/install/px4_ros_com/bin'
[35.967s] Level 1:colcon.colcon_core.environment:checking '/home/niweiss/CPE-Capstone-2024-2025/ws_sensor_combined/install/px4_ros_com/lib/pkgconfig/px4_ros_com.pc'
[35.967s] Level 1:colcon.colcon_core.environment:checking '/home/niweiss/CPE-Capstone-2024-2025/ws_sensor_combined/install/px4_ros_com/lib/python3.10/site-packages'
[35.967s] Level 1:colcon.colcon_core.environment:checking '/home/niweiss/CPE-Capstone-2024-2025/ws_sensor_combined/install/px4_ros_com/bin'
[35.968s] INFO:colcon.colcon_core.shell:Creating package script '/home/niweiss/CPE-Capstone-2024-2025/ws_sensor_combined/install/px4_ros_com/share/px4_ros_com/package.ps1'
[35.969s] INFO:colcon.colcon_core.shell:Creating package descriptor '/home/niweiss/CPE-Capstone-2024-2025/ws_sensor_combined/install/px4_ros_com/share/px4_ros_com/package.dsv'
[35.969s] INFO:colcon.colcon_core.shell:Creating package script '/home/niweiss/CPE-Capstone-2024-2025/ws_sensor_combined/install/px4_ros_com/share/px4_ros_com/package.sh'
[35.970s] INFO:colcon.colcon_core.shell:Creating package script '/home/niweiss/CPE-Capstone-2024-2025/ws_sensor_combined/install/px4_ros_com/share/px4_ros_com/package.bash'
[35.970s] INFO:colcon.colcon_core.shell:Creating package script '/home/niweiss/CPE-Capstone-2024-2025/ws_sensor_combined/install/px4_ros_com/share/px4_ros_com/package.zsh'
[35.971s] Level 1:colcon.colcon_core.environment:create_file_with_runtime_dependencies(/home/niweiss/CPE-Capstone-2024-2025/ws_sensor_combined/install/px4_ros_com/share/colcon-core/packages/px4_ros_com)
[35.971s] Level 1:colcon.colcon_core.environment:create_environment_scripts_only(px4_ros_com)
[35.972s] Level 1:colcon.colcon_core.environment:checking '/home/niweiss/CPE-Capstone-2024-2025/ws_sensor_combined/install/px4_ros_com' for CMake module files
[35.972s] Level 1:colcon.colcon_core.environment:checking '/home/niweiss/CPE-Capstone-2024-2025/ws_sensor_combined/install/px4_ros_com' for CMake config files
[35.972s] Level 1:colcon.colcon_core.shell:create_environment_hook('px4_ros_com', 'cmake_prefix_path')
[35.973s] INFO:colcon.colcon_core.shell:Creating environment hook '/home/niweiss/CPE-Capstone-2024-2025/ws_sensor_combined/install/px4_ros_com/share/px4_ros_com/hook/cmake_prefix_path.ps1'
[35.973s] INFO:colcon.colcon_core.shell:Creating environment descriptor '/home/niweiss/CPE-Capstone-2024-2025/ws_sensor_combined/install/px4_ros_com/share/px4_ros_com/hook/cmake_prefix_path.dsv'
[35.973s] INFO:colcon.colcon_core.shell:Creating environment hook '/home/niweiss/CPE-Capstone-2024-2025/ws_sensor_combined/install/px4_ros_com/share/px4_ros_com/hook/cmake_prefix_path.sh'
[35.974s] Level 1:colcon.colcon_core.environment:checking '/home/niweiss/CPE-Capstone-2024-2025/ws_sensor_combined/install/px4_ros_com/lib'
[35.974s] Level 1:colcon.colcon_core.shell:create_environment_hook('px4_ros_com', 'ld_library_path_lib')
[35.974s] INFO:colcon.colcon_core.shell:Creating environment hook '/home/niweiss/CPE-Capstone-2024-2025/ws_sensor_combined/install/px4_ros_com/share/px4_ros_com/hook/ld_library_path_lib.ps1'
[35.975s] INFO:colcon.colcon_core.shell:Creating environment descriptor '/home/niweiss/CPE-Capstone-2024-2025/ws_sensor_combined/install/px4_ros_com/share/px4_ros_com/hook/ld_library_path_lib.dsv'
[35.975s] INFO:colcon.colcon_core.shell:Creating environment hook '/home/niweiss/CPE-Capstone-2024-2025/ws_sensor_combined/install/px4_ros_com/share/px4_ros_com/hook/ld_library_path_lib.sh'
[35.976s] Level 1:colcon.colcon_core.environment:checking '/home/niweiss/CPE-Capstone-2024-2025/ws_sensor_combined/install/px4_ros_com/bin'
[35.976s] Level 1:colcon.colcon_core.environment:checking '/home/niweiss/CPE-Capstone-2024-2025/ws_sensor_combined/install/px4_ros_com/lib/pkgconfig/px4_ros_com.pc'
[35.977s] Level 1:colcon.colcon_core.environment:checking '/home/niweiss/CPE-Capstone-2024-2025/ws_sensor_combined/install/px4_ros_com/lib/python3.10/site-packages'
[35.977s] Level 1:colcon.colcon_core.environment:checking '/home/niweiss/CPE-Capstone-2024-2025/ws_sensor_combined/install/px4_ros_com/bin'
[35.977s] INFO:colcon.colcon_core.shell:Creating package script '/home/niweiss/CPE-Capstone-2024-2025/ws_sensor_combined/install/px4_ros_com/share/px4_ros_com/package.ps1'
[35.978s] INFO:colcon.colcon_core.shell:Creating package descriptor '/home/niweiss/CPE-Capstone-2024-2025/ws_sensor_combined/install/px4_ros_com/share/px4_ros_com/package.dsv'
[35.979s] INFO:colcon.colcon_core.shell:Creating package script '/home/niweiss/CPE-Capstone-2024-2025/ws_sensor_combined/install/px4_ros_com/share/px4_ros_com/package.sh'
[35.979s] INFO:colcon.colcon_core.shell:Creating package script '/home/niweiss/CPE-Capstone-2024-2025/ws_sensor_combined/install/px4_ros_com/share/px4_ros_com/package.bash'
[35.980s] INFO:colcon.colcon_core.shell:Creating package script '/home/niweiss/CPE-Capstone-2024-2025/ws_sensor_combined/install/px4_ros_com/share/px4_ros_com/package.zsh'
[35.981s] Level 1:colcon.colcon_core.environment:create_file_with_runtime_dependencies(/home/niweiss/CPE-Capstone-2024-2025/ws_sensor_combined/install/px4_ros_com/share/colcon-core/packages/px4_ros_com)
[35.981s] DEBUG:colcon.colcon_parallel_executor.executor.parallel:closing loop
[35.982s] DEBUG:colcon.colcon_parallel_executor.executor.parallel:loop closed
[35.982s] DEBUG:colcon.colcon_parallel_executor.executor.parallel:run_until_complete finished with '0'
[35.983s] DEBUG:colcon.colcon_core.event_reactor:joining thread
[36.032s] INFO:colcon.colcon_core.plugin_system:Skipping extension 'colcon_notification.desktop_notification.notify_send': Could not find 'notify-send'
[36.032s] INFO:colcon.colcon_core.plugin_system:Skipping extension 'colcon_notification.desktop_notification.terminal_notifier': Not used on non-Darwin systems
[36.032s] INFO:colcon.colcon_core.plugin_system:Skipping extension 'colcon_notification.desktop_notification.win32': Not used on non-Windows systems
[36.032s] INFO:colcon.colcon_notification.desktop_notification:Sending desktop notification using 'notify2'
[36.032s] DEBUG:colcon.colcon_notification.desktop_notification.notify2:Failed to initialize notify2: org.freedesktop.DBus.Error.FileNotFound: Failed to connect to socket /run/user/1000/bus: No such file or directory
[36.033s] DEBUG:colcon.colcon_core.event_reactor:joined thread
[36.033s] INFO:colcon.colcon_core.shell:Creating prefix script '/home/niweiss/CPE-Capstone-2024-2025/ws_sensor_combined/install/local_setup.ps1'
[36.034s] INFO:colcon.colcon_core.shell:Creating prefix util module '/home/niweiss/CPE-Capstone-2024-2025/ws_sensor_combined/install/_local_setup_util_ps1.py'
[36.035s] INFO:colcon.colcon_core.shell:Creating prefix chain script '/home/niweiss/CPE-Capstone-2024-2025/ws_sensor_combined/install/setup.ps1'
[36.038s] INFO:colcon.colcon_core.shell:Creating prefix script '/home/niweiss/CPE-Capstone-2024-2025/ws_sensor_combined/install/local_setup.sh'
[36.039s] INFO:colcon.colcon_core.shell:Creating prefix util module '/home/niweiss/CPE-Capstone-2024-2025/ws_sensor_combined/install/_local_setup_util_sh.py'
[36.040s] INFO:colcon.colcon_core.shell:Creating prefix chain script '/home/niweiss/CPE-Capstone-2024-2025/ws_sensor_combined/install/setup.sh'
[36.041s] INFO:colcon.colcon_core.shell:Creating prefix script '/home/niweiss/CPE-Capstone-2024-2025/ws_sensor_combined/install/local_setup.bash'
[36.042s] INFO:colcon.colcon_core.shell:Creating prefix chain script '/home/niweiss/CPE-Capstone-2024-2025/ws_sensor_combined/install/setup.bash'
[36.043s] INFO:colcon.colcon_core.shell:Creating prefix script '/home/niweiss/CPE-Capstone-2024-2025/ws_sensor_combined/install/local_setup.zsh'
[36.044s] INFO:colcon.colcon_core.shell:Creating prefix chain script '/home/niweiss/CPE-Capstone-2024-2025/ws_sensor_combined/install/setup.zsh'
