[0.899s] Invoking command in '/home/niweiss/ws_sensor_combined/build/px4_ros2_cpp': CMAKE_PREFIX_PATH=/home/niweiss/ws_sensor_combined/install/px4_msgs:/home/niweiss/ws_sensor_combined/install/px4_ros_com:/home/niweiss/ws_sensor_combined/install/example_mode_with_executor_cpp:/home/niweiss/ws_sensor_combined/install/example_mode_rtl_replacement_cpp:/home/niweiss/ws_sensor_combined/install/example_mode_manual_cpp:/home/niweiss/ws_sensor_combined/install/example_mode_goto_global_cpp:/home/niweiss/ws_sensor_combined/install/example_mode_goto_cpp:/home/niweiss/ws_sensor_combined/install/example_mode_fw_attitude_cpp:/home/niweiss/ws_sensor_combined/install/example_local_navigation_cpp:/home/niweiss/ws_sensor_combined/install/example_global_navigation_cpp:/home/niweiss/ws_sensor_combined/install/px4_ros2_cpp:/home/niweiss/ws_sensor_combined/install/custom_msgs:/opt/ros/humble LD_LIBRARY_PATH=/home/niweiss/ws_sensor_combined/install/px4_msgs/lib:/home/niweiss/ws_sensor_combined/install/px4_ros_com/lib:/home/niweiss/ws_sensor_combined/install/px4_ros2_cpp/lib:/home/niweiss/ws_sensor_combined/install/custom_msgs/lib:/opt/ros/humble/opt/rviz_ogre_vendor/lib:/opt/ros/humble/lib/x86_64-linux-gnu:/opt/ros/humble/lib /usr/bin/cmake --build /home/niweiss/ws_sensor_combined/build/px4_ros2_cpp -- -j16 -l16
[0.991s] [  4%] Built target gtest_main
[0.991s] [  8%] Built target gtest
[0.996s] [ 17%] Built target integration_utils
[0.996s] [ 17%] Built target unit_utils
[1.046s] [ 65%] Built target px4_ros2_cpp
[1.094s] [ 80%] Built target integration_tests
[1.097s] [100%] Built target px4_ros2_cpp_unit_tests
[1.113s] Invoked command in '/home/niweiss/ws_sensor_combined/build/px4_ros2_cpp' returned '0': CMAKE_PREFIX_PATH=/home/niweiss/ws_sensor_combined/install/px4_msgs:/home/niweiss/ws_sensor_combined/install/px4_ros_com:/home/niweiss/ws_sensor_combined/install/example_mode_with_executor_cpp:/home/niweiss/ws_sensor_combined/install/example_mode_rtl_replacement_cpp:/home/niweiss/ws_sensor_combined/install/example_mode_manual_cpp:/home/niweiss/ws_sensor_combined/install/example_mode_goto_global_cpp:/home/niweiss/ws_sensor_combined/install/example_mode_goto_cpp:/home/niweiss/ws_sensor_combined/install/example_mode_fw_attitude_cpp:/home/niweiss/ws_sensor_combined/install/example_local_navigation_cpp:/home/niweiss/ws_sensor_combined/install/example_global_navigation_cpp:/home/niweiss/ws_sensor_combined/install/px4_ros2_cpp:/home/niweiss/ws_sensor_combined/install/custom_msgs:/opt/ros/humble LD_LIBRARY_PATH=/home/niweiss/ws_sensor_combined/install/px4_msgs/lib:/home/niweiss/ws_sensor_combined/install/px4_ros_com/lib:/home/niweiss/ws_sensor_combined/install/px4_ros2_cpp/lib:/home/niweiss/ws_sensor_combined/install/custom_msgs/lib:/opt/ros/humble/opt/rviz_ogre_vendor/lib:/opt/ros/humble/lib/x86_64-linux-gnu:/opt/ros/humble/lib /usr/bin/cmake --build /home/niweiss/ws_sensor_combined/build/px4_ros2_cpp -- -j16 -l16
[1.117s] Invoking command in '/home/niweiss/ws_sensor_combined/build/px4_ros2_cpp': CMAKE_PREFIX_PATH=/home/niweiss/ws_sensor_combined/install/px4_msgs:/home/niweiss/ws_sensor_combined/install/px4_ros_com:/home/niweiss/ws_sensor_combined/install/example_mode_with_executor_cpp:/home/niweiss/ws_sensor_combined/install/example_mode_rtl_replacement_cpp:/home/niweiss/ws_sensor_combined/install/example_mode_manual_cpp:/home/niweiss/ws_sensor_combined/install/example_mode_goto_global_cpp:/home/niweiss/ws_sensor_combined/install/example_mode_goto_cpp:/home/niweiss/ws_sensor_combined/install/example_mode_fw_attitude_cpp:/home/niweiss/ws_sensor_combined/install/example_local_navigation_cpp:/home/niweiss/ws_sensor_combined/install/example_global_navigation_cpp:/home/niweiss/ws_sensor_combined/install/px4_ros2_cpp:/home/niweiss/ws_sensor_combined/install/custom_msgs:/opt/ros/humble LD_LIBRARY_PATH=/home/niweiss/ws_sensor_combined/install/px4_msgs/lib:/home/niweiss/ws_sensor_combined/install/px4_ros_com/lib:/home/niweiss/ws_sensor_combined/install/px4_ros2_cpp/lib:/home/niweiss/ws_sensor_combined/install/custom_msgs/lib:/opt/ros/humble/opt/rviz_ogre_vendor/lib:/opt/ros/humble/lib/x86_64-linux-gnu:/opt/ros/humble/lib /usr/bin/cmake --install /home/niweiss/ws_sensor_combined/build/px4_ros2_cpp
[1.127s] -- Install configuration: ""
[1.127s] -- Up-to-date: /home/niweiss/ws_sensor_combined/install/px4_ros2_cpp/share/px4_ros2_cpp/environment/library_path.sh
[1.128s] -- Up-to-date: /home/niweiss/ws_sensor_combined/install/px4_ros2_cpp/share/px4_ros2_cpp/environment/library_path.dsv
[1.128s] -- Up-to-date: /home/niweiss/ws_sensor_combined/install/px4_ros2_cpp/include/px4_ros2
[1.128s] -- Up-to-date: /home/niweiss/ws_sensor_combined/install/px4_ros2_cpp/include/px4_ros2/navigation
[1.129s] -- Up-to-date: /home/niweiss/ws_sensor_combined/install/px4_ros2_cpp/include/px4_ros2/navigation/groups.dox
[1.129s] -- Up-to-date: /home/niweiss/ws_sensor_combined/install/px4_ros2_cpp/include/px4_ros2/navigation/experimental
[1.129s] -- Up-to-date: /home/niweiss/ws_sensor_combined/install/px4_ros2_cpp/include/px4_ros2/navigation/experimental/local_position_measurement_interface.hpp
[1.129s] -- Up-to-date: /home/niweiss/ws_sensor_combined/install/px4_ros2_cpp/include/px4_ros2/navigation/experimental/navigation_interface_base.hpp
[1.129s] -- Up-to-date: /home/niweiss/ws_sensor_combined/install/px4_ros2_cpp/include/px4_ros2/navigation/experimental/global_position_measurement_interface.hpp
[1.129s] -- Up-to-date: /home/niweiss/ws_sensor_combined/install/px4_ros2_cpp/include/px4_ros2/vehicle_state
[1.130s] -- Up-to-date: /home/niweiss/ws_sensor_combined/install/px4_ros2_cpp/include/px4_ros2/vehicle_state/home_position.hpp
[1.130s] -- Up-to-date: /home/niweiss/ws_sensor_combined/install/px4_ros2_cpp/include/px4_ros2/vehicle_state/groups.dox
[1.130s] -- Up-to-date: /home/niweiss/ws_sensor_combined/install/px4_ros2_cpp/include/px4_ros2/vehicle_state/vtol_status.hpp
[1.131s] -- Up-to-date: /home/niweiss/ws_sensor_combined/install/px4_ros2_cpp/include/px4_ros2/vehicle_state/vehicle_status.hpp
[1.131s] -- Up-to-date: /home/niweiss/ws_sensor_combined/install/px4_ros2_cpp/include/px4_ros2/vehicle_state/land_detected.hpp
[1.131s] -- Up-to-date: /home/niweiss/ws_sensor_combined/install/px4_ros2_cpp/include/px4_ros2/vehicle_state/battery.hpp
[1.131s] -- Up-to-date: /home/niweiss/ws_sensor_combined/install/px4_ros2_cpp/include/px4_ros2/common
[1.131s] -- Up-to-date: /home/niweiss/ws_sensor_combined/install/px4_ros2_cpp/include/px4_ros2/common/requirement_flags.hpp
[1.131s] -- Up-to-date: /home/niweiss/ws_sensor_combined/install/px4_ros2_cpp/include/px4_ros2/common/context.hpp
[1.132s] -- Up-to-date: /home/niweiss/ws_sensor_combined/install/px4_ros2_cpp/include/px4_ros2/common/frame.hpp
[1.132s] -- Up-to-date: /home/niweiss/ws_sensor_combined/install/px4_ros2_cpp/include/px4_ros2/common/setpoint_base.hpp
[1.132s] -- Up-to-date: /home/niweiss/ws_sensor_combined/install/px4_ros2_cpp/include/px4_ros2/utils
[1.132s] -- Up-to-date: /home/niweiss/ws_sensor_combined/install/px4_ros2_cpp/include/px4_ros2/utils/groups.dox
[1.133s] -- Up-to-date: /home/niweiss/ws_sensor_combined/install/px4_ros2_cpp/include/px4_ros2/utils/subscription.hpp
[1.133s] -- Up-to-date: /home/niweiss/ws_sensor_combined/install/px4_ros2_cpp/include/px4_ros2/utils/geometry.hpp
[1.133s] -- Up-to-date: /home/niweiss/ws_sensor_combined/install/px4_ros2_cpp/include/px4_ros2/utils/frame_conversion.hpp
[1.133s] -- Up-to-date: /home/niweiss/ws_sensor_combined/install/px4_ros2_cpp/include/px4_ros2/utils/geodesic.hpp
[1.133s] -- Up-to-date: /home/niweiss/ws_sensor_combined/install/px4_ros2_cpp/include/px4_ros2/odometry
[1.133s] -- Up-to-date: /home/niweiss/ws_sensor_combined/install/px4_ros2_cpp/include/px4_ros2/odometry/groups.dox
[1.133s] -- Up-to-date: /home/niweiss/ws_sensor_combined/install/px4_ros2_cpp/include/px4_ros2/odometry/angular_velocity.hpp
[1.133s] -- Up-to-date: /home/niweiss/ws_sensor_combined/install/px4_ros2_cpp/include/px4_ros2/odometry/attitude.hpp
[1.133s] -- Up-to-date: /home/niweiss/ws_sensor_combined/install/px4_ros2_cpp/include/px4_ros2/odometry/local_position.hpp
[1.133s] -- Up-to-date: /home/niweiss/ws_sensor_combined/install/px4_ros2_cpp/include/px4_ros2/odometry/global_position.hpp
[1.133s] -- Up-to-date: /home/niweiss/ws_sensor_combined/install/px4_ros2_cpp/include/px4_ros2/components
[1.134s] -- Up-to-date: /home/niweiss/ws_sensor_combined/install/px4_ros2_cpp/include/px4_ros2/components/mode_executor.hpp
[1.134s] -- Up-to-date: /home/niweiss/ws_sensor_combined/install/px4_ros2_cpp/include/px4_ros2/components/message_compatibility_check.hpp
[1.134s] -- Up-to-date: /home/niweiss/ws_sensor_combined/install/px4_ros2_cpp/include/px4_ros2/components/groups.dox
[1.134s] -- Up-to-date: /home/niweiss/ws_sensor_combined/install/px4_ros2_cpp/include/px4_ros2/components/health_and_arming_checks.hpp
[1.134s] -- Up-to-date: /home/niweiss/ws_sensor_combined/install/px4_ros2_cpp/include/px4_ros2/components/node_with_mode.hpp
[1.134s] -- Up-to-date: /home/niweiss/ws_sensor_combined/install/px4_ros2_cpp/include/px4_ros2/components/events.hpp
[1.134s] -- Up-to-date: /home/niweiss/ws_sensor_combined/install/px4_ros2_cpp/include/px4_ros2/components/overrides.hpp
[1.134s] -- Up-to-date: /home/niweiss/ws_sensor_combined/install/px4_ros2_cpp/include/px4_ros2/components/mode.hpp
[1.134s] -- Up-to-date: /home/niweiss/ws_sensor_combined/install/px4_ros2_cpp/include/px4_ros2/components/manual_control_input.hpp
[1.134s] -- Up-to-date: /home/niweiss/ws_sensor_combined/install/px4_ros2_cpp/include/px4_ros2/components/wait_for_fmu.hpp
[1.134s] -- Up-to-date: /home/niweiss/ws_sensor_combined/install/px4_ros2_cpp/include/px4_ros2/control
[1.134s] -- Up-to-date: /home/niweiss/ws_sensor_combined/install/px4_ros2_cpp/include/px4_ros2/control/groups.dox
[1.134s] -- Up-to-date: /home/niweiss/ws_sensor_combined/install/px4_ros2_cpp/include/px4_ros2/control/peripheral_actuators.hpp
[1.134s] -- Up-to-date: /home/niweiss/ws_sensor_combined/install/px4_ros2_cpp/include/px4_ros2/control/setpoint_types
[1.135s] -- Up-to-date: /home/niweiss/ws_sensor_combined/install/px4_ros2_cpp/include/px4_ros2/control/setpoint_types/groups.dox
[1.135s] -- Up-to-date: /home/niweiss/ws_sensor_combined/install/px4_ros2_cpp/include/px4_ros2/control/setpoint_types/experimental
[1.136s] -- Up-to-date: /home/niweiss/ws_sensor_combined/install/px4_ros2_cpp/include/px4_ros2/control/setpoint_types/experimental/rates.hpp
[1.136s] -- Up-to-date: /home/niweiss/ws_sensor_combined/install/px4_ros2_cpp/include/px4_ros2/control/setpoint_types/experimental/attitude.hpp
[1.136s] -- Up-to-date: /home/niweiss/ws_sensor_combined/install/px4_ros2_cpp/include/px4_ros2/control/setpoint_types/experimental/trajectory.hpp
[1.137s] -- Up-to-date: /home/niweiss/ws_sensor_combined/install/px4_ros2_cpp/include/px4_ros2/control/setpoint_types/goto.hpp
[1.137s] -- Up-to-date: /home/niweiss/ws_sensor_combined/install/px4_ros2_cpp/include/px4_ros2/control/setpoint_types/direct_actuators.hpp
[1.137s] -- Up-to-date: /home/niweiss/ws_sensor_combined/install/px4_ros2_cpp/lib/libpx4_ros2_cpp.so
[1.137s] -- Up-to-date: /home/niweiss/ws_sensor_combined/install/px4_ros2_cpp/share/ament_index/resource_index/package_run_dependencies/px4_ros2_cpp
[1.137s] -- Up-to-date: /home/niweiss/ws_sensor_combined/install/px4_ros2_cpp/share/ament_index/resource_index/parent_prefix_path/px4_ros2_cpp
[1.137s] -- Up-to-date: /home/niweiss/ws_sensor_combined/install/px4_ros2_cpp/share/px4_ros2_cpp/environment/ament_prefix_path.sh
[1.138s] -- Up-to-date: /home/niweiss/ws_sensor_combined/install/px4_ros2_cpp/share/px4_ros2_cpp/environment/ament_prefix_path.dsv
[1.139s] -- Up-to-date: /home/niweiss/ws_sensor_combined/install/px4_ros2_cpp/share/px4_ros2_cpp/environment/path.sh
[1.139s] -- Up-to-date: /home/niweiss/ws_sensor_combined/install/px4_ros2_cpp/share/px4_ros2_cpp/environment/path.dsv
[1.139s] -- Up-to-date: /home/niweiss/ws_sensor_combined/install/px4_ros2_cpp/share/px4_ros2_cpp/local_setup.bash
[1.139s] -- Up-to-date: /home/niweiss/ws_sensor_combined/install/px4_ros2_cpp/share/px4_ros2_cpp/local_setup.sh
[1.139s] -- Up-to-date: /home/niweiss/ws_sensor_combined/install/px4_ros2_cpp/share/px4_ros2_cpp/local_setup.zsh
[1.139s] -- Up-to-date: /home/niweiss/ws_sensor_combined/install/px4_ros2_cpp/share/px4_ros2_cpp/local_setup.dsv
[1.140s] -- Installing: /home/niweiss/ws_sensor_combined/install/px4_ros2_cpp/share/px4_ros2_cpp/package.dsv
[1.140s] -- Up-to-date: /home/niweiss/ws_sensor_combined/install/px4_ros2_cpp/share/ament_index/resource_index/packages/px4_ros2_cpp
[1.141s] -- Up-to-date: /home/niweiss/ws_sensor_combined/install/px4_ros2_cpp/share/px4_ros2_cpp/cmake/px4_ros2_cppExport.cmake
[1.141s] -- Up-to-date: /home/niweiss/ws_sensor_combined/install/px4_ros2_cpp/share/px4_ros2_cpp/cmake/px4_ros2_cppExport-noconfig.cmake
[1.141s] -- Up-to-date: /home/niweiss/ws_sensor_combined/install/px4_ros2_cpp/share/px4_ros2_cpp/cmake/ament_cmake_export_targets-extras.cmake
[1.141s] -- Up-to-date: /home/niweiss/ws_sensor_combined/install/px4_ros2_cpp/share/px4_ros2_cpp/cmake/ament_cmake_export_dependencies-extras.cmake
[1.142s] -- Up-to-date: /home/niweiss/ws_sensor_combined/install/px4_ros2_cpp/share/px4_ros2_cpp/cmake/px4_ros2_cppConfig.cmake
[1.142s] -- Up-to-date: /home/niweiss/ws_sensor_combined/install/px4_ros2_cpp/share/px4_ros2_cpp/cmake/px4_ros2_cppConfig-version.cmake
[1.142s] -- Up-to-date: /home/niweiss/ws_sensor_combined/install/px4_ros2_cpp/share/px4_ros2_cpp/package.xml
[1.142s] Invoked command in '/home/niweiss/ws_sensor_combined/build/px4_ros2_cpp' returned '0': CMAKE_PREFIX_PATH=/home/niweiss/ws_sensor_combined/install/px4_msgs:/home/niweiss/ws_sensor_combined/install/px4_ros_com:/home/niweiss/ws_sensor_combined/install/example_mode_with_executor_cpp:/home/niweiss/ws_sensor_combined/install/example_mode_rtl_replacement_cpp:/home/niweiss/ws_sensor_combined/install/example_mode_manual_cpp:/home/niweiss/ws_sensor_combined/install/example_mode_goto_global_cpp:/home/niweiss/ws_sensor_combined/install/example_mode_goto_cpp:/home/niweiss/ws_sensor_combined/install/example_mode_fw_attitude_cpp:/home/niweiss/ws_sensor_combined/install/example_local_navigation_cpp:/home/niweiss/ws_sensor_combined/install/example_global_navigation_cpp:/home/niweiss/ws_sensor_combined/install/px4_ros2_cpp:/home/niweiss/ws_sensor_combined/install/custom_msgs:/opt/ros/humble LD_LIBRARY_PATH=/home/niweiss/ws_sensor_combined/install/px4_msgs/lib:/home/niweiss/ws_sensor_combined/install/px4_ros_com/lib:/home/niweiss/ws_sensor_combined/install/px4_ros2_cpp/lib:/home/niweiss/ws_sensor_combined/install/custom_msgs/lib:/opt/ros/humble/opt/rviz_ogre_vendor/lib:/opt/ros/humble/lib/x86_64-linux-gnu:/opt/ros/humble/lib /usr/bin/cmake --install /home/niweiss/ws_sensor_combined/build/px4_ros2_cpp
