[0.039s] Invoking command in '/home/niweiss/ws_sensor_combined/build/px4_ros_com': CMAKE_PREFIX_PATH=/home/niweiss/ws_sensor_combined/install/px4_msgs:/home/niweiss/ws_sensor_combined/install/px4_ros_com:/home/niweiss/ws_sensor_combined/install/example_mode_with_executor_cpp:/home/niweiss/ws_sensor_combined/install/example_mode_rtl_replacement_cpp:/home/niweiss/ws_sensor_combined/install/example_mode_manual_cpp:/home/niweiss/ws_sensor_combined/install/example_mode_goto_global_cpp:/home/niweiss/ws_sensor_combined/install/example_mode_goto_cpp:/home/niweiss/ws_sensor_combined/install/example_mode_fw_attitude_cpp:/home/niweiss/ws_sensor_combined/install/example_local_navigation_cpp:/home/niweiss/ws_sensor_combined/install/example_global_navigation_cpp:/home/niweiss/ws_sensor_combined/install/px4_ros2_cpp:/opt/ros/humble LD_LIBRARY_PATH=/home/niweiss/ws_sensor_combined/install/px4_msgs/lib:/home/niweiss/ws_sensor_combined/install/px4_ros_com/lib:/home/niweiss/ws_sensor_combined/install/px4_ros2_cpp/lib:/opt/ros/humble/opt/rviz_ogre_vendor/lib:/opt/ros/humble/lib/x86_64-linux-gnu:/opt/ros/humble/lib /usr/bin/cmake --build /home/niweiss/ws_sensor_combined/build/px4_ros_com -- -j16 -l16
[0.111s] [ 16%] Built target frame_transforms
[0.112s] [ 25%] [32mBuilding CXX object CMakeFiles/offboard_control.dir/src/examples/offboard/offboard_control.cpp.o[0m
[0.112s] [ 41%] Built target debug_vect_advertiser
[0.117s] [ 50%] [32mBuilding CXX object CMakeFiles/sensor_combined_listener.dir/src/examples/listeners/sensor_combined_listener.cpp.o[0m
[0.118s] [ 50%] Built target ament_cmake_python_copy_px4_ros_com
[0.120s] [ 58%] [32mBuilding CXX object CMakeFiles/offboard_control_srv.dir/src/examples/offboard/offboard_control_srv.cpp.o[0m
[0.122s] [ 66%] [32mBuilding CXX object CMakeFiles/vehicle_gps_position_listener.dir/src/examples/listeners/vehicle_gps_position_listener.cpp.o[0m
[0.426s] running egg_info
[0.450s] writing px4_ros_com.egg-info/PKG-INFO
[0.450s] writing dependency_links to px4_ros_com.egg-info/dependency_links.txt
[0.450s] writing top-level names to px4_ros_com.egg-info/top_level.txt
[0.504s] reading manifest file 'px4_ros_com.egg-info/SOURCES.txt'
[0.504s] writing manifest file 'px4_ros_com.egg-info/SOURCES.txt'
[0.546s] [ 66%] Built target ament_cmake_python_build_px4_ros_com_egg
[4.637s] [01m[K/home/niweiss/ws_sensor_combined/src/px4_ros_com/src/examples/offboard/offboard_control.cpp:[m[K In member function ‘[01m[Kvoid OffboardControl::publish_trajectory_setpoint(int)[m[K’:
[4.638s] [01m[K/home/niweiss/ws_sensor_combined/src/px4_ros_com/src/examples/offboard/offboard_control.cpp:152:35:[m[K [01;35m[Kwarning: [m[Knarrowing conversion of ‘[01m[Kposition[m[K’ from ‘[01m[Kint[m[K’ to ‘[01m[Kfloat[m[K’ [[01;35m[K]8;;https://gcc.gnu.org/onlinedocs/gcc/Warning-Options.html#index-Wnarrowing-Wnarrowing]8;;[m[K]
[4.638s]   152 |         msg.position = {0.0, 0.0, [01;35m[Kposition[m[K};
[4.638s]       |                                   [01;35m[K^~~~~~~~[m[K
[9.605s] [ 75%] [32m[1mLinking CXX executable offboard_control[0m
[10.030s] [ 75%] Built target offboard_control
[10.492s] [ 83%] [32m[1mLinking CXX executable offboard_control_srv[0m
[10.806s] [ 83%] Built target offboard_control_srv
[13.125s] [ 91%] [32m[1mLinking CXX executable sensor_combined_listener[0m
[13.202s] [100%] [32m[1mLinking CXX executable vehicle_gps_position_listener[0m
[13.544s] [100%] Built target sensor_combined_listener
[13.607s] [100%] Built target vehicle_gps_position_listener
[13.620s] Invoked command in '/home/niweiss/ws_sensor_combined/build/px4_ros_com' returned '0': CMAKE_PREFIX_PATH=/home/niweiss/ws_sensor_combined/install/px4_msgs:/home/niweiss/ws_sensor_combined/install/px4_ros_com:/home/niweiss/ws_sensor_combined/install/example_mode_with_executor_cpp:/home/niweiss/ws_sensor_combined/install/example_mode_rtl_replacement_cpp:/home/niweiss/ws_sensor_combined/install/example_mode_manual_cpp:/home/niweiss/ws_sensor_combined/install/example_mode_goto_global_cpp:/home/niweiss/ws_sensor_combined/install/example_mode_goto_cpp:/home/niweiss/ws_sensor_combined/install/example_mode_fw_attitude_cpp:/home/niweiss/ws_sensor_combined/install/example_local_navigation_cpp:/home/niweiss/ws_sensor_combined/install/example_global_navigation_cpp:/home/niweiss/ws_sensor_combined/install/px4_ros2_cpp:/opt/ros/humble LD_LIBRARY_PATH=/home/niweiss/ws_sensor_combined/install/px4_msgs/lib:/home/niweiss/ws_sensor_combined/install/px4_ros_com/lib:/home/niweiss/ws_sensor_combined/install/px4_ros2_cpp/lib:/opt/ros/humble/opt/rviz_ogre_vendor/lib:/opt/ros/humble/lib/x86_64-linux-gnu:/opt/ros/humble/lib /usr/bin/cmake --build /home/niweiss/ws_sensor_combined/build/px4_ros_com -- -j16 -l16
[13.661s] Invoking command in '/home/niweiss/ws_sensor_combined/build/px4_ros_com': CMAKE_PREFIX_PATH=/home/niweiss/ws_sensor_combined/install/px4_msgs:/home/niweiss/ws_sensor_combined/install/px4_ros_com:/home/niweiss/ws_sensor_combined/install/example_mode_with_executor_cpp:/home/niweiss/ws_sensor_combined/install/example_mode_rtl_replacement_cpp:/home/niweiss/ws_sensor_combined/install/example_mode_manual_cpp:/home/niweiss/ws_sensor_combined/install/example_mode_goto_global_cpp:/home/niweiss/ws_sensor_combined/install/example_mode_goto_cpp:/home/niweiss/ws_sensor_combined/install/example_mode_fw_attitude_cpp:/home/niweiss/ws_sensor_combined/install/example_local_navigation_cpp:/home/niweiss/ws_sensor_combined/install/example_global_navigation_cpp:/home/niweiss/ws_sensor_combined/install/px4_ros2_cpp:/opt/ros/humble LD_LIBRARY_PATH=/home/niweiss/ws_sensor_combined/install/px4_msgs/lib:/home/niweiss/ws_sensor_combined/install/px4_ros_com/lib:/home/niweiss/ws_sensor_combined/install/px4_ros2_cpp/lib:/opt/ros/humble/opt/rviz_ogre_vendor/lib:/opt/ros/humble/lib/x86_64-linux-gnu:/opt/ros/humble/lib /usr/bin/cmake --install /home/niweiss/ws_sensor_combined/build/px4_ros_com
[13.670s] -- Install configuration: ""
[13.672s] -- Installing: /home/niweiss/ws_sensor_combined/install/px4_ros_com/lib/px4_ros_com/sensor_combined_listener
[13.675s] -- Set runtime path of "/home/niweiss/ws_sensor_combined/install/px4_ros_com/lib/px4_ros_com/sensor_combined_listener" to ""
[13.676s] -- Installing: /home/niweiss/ws_sensor_combined/install/px4_ros_com/lib/px4_ros_com/vehicle_gps_position_listener
[13.679s] -- Set runtime path of "/home/niweiss/ws_sensor_combined/install/px4_ros_com/lib/px4_ros_com/vehicle_gps_position_listener" to ""
[13.680s] -- Up-to-date: /home/niweiss/ws_sensor_combined/install/px4_ros_com/lib/px4_ros_com/debug_vect_advertiser
[13.681s] -- Installing: /home/niweiss/ws_sensor_combined/install/px4_ros_com/lib/px4_ros_com/offboard_control
[13.683s] -- Set runtime path of "/home/niweiss/ws_sensor_combined/install/px4_ros_com/lib/px4_ros_com/offboard_control" to ""
[13.684s] -- Installing: /home/niweiss/ws_sensor_combined/install/px4_ros_com/lib/px4_ros_com/offboard_control_srv
[13.686s] -- Set runtime path of "/home/niweiss/ws_sensor_combined/install/px4_ros_com/lib/px4_ros_com/offboard_control_srv" to ""
[13.689s] -- Up-to-date: /home/niweiss/ws_sensor_combined/install/px4_ros_com/share/px4_ros_com/environment/library_path.sh
[13.689s] -- Up-to-date: /home/niweiss/ws_sensor_combined/install/px4_ros_com/share/px4_ros_com/environment/library_path.dsv
[13.690s] -- Up-to-date: /home/niweiss/ws_sensor_combined/install/px4_ros_com/include/px4_ros_com
[13.691s] -- Up-to-date: /home/niweiss/ws_sensor_combined/install/px4_ros_com/include/px4_ros_com/frame_transforms.h
[13.692s] -- Up-to-date: /home/niweiss/ws_sensor_combined/install/px4_ros_com/lib/libframe_transforms.so
[13.692s] -- Up-to-date: /home/niweiss/ws_sensor_combined/install/px4_ros_com/share/px4_ros_com//launch
[13.692s] -- Up-to-date: /home/niweiss/ws_sensor_combined/install/px4_ros_com/share/px4_ros_com//launch/offboard_control_launch.yaml
[13.693s] -- Up-to-date: /home/niweiss/ws_sensor_combined/install/px4_ros_com/share/px4_ros_com//launch/vehicle_gps_position_listener.launch.py
[13.693s] -- Up-to-date: /home/niweiss/ws_sensor_combined/install/px4_ros_com/share/px4_ros_com//launch/sensor_combined_listener.launch.py
[13.693s] -- Up-to-date: /home/niweiss/ws_sensor_combined/install/px4_ros_com/share/px4_ros_com//test
[13.693s] -- Up-to-date: /home/niweiss/ws_sensor_combined/install/px4_ros_com/share/px4_ros_com//test/test_input.py
[13.693s] -- Up-to-date: /home/niweiss/ws_sensor_combined/install/px4_ros_com/share/px4_ros_com//test/test_output.py
[13.693s] -- Up-to-date: /home/niweiss/ws_sensor_combined/install/px4_ros_com/share/px4_ros_com//test/__init__.py
[13.694s] -- Up-to-date: /home/niweiss/ws_sensor_combined/install/px4_ros_com/share/px4_ros_com//test/pipeline_io_test.py
[13.694s] -- Up-to-date: /home/niweiss/ws_sensor_combined/install/px4_ros_com/share/px4_ros_com/environment/pythonpath.sh
[13.694s] -- Up-to-date: /home/niweiss/ws_sensor_combined/install/px4_ros_com/share/px4_ros_com/environment/pythonpath.dsv
[13.695s] -- Up-to-date: /home/niweiss/ws_sensor_combined/install/px4_ros_com/local/lib/python3.10/dist-packages/px4_ros_com-0.1.0-py3.10.egg-info
[13.695s] -- Installing: /home/niweiss/ws_sensor_combined/install/px4_ros_com/local/lib/python3.10/dist-packages/px4_ros_com-0.1.0-py3.10.egg-info/top_level.txt
[13.696s] -- Installing: /home/niweiss/ws_sensor_combined/install/px4_ros_com/local/lib/python3.10/dist-packages/px4_ros_com-0.1.0-py3.10.egg-info/PKG-INFO
[13.696s] -- Installing: /home/niweiss/ws_sensor_combined/install/px4_ros_com/local/lib/python3.10/dist-packages/px4_ros_com-0.1.0-py3.10.egg-info/dependency_links.txt
[13.696s] -- Installing: /home/niweiss/ws_sensor_combined/install/px4_ros_com/local/lib/python3.10/dist-packages/px4_ros_com-0.1.0-py3.10.egg-info/SOURCES.txt
[13.697s] -- Up-to-date: /home/niweiss/ws_sensor_combined/install/px4_ros_com/local/lib/python3.10/dist-packages/px4_ros_com
[13.697s] -- Up-to-date: /home/niweiss/ws_sensor_combined/install/px4_ros_com/local/lib/python3.10/dist-packages/px4_ros_com/module_to_import.py
[13.697s] -- Up-to-date: /home/niweiss/ws_sensor_combined/install/px4_ros_com/local/lib/python3.10/dist-packages/px4_ros_com/__init__.py
[13.768s] Listing '/home/niweiss/ws_sensor_combined/install/px4_ros_com/local/lib/python3.10/dist-packages/px4_ros_com'...
[13.773s] -- Up-to-date: /home/niweiss/ws_sensor_combined/install/px4_ros_com/lib/px4_ros_com/offboard_control.py
[13.775s] -- Up-to-date: /home/niweiss/ws_sensor_combined/install/px4_ros_com/share/ament_index/resource_index/package_run_dependencies/px4_ros_com
[13.775s] -- Up-to-date: /home/niweiss/ws_sensor_combined/install/px4_ros_com/share/ament_index/resource_index/parent_prefix_path/px4_ros_com
[13.776s] -- Up-to-date: /home/niweiss/ws_sensor_combined/install/px4_ros_com/share/px4_ros_com/environment/ament_prefix_path.sh
[13.777s] -- Up-to-date: /home/niweiss/ws_sensor_combined/install/px4_ros_com/share/px4_ros_com/environment/ament_prefix_path.dsv
[13.777s] -- Up-to-date: /home/niweiss/ws_sensor_combined/install/px4_ros_com/share/px4_ros_com/environment/path.sh
[13.777s] -- Up-to-date: /home/niweiss/ws_sensor_combined/install/px4_ros_com/share/px4_ros_com/environment/path.dsv
[13.778s] -- Up-to-date: /home/niweiss/ws_sensor_combined/install/px4_ros_com/share/px4_ros_com/local_setup.bash
[13.778s] -- Up-to-date: /home/niweiss/ws_sensor_combined/install/px4_ros_com/share/px4_ros_com/local_setup.sh
[13.778s] -- Up-to-date: /home/niweiss/ws_sensor_combined/install/px4_ros_com/share/px4_ros_com/local_setup.zsh
[13.778s] -- Up-to-date: /home/niweiss/ws_sensor_combined/install/px4_ros_com/share/px4_ros_com/local_setup.dsv
[13.778s] -- Installing: /home/niweiss/ws_sensor_combined/install/px4_ros_com/share/px4_ros_com/package.dsv
[13.779s] -- Up-to-date: /home/niweiss/ws_sensor_combined/install/px4_ros_com/share/ament_index/resource_index/packages/px4_ros_com
[13.781s] -- Up-to-date: /home/niweiss/ws_sensor_combined/install/px4_ros_com/share/px4_ros_com/cmake/export_frame_transformsExport.cmake
[13.781s] -- Up-to-date: /home/niweiss/ws_sensor_combined/install/px4_ros_com/share/px4_ros_com/cmake/export_frame_transformsExport-noconfig.cmake
[13.781s] -- Up-to-date: /home/niweiss/ws_sensor_combined/install/px4_ros_com/share/px4_ros_com/cmake/ament_cmake_export_dependencies-extras.cmake
[13.781s] -- Up-to-date: /home/niweiss/ws_sensor_combined/install/px4_ros_com/share/px4_ros_com/cmake/ament_cmake_export_targets-extras.cmake
[13.782s] -- Up-to-date: /home/niweiss/ws_sensor_combined/install/px4_ros_com/share/px4_ros_com/cmake/ament_cmake_export_include_directories-extras.cmake
[13.782s] -- Up-to-date: /home/niweiss/ws_sensor_combined/install/px4_ros_com/share/px4_ros_com/cmake/ament_cmake_export_libraries-extras.cmake
[13.782s] -- Up-to-date: /home/niweiss/ws_sensor_combined/install/px4_ros_com/share/px4_ros_com/cmake/px4_ros_comConfig.cmake
[13.782s] -- Up-to-date: /home/niweiss/ws_sensor_combined/install/px4_ros_com/share/px4_ros_com/cmake/px4_ros_comConfig-version.cmake
[13.782s] -- Up-to-date: /home/niweiss/ws_sensor_combined/install/px4_ros_com/share/px4_ros_com/package.xml
[13.786s] Invoked command in '/home/niweiss/ws_sensor_combined/build/px4_ros_com' returned '0': CMAKE_PREFIX_PATH=/home/niweiss/ws_sensor_combined/install/px4_msgs:/home/niweiss/ws_sensor_combined/install/px4_ros_com:/home/niweiss/ws_sensor_combined/install/example_mode_with_executor_cpp:/home/niweiss/ws_sensor_combined/install/example_mode_rtl_replacement_cpp:/home/niweiss/ws_sensor_combined/install/example_mode_manual_cpp:/home/niweiss/ws_sensor_combined/install/example_mode_goto_global_cpp:/home/niweiss/ws_sensor_combined/install/example_mode_goto_cpp:/home/niweiss/ws_sensor_combined/install/example_mode_fw_attitude_cpp:/home/niweiss/ws_sensor_combined/install/example_local_navigation_cpp:/home/niweiss/ws_sensor_combined/install/example_global_navigation_cpp:/home/niweiss/ws_sensor_combined/install/px4_ros2_cpp:/opt/ros/humble LD_LIBRARY_PATH=/home/niweiss/ws_sensor_combined/install/px4_msgs/lib:/home/niweiss/ws_sensor_combined/install/px4_ros_com/lib:/home/niweiss/ws_sensor_combined/install/px4_ros2_cpp/lib:/opt/ros/humble/opt/rviz_ogre_vendor/lib:/opt/ros/humble/lib/x86_64-linux-gnu:/opt/ros/humble/lib /usr/bin/cmake --install /home/niweiss/ws_sensor_combined/build/px4_ros_com
