[0.022s] Invoking command in '/home/niweiss/ws_sensor_combined/build/custom_msgs': CMAKE_PREFIX_PATH=${CMAKE_PREFIX_PATH}:/opt/ros/humble /usr/bin/cmake --build /home/niweiss/ws_sensor_combined/build/custom_msgs -- -j16 -l16
[0.105s] [  9%] Built target custom_msgs__rosidl_generator_c
[0.116s] [ 12%] Built target custom_msgs__cpp
[0.130s] [ 12%] Built target ament_cmake_python_copy_custom_msgs
[0.158s] [ 22%] Built target custom_msgs__rosidl_typesupport_introspection_c
[0.159s] [ 32%] Built target custom_msgs__rosidl_typesupport_introspection_cpp
[0.159s] [ 51%] Built target custom_msgs__rosidl_typesupport_cpp
[0.159s] [ 51%] Built target custom_msgs__rosidl_typesupport_c
[0.165s] [ 61%] Built target custom_msgs__rosidl_typesupport_fastrtps_c
[0.165s] [ 70%] Built target custom_msgs__rosidl_typesupport_fastrtps_cpp
[0.191s] [ 70%] Built target custom_msgs
[0.219s] [ 74%] Built target custom_msgs__py
[0.247s] [ 80%] Built target custom_msgs__rosidl_generator_py
[0.274s] [ 87%] Built target custom_msgs__rosidl_typesupport_introspection_c__pyext
[0.275s] [ 93%] Built target custom_msgs__rosidl_typesupport_c__pyext
[0.276s] [100%] Built target custom_msgs__rosidl_typesupport_fastrtps_c__pyext
[0.537s] running egg_info
[0.565s] writing custom_msgs.egg-info/PKG-INFO
[0.568s] writing dependency_links to custom_msgs.egg-info/dependency_links.txt
[0.568s] writing top-level names to custom_msgs.egg-info/top_level.txt
[0.637s] reading manifest file 'custom_msgs.egg-info/SOURCES.txt'
[0.638s] writing manifest file 'custom_msgs.egg-info/SOURCES.txt'
[0.681s] [100%] Built target ament_cmake_python_build_custom_msgs_egg
[0.702s] Invoked command in '/home/niweiss/ws_sensor_combined/build/custom_msgs' returned '0': CMAKE_PREFIX_PATH=${CMAKE_PREFIX_PATH}:/opt/ros/humble /usr/bin/cmake --build /home/niweiss/ws_sensor_combined/build/custom_msgs -- -j16 -l16
[0.718s] Invoking command in '/home/niweiss/ws_sensor_combined/build/custom_msgs': CMAKE_PREFIX_PATH=${CMAKE_PREFIX_PATH}:/opt/ros/humble /usr/bin/cmake --install /home/niweiss/ws_sensor_combined/build/custom_msgs
[0.731s] -- Install configuration: ""
[0.732s] -- Up-to-date: /home/niweiss/ws_sensor_combined/install/custom_msgs/share/ament_index/resource_index/rosidl_interfaces/custom_msgs
[0.732s] -- Up-to-date: /home/niweiss/ws_sensor_combined/install/custom_msgs/include/custom_msgs/custom_msgs
[0.732s] -- Up-to-date: /home/niweiss/ws_sensor_combined/install/custom_msgs/include/custom_msgs/custom_msgs/msg
[0.732s] -- Up-to-date: /home/niweiss/ws_sensor_combined/install/custom_msgs/include/custom_msgs/custom_msgs/msg/rosidl_generator_c__visibility_control.h
[0.733s] -- Up-to-date: /home/niweiss/ws_sensor_combined/install/custom_msgs/include/custom_msgs/custom_msgs/msg/flight_command.h
[0.733s] -- Up-to-date: /home/niweiss/ws_sensor_combined/install/custom_msgs/include/custom_msgs/custom_msgs/msg/detail
[0.733s] -- Up-to-date: /home/niweiss/ws_sensor_combined/install/custom_msgs/include/custom_msgs/custom_msgs/msg/detail/flight_command__functions.h
[0.733s] -- Up-to-date: /home/niweiss/ws_sensor_combined/install/custom_msgs/include/custom_msgs/custom_msgs/msg/detail/flight_command__type_support.h
[0.733s] -- Up-to-date: /home/niweiss/ws_sensor_combined/install/custom_msgs/include/custom_msgs/custom_msgs/msg/detail/flight_command__functions.c
[0.733s] -- Up-to-date: /home/niweiss/ws_sensor_combined/install/custom_msgs/include/custom_msgs/custom_msgs/msg/detail/flight_command__struct.h
[0.733s] -- Up-to-date: /home/niweiss/ws_sensor_combined/install/custom_msgs/share/custom_msgs/environment/library_path.sh
[0.733s] -- Up-to-date: /home/niweiss/ws_sensor_combined/install/custom_msgs/share/custom_msgs/environment/library_path.dsv
[0.733s] -- Up-to-date: /home/niweiss/ws_sensor_combined/install/custom_msgs/lib/libcustom_msgs__rosidl_generator_c.so
[0.734s] -- Up-to-date: /home/niweiss/ws_sensor_combined/install/custom_msgs/include/custom_msgs/custom_msgs
[0.735s] -- Up-to-date: /home/niweiss/ws_sensor_combined/install/custom_msgs/include/custom_msgs/custom_msgs/msg
[0.735s] -- Up-to-date: /home/niweiss/ws_sensor_combined/install/custom_msgs/include/custom_msgs/custom_msgs/msg/rosidl_typesupport_fastrtps_c__visibility_control.h
[0.735s] -- Up-to-date: /home/niweiss/ws_sensor_combined/install/custom_msgs/include/custom_msgs/custom_msgs/msg/detail
[0.735s] -- Up-to-date: /home/niweiss/ws_sensor_combined/install/custom_msgs/include/custom_msgs/custom_msgs/msg/detail/flight_command__rosidl_typesupport_fastrtps_c.h
[0.735s] -- Up-to-date: /home/niweiss/ws_sensor_combined/install/custom_msgs/lib/libcustom_msgs__rosidl_typesupport_fastrtps_c.so
[0.736s] -- Up-to-date: /home/niweiss/ws_sensor_combined/install/custom_msgs/include/custom_msgs/custom_msgs
[0.736s] -- Up-to-date: /home/niweiss/ws_sensor_combined/install/custom_msgs/include/custom_msgs/custom_msgs/msg
[0.736s] -- Up-to-date: /home/niweiss/ws_sensor_combined/install/custom_msgs/include/custom_msgs/custom_msgs/msg/detail
[0.736s] -- Up-to-date: /home/niweiss/ws_sensor_combined/install/custom_msgs/include/custom_msgs/custom_msgs/msg/detail/flight_command__rosidl_typesupport_introspection_c.h
[0.736s] -- Up-to-date: /home/niweiss/ws_sensor_combined/install/custom_msgs/include/custom_msgs/custom_msgs/msg/detail/flight_command__type_support.c
[0.736s] -- Up-to-date: /home/niweiss/ws_sensor_combined/install/custom_msgs/include/custom_msgs/custom_msgs/msg/rosidl_typesupport_introspection_c__visibility_control.h
[0.736s] -- Up-to-date: /home/niweiss/ws_sensor_combined/install/custom_msgs/lib/libcustom_msgs__rosidl_typesupport_introspection_c.so
[0.737s] -- Up-to-date: /home/niweiss/ws_sensor_combined/install/custom_msgs/lib/libcustom_msgs__rosidl_typesupport_c.so
[0.737s] -- Up-to-date: /home/niweiss/ws_sensor_combined/install/custom_msgs/include/custom_msgs/custom_msgs
[0.737s] -- Up-to-date: /home/niweiss/ws_sensor_combined/install/custom_msgs/include/custom_msgs/custom_msgs/msg
[0.737s] -- Up-to-date: /home/niweiss/ws_sensor_combined/install/custom_msgs/include/custom_msgs/custom_msgs/msg/rosidl_generator_cpp__visibility_control.hpp
[0.737s] -- Up-to-date: /home/niweiss/ws_sensor_combined/install/custom_msgs/include/custom_msgs/custom_msgs/msg/flight_command.hpp
[0.737s] -- Up-to-date: /home/niweiss/ws_sensor_combined/install/custom_msgs/include/custom_msgs/custom_msgs/msg/detail
[0.738s] -- Up-to-date: /home/niweiss/ws_sensor_combined/install/custom_msgs/include/custom_msgs/custom_msgs/msg/detail/flight_command__traits.hpp
[0.738s] -- Up-to-date: /home/niweiss/ws_sensor_combined/install/custom_msgs/include/custom_msgs/custom_msgs/msg/detail/flight_command__struct.hpp
[0.738s] -- Up-to-date: /home/niweiss/ws_sensor_combined/install/custom_msgs/include/custom_msgs/custom_msgs/msg/detail/flight_command__builder.hpp
[0.738s] -- Up-to-date: /home/niweiss/ws_sensor_combined/install/custom_msgs/include/custom_msgs/custom_msgs/msg/detail/flight_command__type_support.hpp
[0.738s] -- Up-to-date: /home/niweiss/ws_sensor_combined/install/custom_msgs/include/custom_msgs/custom_msgs
[0.738s] -- Up-to-date: /home/niweiss/ws_sensor_combined/install/custom_msgs/include/custom_msgs/custom_msgs/msg
[0.738s] -- Up-to-date: /home/niweiss/ws_sensor_combined/install/custom_msgs/include/custom_msgs/custom_msgs/msg/rosidl_typesupport_fastrtps_cpp__visibility_control.h
[0.738s] -- Up-to-date: /home/niweiss/ws_sensor_combined/install/custom_msgs/include/custom_msgs/custom_msgs/msg/detail
[0.739s] -- Up-to-date: /home/niweiss/ws_sensor_combined/install/custom_msgs/include/custom_msgs/custom_msgs/msg/detail/flight_command__rosidl_typesupport_fastrtps_cpp.hpp
[0.739s] -- Up-to-date: /home/niweiss/ws_sensor_combined/install/custom_msgs/include/custom_msgs/custom_msgs/msg/detail/dds_fastrtps
[0.739s] -- Up-to-date: /home/niweiss/ws_sensor_combined/install/custom_msgs/lib/libcustom_msgs__rosidl_typesupport_fastrtps_cpp.so
[0.739s] -- Up-to-date: /home/niweiss/ws_sensor_combined/install/custom_msgs/include/custom_msgs/custom_msgs
[0.739s] -- Up-to-date: /home/niweiss/ws_sensor_combined/install/custom_msgs/include/custom_msgs/custom_msgs/msg
[0.739s] -- Up-to-date: /home/niweiss/ws_sensor_combined/install/custom_msgs/include/custom_msgs/custom_msgs/msg/detail
[0.739s] -- Up-to-date: /home/niweiss/ws_sensor_combined/install/custom_msgs/include/custom_msgs/custom_msgs/msg/detail/flight_command__rosidl_typesupport_introspection_cpp.hpp
[0.740s] -- Up-to-date: /home/niweiss/ws_sensor_combined/install/custom_msgs/include/custom_msgs/custom_msgs/msg/detail/flight_command__type_support.cpp
[0.740s] -- Up-to-date: /home/niweiss/ws_sensor_combined/install/custom_msgs/lib/libcustom_msgs__rosidl_typesupport_introspection_cpp.so
[0.740s] -- Up-to-date: /home/niweiss/ws_sensor_combined/install/custom_msgs/lib/libcustom_msgs__rosidl_typesupport_cpp.so
[0.740s] -- Up-to-date: /home/niweiss/ws_sensor_combined/install/custom_msgs/share/custom_msgs/environment/pythonpath.sh
[0.740s] -- Up-to-date: /home/niweiss/ws_sensor_combined/install/custom_msgs/share/custom_msgs/environment/pythonpath.dsv
[0.740s] -- Up-to-date: /home/niweiss/ws_sensor_combined/install/custom_msgs/local/lib/python3.10/dist-packages/custom_msgs-0.0.0-py3.10.egg-info
[0.740s] -- Installing: /home/niweiss/ws_sensor_combined/install/custom_msgs/local/lib/python3.10/dist-packages/custom_msgs-0.0.0-py3.10.egg-info/top_level.txt
[0.740s] -- Installing: /home/niweiss/ws_sensor_combined/install/custom_msgs/local/lib/python3.10/dist-packages/custom_msgs-0.0.0-py3.10.egg-info/PKG-INFO
[0.740s] -- Installing: /home/niweiss/ws_sensor_combined/install/custom_msgs/local/lib/python3.10/dist-packages/custom_msgs-0.0.0-py3.10.egg-info/dependency_links.txt
[0.740s] -- Installing: /home/niweiss/ws_sensor_combined/install/custom_msgs/local/lib/python3.10/dist-packages/custom_msgs-0.0.0-py3.10.egg-info/SOURCES.txt
[0.741s] -- Up-to-date: /home/niweiss/ws_sensor_combined/install/custom_msgs/local/lib/python3.10/dist-packages/custom_msgs
[0.741s] -- Up-to-date: /home/niweiss/ws_sensor_combined/install/custom_msgs/local/lib/python3.10/dist-packages/custom_msgs/custom_msgs_s__rosidl_typesupport_fastrtps_c.cpython-310-x86_64-linux-gnu.so
[0.741s] -- Up-to-date: /home/niweiss/ws_sensor_combined/install/custom_msgs/local/lib/python3.10/dist-packages/custom_msgs/msg
[0.741s] -- Up-to-date: /home/niweiss/ws_sensor_combined/install/custom_msgs/local/lib/python3.10/dist-packages/custom_msgs/msg/_flight_command.py
[0.741s] -- Up-to-date: /home/niweiss/ws_sensor_combined/install/custom_msgs/local/lib/python3.10/dist-packages/custom_msgs/msg/__init__.py
[0.742s] -- Up-to-date: /home/niweiss/ws_sensor_combined/install/custom_msgs/local/lib/python3.10/dist-packages/custom_msgs/msg/_flight_command_s.c
[0.743s] -- Up-to-date: /home/niweiss/ws_sensor_combined/install/custom_msgs/local/lib/python3.10/dist-packages/custom_msgs/_custom_msgs_s.ep.rosidl_typesupport_introspection_c.c
[0.743s] -- Up-to-date: /home/niweiss/ws_sensor_combined/install/custom_msgs/local/lib/python3.10/dist-packages/custom_msgs/custom_msgs_s__rosidl_typesupport_introspection_c.cpython-310-x86_64-linux-gnu.so
[0.743s] -- Up-to-date: /home/niweiss/ws_sensor_combined/install/custom_msgs/local/lib/python3.10/dist-packages/custom_msgs/__init__.py
[0.744s] -- Up-to-date: /home/niweiss/ws_sensor_combined/install/custom_msgs/local/lib/python3.10/dist-packages/custom_msgs/_custom_msgs_s.ep.rosidl_typesupport_c.c
[0.744s] -- Up-to-date: /home/niweiss/ws_sensor_combined/install/custom_msgs/local/lib/python3.10/dist-packages/custom_msgs/custom_msgs_s__rosidl_typesupport_c.cpython-310-x86_64-linux-gnu.so
[0.744s] -- Up-to-date: /home/niweiss/ws_sensor_combined/install/custom_msgs/local/lib/python3.10/dist-packages/custom_msgs/_custom_msgs_s.ep.rosidl_typesupport_fastrtps_c.c
[0.744s] -- Up-to-date: /home/niweiss/ws_sensor_combined/install/custom_msgs/local/lib/python3.10/dist-packages/custom_msgs/libcustom_msgs__rosidl_generator_py.so
[0.792s] Listing '/home/niweiss/ws_sensor_combined/install/custom_msgs/local/lib/python3.10/dist-packages/custom_msgs'...
[0.792s] Listing '/home/niweiss/ws_sensor_combined/install/custom_msgs/local/lib/python3.10/dist-packages/custom_msgs/msg'...
[0.797s] -- Up-to-date: /home/niweiss/ws_sensor_combined/install/custom_msgs/local/lib/python3.10/dist-packages/custom_msgs/custom_msgs_s__rosidl_typesupport_fastrtps_c.cpython-310-x86_64-linux-gnu.so
[0.798s] -- Up-to-date: /home/niweiss/ws_sensor_combined/install/custom_msgs/local/lib/python3.10/dist-packages/custom_msgs/custom_msgs_s__rosidl_typesupport_introspection_c.cpython-310-x86_64-linux-gnu.so
[0.798s] -- Up-to-date: /home/niweiss/ws_sensor_combined/install/custom_msgs/local/lib/python3.10/dist-packages/custom_msgs/custom_msgs_s__rosidl_typesupport_c.cpython-310-x86_64-linux-gnu.so
[0.798s] -- Up-to-date: /home/niweiss/ws_sensor_combined/install/custom_msgs/lib/libcustom_msgs__rosidl_generator_py.so
[0.799s] -- Up-to-date: /home/niweiss/ws_sensor_combined/install/custom_msgs/share/custom_msgs/msg/FlightCommand.idl
[0.799s] -- Up-to-date: /home/niweiss/ws_sensor_combined/install/custom_msgs/share/custom_msgs/msg/FlightCommand.msg
[0.799s] -- Up-to-date: /home/niweiss/ws_sensor_combined/install/custom_msgs/share/ament_index/resource_index/package_run_dependencies/custom_msgs
[0.799s] -- Up-to-date: /home/niweiss/ws_sensor_combined/install/custom_msgs/share/ament_index/resource_index/parent_prefix_path/custom_msgs
[0.799s] -- Up-to-date: /home/niweiss/ws_sensor_combined/install/custom_msgs/share/custom_msgs/environment/ament_prefix_path.sh
[0.799s] -- Up-to-date: /home/niweiss/ws_sensor_combined/install/custom_msgs/share/custom_msgs/environment/ament_prefix_path.dsv
[0.799s] -- Up-to-date: /home/niweiss/ws_sensor_combined/install/custom_msgs/share/custom_msgs/environment/path.sh
[0.800s] -- Up-to-date: /home/niweiss/ws_sensor_combined/install/custom_msgs/share/custom_msgs/environment/path.dsv
[0.800s] -- Up-to-date: /home/niweiss/ws_sensor_combined/install/custom_msgs/share/custom_msgs/local_setup.bash
[0.800s] -- Up-to-date: /home/niweiss/ws_sensor_combined/install/custom_msgs/share/custom_msgs/local_setup.sh
[0.800s] -- Up-to-date: /home/niweiss/ws_sensor_combined/install/custom_msgs/share/custom_msgs/local_setup.zsh
[0.801s] -- Up-to-date: /home/niweiss/ws_sensor_combined/install/custom_msgs/share/custom_msgs/local_setup.dsv
[0.801s] -- Installing: /home/niweiss/ws_sensor_combined/install/custom_msgs/share/custom_msgs/package.dsv
[0.801s] -- Up-to-date: /home/niweiss/ws_sensor_combined/install/custom_msgs/share/ament_index/resource_index/packages/custom_msgs
[0.801s] -- Up-to-date: /home/niweiss/ws_sensor_combined/install/custom_msgs/share/custom_msgs/cmake/export_custom_msgs__rosidl_generator_cExport.cmake
[0.801s] -- Up-to-date: /home/niweiss/ws_sensor_combined/install/custom_msgs/share/custom_msgs/cmake/export_custom_msgs__rosidl_generator_cExport-noconfig.cmake
[0.801s] -- Up-to-date: /home/niweiss/ws_sensor_combined/install/custom_msgs/share/custom_msgs/cmake/export_custom_msgs__rosidl_typesupport_fastrtps_cExport.cmake
[0.801s] -- Up-to-date: /home/niweiss/ws_sensor_combined/install/custom_msgs/share/custom_msgs/cmake/export_custom_msgs__rosidl_typesupport_fastrtps_cExport-noconfig.cmake
[0.802s] -- Up-to-date: /home/niweiss/ws_sensor_combined/install/custom_msgs/share/custom_msgs/cmake/custom_msgs__rosidl_typesupport_introspection_cExport.cmake
[0.802s] -- Up-to-date: /home/niweiss/ws_sensor_combined/install/custom_msgs/share/custom_msgs/cmake/custom_msgs__rosidl_typesupport_introspection_cExport-noconfig.cmake
[0.802s] -- Up-to-date: /home/niweiss/ws_sensor_combined/install/custom_msgs/share/custom_msgs/cmake/custom_msgs__rosidl_typesupport_cExport.cmake
[0.802s] -- Up-to-date: /home/niweiss/ws_sensor_combined/install/custom_msgs/share/custom_msgs/cmake/custom_msgs__rosidl_typesupport_cExport-noconfig.cmake
[0.802s] -- Up-to-date: /home/niweiss/ws_sensor_combined/install/custom_msgs/share/custom_msgs/cmake/export_custom_msgs__rosidl_generator_cppExport.cmake
[0.802s] -- Up-to-date: /home/niweiss/ws_sensor_combined/install/custom_msgs/share/custom_msgs/cmake/export_custom_msgs__rosidl_typesupport_fastrtps_cppExport.cmake
[0.802s] -- Up-to-date: /home/niweiss/ws_sensor_combined/install/custom_msgs/share/custom_msgs/cmake/export_custom_msgs__rosidl_typesupport_fastrtps_cppExport-noconfig.cmake
[0.803s] -- Up-to-date: /home/niweiss/ws_sensor_combined/install/custom_msgs/share/custom_msgs/cmake/custom_msgs__rosidl_typesupport_introspection_cppExport.cmake
[0.803s] -- Up-to-date: /home/niweiss/ws_sensor_combined/install/custom_msgs/share/custom_msgs/cmake/custom_msgs__rosidl_typesupport_introspection_cppExport-noconfig.cmake
[0.803s] -- Up-to-date: /home/niweiss/ws_sensor_combined/install/custom_msgs/share/custom_msgs/cmake/custom_msgs__rosidl_typesupport_cppExport.cmake
[0.803s] -- Up-to-date: /home/niweiss/ws_sensor_combined/install/custom_msgs/share/custom_msgs/cmake/custom_msgs__rosidl_typesupport_cppExport-noconfig.cmake
[0.803s] -- Up-to-date: /home/niweiss/ws_sensor_combined/install/custom_msgs/share/custom_msgs/cmake/export_custom_msgs__rosidl_generator_pyExport.cmake
[0.803s] -- Up-to-date: /home/niweiss/ws_sensor_combined/install/custom_msgs/share/custom_msgs/cmake/export_custom_msgs__rosidl_generator_pyExport-noconfig.cmake
[0.803s] -- Up-to-date: /home/niweiss/ws_sensor_combined/install/custom_msgs/share/custom_msgs/cmake/rosidl_cmake-extras.cmake
[0.803s] -- Up-to-date: /home/niweiss/ws_sensor_combined/install/custom_msgs/share/custom_msgs/cmake/ament_cmake_export_include_directories-extras.cmake
[0.803s] -- Up-to-date: /home/niweiss/ws_sensor_combined/install/custom_msgs/share/custom_msgs/cmake/ament_cmake_export_libraries-extras.cmake
[0.803s] -- Up-to-date: /home/niweiss/ws_sensor_combined/install/custom_msgs/share/custom_msgs/cmake/ament_cmake_export_targets-extras.cmake
[0.803s] -- Up-to-date: /home/niweiss/ws_sensor_combined/install/custom_msgs/share/custom_msgs/cmake/rosidl_cmake_export_typesupport_targets-extras.cmake
[0.803s] -- Up-to-date: /home/niweiss/ws_sensor_combined/install/custom_msgs/share/custom_msgs/cmake/ament_cmake_export_dependencies-extras.cmake
[0.803s] -- Up-to-date: /home/niweiss/ws_sensor_combined/install/custom_msgs/share/custom_msgs/cmake/rosidl_cmake_export_typesupport_libraries-extras.cmake
[0.803s] -- Up-to-date: /home/niweiss/ws_sensor_combined/install/custom_msgs/share/custom_msgs/cmake/custom_msgsConfig.cmake
[0.803s] -- Up-to-date: /home/niweiss/ws_sensor_combined/install/custom_msgs/share/custom_msgs/cmake/custom_msgsConfig-version.cmake
[0.803s] -- Up-to-date: /home/niweiss/ws_sensor_combined/install/custom_msgs/share/custom_msgs/package.xml
[0.810s] Invoked command in '/home/niweiss/ws_sensor_combined/build/custom_msgs' returned '0': CMAKE_PREFIX_PATH=${CMAKE_PREFIX_PATH}:/opt/ros/humble /usr/bin/cmake --install /home/niweiss/ws_sensor_combined/build/custom_msgs
