-- Found ament_cmake: 1.3.11 (/opt/ros/humble/share/ament_cmake/cmake)
-- Found rclcpp: 16.0.11 (/opt/ros/humble/share/rclcpp/cmake)
-- Found rosidl_generator_c: 3.1.6 (/opt/ros/humble/share/rosidl_generator_c/cmake)
-- Found rosidl_adapter: 3.1.6 (/opt/ros/humble/share/rosidl_adapter/cmake)
-- Found rosidl_generator_cpp: 3.1.6 (/opt/ros/humble/share/rosidl_generator_cpp/cmake)
-- Using all available rosidl_typesupport_c: rosidl_typesupport_fastrtps_c;rosidl_typesupport_introspection_c
-- Using all available rosidl_typesupport_cpp: rosidl_typesupport_fastrtps_cpp;rosidl_typesupport_introspection_cpp
-- Found rmw_implementation_cmake: 6.1.2 (/opt/ros/humble/share/rmw_implementation_cmake/cmake)
-- Found rmw_fastrtps_cpp: 6.2.7 (/opt/ros/humble/share/rmw_fastrtps_cpp/cmake)
-- Using RMW implementation 'rmw_fastrtps_cpp' as default
-- Found sensor_msgs: 4.2.4 (/opt/ros/humble/share/sensor_msgs/cmake)
-- Configuring done
-- Generating done
-- Build files have been written to: /home/niweiss/CPE-Capstone-2024-2025/lora/build/lora
[35m[1mConsolidate compiler generated dependencies of target subscriber[0m
[35m[1mConsolidate compiler generated dependencies of target publisher[0m
[ 25%] [32mBuilding CXX object CMakeFiles/subscriber.dir/src/lorasubscriber.cpp.o[0m
[ 50%] [32mBuilding CXX object CMakeFiles/publisher.dir/src/lorapublisher.cpp.o[0m
[ 75%] [32m[1mLinking CXX executable publisher[0m
[ 75%] Built target publisher
[100%] [32m[1mLinking CXX executable subscriber[0m
[100%] Built target subscriber
-- Install configuration: ""
-- Installing: /home/niweiss/CPE-Capstone-2024-2025/lora/install/lora/lib/lora/subscriber
-- Set runtime path of "/home/niweiss/CPE-Capstone-2024-2025/lora/install/lora/lib/lora/subscriber" to ""
-- Installing: /home/niweiss/CPE-Capstone-2024-2025/lora/install/lora/lib/lora/publisher
-- Set runtime path of "/home/niweiss/CPE-Capstone-2024-2025/lora/install/lora/lib/lora/publisher" to ""
-- Up-to-date: /home/niweiss/CPE-Capstone-2024-2025/lora/install/lora/share/ament_index/resource_index/package_run_dependencies/lora
-- Installing: /home/niweiss/CPE-Capstone-2024-2025/lora/install/lora/share/ament_index/resource_index/parent_prefix_path/lora
-- Up-to-date: /home/niweiss/CPE-Capstone-2024-2025/lora/install/lora/share/lora/environment/ament_prefix_path.sh
-- Installing: /home/niweiss/CPE-Capstone-2024-2025/lora/install/lora/share/lora/environment/ament_prefix_path.dsv
-- Up-to-date: /home/niweiss/CPE-Capstone-2024-2025/lora/install/lora/share/lora/environment/path.sh
-- Installing: /home/niweiss/CPE-Capstone-2024-2025/lora/install/lora/share/lora/environment/path.dsv
-- Up-to-date: /home/niweiss/CPE-Capstone-2024-2025/lora/install/lora/share/lora/local_setup.bash
-- Up-to-date: /home/niweiss/CPE-Capstone-2024-2025/lora/install/lora/share/lora/local_setup.sh
-- Up-to-date: /home/niweiss/CPE-Capstone-2024-2025/lora/install/lora/share/lora/local_setup.zsh
-- Installing: /home/niweiss/CPE-Capstone-2024-2025/lora/install/lora/share/lora/local_setup.dsv
-- Installing: /home/niweiss/CPE-Capstone-2024-2025/lora/install/lora/share/lora/package.dsv
-- Up-to-date: /home/niweiss/CPE-Capstone-2024-2025/lora/install/lora/share/ament_index/resource_index/packages/lora
-- Up-to-date: /home/niweiss/CPE-Capstone-2024-2025/lora/install/lora/share/lora/cmake/loraConfig.cmake
-- Up-to-date: /home/niweiss/CPE-Capstone-2024-2025/lora/install/lora/share/lora/cmake/loraConfig-version.cmake
-- Installing: /home/niweiss/CPE-Capstone-2024-2025/lora/install/lora/share/lora/package.xml
