[0.022s] Invoking command in '/home/niweiss/CPE-Capstone-2024-2025/lora/build/lora': CMAKE_PREFIX_PATH=${CMAKE_PREFIX_PATH}:/opt/ros/humble /usr/bin/cmake --build /home/niweiss/CPE-Capstone-2024-2025/lora/build/lora -- -j16 -l16
[0.120s] -- Found ament_cmake: 1.3.11 (/opt/ros/humble/share/ament_cmake/cmake)
[0.338s] -- Found rclcpp: 16.0.11 (/opt/ros/humble/share/rclcpp/cmake)
[0.536s] -- Found rosidl_generator_c: 3.1.6 (/opt/ros/humble/share/rosidl_generator_c/cmake)
[0.541s] -- Found rosidl_adapter: 3.1.6 (/opt/ros/humble/share/rosidl_adapter/cmake)
[0.556s] -- Found rosidl_generator_cpp: 3.1.6 (/opt/ros/humble/share/rosidl_generator_cpp/cmake)
[0.579s] -- Using all available rosidl_typesupport_c: rosidl_typesupport_fastrtps_c;rosidl_typesupport_introspection_c
[0.604s] -- Using all available rosidl_typesupport_cpp: rosidl_typesupport_fastrtps_cpp;rosidl_typesupport_introspection_cpp
[0.678s] -- Found rmw_implementation_cmake: 6.1.2 (/opt/ros/humble/share/rmw_implementation_cmake/cmake)
[0.682s] -- Found rmw_fastrtps_cpp: 6.2.7 (/opt/ros/humble/share/rmw_fastrtps_cpp/cmake)
[6.068s] -- Using RMW implementation 'rmw_fastrtps_cpp' as default
[6.178s] -- Found sensor_msgs: 4.2.4 (/opt/ros/humble/share/sensor_msgs/cmake)
[6.340s] -- Configuring done
[6.367s] -- Generating done
[6.376s] -- Build files have been written to: /home/niweiss/CPE-Capstone-2024-2025/lora/build/lora
[6.407s] [35m[1mConsolidate compiler generated dependencies of target subscriber[0m
[6.407s] [35m[1mConsolidate compiler generated dependencies of target publisher[0m
[6.468s] [ 25%] [32mBuilding CXX object CMakeFiles/subscriber.dir/src/lorasubscriber.cpp.o[0m
[6.469s] [ 50%] [32mBuilding CXX object CMakeFiles/publisher.dir/src/lorapublisher.cpp.o[0m
[14.957s] [ 75%] [32m[1mLinking CXX executable publisher[0m
[15.477s] [ 75%] Built target publisher
[25.980s] [100%] [32m[1mLinking CXX executable subscriber[0m
[27.040s] [100%] Built target subscriber
[27.055s] Invoked command in '/home/niweiss/CPE-Capstone-2024-2025/lora/build/lora' returned '0': CMAKE_PREFIX_PATH=${CMAKE_PREFIX_PATH}:/opt/ros/humble /usr/bin/cmake --build /home/niweiss/CPE-Capstone-2024-2025/lora/build/lora -- -j16 -l16
[27.075s] Invoking command in '/home/niweiss/CPE-Capstone-2024-2025/lora/build/lora': CMAKE_PREFIX_PATH=${CMAKE_PREFIX_PATH}:/opt/ros/humble /usr/bin/cmake --install /home/niweiss/CPE-Capstone-2024-2025/lora/build/lora
[27.091s] -- Install configuration: ""
[27.092s] -- Installing: /home/niweiss/CPE-Capstone-2024-2025/lora/install/lora/lib/lora/subscriber
[27.107s] -- Set runtime path of "/home/niweiss/CPE-Capstone-2024-2025/lora/install/lora/lib/lora/subscriber" to ""
[27.109s] -- Installing: /home/niweiss/CPE-Capstone-2024-2025/lora/install/lora/lib/lora/publisher
[27.110s] -- Set runtime path of "/home/niweiss/CPE-Capstone-2024-2025/lora/install/lora/lib/lora/publisher" to ""
[27.111s] -- Up-to-date: /home/niweiss/CPE-Capstone-2024-2025/lora/install/lora/share/ament_index/resource_index/package_run_dependencies/lora
[27.111s] -- Installing: /home/niweiss/CPE-Capstone-2024-2025/lora/install/lora/share/ament_index/resource_index/parent_prefix_path/lora
[27.111s] -- Up-to-date: /home/niweiss/CPE-Capstone-2024-2025/lora/install/lora/share/lora/environment/ament_prefix_path.sh
[27.111s] -- Installing: /home/niweiss/CPE-Capstone-2024-2025/lora/install/lora/share/lora/environment/ament_prefix_path.dsv
[27.111s] -- Up-to-date: /home/niweiss/CPE-Capstone-2024-2025/lora/install/lora/share/lora/environment/path.sh
[27.112s] -- Installing: /home/niweiss/CPE-Capstone-2024-2025/lora/install/lora/share/lora/environment/path.dsv
[27.112s] -- Up-to-date: /home/niweiss/CPE-Capstone-2024-2025/lora/install/lora/share/lora/local_setup.bash
[27.112s] -- Up-to-date: /home/niweiss/CPE-Capstone-2024-2025/lora/install/lora/share/lora/local_setup.sh
[27.112s] -- Up-to-date: /home/niweiss/CPE-Capstone-2024-2025/lora/install/lora/share/lora/local_setup.zsh
[27.112s] -- Installing: /home/niweiss/CPE-Capstone-2024-2025/lora/install/lora/share/lora/local_setup.dsv
[27.112s] -- Installing: /home/niweiss/CPE-Capstone-2024-2025/lora/install/lora/share/lora/package.dsv
[27.113s] -- Up-to-date: /home/niweiss/CPE-Capstone-2024-2025/lora/install/lora/share/ament_index/resource_index/packages/lora
[27.113s] -- Up-to-date: /home/niweiss/CPE-Capstone-2024-2025/lora/install/lora/share/lora/cmake/loraConfig.cmake
[27.113s] -- Up-to-date: /home/niweiss/CPE-Capstone-2024-2025/lora/install/lora/share/lora/cmake/loraConfig-version.cmake
[27.113s] -- Installing: /home/niweiss/CPE-Capstone-2024-2025/lora/install/lora/share/lora/package.xml
[27.115s] Invoked command in '/home/niweiss/CPE-Capstone-2024-2025/lora/build/lora' returned '0': CMAKE_PREFIX_PATH=${CMAKE_PREFIX_PATH}:/opt/ros/humble /usr/bin/cmake --install /home/niweiss/CPE-Capstone-2024-2025/lora/build/lora
