[0.024s] Invoking command in '/home/niweiss/CPE-Capstone-2024-2025/ws_sensor_combined/build/custom_msgs': CMAKE_PREFIX_PATH=${CMAKE_PREFIX_PATH}:/home/niweiss/ws_sensor_combined/install/px4_ros_com:/opt/ros/humble /usr/bin/cmake --build /home/niweiss/CPE-Capstone-2024-2025/ws_sensor_combined/build/custom_msgs -- -j16 -l16
[0.073s] [  3%] Built target custom_msgs__cpp
[0.074s] [ 12%] Built target custom_msgs__rosidl_generator_c
[0.088s] [ 12%] Built target ament_cmake_python_copy_custom_msgs
[0.099s] [ 22%] Built target custom_msgs__rosidl_typesupport_cpp
[0.101s] [ 32%] Built target custom_msgs__rosidl_typesupport_fastrtps_cpp
[0.102s] [ 41%] Built target custom_msgs__rosidl_typesupport_introspection_cpp
[0.118s] [ 54%] Built target custom_msgs__rosidl_typesupport_c
[0.119s] [ 61%] Built target custom_msgs__rosidl_typesupport_fastrtps_c
[0.120s] [ 70%] Built target custom_msgs__rosidl_typesupport_introspection_c
[0.143s] [ 70%] Built target custom_msgs
[0.167s] [ 74%] Built target custom_msgs__py
[0.190s] [ 80%] Built target custom_msgs__rosidl_generator_py
[0.216s] [100%] Built target custom_msgs__rosidl_typesupport_c__pyext
[0.216s] [100%] Built target custom_msgs__rosidl_typesupport_introspection_c__pyext
[0.216s] [100%] Built target custom_msgs__rosidl_typesupport_fastrtps_c__pyext
[0.389s] running egg_info
[0.428s] writing custom_msgs.egg-info/PKG-INFO
[0.429s] writing dependency_links to custom_msgs.egg-info/dependency_links.txt
[0.429s] writing top-level names to custom_msgs.egg-info/top_level.txt
[0.496s] reading manifest file 'custom_msgs.egg-info/SOURCES.txt'
[0.497s] writing manifest file 'custom_msgs.egg-info/SOURCES.txt'
[0.528s] [100%] Built target ament_cmake_python_build_custom_msgs_egg
[0.541s] Invoked command in '/home/niweiss/CPE-Capstone-2024-2025/ws_sensor_combined/build/custom_msgs' returned '0': CMAKE_PREFIX_PATH=${CMAKE_PREFIX_PATH}:/home/niweiss/ws_sensor_combined/install/px4_ros_com:/opt/ros/humble /usr/bin/cmake --build /home/niweiss/CPE-Capstone-2024-2025/ws_sensor_combined/build/custom_msgs -- -j16 -l16
[0.550s] Invoking command in '/home/niweiss/CPE-Capstone-2024-2025/ws_sensor_combined/build/custom_msgs': CMAKE_PREFIX_PATH=${CMAKE_PREFIX_PATH}:/home/niweiss/ws_sensor_combined/install/px4_ros_com:/opt/ros/humble /usr/bin/cmake --install /home/niweiss/CPE-Capstone-2024-2025/ws_sensor_combined/build/custom_msgs
[0.559s] -- Install configuration: ""
[0.559s] -- Up-to-date: /home/niweiss/CPE-Capstone-2024-2025/ws_sensor_combined/install/custom_msgs/share/ament_index/resource_index/rosidl_interfaces/custom_msgs
[0.560s] -- Up-to-date: /home/niweiss/CPE-Capstone-2024-2025/ws_sensor_combined/install/custom_msgs/include/custom_msgs/custom_msgs
[0.560s] -- Up-to-date: /home/niweiss/CPE-Capstone-2024-2025/ws_sensor_combined/install/custom_msgs/include/custom_msgs/custom_msgs/msg
[0.560s] -- Up-to-date: /home/niweiss/CPE-Capstone-2024-2025/ws_sensor_combined/install/custom_msgs/include/custom_msgs/custom_msgs/msg/rosidl_generator_c__visibility_control.h
[0.560s] -- Up-to-date: /home/niweiss/CPE-Capstone-2024-2025/ws_sensor_combined/install/custom_msgs/include/custom_msgs/custom_msgs/msg/flight_command.h
[0.561s] -- Up-to-date: /home/niweiss/CPE-Capstone-2024-2025/ws_sensor_combined/install/custom_msgs/include/custom_msgs/custom_msgs/msg/detail
[0.561s] -- Up-to-date: /home/niweiss/CPE-Capstone-2024-2025/ws_sensor_combined/install/custom_msgs/include/custom_msgs/custom_msgs/msg/detail/flight_command__functions.h
[0.561s] -- Up-to-date: /home/niweiss/CPE-Capstone-2024-2025/ws_sensor_combined/install/custom_msgs/include/custom_msgs/custom_msgs/msg/detail/flight_command__type_support.h
[0.561s] -- Up-to-date: /home/niweiss/CPE-Capstone-2024-2025/ws_sensor_combined/install/custom_msgs/include/custom_msgs/custom_msgs/msg/detail/flight_command__functions.c
[0.561s] -- Up-to-date: /home/niweiss/CPE-Capstone-2024-2025/ws_sensor_combined/install/custom_msgs/include/custom_msgs/custom_msgs/msg/detail/flight_command__struct.h
[0.562s] -- Up-to-date: /home/niweiss/CPE-Capstone-2024-2025/ws_sensor_combined/install/custom_msgs/share/custom_msgs/environment/library_path.sh
[0.562s] -- Up-to-date: /home/niweiss/CPE-Capstone-2024-2025/ws_sensor_combined/install/custom_msgs/share/custom_msgs/environment/library_path.dsv
[0.562s] -- Up-to-date: /home/niweiss/CPE-Capstone-2024-2025/ws_sensor_combined/install/custom_msgs/lib/libcustom_msgs__rosidl_generator_c.so
[0.562s] -- Up-to-date: /home/niweiss/CPE-Capstone-2024-2025/ws_sensor_combined/install/custom_msgs/include/custom_msgs/custom_msgs
[0.562s] -- Up-to-date: /home/niweiss/CPE-Capstone-2024-2025/ws_sensor_combined/install/custom_msgs/include/custom_msgs/custom_msgs/msg
[0.562s] -- Up-to-date: /home/niweiss/CPE-Capstone-2024-2025/ws_sensor_combined/install/custom_msgs/include/custom_msgs/custom_msgs/msg/rosidl_typesupport_fastrtps_c__visibility_control.h
[0.562s] -- Up-to-date: /home/niweiss/CPE-Capstone-2024-2025/ws_sensor_combined/install/custom_msgs/include/custom_msgs/custom_msgs/msg/detail
[0.563s] -- Up-to-date: /home/niweiss/CPE-Capstone-2024-2025/ws_sensor_combined/install/custom_msgs/include/custom_msgs/custom_msgs/msg/detail/flight_command__rosidl_typesupport_fastrtps_c.h
[0.563s] -- Up-to-date: /home/niweiss/CPE-Capstone-2024-2025/ws_sensor_combined/install/custom_msgs/lib/libcustom_msgs__rosidl_typesupport_fastrtps_c.so
[0.563s] -- Up-to-date: /home/niweiss/CPE-Capstone-2024-2025/ws_sensor_combined/install/custom_msgs/include/custom_msgs/custom_msgs
[0.563s] -- Up-to-date: /home/niweiss/CPE-Capstone-2024-2025/ws_sensor_combined/install/custom_msgs/include/custom_msgs/custom_msgs/msg
[0.563s] -- Up-to-date: /home/niweiss/CPE-Capstone-2024-2025/ws_sensor_combined/install/custom_msgs/include/custom_msgs/custom_msgs/msg/detail
[0.563s] -- Up-to-date: /home/niweiss/CPE-Capstone-2024-2025/ws_sensor_combined/install/custom_msgs/include/custom_msgs/custom_msgs/msg/detail/flight_command__rosidl_typesupport_introspection_c.h
[0.564s] -- Up-to-date: /home/niweiss/CPE-Capstone-2024-2025/ws_sensor_combined/install/custom_msgs/include/custom_msgs/custom_msgs/msg/detail/flight_command__type_support.c
[0.564s] -- Up-to-date: /home/niweiss/CPE-Capstone-2024-2025/ws_sensor_combined/install/custom_msgs/include/custom_msgs/custom_msgs/msg/rosidl_typesupport_introspection_c__visibility_control.h
[0.564s] -- Up-to-date: /home/niweiss/CPE-Capstone-2024-2025/ws_sensor_combined/install/custom_msgs/lib/libcustom_msgs__rosidl_typesupport_introspection_c.so
[0.564s] -- Up-to-date: /home/niweiss/CPE-Capstone-2024-2025/ws_sensor_combined/install/custom_msgs/lib/libcustom_msgs__rosidl_typesupport_c.so
[0.564s] -- Up-to-date: /home/niweiss/CPE-Capstone-2024-2025/ws_sensor_combined/install/custom_msgs/include/custom_msgs/custom_msgs
[0.565s] -- Up-to-date: /home/niweiss/CPE-Capstone-2024-2025/ws_sensor_combined/install/custom_msgs/include/custom_msgs/custom_msgs/msg
[0.565s] -- Up-to-date: /home/niweiss/CPE-Capstone-2024-2025/ws_sensor_combined/install/custom_msgs/include/custom_msgs/custom_msgs/msg/rosidl_generator_cpp__visibility_control.hpp
[0.565s] -- Up-to-date: /home/niweiss/CPE-Capstone-2024-2025/ws_sensor_combined/install/custom_msgs/include/custom_msgs/custom_msgs/msg/flight_command.hpp
[0.565s] -- Up-to-date: /home/niweiss/CPE-Capstone-2024-2025/ws_sensor_combined/install/custom_msgs/include/custom_msgs/custom_msgs/msg/detail
[0.565s] -- Up-to-date: /home/niweiss/CPE-Capstone-2024-2025/ws_sensor_combined/install/custom_msgs/include/custom_msgs/custom_msgs/msg/detail/flight_command__traits.hpp
[0.565s] -- Up-to-date: /home/niweiss/CPE-Capstone-2024-2025/ws_sensor_combined/install/custom_msgs/include/custom_msgs/custom_msgs/msg/detail/flight_command__struct.hpp
[0.565s] -- Up-to-date: /home/niweiss/CPE-Capstone-2024-2025/ws_sensor_combined/install/custom_msgs/include/custom_msgs/custom_msgs/msg/detail/flight_command__builder.hpp
[0.565s] -- Up-to-date: /home/niweiss/CPE-Capstone-2024-2025/ws_sensor_combined/install/custom_msgs/include/custom_msgs/custom_msgs/msg/detail/flight_command__type_support.hpp
[0.566s] -- Up-to-date: /home/niweiss/CPE-Capstone-2024-2025/ws_sensor_combined/install/custom_msgs/include/custom_msgs/custom_msgs
[0.566s] -- Up-to-date: /home/niweiss/CPE-Capstone-2024-2025/ws_sensor_combined/install/custom_msgs/include/custom_msgs/custom_msgs/msg
[0.566s] -- Up-to-date: /home/niweiss/CPE-Capstone-2024-2025/ws_sensor_combined/install/custom_msgs/include/custom_msgs/custom_msgs/msg/rosidl_typesupport_fastrtps_cpp__visibility_control.h
[0.566s] -- Up-to-date: /home/niweiss/CPE-Capstone-2024-2025/ws_sensor_combined/install/custom_msgs/include/custom_msgs/custom_msgs/msg/detail
[0.566s] -- Up-to-date: /home/niweiss/CPE-Capstone-2024-2025/ws_sensor_combined/install/custom_msgs/include/custom_msgs/custom_msgs/msg/detail/flight_command__rosidl_typesupport_fastrtps_cpp.hpp
[0.566s] -- Up-to-date: /home/niweiss/CPE-Capstone-2024-2025/ws_sensor_combined/install/custom_msgs/include/custom_msgs/custom_msgs/msg/detail/dds_fastrtps
[0.566s] -- Up-to-date: /home/niweiss/CPE-Capstone-2024-2025/ws_sensor_combined/install/custom_msgs/lib/libcustom_msgs__rosidl_typesupport_fastrtps_cpp.so
[0.566s] -- Up-to-date: /home/niweiss/CPE-Capstone-2024-2025/ws_sensor_combined/install/custom_msgs/include/custom_msgs/custom_msgs
[0.566s] -- Up-to-date: /home/niweiss/CPE-Capstone-2024-2025/ws_sensor_combined/install/custom_msgs/include/custom_msgs/custom_msgs/msg
[0.566s] -- Up-to-date: /home/niweiss/CPE-Capstone-2024-2025/ws_sensor_combined/install/custom_msgs/include/custom_msgs/custom_msgs/msg/detail
[0.566s] -- Up-to-date: /home/niweiss/CPE-Capstone-2024-2025/ws_sensor_combined/install/custom_msgs/include/custom_msgs/custom_msgs/msg/detail/flight_command__rosidl_typesupport_introspection_cpp.hpp
[0.566s] -- Up-to-date: /home/niweiss/CPE-Capstone-2024-2025/ws_sensor_combined/install/custom_msgs/include/custom_msgs/custom_msgs/msg/detail/flight_command__type_support.cpp
[0.566s] -- Up-to-date: /home/niweiss/CPE-Capstone-2024-2025/ws_sensor_combined/install/custom_msgs/lib/libcustom_msgs__rosidl_typesupport_introspection_cpp.so
[0.566s] -- Up-to-date: /home/niweiss/CPE-Capstone-2024-2025/ws_sensor_combined/install/custom_msgs/lib/libcustom_msgs__rosidl_typesupport_cpp.so
[0.566s] -- Up-to-date: /home/niweiss/CPE-Capstone-2024-2025/ws_sensor_combined/install/custom_msgs/share/custom_msgs/environment/pythonpath.sh
[0.566s] -- Up-to-date: /home/niweiss/CPE-Capstone-2024-2025/ws_sensor_combined/install/custom_msgs/share/custom_msgs/environment/pythonpath.dsv
[0.566s] -- Up-to-date: /home/niweiss/CPE-Capstone-2024-2025/ws_sensor_combined/install/custom_msgs/local/lib/python3.10/dist-packages/custom_msgs-0.0.0-py3.10.egg-info
[0.566s] -- Installing: /home/niweiss/CPE-Capstone-2024-2025/ws_sensor_combined/install/custom_msgs/local/lib/python3.10/dist-packages/custom_msgs-0.0.0-py3.10.egg-info/top_level.txt
[0.566s] -- Installing: /home/niweiss/CPE-Capstone-2024-2025/ws_sensor_combined/install/custom_msgs/local/lib/python3.10/dist-packages/custom_msgs-0.0.0-py3.10.egg-info/PKG-INFO
[0.566s] -- Installing: /home/niweiss/CPE-Capstone-2024-2025/ws_sensor_combined/install/custom_msgs/local/lib/python3.10/dist-packages/custom_msgs-0.0.0-py3.10.egg-info/dependency_links.txt
[0.566s] -- Installing: /home/niweiss/CPE-Capstone-2024-2025/ws_sensor_combined/install/custom_msgs/local/lib/python3.10/dist-packages/custom_msgs-0.0.0-py3.10.egg-info/SOURCES.txt
[0.566s] -- Up-to-date: /home/niweiss/CPE-Capstone-2024-2025/ws_sensor_combined/install/custom_msgs/local/lib/python3.10/dist-packages/custom_msgs
[0.566s] -- Up-to-date: /home/niweiss/CPE-Capstone-2024-2025/ws_sensor_combined/install/custom_msgs/local/lib/python3.10/dist-packages/custom_msgs/custom_msgs_s__rosidl_typesupport_fastrtps_c.cpython-310-x86_64-linux-gnu.so
[0.566s] -- Up-to-date: /home/niweiss/CPE-Capstone-2024-2025/ws_sensor_combined/install/custom_msgs/local/lib/python3.10/dist-packages/custom_msgs/msg
[0.566s] -- Up-to-date: /home/niweiss/CPE-Capstone-2024-2025/ws_sensor_combined/install/custom_msgs/local/lib/python3.10/dist-packages/custom_msgs/msg/_flight_command.py
[0.567s] -- Up-to-date: /home/niweiss/CPE-Capstone-2024-2025/ws_sensor_combined/install/custom_msgs/local/lib/python3.10/dist-packages/custom_msgs/msg/__init__.py
[0.567s] -- Up-to-date: /home/niweiss/CPE-Capstone-2024-2025/ws_sensor_combined/install/custom_msgs/local/lib/python3.10/dist-packages/custom_msgs/msg/_flight_command_s.c
[0.567s] -- Up-to-date: /home/niweiss/CPE-Capstone-2024-2025/ws_sensor_combined/install/custom_msgs/local/lib/python3.10/dist-packages/custom_msgs/_custom_msgs_s.ep.rosidl_typesupport_introspection_c.c
[0.567s] -- Up-to-date: /home/niweiss/CPE-Capstone-2024-2025/ws_sensor_combined/install/custom_msgs/local/lib/python3.10/dist-packages/custom_msgs/custom_msgs_s__rosidl_typesupport_introspection_c.cpython-310-x86_64-linux-gnu.so
[0.567s] -- Up-to-date: /home/niweiss/CPE-Capstone-2024-2025/ws_sensor_combined/install/custom_msgs/local/lib/python3.10/dist-packages/custom_msgs/__init__.py
[0.567s] -- Up-to-date: /home/niweiss/CPE-Capstone-2024-2025/ws_sensor_combined/install/custom_msgs/local/lib/python3.10/dist-packages/custom_msgs/_custom_msgs_s.ep.rosidl_typesupport_c.c
[0.567s] -- Up-to-date: /home/niweiss/CPE-Capstone-2024-2025/ws_sensor_combined/install/custom_msgs/local/lib/python3.10/dist-packages/custom_msgs/custom_msgs_s__rosidl_typesupport_c.cpython-310-x86_64-linux-gnu.so
[0.567s] -- Up-to-date: /home/niweiss/CPE-Capstone-2024-2025/ws_sensor_combined/install/custom_msgs/local/lib/python3.10/dist-packages/custom_msgs/_custom_msgs_s.ep.rosidl_typesupport_fastrtps_c.c
[0.567s] -- Up-to-date: /home/niweiss/CPE-Capstone-2024-2025/ws_sensor_combined/install/custom_msgs/local/lib/python3.10/dist-packages/custom_msgs/libcustom_msgs__rosidl_generator_py.so
[0.606s] Listing '/home/niweiss/CPE-Capstone-2024-2025/ws_sensor_combined/install/custom_msgs/local/lib/python3.10/dist-packages/custom_msgs'...
[0.606s] Listing '/home/niweiss/CPE-Capstone-2024-2025/ws_sensor_combined/install/custom_msgs/local/lib/python3.10/dist-packages/custom_msgs/msg'...
[0.610s] -- Up-to-date: /home/niweiss/CPE-Capstone-2024-2025/ws_sensor_combined/install/custom_msgs/local/lib/python3.10/dist-packages/custom_msgs/custom_msgs_s__rosidl_typesupport_fastrtps_c.cpython-310-x86_64-linux-gnu.so
[0.611s] -- Up-to-date: /home/niweiss/CPE-Capstone-2024-2025/ws_sensor_combined/install/custom_msgs/local/lib/python3.10/dist-packages/custom_msgs/custom_msgs_s__rosidl_typesupport_introspection_c.cpython-310-x86_64-linux-gnu.so
[0.611s] -- Up-to-date: /home/niweiss/CPE-Capstone-2024-2025/ws_sensor_combined/install/custom_msgs/local/lib/python3.10/dist-packages/custom_msgs/custom_msgs_s__rosidl_typesupport_c.cpython-310-x86_64-linux-gnu.so
[0.612s] -- Up-to-date: /home/niweiss/CPE-Capstone-2024-2025/ws_sensor_combined/install/custom_msgs/lib/libcustom_msgs__rosidl_generator_py.so
[0.612s] -- Up-to-date: /home/niweiss/CPE-Capstone-2024-2025/ws_sensor_combined/install/custom_msgs/share/custom_msgs/msg/FlightCommand.idl
[0.612s] -- Up-to-date: /home/niweiss/CPE-Capstone-2024-2025/ws_sensor_combined/install/custom_msgs/share/custom_msgs/msg/FlightCommand.msg
[0.612s] -- Up-to-date: /home/niweiss/CPE-Capstone-2024-2025/ws_sensor_combined/install/custom_msgs/share/ament_index/resource_index/package_run_dependencies/custom_msgs
[0.612s] -- Up-to-date: /home/niweiss/CPE-Capstone-2024-2025/ws_sensor_combined/install/custom_msgs/share/ament_index/resource_index/parent_prefix_path/custom_msgs
[0.612s] -- Up-to-date: /home/niweiss/CPE-Capstone-2024-2025/ws_sensor_combined/install/custom_msgs/share/custom_msgs/environment/ament_prefix_path.sh
[0.613s] -- Up-to-date: /home/niweiss/CPE-Capstone-2024-2025/ws_sensor_combined/install/custom_msgs/share/custom_msgs/environment/ament_prefix_path.dsv
[0.613s] -- Up-to-date: /home/niweiss/CPE-Capstone-2024-2025/ws_sensor_combined/install/custom_msgs/share/custom_msgs/environment/path.sh
[0.613s] -- Up-to-date: /home/niweiss/CPE-Capstone-2024-2025/ws_sensor_combined/install/custom_msgs/share/custom_msgs/environment/path.dsv
[0.613s] -- Up-to-date: /home/niweiss/CPE-Capstone-2024-2025/ws_sensor_combined/install/custom_msgs/share/custom_msgs/local_setup.bash
[0.613s] -- Up-to-date: /home/niweiss/CPE-Capstone-2024-2025/ws_sensor_combined/install/custom_msgs/share/custom_msgs/local_setup.sh
[0.613s] -- Up-to-date: /home/niweiss/CPE-Capstone-2024-2025/ws_sensor_combined/install/custom_msgs/share/custom_msgs/local_setup.zsh
[0.613s] -- Up-to-date: /home/niweiss/CPE-Capstone-2024-2025/ws_sensor_combined/install/custom_msgs/share/custom_msgs/local_setup.dsv
[0.613s] -- Installing: /home/niweiss/CPE-Capstone-2024-2025/ws_sensor_combined/install/custom_msgs/share/custom_msgs/package.dsv
[0.613s] -- Up-to-date: /home/niweiss/CPE-Capstone-2024-2025/ws_sensor_combined/install/custom_msgs/share/ament_index/resource_index/packages/custom_msgs
[0.614s] -- Up-to-date: /home/niweiss/CPE-Capstone-2024-2025/ws_sensor_combined/install/custom_msgs/share/custom_msgs/cmake/export_custom_msgs__rosidl_generator_cExport.cmake
[0.614s] -- Up-to-date: /home/niweiss/CPE-Capstone-2024-2025/ws_sensor_combined/install/custom_msgs/share/custom_msgs/cmake/export_custom_msgs__rosidl_generator_cExport-noconfig.cmake
[0.614s] -- Up-to-date: /home/niweiss/CPE-Capstone-2024-2025/ws_sensor_combined/install/custom_msgs/share/custom_msgs/cmake/export_custom_msgs__rosidl_typesupport_fastrtps_cExport.cmake
[0.614s] -- Up-to-date: /home/niweiss/CPE-Capstone-2024-2025/ws_sensor_combined/install/custom_msgs/share/custom_msgs/cmake/export_custom_msgs__rosidl_typesupport_fastrtps_cExport-noconfig.cmake
[0.614s] -- Up-to-date: /home/niweiss/CPE-Capstone-2024-2025/ws_sensor_combined/install/custom_msgs/share/custom_msgs/cmake/custom_msgs__rosidl_typesupport_introspection_cExport.cmake
[0.614s] -- Up-to-date: /home/niweiss/CPE-Capstone-2024-2025/ws_sensor_combined/install/custom_msgs/share/custom_msgs/cmake/custom_msgs__rosidl_typesupport_introspection_cExport-noconfig.cmake
[0.614s] -- Up-to-date: /home/niweiss/CPE-Capstone-2024-2025/ws_sensor_combined/install/custom_msgs/share/custom_msgs/cmake/custom_msgs__rosidl_typesupport_cExport.cmake
[0.614s] -- Up-to-date: /home/niweiss/CPE-Capstone-2024-2025/ws_sensor_combined/install/custom_msgs/share/custom_msgs/cmake/custom_msgs__rosidl_typesupport_cExport-noconfig.cmake
[0.614s] -- Up-to-date: /home/niweiss/CPE-Capstone-2024-2025/ws_sensor_combined/install/custom_msgs/share/custom_msgs/cmake/export_custom_msgs__rosidl_generator_cppExport.cmake
[0.614s] -- Up-to-date: /home/niweiss/CPE-Capstone-2024-2025/ws_sensor_combined/install/custom_msgs/share/custom_msgs/cmake/export_custom_msgs__rosidl_typesupport_fastrtps_cppExport.cmake
[0.614s] -- Up-to-date: /home/niweiss/CPE-Capstone-2024-2025/ws_sensor_combined/install/custom_msgs/share/custom_msgs/cmake/export_custom_msgs__rosidl_typesupport_fastrtps_cppExport-noconfig.cmake
[0.614s] -- Up-to-date: /home/niweiss/CPE-Capstone-2024-2025/ws_sensor_combined/install/custom_msgs/share/custom_msgs/cmake/custom_msgs__rosidl_typesupport_introspection_cppExport.cmake
[0.614s] -- Up-to-date: /home/niweiss/CPE-Capstone-2024-2025/ws_sensor_combined/install/custom_msgs/share/custom_msgs/cmake/custom_msgs__rosidl_typesupport_introspection_cppExport-noconfig.cmake
[0.615s] -- Up-to-date: /home/niweiss/CPE-Capstone-2024-2025/ws_sensor_combined/install/custom_msgs/share/custom_msgs/cmake/custom_msgs__rosidl_typesupport_cppExport.cmake
[0.615s] -- Up-to-date: /home/niweiss/CPE-Capstone-2024-2025/ws_sensor_combined/install/custom_msgs/share/custom_msgs/cmake/custom_msgs__rosidl_typesupport_cppExport-noconfig.cmake
[0.616s] -- Up-to-date: /home/niweiss/CPE-Capstone-2024-2025/ws_sensor_combined/install/custom_msgs/share/custom_msgs/cmake/export_custom_msgs__rosidl_generator_pyExport.cmake
[0.617s] -- Up-to-date: /home/niweiss/CPE-Capstone-2024-2025/ws_sensor_combined/install/custom_msgs/share/custom_msgs/cmake/export_custom_msgs__rosidl_generator_pyExport-noconfig.cmake
[0.617s] -- Up-to-date: /home/niweiss/CPE-Capstone-2024-2025/ws_sensor_combined/install/custom_msgs/share/custom_msgs/cmake/rosidl_cmake-extras.cmake
[0.617s] -- Up-to-date: /home/niweiss/CPE-Capstone-2024-2025/ws_sensor_combined/install/custom_msgs/share/custom_msgs/cmake/ament_cmake_export_include_directories-extras.cmake
[0.617s] -- Up-to-date: /home/niweiss/CPE-Capstone-2024-2025/ws_sensor_combined/install/custom_msgs/share/custom_msgs/cmake/ament_cmake_export_libraries-extras.cmake
[0.619s] -- Up-to-date: /home/niweiss/CPE-Capstone-2024-2025/ws_sensor_combined/install/custom_msgs/share/custom_msgs/cmake/ament_cmake_export_targets-extras.cmake
[0.619s] -- Up-to-date: /home/niweiss/CPE-Capstone-2024-2025/ws_sensor_combined/install/custom_msgs/share/custom_msgs/cmake/rosidl_cmake_export_typesupport_targets-extras.cmake
[0.619s] -- Up-to-date: /home/niweiss/CPE-Capstone-2024-2025/ws_sensor_combined/install/custom_msgs/share/custom_msgs/cmake/ament_cmake_export_dependencies-extras.cmake
[0.619s] -- Up-to-date: /home/niweiss/CPE-Capstone-2024-2025/ws_sensor_combined/install/custom_msgs/share/custom_msgs/cmake/rosidl_cmake_export_typesupport_libraries-extras.cmake
[0.619s] -- Up-to-date: /home/niweiss/CPE-Capstone-2024-2025/ws_sensor_combined/install/custom_msgs/share/custom_msgs/cmake/custom_msgsConfig.cmake
[0.620s] -- Up-to-date: /home/niweiss/CPE-Capstone-2024-2025/ws_sensor_combined/install/custom_msgs/share/custom_msgs/cmake/custom_msgsConfig-version.cmake
[0.620s] -- Up-to-date: /home/niweiss/CPE-Capstone-2024-2025/ws_sensor_combined/install/custom_msgs/share/custom_msgs/package.xml
[0.620s] Invoked command in '/home/niweiss/CPE-Capstone-2024-2025/ws_sensor_combined/build/custom_msgs' returned '0': CMAKE_PREFIX_PATH=${CMAKE_PREFIX_PATH}:/home/niweiss/ws_sensor_combined/install/px4_ros_com:/opt/ros/humble /usr/bin/cmake --install /home/niweiss/CPE-Capstone-2024-2025/ws_sensor_combined/build/custom_msgs
