[35m[1mConsolidate compiler generated dependencies of target offboard_launch[0m
[ 11%] Built target vehicle_gps_position_listener
[ 22%] Built target offboard_control_srv
[ 33%] Built target sensor_combined_listener
[ 44%] Built target debug_vect_advertiser
[ 55%] Built target offboard_control
[ 66%] Built target offboard_paths
[ 77%] Built target frame_transforms
[ 77%] Built target ament_cmake_python_copy_px4_ros_com
[ 83%] [32mBuilding CXX object CMakeFiles/offboard_launch.dir/src/examples/offboard/offboard_launch.cpp.o[0m
[ 94%] Built target flight_state_pub
running egg_info
writing px4_ros_com.egg-info/PKG-INFO
writing dependency_links to px4_ros_com.egg-info/dependency_links.txt
writing top-level names to px4_ros_com.egg-info/top_level.txt
reading manifest file 'px4_ros_com.egg-info/SOURCES.txt'
writing manifest file 'px4_ros_com.egg-info/SOURCES.txt'
[ 94%] Built target ament_cmake_python_build_px4_ros_com_egg
In file included from [01m[K/opt/ros/humble/include/rclcpp/rclcpp/logging.hpp:24[m[K,
                 from [01m[K/opt/ros/humble/include/rclcpp/rclcpp/client.hpp:40[m[K,
                 from [01m[K/opt/ros/humble/include/rclcpp/rclcpp/callback_group.hpp:24[m[K,
                 from [01m[K/opt/ros/humble/include/rclcpp/rclcpp/any_executable.hpp:20[m[K,
                 from [01m[K/opt/ros/humble/include/rclcpp/rclcpp/memory_strategy.hpp:25[m[K,
                 from [01m[K/opt/ros/humble/include/rclcpp/rclcpp/memory_strategies.hpp:18[m[K,
                 from [01m[K/opt/ros/humble/include/rclcpp/rclcpp/executor_options.hpp:20[m[K,
                 from [01m[K/opt/ros/humble/include/rclcpp/rclcpp/executor.hpp:37[m[K,
                 from [01m[K/opt/ros/humble/include/rclcpp/rclcpp/executors/multi_threaded_executor.hpp:25[m[K,
                 from [01m[K/opt/ros/humble/include/rclcpp/rclcpp/executors.hpp:21[m[K,
                 from [01m[K/opt/ros/humble/include/rclcpp/rclcpp/rclcpp.hpp:155[m[K,
                 from [01m[K/home/niweiss/ws_sensor_combined/src/px4_ros_com/src/examples/offboard/offboard_launch.cpp:45[m[K:
[01m[K/home/niweiss/ws_sensor_combined/src/px4_ros_com/src/examples/offboard/offboard_launch.cpp:[m[K In member function ‘[01m[Kvoid OffboardControl::stateCallback(std_msgs::msg::Int32_<std::allocator<void> >::SharedPtr)[m[K’:
[01m[K/home/niweiss/ws_sensor_combined/src/px4_ros_com/src/examples/offboard/offboard_launch.cpp:156:45:[m[K [01;35m[Kwarning: [m[Kformat ‘[01m[K%s[m[K’ expects argument of type ‘[01m[Kchar*[m[K’, but argument 5 has type ‘[01m[Kstd::string[m[K’ {aka ‘[01m[Kstd::__cxx11::basic_string<char>[m[K’} [[01;35m[K]8;;https://gcc.gnu.org/onlinedocs/gcc/Warning-Options.html#index-Wformat=-Wformat=]8;;[m[K]
  156 |             RCLCPP_INFO(this->get_logger(), [01;35m[K"Received new state: %s"[m[K, [32m[KflightStateToString(state_int)[m[K);
      |                                             [01;35m[K^~~~~~~~~~~~~~~~~~~~~~~~[m[K  [32m[K~~~~~~~~~~~~~~~~~~~~~~~~~~~~~~[m[K
      |                                                                                          [32m[K|[m[K
      |                                                                                          [32m[Kstd::string {aka std::__cxx11::basic_string<char>}[m[K
[01m[K/home/niweiss/ws_sensor_combined/src/px4_ros_com/src/examples/offboard/offboard_launch.cpp:156:67:[m[K [01;36m[Knote: [m[Kformat string is defined here
  156 |             RCLCPP_INFO(this->get_logger(), "Received new state: [01;36m[K%s[m[K", flightStateToString(state_int));
      |                                                                  [01;36m[K~^[m[K
      |                                                                   [01;36m[K|[m[K
      |                                                                   [01;36m[Kchar*[m[K
In file included from [01m[K/opt/ros/humble/include/rclcpp/rclcpp/logging.hpp:24[m[K,
                 from [01m[K/opt/ros/humble/include/rclcpp/rclcpp/client.hpp:40[m[K,
                 from [01m[K/opt/ros/humble/include/rclcpp/rclcpp/callback_group.hpp:24[m[K,
                 from [01m[K/opt/ros/humble/include/rclcpp/rclcpp/any_executable.hpp:20[m[K,
                 from [01m[K/opt/ros/humble/include/rclcpp/rclcpp/memory_strategy.hpp:25[m[K,
                 from [01m[K/opt/ros/humble/include/rclcpp/rclcpp/memory_strategies.hpp:18[m[K,
                 from [01m[K/opt/ros/humble/include/rclcpp/rclcpp/executor_options.hpp:20[m[K,
                 from [01m[K/opt/ros/humble/include/rclcpp/rclcpp/executor.hpp:37[m[K,
                 from [01m[K/opt/ros/humble/include/rclcpp/rclcpp/executors/multi_threaded_executor.hpp:25[m[K,
                 from [01m[K/opt/ros/humble/include/rclcpp/rclcpp/executors.hpp:21[m[K,
                 from [01m[K/opt/ros/humble/include/rclcpp/rclcpp/rclcpp.hpp:155[m[K,
                 from [01m[K/home/niweiss/ws_sensor_combined/src/px4_ros_com/src/examples/offboard/offboard_launch.cpp:45[m[K:
[01m[K/home/niweiss/ws_sensor_combined/src/px4_ros_com/src/examples/offboard/offboard_launch.cpp:158:45:[m[K [01;35m[Kwarning: [m[Kformat ‘[01m[K%s[m[K’ expects argument of type ‘[01m[Kchar*[m[K’, but argument 5 has type ‘[01m[Kstd::string[m[K’ {aka ‘[01m[Kstd::__cxx11::basic_string<char>[m[K’} [[01;35m[K]8;;https://gcc.gnu.org/onlinedocs/gcc/Warning-Options.html#index-Wformat=-Wformat=]8;;[m[K]
  158 |             RCLCPP_WARN(this->get_logger(), [01;35m[K"Invalid state received: %s"[m[K, [32m[KflightStateToString(state_int)[m[K);
      |                                             [01;35m[K^~~~~~~~~~~~~~~~~~~~~~~~~~~~[m[K  [32m[K~~~~~~~~~~~~~~~~~~~~~~~~~~~~~~[m[K
      |                                                                                              [32m[K|[m[K
      |                                                                                              [32m[Kstd::string {aka std::__cxx11::basic_string<char>}[m[K
[01m[K/home/niweiss/ws_sensor_combined/src/px4_ros_com/src/examples/offboard/offboard_launch.cpp:158:71:[m[K [01;36m[Knote: [m[Kformat string is defined here
  158 |             RCLCPP_WARN(this->get_logger(), "Invalid state received: [01;36m[K%s[m[K", flightStateToString(state_int));
      |                                                                      [01;36m[K~^[m[K
      |                                                                       [01;36m[K|[m[K
      |                                                                       [01;36m[Kchar*[m[K
[100%] [32m[1mLinking CXX executable offboard_launch[0m
[100%] Built target offboard_launch
-- Install configuration: ""
-- Up-to-date: /home/niweiss/ws_sensor_combined/install/px4_ros_com/lib/px4_ros_com/sensor_combined_listener
-- Up-to-date: /home/niweiss/ws_sensor_combined/install/px4_ros_com/lib/px4_ros_com/vehicle_gps_position_listener
-- Up-to-date: /home/niweiss/ws_sensor_combined/install/px4_ros_com/lib/px4_ros_com/debug_vect_advertiser
-- Up-to-date: /home/niweiss/ws_sensor_combined/install/px4_ros_com/lib/px4_ros_com/offboard_control
-- Up-to-date: /home/niweiss/ws_sensor_combined/install/px4_ros_com/lib/px4_ros_com/offboard_control_srv
-- Installing: /home/niweiss/ws_sensor_combined/install/px4_ros_com/lib/px4_ros_com/offboard_launch
-- Set runtime path of "/home/niweiss/ws_sensor_combined/install/px4_ros_com/lib/px4_ros_com/offboard_launch" to ""
-- Up-to-date: /home/niweiss/ws_sensor_combined/install/px4_ros_com/lib/px4_ros_com/flight_state_pub
-- Up-to-date: /home/niweiss/ws_sensor_combined/install/px4_ros_com/lib/px4_ros_com/offboard_paths
-- Up-to-date: /home/niweiss/ws_sensor_combined/install/px4_ros_com/share/px4_ros_com/environment/library_path.sh
-- Up-to-date: /home/niweiss/ws_sensor_combined/install/px4_ros_com/share/px4_ros_com/environment/library_path.dsv
-- Up-to-date: /home/niweiss/ws_sensor_combined/install/px4_ros_com/include/px4_ros_com
-- Up-to-date: /home/niweiss/ws_sensor_combined/install/px4_ros_com/include/px4_ros_com/frame_transforms.h
-- Up-to-date: /home/niweiss/ws_sensor_combined/install/px4_ros_com/lib/libframe_transforms.so
-- Up-to-date: /home/niweiss/ws_sensor_combined/install/px4_ros_com/share/px4_ros_com//launch
-- Up-to-date: /home/niweiss/ws_sensor_combined/install/px4_ros_com/share/px4_ros_com//launch/offboard_control_launch.yaml
-- Up-to-date: /home/niweiss/ws_sensor_combined/install/px4_ros_com/share/px4_ros_com//launch/vehicle_gps_position_listener.launch.py
-- Up-to-date: /home/niweiss/ws_sensor_combined/install/px4_ros_com/share/px4_ros_com//launch/sensor_combined_listener.launch.py
-- Up-to-date: /home/niweiss/ws_sensor_combined/install/px4_ros_com/share/px4_ros_com//test
-- Up-to-date: /home/niweiss/ws_sensor_combined/install/px4_ros_com/share/px4_ros_com//test/test_input.py
-- Up-to-date: /home/niweiss/ws_sensor_combined/install/px4_ros_com/share/px4_ros_com//test/test_output.py
-- Up-to-date: /home/niweiss/ws_sensor_combined/install/px4_ros_com/share/px4_ros_com//test/__init__.py
-- Up-to-date: /home/niweiss/ws_sensor_combined/install/px4_ros_com/share/px4_ros_com//test/pipeline_io_test.py
-- Up-to-date: /home/niweiss/ws_sensor_combined/install/px4_ros_com/share/px4_ros_com/environment/pythonpath.sh
-- Up-to-date: /home/niweiss/ws_sensor_combined/install/px4_ros_com/share/px4_ros_com/environment/pythonpath.dsv
-- Up-to-date: /home/niweiss/ws_sensor_combined/install/px4_ros_com/local/lib/python3.10/dist-packages/px4_ros_com-0.1.0-py3.10.egg-info
-- Installing: /home/niweiss/ws_sensor_combined/install/px4_ros_com/local/lib/python3.10/dist-packages/px4_ros_com-0.1.0-py3.10.egg-info/top_level.txt
-- Installing: /home/niweiss/ws_sensor_combined/install/px4_ros_com/local/lib/python3.10/dist-packages/px4_ros_com-0.1.0-py3.10.egg-info/PKG-INFO
-- Installing: /home/niweiss/ws_sensor_combined/install/px4_ros_com/local/lib/python3.10/dist-packages/px4_ros_com-0.1.0-py3.10.egg-info/dependency_links.txt
-- Installing: /home/niweiss/ws_sensor_combined/install/px4_ros_com/local/lib/python3.10/dist-packages/px4_ros_com-0.1.0-py3.10.egg-info/SOURCES.txt
-- Up-to-date: /home/niweiss/ws_sensor_combined/install/px4_ros_com/local/lib/python3.10/dist-packages/px4_ros_com
-- Up-to-date: /home/niweiss/ws_sensor_combined/install/px4_ros_com/local/lib/python3.10/dist-packages/px4_ros_com/module_to_import.py
-- Up-to-date: /home/niweiss/ws_sensor_combined/install/px4_ros_com/local/lib/python3.10/dist-packages/px4_ros_com/__init__.py
Listing '/home/niweiss/ws_sensor_combined/install/px4_ros_com/local/lib/python3.10/dist-packages/px4_ros_com'...
-- Up-to-date: /home/niweiss/ws_sensor_combined/install/px4_ros_com/lib/px4_ros_com/offboard_control.py
-- Up-to-date: /home/niweiss/ws_sensor_combined/install/px4_ros_com/share/ament_index/resource_index/package_run_dependencies/px4_ros_com
-- Up-to-date: /home/niweiss/ws_sensor_combined/install/px4_ros_com/share/ament_index/resource_index/parent_prefix_path/px4_ros_com
-- Up-to-date: /home/niweiss/ws_sensor_combined/install/px4_ros_com/share/px4_ros_com/environment/ament_prefix_path.sh
-- Up-to-date: /home/niweiss/ws_sensor_combined/install/px4_ros_com/share/px4_ros_com/environment/ament_prefix_path.dsv
-- Up-to-date: /home/niweiss/ws_sensor_combined/install/px4_ros_com/share/px4_ros_com/environment/path.sh
-- Up-to-date: /home/niweiss/ws_sensor_combined/install/px4_ros_com/share/px4_ros_com/environment/path.dsv
-- Up-to-date: /home/niweiss/ws_sensor_combined/install/px4_ros_com/share/px4_ros_com/local_setup.bash
-- Up-to-date: /home/niweiss/ws_sensor_combined/install/px4_ros_com/share/px4_ros_com/local_setup.sh
-- Up-to-date: /home/niweiss/ws_sensor_combined/install/px4_ros_com/share/px4_ros_com/local_setup.zsh
-- Up-to-date: /home/niweiss/ws_sensor_combined/install/px4_ros_com/share/px4_ros_com/local_setup.dsv
-- Installing: /home/niweiss/ws_sensor_combined/install/px4_ros_com/share/px4_ros_com/package.dsv
-- Up-to-date: /home/niweiss/ws_sensor_combined/install/px4_ros_com/share/ament_index/resource_index/packages/px4_ros_com
-- Up-to-date: /home/niweiss/ws_sensor_combined/install/px4_ros_com/share/px4_ros_com/cmake/export_frame_transformsExport.cmake
-- Up-to-date: /home/niweiss/ws_sensor_combined/install/px4_ros_com/share/px4_ros_com/cmake/export_frame_transformsExport-noconfig.cmake
-- Up-to-date: /home/niweiss/ws_sensor_combined/install/px4_ros_com/share/px4_ros_com/cmake/ament_cmake_export_dependencies-extras.cmake
-- Up-to-date: /home/niweiss/ws_sensor_combined/install/px4_ros_com/share/px4_ros_com/cmake/ament_cmake_export_targets-extras.cmake
-- Up-to-date: /home/niweiss/ws_sensor_combined/install/px4_ros_com/share/px4_ros_com/cmake/ament_cmake_export_include_directories-extras.cmake
-- Up-to-date: /home/niweiss/ws_sensor_combined/install/px4_ros_com/share/px4_ros_com/cmake/ament_cmake_export_libraries-extras.cmake
-- Up-to-date: /home/niweiss/ws_sensor_combined/install/px4_ros_com/share/px4_ros_com/cmake/px4_ros_comConfig.cmake
-- Up-to-date: /home/niweiss/ws_sensor_combined/install/px4_ros_com/share/px4_ros_com/cmake/px4_ros_comConfig-version.cmake
-- Up-to-date: /home/niweiss/ws_sensor_combined/install/px4_ros_com/share/px4_ros_com/package.xml
