[0.193s] Invoking command in '/home/niweiss/ws_sensor_combined/build/px4_ros_com': CMAKE_PREFIX_PATH=/home/niweiss/ws_sensor_combined/install/px4_msgs:/home/niweiss/ws_sensor_combined/install/custom_msgs:/home/niweiss/ws_sensor_combined/install/px4_ros_com:/home/niweiss/ws_sensor_combined/install/example_mode_with_executor_cpp:/home/niweiss/ws_sensor_combined/install/example_mode_rtl_replacement_cpp:/home/niweiss/ws_sensor_combined/install/example_mode_manual_cpp:/home/niweiss/ws_sensor_combined/install/example_mode_goto_global_cpp:/home/niweiss/ws_sensor_combined/install/example_mode_goto_cpp:/home/niweiss/ws_sensor_combined/install/example_mode_fw_attitude_cpp:/home/niweiss/ws_sensor_combined/install/example_local_navigation_cpp:/home/niweiss/ws_sensor_combined/install/example_global_navigation_cpp:/home/niweiss/ws_sensor_combined/install/px4_ros2_cpp:/opt/ros/humble LD_LIBRARY_PATH=/home/niweiss/ws_sensor_combined/install/px4_msgs/lib:/home/niweiss/ws_sensor_combined/install/custom_msgs/lib:/home/niweiss/ws_sensor_combined/install/px4_ros_com/lib:/home/niweiss/ws_sensor_combined/install/px4_ros2_cpp/lib:/opt/ros/humble/opt/rviz_ogre_vendor/lib:/opt/ros/humble/lib/x86_64-linux-gnu:/opt/ros/humble/lib /usr/bin/cmake --build /home/niweiss/ws_sensor_combined/build/px4_ros_com -- -j16 -l16
[0.257s] [35m[1mConsolidate compiler generated dependencies of target offboard_launch[0m
[0.259s] [ 11%] Built target debug_vect_advertiser
[0.266s] [ 22%] Built target vehicle_gps_position_listener
[0.267s] [ 33%] Built target offboard_control
[0.267s] [ 44%] Built target sensor_combined_listener
[0.267s] [ 55%] Built target offboard_control_srv
[0.267s] [ 66%] Built target offboard_paths
[0.267s] [ 77%] Built target frame_transforms
[0.271s] [ 88%] Built target flight_state_pub
[0.283s] [ 88%] Built target ament_cmake_python_copy_px4_ros_com
[0.288s] [ 94%] [32mBuilding CXX object CMakeFiles/offboard_launch.dir/src/examples/offboard/offboard_launch.cpp.o[0m
[0.530s] running egg_info
[0.551s] writing px4_ros_com.egg-info/PKG-INFO
[0.552s] writing dependency_links to px4_ros_com.egg-info/dependency_links.txt
[0.552s] writing top-level names to px4_ros_com.egg-info/top_level.txt
[0.607s] reading manifest file 'px4_ros_com.egg-info/SOURCES.txt'
[0.608s] writing manifest file 'px4_ros_com.egg-info/SOURCES.txt'
[0.655s] [ 94%] Built target ament_cmake_python_build_px4_ros_com_egg
[5.114s] [01m[K/home/niweiss/ws_sensor_combined/src/px4_ros_com/src/examples/offboard/offboard_launch.cpp:[m[K In member function ‘[01m[Kvoid OffboardControl::handleFigure8WaypointState(float, float, float, float)[m[K’:
[5.114s] [01m[K/home/niweiss/ws_sensor_combined/src/px4_ros_com/src/examples/offboard/offboard_launch.cpp:318:25:[m[K [01;31m[Kerror: [m[K‘[01m[Kfigure8_x[m[K’ was not declared in this scope; did you mean ‘[01m[Kfigure8_y[m[K’?
[5.114s]   318 |                         [01;31m[Kfigure8_x[m[K = waypoint_y + radius;
[5.114s]       |                         [01;31m[K^~~~~~~~~[m[K
[5.114s]       |                         [32m[Kfigure8_y[m[K
[5.114s] [01m[K/home/niweiss/ws_sensor_combined/src/px4_ros_com/src/examples/offboard/offboard_launch.cpp:320:25:[m[K [01;31m[Kerror: [m[Kexpected ‘[01m[K;[m[K’ before ‘[01m[Kcurrent_state_[m[K’
[5.115s]   320 |                         [01;31m[Kcurrent_state_[m[K = FlightState::FIGURE8_PATH;
[5.115s]       |                         [01;31m[K^~~~~~~~~~~~~~[m[K
[17.877s] gmake[2]: *** [CMakeFiles/offboard_launch.dir/build.make:76: CMakeFiles/offboard_launch.dir/src/examples/offboard/offboard_launch.cpp.o] Error 1
[17.878s] gmake[1]: *** [CMakeFiles/Makefile2:312: CMakeFiles/offboard_launch.dir/all] Error 2
[17.878s] gmake: *** [Makefile:146: all] Error 2
[17.883s] Invoked command in '/home/niweiss/ws_sensor_combined/build/px4_ros_com' returned '2': CMAKE_PREFIX_PATH=/home/niweiss/ws_sensor_combined/install/px4_msgs:/home/niweiss/ws_sensor_combined/install/custom_msgs:/home/niweiss/ws_sensor_combined/install/px4_ros_com:/home/niweiss/ws_sensor_combined/install/example_mode_with_executor_cpp:/home/niweiss/ws_sensor_combined/install/example_mode_rtl_replacement_cpp:/home/niweiss/ws_sensor_combined/install/example_mode_manual_cpp:/home/niweiss/ws_sensor_combined/install/example_mode_goto_global_cpp:/home/niweiss/ws_sensor_combined/install/example_mode_goto_cpp:/home/niweiss/ws_sensor_combined/install/example_mode_fw_attitude_cpp:/home/niweiss/ws_sensor_combined/install/example_local_navigation_cpp:/home/niweiss/ws_sensor_combined/install/example_global_navigation_cpp:/home/niweiss/ws_sensor_combined/install/px4_ros2_cpp:/opt/ros/humble LD_LIBRARY_PATH=/home/niweiss/ws_sensor_combined/install/px4_msgs/lib:/home/niweiss/ws_sensor_combined/install/custom_msgs/lib:/home/niweiss/ws_sensor_combined/install/px4_ros_com/lib:/home/niweiss/ws_sensor_combined/install/px4_ros2_cpp/lib:/opt/ros/humble/opt/rviz_ogre_vendor/lib:/opt/ros/humble/lib/x86_64-linux-gnu:/opt/ros/humble/lib /usr/bin/cmake --build /home/niweiss/ws_sensor_combined/build/px4_ros_com -- -j16 -l16
