[0.038s] Invoking command in '/home/niweiss/ws_sensor_combined/build/px4_ros_com': AMENT_PREFIX_PATH=/home/niweiss/ws_sensor_combined/install/px4_msgs:${AMENT_PREFIX_PATH} CMAKE_PREFIX_PATH=/home/niweiss/ws_sensor_combined/install/px4_msgs:/opt/ros/humble LD_LIBRARY_PATH=/home/niweiss/ws_sensor_combined/install/px4_msgs/lib:${LD_LIBRARY_PATH} PYTHONPATH=/home/niweiss/ws_sensor_combined/install/px4_msgs/local/lib/python3.10/dist-packages:${PYTHONPATH} /usr/bin/cmake --build /home/niweiss/ws_sensor_combined/build/px4_ros_com -- -j16 -l16
[0.074s] [35m[1mConsolidate compiler generated dependencies of target offboard_paths[0m
[0.099s] [  7%] [32mBuilding CXX object CMakeFiles/offboard_paths.dir/src/examples/offboard/offboard_paths.cpp.o[0m
[0.099s] [ 21%] Built target vehicle_gps_position_listener
[0.100s] [ 35%] Built target offboard_control
[0.100s] [ 35%] Built target ament_cmake_python_copy_px4_ros_com
[0.100s] [ 50%] Built target offboard_control_srv
[0.105s] [ 64%] Built target frame_transforms
[0.110s] [ 78%] Built target sensor_combined_listener
[0.118s] [ 92%] Built target debug_vect_advertiser
[0.336s] running egg_info
[0.352s] writing px4_ros_com.egg-info/PKG-INFO
[0.353s] writing dependency_links to px4_ros_com.egg-info/dependency_links.txt
[0.354s] writing top-level names to px4_ros_com.egg-info/top_level.txt
[0.405s] reading manifest file 'px4_ros_com.egg-info/SOURCES.txt'
[0.405s] writing manifest file 'px4_ros_com.egg-info/SOURCES.txt'
[0.448s] [ 92%] Built target ament_cmake_python_build_px4_ros_com_egg
[5.403s] [100%] [32m[1mLinking CXX executable offboard_paths[0m
[5.642s] [100%] Built target offboard_paths
[5.653s] Invoked command in '/home/niweiss/ws_sensor_combined/build/px4_ros_com' returned '0': AMENT_PREFIX_PATH=/home/niweiss/ws_sensor_combined/install/px4_msgs:${AMENT_PREFIX_PATH} CMAKE_PREFIX_PATH=/home/niweiss/ws_sensor_combined/install/px4_msgs:/opt/ros/humble LD_LIBRARY_PATH=/home/niweiss/ws_sensor_combined/install/px4_msgs/lib:${LD_LIBRARY_PATH} PYTHONPATH=/home/niweiss/ws_sensor_combined/install/px4_msgs/local/lib/python3.10/dist-packages:${PYTHONPATH} /usr/bin/cmake --build /home/niweiss/ws_sensor_combined/build/px4_ros_com -- -j16 -l16
[5.690s] Invoking command in '/home/niweiss/ws_sensor_combined/build/px4_ros_com': AMENT_PREFIX_PATH=/home/niweiss/ws_sensor_combined/install/px4_msgs:${AMENT_PREFIX_PATH} CMAKE_PREFIX_PATH=/home/niweiss/ws_sensor_combined/install/px4_msgs:/opt/ros/humble LD_LIBRARY_PATH=/home/niweiss/ws_sensor_combined/install/px4_msgs/lib:${LD_LIBRARY_PATH} PYTHONPATH=/home/niweiss/ws_sensor_combined/install/px4_msgs/local/lib/python3.10/dist-packages:${PYTHONPATH} /usr/bin/cmake --install /home/niweiss/ws_sensor_combined/build/px4_ros_com
[5.696s] -- Install configuration: ""
[5.697s] -- Up-to-date: /home/niweiss/ws_sensor_combined/install/px4_ros_com/lib/px4_ros_com/sensor_combined_listener
[5.697s] -- Up-to-date: /home/niweiss/ws_sensor_combined/install/px4_ros_com/lib/px4_ros_com/vehicle_gps_position_listener
[5.697s] -- Up-to-date: /home/niweiss/ws_sensor_combined/install/px4_ros_com/lib/px4_ros_com/debug_vect_advertiser
[5.697s] -- Up-to-date: /home/niweiss/ws_sensor_combined/install/px4_ros_com/lib/px4_ros_com/offboard_control
[5.697s] -- Up-to-date: /home/niweiss/ws_sensor_combined/install/px4_ros_com/lib/px4_ros_com/offboard_control_srv
[5.697s] -- Installing: /home/niweiss/ws_sensor_combined/install/px4_ros_com/lib/px4_ros_com/offboard_paths
[5.698s] -- Set runtime path of "/home/niweiss/ws_sensor_combined/install/px4_ros_com/lib/px4_ros_com/offboard_paths" to ""
[5.698s] -- Up-to-date: /home/niweiss/ws_sensor_combined/install/px4_ros_com/share/px4_ros_com/environment/library_path.sh
[5.699s] -- Installing: /home/niweiss/ws_sensor_combined/install/px4_ros_com/share/px4_ros_com/environment/library_path.dsv
[5.699s] -- Up-to-date: /home/niweiss/ws_sensor_combined/install/px4_ros_com/include/px4_ros_com
[5.699s] -- Up-to-date: /home/niweiss/ws_sensor_combined/install/px4_ros_com/include/px4_ros_com/frame_transforms.h
[5.700s] -- Up-to-date: /home/niweiss/ws_sensor_combined/install/px4_ros_com/lib/libframe_transforms.so
[5.700s] -- Up-to-date: /home/niweiss/ws_sensor_combined/install/px4_ros_com/share/px4_ros_com//launch
[5.700s] -- Installing: /home/niweiss/ws_sensor_combined/install/px4_ros_com/share/px4_ros_com//launch/offboard_control_launch.yaml
[5.700s] -- Up-to-date: /home/niweiss/ws_sensor_combined/install/px4_ros_com/share/px4_ros_com//launch/vehicle_gps_position_listener.launch.py
[5.700s] -- Up-to-date: /home/niweiss/ws_sensor_combined/install/px4_ros_com/share/px4_ros_com//launch/sensor_combined_listener.launch.py
[5.700s] -- Up-to-date: /home/niweiss/ws_sensor_combined/install/px4_ros_com/share/px4_ros_com//test
[5.700s] -- Up-to-date: /home/niweiss/ws_sensor_combined/install/px4_ros_com/share/px4_ros_com//test/test_input.py
[5.701s] -- Up-to-date: /home/niweiss/ws_sensor_combined/install/px4_ros_com/share/px4_ros_com//test/test_output.py
[5.701s] -- Up-to-date: /home/niweiss/ws_sensor_combined/install/px4_ros_com/share/px4_ros_com//test/__init__.py
[5.701s] -- Up-to-date: /home/niweiss/ws_sensor_combined/install/px4_ros_com/share/px4_ros_com//test/pipeline_io_test.py
[5.701s] -- Up-to-date: /home/niweiss/ws_sensor_combined/install/px4_ros_com/share/px4_ros_com/environment/pythonpath.sh
[5.701s] -- Installing: /home/niweiss/ws_sensor_combined/install/px4_ros_com/share/px4_ros_com/environment/pythonpath.dsv
[5.701s] -- Up-to-date: /home/niweiss/ws_sensor_combined/install/px4_ros_com/local/lib/python3.10/dist-packages/px4_ros_com-0.1.0-py3.10.egg-info
[5.701s] -- Installing: /home/niweiss/ws_sensor_combined/install/px4_ros_com/local/lib/python3.10/dist-packages/px4_ros_com-0.1.0-py3.10.egg-info/top_level.txt
[5.701s] -- Installing: /home/niweiss/ws_sensor_combined/install/px4_ros_com/local/lib/python3.10/dist-packages/px4_ros_com-0.1.0-py3.10.egg-info/PKG-INFO
[5.701s] -- Installing: /home/niweiss/ws_sensor_combined/install/px4_ros_com/local/lib/python3.10/dist-packages/px4_ros_com-0.1.0-py3.10.egg-info/dependency_links.txt
[5.701s] -- Installing: /home/niweiss/ws_sensor_combined/install/px4_ros_com/local/lib/python3.10/dist-packages/px4_ros_com-0.1.0-py3.10.egg-info/SOURCES.txt
[5.701s] -- Up-to-date: /home/niweiss/ws_sensor_combined/install/px4_ros_com/local/lib/python3.10/dist-packages/px4_ros_com
[5.701s] -- Up-to-date: /home/niweiss/ws_sensor_combined/install/px4_ros_com/local/lib/python3.10/dist-packages/px4_ros_com/module_to_import.py
[5.701s] -- Up-to-date: /home/niweiss/ws_sensor_combined/install/px4_ros_com/local/lib/python3.10/dist-packages/px4_ros_com/__init__.py
[5.739s] Listing '/home/niweiss/ws_sensor_combined/install/px4_ros_com/local/lib/python3.10/dist-packages/px4_ros_com'...
[5.743s] -- Installing: /home/niweiss/ws_sensor_combined/install/px4_ros_com/lib/px4_ros_com/offboard_control.py
[5.743s] -- Up-to-date: /home/niweiss/ws_sensor_combined/install/px4_ros_com/share/ament_index/resource_index/package_run_dependencies/px4_ros_com
[5.743s] -- Up-to-date: /home/niweiss/ws_sensor_combined/install/px4_ros_com/share/ament_index/resource_index/parent_prefix_path/px4_ros_com
[5.743s] -- Up-to-date: /home/niweiss/ws_sensor_combined/install/px4_ros_com/share/px4_ros_com/environment/ament_prefix_path.sh
[5.744s] -- Installing: /home/niweiss/ws_sensor_combined/install/px4_ros_com/share/px4_ros_com/environment/ament_prefix_path.dsv
[5.744s] -- Up-to-date: /home/niweiss/ws_sensor_combined/install/px4_ros_com/share/px4_ros_com/environment/path.sh
[5.744s] -- Installing: /home/niweiss/ws_sensor_combined/install/px4_ros_com/share/px4_ros_com/environment/path.dsv
[5.744s] -- Up-to-date: /home/niweiss/ws_sensor_combined/install/px4_ros_com/share/px4_ros_com/local_setup.bash
[5.745s] -- Up-to-date: /home/niweiss/ws_sensor_combined/install/px4_ros_com/share/px4_ros_com/local_setup.sh
[5.745s] -- Up-to-date: /home/niweiss/ws_sensor_combined/install/px4_ros_com/share/px4_ros_com/local_setup.zsh
[5.745s] -- Installing: /home/niweiss/ws_sensor_combined/install/px4_ros_com/share/px4_ros_com/local_setup.dsv
[5.745s] -- Installing: /home/niweiss/ws_sensor_combined/install/px4_ros_com/share/px4_ros_com/package.dsv
[5.745s] -- Up-to-date: /home/niweiss/ws_sensor_combined/install/px4_ros_com/share/ament_index/resource_index/packages/px4_ros_com
[5.745s] -- Up-to-date: /home/niweiss/ws_sensor_combined/install/px4_ros_com/share/px4_ros_com/cmake/export_frame_transformsExport.cmake
[5.745s] -- Up-to-date: /home/niweiss/ws_sensor_combined/install/px4_ros_com/share/px4_ros_com/cmake/export_frame_transformsExport-noconfig.cmake
[5.745s] -- Up-to-date: /home/niweiss/ws_sensor_combined/install/px4_ros_com/share/px4_ros_com/cmake/ament_cmake_export_dependencies-extras.cmake
[5.745s] -- Up-to-date: /home/niweiss/ws_sensor_combined/install/px4_ros_com/share/px4_ros_com/cmake/ament_cmake_export_targets-extras.cmake
[5.745s] -- Up-to-date: /home/niweiss/ws_sensor_combined/install/px4_ros_com/share/px4_ros_com/cmake/ament_cmake_export_include_directories-extras.cmake
[5.745s] -- Up-to-date: /home/niweiss/ws_sensor_combined/install/px4_ros_com/share/px4_ros_com/cmake/ament_cmake_export_libraries-extras.cmake
[5.745s] -- Up-to-date: /home/niweiss/ws_sensor_combined/install/px4_ros_com/share/px4_ros_com/cmake/px4_ros_comConfig.cmake
[5.745s] -- Up-to-date: /home/niweiss/ws_sensor_combined/install/px4_ros_com/share/px4_ros_com/cmake/px4_ros_comConfig-version.cmake
[5.745s] -- Up-to-date: /home/niweiss/ws_sensor_combined/install/px4_ros_com/share/px4_ros_com/package.xml
[5.747s] Invoked command in '/home/niweiss/ws_sensor_combined/build/px4_ros_com' returned '0': AMENT_PREFIX_PATH=/home/niweiss/ws_sensor_combined/install/px4_msgs:${AMENT_PREFIX_PATH} CMAKE_PREFIX_PATH=/home/niweiss/ws_sensor_combined/install/px4_msgs:/opt/ros/humble LD_LIBRARY_PATH=/home/niweiss/ws_sensor_combined/install/px4_msgs/lib:${LD_LIBRARY_PATH} PYTHONPATH=/home/niweiss/ws_sensor_combined/install/px4_msgs/local/lib/python3.10/dist-packages:${PYTHONPATH} /usr/bin/cmake --install /home/niweiss/ws_sensor_combined/build/px4_ros_com
