[0.055s] Invoking command in '/home/niweiss/ws_sensor_combined/build/px4_ros_com': AMENT_PREFIX_PATH=/home/niweiss/ws_sensor_combined/install/px4_msgs:${AMENT_PREFIX_PATH} CMAKE_PREFIX_PATH=/home/niweiss/ws_sensor_combined/install/px4_msgs:/opt/ros/humble LD_LIBRARY_PATH=/home/niweiss/ws_sensor_combined/install/px4_msgs/lib:${LD_LIBRARY_PATH} PYTHONPATH=/home/niweiss/ws_sensor_combined/install/px4_msgs/local/lib/python3.10/dist-packages:${PYTHONPATH} /usr/bin/cmake /home/niweiss/ws_sensor_combined/src/px4_ros_com -DCMAKE_INSTALL_PREFIX=/home/niweiss/ws_sensor_combined/install/px4_ros_com
[0.127s] -- The C compiler identification is GNU 11.4.0
[0.350s] -- The CXX compiler identification is GNU 11.4.0
[0.511s] -- Detecting C compiler ABI info
[0.592s] -- Detecting C compiler ABI info - done
[0.598s] -- Check for working C compiler: /usr/bin/cc - skipped
[0.598s] -- Detecting C compile features
[0.599s] -- Detecting C compile features - done
[0.601s] -- Detecting CXX compiler ABI info
[0.687s] -- Detecting CXX compiler ABI info - done
[0.694s] -- Check for working CXX compiler: /usr/bin/c++ - skipped
[0.695s] -- Detecting CXX compile features
[0.695s] -- Detecting CXX compile features - done
[0.697s] -- Found ament_cmake: 1.3.11 (/opt/ros/humble/share/ament_cmake/cmake)
[1.101s] -- Found Python3: /usr/bin/python3 (found version "3.10.12") found components: Interpreter 
[1.179s] -- Found builtin_interfaces: 1.2.1 (/opt/ros/humble/share/builtin_interfaces/cmake)
[1.271s] -- Found rosidl_generator_c: 3.1.6 (/opt/ros/humble/share/rosidl_generator_c/cmake)
[1.275s] -- Found rosidl_adapter: 3.1.6 (/opt/ros/humble/share/rosidl_adapter/cmake)
[1.280s] -- Found rosidl_generator_cpp: 3.1.6 (/opt/ros/humble/share/rosidl_generator_cpp/cmake)
[1.289s] -- Using all available rosidl_typesupport_c: rosidl_typesupport_fastrtps_c;rosidl_typesupport_introspection_c
[1.301s] -- Using all available rosidl_typesupport_cpp: rosidl_typesupport_fastrtps_cpp;rosidl_typesupport_introspection_cpp
[1.324s] -- Found eigen3_cmake_module: 0.1.1 (/opt/ros/humble/share/eigen3_cmake_module/cmake)
[1.337s] -- Found Eigen3: TRUE (found version "3.4.0") 
[1.340s] -- Found geometry_msgs: 4.2.4 (/opt/ros/humble/share/geometry_msgs/cmake)
[1.384s] -- Found px4_msgs: 2.0.1 (/home/niweiss/ws_sensor_combined/install/px4_msgs/share/px4_msgs/cmake)
[1.397s] -- Found rclcpp: 16.0.11 (/opt/ros/humble/share/rclcpp/cmake)
[1.430s] -- Found rmw_implementation_cmake: 6.1.2 (/opt/ros/humble/share/rmw_implementation_cmake/cmake)
[1.432s] -- Found rmw_fastrtps_cpp: 6.2.7 (/opt/ros/humble/share/rmw_fastrtps_cpp/cmake)
[1.810s] -- Found OpenSSL: /usr/lib/x86_64-linux-gnu/libcrypto.so (found version "3.0.2")  
[2.175s] -- Found FastRTPS: /opt/ros/humble/include  
[2.831s] -- Using RMW implementation 'rmw_fastrtps_cpp' as default
[2.853s] -- Looking for pthread.h
[2.950s] -- Looking for pthread.h - found
[2.950s] -- Performing Test CMAKE_HAVE_LIBC_PTHREAD
[3.035s] -- Performing Test CMAKE_HAVE_LIBC_PTHREAD - Success
[3.036s] -- Found Threads: TRUE  
[3.110s] -- Found sensor_msgs: 4.2.4 (/opt/ros/humble/share/sensor_msgs/cmake)
[3.139s] -- Found rclpy: 3.3.15 (/opt/ros/humble/share/rclpy/cmake)
[4.553s] [31mCMake Error at CMakeLists.txt:29 (find_package):
[4.553s]   By not providing "Findcustom_msgs.cmake" in CMAKE_MODULE_PATH this project
[4.553s]   has asked CMake to find a package configuration file provided by
[4.553s]   "custom_msgs", but CMake did not find one.
[4.554s] 
[4.554s]   Could not find a package configuration file provided by "custom_msgs" with
[4.554s]   any of the following names:
[4.554s] 
[4.554s]     custom_msgsConfig.cmake
[4.554s]     custom_msgs-config.cmake
[4.554s] 
[4.554s]   Add the installation prefix of "custom_msgs" to CMAKE_PREFIX_PATH or set
[4.554s]   "custom_msgs_DIR" to a directory containing one of the above files.  If
[4.554s]   "custom_msgs" provides a separate development package or SDK, be sure it
[4.554s]   has been installed.
[4.554s] 
[4.554s] [0m
[4.559s] -- Configuring incomplete, errors occurred!
[4.560s] See also "/home/niweiss/ws_sensor_combined/build/px4_ros_com/CMakeFiles/CMakeOutput.log".
[4.615s] Invoked command in '/home/niweiss/ws_sensor_combined/build/px4_ros_com' returned '1': AMENT_PREFIX_PATH=/home/niweiss/ws_sensor_combined/install/px4_msgs:${AMENT_PREFIX_PATH} CMAKE_PREFIX_PATH=/home/niweiss/ws_sensor_combined/install/px4_msgs:/opt/ros/humble LD_LIBRARY_PATH=/home/niweiss/ws_sensor_combined/install/px4_msgs/lib:${LD_LIBRARY_PATH} PYTHONPATH=/home/niweiss/ws_sensor_combined/install/px4_msgs/local/lib/python3.10/dist-packages:${PYTHONPATH} /usr/bin/cmake /home/niweiss/ws_sensor_combined/src/px4_ros_com -DCMAKE_INSTALL_PREFIX=/home/niweiss/ws_sensor_combined/install/px4_ros_com
