[0.057s] Invoking command in '/home/niweiss/ws_sensor_combined/build/px4_ros2_cpp': AMENT_PREFIX_PATH=/home/niweiss/ws_sensor_combined/install/px4_msgs:${AMENT_PREFIX_PATH} CMAKE_PREFIX_PATH=/home/niweiss/ws_sensor_combined/install/px4_msgs:/opt/ros/humble LD_LIBRARY_PATH=/home/niweiss/ws_sensor_combined/install/px4_msgs/lib:${LD_LIBRARY_PATH} PYTHONPATH=/home/niweiss/ws_sensor_combined/install/px4_msgs/local/lib/python3.10/dist-packages:${PYTHONPATH} /usr/bin/cmake /home/niweiss/ws_sensor_combined/src/px4-ros2-interface-lib/px4_ros2_cpp -DCMAKE_INSTALL_PREFIX=/home/niweiss/ws_sensor_combined/install/px4_ros2_cpp
[0.132s] -- The C compiler identification is GNU 11.4.0
[0.348s] -- The CXX compiler identification is GNU 11.4.0
[0.508s] -- Detecting C compiler ABI info
[0.595s] -- Detecting C compiler ABI info - done
[0.601s] -- Check for working C compiler: /usr/bin/cc - skipped
[0.601s] -- Detecting C compile features
[0.601s] -- Detecting C compile features - done
[0.604s] -- Detecting CXX compiler ABI info
[0.690s] -- Detecting CXX compiler ABI info - done
[0.698s] -- Check for working CXX compiler: /usr/bin/c++ - skipped
[0.698s] -- Detecting CXX compile features
[0.699s] -- Detecting CXX compile features - done
[0.700s] -- Found ament_cmake: 1.3.11 (/opt/ros/humble/share/ament_cmake/cmake)
[1.099s] -- Found Python3: /usr/bin/python3 (found version "3.10.12") found components: Interpreter 
[1.184s] -- Found ament_index_cpp: 1.4.0 (/opt/ros/humble/share/ament_index_cpp/cmake)
[1.188s] -- Found rclcpp: 16.0.11 (/opt/ros/humble/share/rclcpp/cmake)
[1.283s] -- Found rosidl_generator_c: 3.1.6 (/opt/ros/humble/share/rosidl_generator_c/cmake)
[1.287s] -- Found rosidl_adapter: 3.1.6 (/opt/ros/humble/share/rosidl_adapter/cmake)
[1.293s] -- Found rosidl_generator_cpp: 3.1.6 (/opt/ros/humble/share/rosidl_generator_cpp/cmake)
[1.301s] -- Using all available rosidl_typesupport_c: rosidl_typesupport_fastrtps_c;rosidl_typesupport_introspection_c
[1.312s] -- Using all available rosidl_typesupport_cpp: rosidl_typesupport_fastrtps_cpp;rosidl_typesupport_introspection_cpp
[1.382s] -- Found rmw_implementation_cmake: 6.1.2 (/opt/ros/humble/share/rmw_implementation_cmake/cmake)
[1.387s] -- Found rmw_fastrtps_cpp: 6.2.7 (/opt/ros/humble/share/rmw_fastrtps_cpp/cmake)
[1.812s] -- Found OpenSSL: /usr/lib/x86_64-linux-gnu/libcrypto.so (found version "3.0.2")  
[2.179s] -- Found FastRTPS: /opt/ros/humble/include  
[2.835s] -- Using RMW implementation 'rmw_fastrtps_cpp' as default
[2.858s] -- Looking for pthread.h
[2.953s] -- Looking for pthread.h - found
[2.953s] -- Performing Test CMAKE_HAVE_LIBC_PTHREAD
[3.038s] -- Performing Test CMAKE_HAVE_LIBC_PTHREAD - Success
[3.039s] -- Found Threads: TRUE  
[3.109s] -- Found px4_msgs: 2.0.1 (/home/niweiss/ws_sensor_combined/install/px4_msgs/share/px4_msgs/cmake)
[3.121s] -- Found eigen3_cmake_module: 0.1.1 (/opt/ros/humble/share/eigen3_cmake_module/cmake)
[3.126s] -- Found Eigen3: TRUE (found version "3.4.0") 
[3.130s] -- Found ament_lint_auto: 0.12.11 (/opt/ros/humble/share/ament_lint_auto/cmake)
[3.131s] -- Found ament_cmake_gtest: 1.3.11 (/opt/ros/humble/share/ament_cmake_gtest/cmake)
[3.214s] -- Found gtest sources under '/opt/ros/humble/src/gtest_vendor': C++ tests using 'Google Test' will be built
[3.226s] -- Added test 'copyright' to check source files copyright and LICENSE
[3.230s] -- Added test 'cppcheck' to perform static code analysis on C / C++ code
[3.231s] -- Configured cppcheck include dirs: /home/niweiss/ws_sensor_combined/src/px4-ros2-interface-lib/px4_ros2_cpp/include
[3.231s] -- Configured cppcheck exclude dirs and/or files: 
[3.234s] -- Added test 'cpplint' to check C / C++ code against the Google style
[3.235s] -- Configured cpplint exclude dirs and/or files: 
[3.236s] -- Added test 'lint_cmake' to check CMake code style
[3.240s] -- Added test 'uncrustify' to check C / C++ code style
[3.240s] -- Configured uncrustify additional arguments: 
[3.241s] -- Added test 'xmllint' to check XML markup files
[3.243s] -- Configuring done
[3.277s] -- Generating done
[3.286s] -- Build files have been written to: /home/niweiss/ws_sensor_combined/build/px4_ros2_cpp
[3.294s] Invoked command in '/home/niweiss/ws_sensor_combined/build/px4_ros2_cpp' returned '0': AMENT_PREFIX_PATH=/home/niweiss/ws_sensor_combined/install/px4_msgs:${AMENT_PREFIX_PATH} CMAKE_PREFIX_PATH=/home/niweiss/ws_sensor_combined/install/px4_msgs:/opt/ros/humble LD_LIBRARY_PATH=/home/niweiss/ws_sensor_combined/install/px4_msgs/lib:${LD_LIBRARY_PATH} PYTHONPATH=/home/niweiss/ws_sensor_combined/install/px4_msgs/local/lib/python3.10/dist-packages:${PYTHONPATH} /usr/bin/cmake /home/niweiss/ws_sensor_combined/src/px4-ros2-interface-lib/px4_ros2_cpp -DCMAKE_INSTALL_PREFIX=/home/niweiss/ws_sensor_combined/install/px4_ros2_cpp
[3.296s] Invoking command in '/home/niweiss/ws_sensor_combined/build/px4_ros2_cpp': AMENT_PREFIX_PATH=/home/niweiss/ws_sensor_combined/install/px4_msgs:${AMENT_PREFIX_PATH} CMAKE_PREFIX_PATH=/home/niweiss/ws_sensor_combined/install/px4_msgs:/opt/ros/humble LD_LIBRARY_PATH=/home/niweiss/ws_sensor_combined/install/px4_msgs/lib:${LD_LIBRARY_PATH} PYTHONPATH=/home/niweiss/ws_sensor_combined/install/px4_msgs/local/lib/python3.10/dist-packages:${PYTHONPATH} /usr/bin/cmake --build /home/niweiss/ws_sensor_combined/build/px4_ros2_cpp -- -j16 -l16
[3.350s] [  2%] [32mBuilding CXX object CMakeFiles/unit_utils.dir/test/unit/utils/util.cpp.o[0m
[3.351s] [  4%] [32mBuilding CXX object CMakeFiles/px4_ros2_cpp.dir/src/components/message_compatibility_check.cpp.o[0m
[3.351s] [  6%] [32mBuilding CXX object CMakeFiles/px4_ros2_cpp.dir/src/components/health_and_arming_checks.cpp.o[0m
[3.351s] [  8%] [32mBuilding CXX object CMakeFiles/px4_ros2_cpp.dir/src/components/manual_control_input.cpp.o[0m
[3.351s] [ 10%] [32mBuilding CXX object CMakeFiles/integration_utils.dir/test/integration/util.cpp.o[0m
[3.351s] [ 12%] [32mBuilding CXX object gtest/CMakeFiles/gtest.dir/src/gtest-all.cc.o[0m
[3.351s] [ 14%] [32mBuilding CXX object CMakeFiles/px4_ros2_cpp.dir/src/components/mode_executor.cpp.o[0m
[3.356s] [ 17%] [32mBuilding CXX object gtest/CMakeFiles/gtest_main.dir/src/gtest_main.cc.o[0m
[3.364s] [ 19%] [32mBuilding CXX object CMakeFiles/px4_ros2_cpp.dir/src/components/overrides.cpp.o[0m
[3.364s] [ 21%] [32mBuilding CXX object CMakeFiles/px4_ros2_cpp.dir/src/components/mode.cpp.o[0m
[3.371s] [ 23%] [32mBuilding CXX object CMakeFiles/px4_ros2_cpp.dir/src/components/registration.cpp.o[0m
[3.379s] [ 25%] [32mBuilding CXX object CMakeFiles/px4_ros2_cpp.dir/src/control/peripheral_actuators.cpp.o[0m
[3.379s] [ 27%] [32mBuilding CXX object CMakeFiles/px4_ros2_cpp.dir/src/control/setpoint_types/direct_actuators.cpp.o[0m
[3.386s] [ 29%] [32mBuilding CXX object CMakeFiles/px4_ros2_cpp.dir/src/control/setpoint_types/goto.cpp.o[0m
[3.386s] [ 31%] [32mBuilding CXX object CMakeFiles/px4_ros2_cpp.dir/src/components/wait_for_fmu.cpp.o[0m
[3.396s] [ 34%] [32mBuilding CXX object CMakeFiles/px4_ros2_cpp.dir/src/control/setpoint_types/experimental/attitude.cpp.o[0m
[4.845s] [ 36%] [32m[1mLinking CXX static library libgtest_main.a[0m
[5.056s] [ 36%] Built target gtest_main
[5.087s] [ 38%] [32mBuilding CXX object CMakeFiles/px4_ros2_cpp.dir/src/control/setpoint_types/experimental/rates.cpp.o[0m
[8.075s] [ 40%] [32m[1mLinking CXX shared library libunit_utils.so[0m
[8.647s] [ 40%] Built target unit_utils
[8.679s] [ 42%] [32mBuilding CXX object CMakeFiles/px4_ros2_cpp.dir/src/control/setpoint_types/experimental/trajectory.cpp.o[0m
[10.364s] [ 44%] [32m[1mLinking CXX static library libgtest.a[0m
[10.532s] [ 44%] Built target gtest
[10.595s] [ 46%] [32mBuilding CXX object CMakeFiles/px4_ros2_cpp.dir/src/navigation/experimental/global_position_measurement_interface.cpp.o[0m
[14.398s] [ 48%] [32mBuilding CXX object CMakeFiles/px4_ros2_cpp.dir/src/navigation/experimental/local_position_measurement_interface.cpp.o[0m
[15.974s] [ 51%] [32mBuilding CXX object CMakeFiles/px4_ros2_cpp.dir/src/odometry/attitude.cpp.o[0m
[16.367s] [ 53%] [32mBuilding CXX object CMakeFiles/px4_ros2_cpp.dir/src/odometry/global_position.cpp.o[0m
[16.522s] [ 55%] [32mBuilding CXX object CMakeFiles/px4_ros2_cpp.dir/src/odometry/local_position.cpp.o[0m
[16.851s] [ 57%] [32mBuilding CXX object CMakeFiles/px4_ros2_cpp.dir/src/odometry/angular_velocity.cpp.o[0m
[17.666s] [ 59%] [32mBuilding CXX object CMakeFiles/px4_ros2_cpp.dir/src/utils/geodesic.cpp.o[0m
[23.072s] [ 61%] [32mBuilding CXX object CMakeFiles/px4_ros2_cpp.dir/src/utils/map_projection_impl.cpp.o[0m
[26.101s] [ 63%] [32m[1mLinking CXX shared library libintegration_utils.so[0m
[26.763s] [ 63%] Built target integration_utils
[36.818s] [ 65%] [32m[1mLinking CXX shared library libpx4_ros2_cpp.so[0m
[41.585s] [ 65%] Built target px4_ros2_cpp
[41.623s] [ 70%] [32mBuilding CXX object CMakeFiles/integration_tests.dir/test/integration/global_navigation.cpp.o[0m
[41.624s] [ 70%] [32mBuilding CXX object CMakeFiles/integration_tests.dir/test/integration/local_navigation.cpp.o[0m
[41.624s] [ 72%] [32mBuilding CXX object CMakeFiles/integration_tests.dir/test/integration/overrides.cpp.o[0m
[41.626s] [ 74%] [32mBuilding CXX object CMakeFiles/integration_tests.dir/test/integration/mode_executor.cpp.o[0m
[41.626s] [ 76%] [32mBuilding CXX object CMakeFiles/px4_ros2_cpp_unit_tests.dir/test/unit/global_navigation.cpp.o[0m
[41.626s] [ 78%] [32mBuilding CXX object CMakeFiles/integration_tests.dir/test/integration/mode.cpp.o[0m
[41.661s] [ 80%] [32mBuilding CXX object CMakeFiles/integration_tests.dir/test/integration/arming_check.cpp.o[0m
[41.661s] [ 82%] [32mBuilding CXX object CMakeFiles/px4_ros2_cpp_unit_tests.dir/test/unit/local_navigation.cpp.o[0m
[41.661s] [ 85%] [32mBuilding CXX object CMakeFiles/px4_ros2_cpp_unit_tests.dir/test/unit/main.cpp.o[0m
[41.661s] [ 87%] [32mBuilding CXX object CMakeFiles/px4_ros2_cpp_unit_tests.dir/test/unit/modes.cpp.o[0m
[41.661s] [ 89%] [32mBuilding CXX object CMakeFiles/px4_ros2_cpp_unit_tests.dir/test/unit/utils/geodesic.cpp.o[0m
[41.661s] [ 91%] [32mBuilding CXX object CMakeFiles/px4_ros2_cpp_unit_tests.dir/test/unit/utils/frame_conversion.cpp.o[0m
[41.662s] [ 93%] [32mBuilding CXX object CMakeFiles/px4_ros2_cpp_unit_tests.dir/test/unit/utils/map_projection_impl.cpp.o[0m
[41.662s] [ 95%] [32mBuilding CXX object CMakeFiles/px4_ros2_cpp_unit_tests.dir/test/unit/utils/geometry.cpp.o[0m
[55.563s] [ 97%] [32m[1mLinking CXX executable px4_ros2_cpp_unit_tests[0m
[56.125s] [100%] [32m[1mLinking CXX executable integration_tests[0m
[56.866s] [100%] Built target px4_ros2_cpp_unit_tests
[57.434s] [100%] Built target integration_tests
