[01m[K/home/niweiss/CPE-Capstone-2024-2025/ws_sensor_combined/src/px4_ros_com/src/examples/offboard/offboard_launch.cpp:[m[K In member function ‘[01m[Kvoid OffboardControl::updateLocalTargets()[m[K’:
[01m[K/home/niweiss/CPE-Capstone-2024-2025/ws_sensor_combined/src/px4_ros_com/src/examples/offboard/offboard_launch.cpp:32:31:[m[K [01;31m[Kerror: [m[Kexpected ‘[01m[K)[m[K’ before ‘[01m[K;[m[K’ token
   32 | #define EARTH_RADIUS 6378137.0[01;31m[K;[m[K // Earth's radius in meters
      |                               [01;31m[K^[m[K
[01m[K/home/niweiss/CPE-Capstone-2024-2025/ws_sensor_combined/src/px4_ros_com/src/examples/offboard/offboard_launch.cpp:533:55:[m[K [01;36m[Knote: [m[Kin expansion of macro ‘[01m[KEARTH_RADIUS[m[K’
  533 |                 target_x_ = dLat * static_cast<float>([01;36m[KEARTH_RADIUS[m[K);
      |                                                       [01;36m[K^~~~~~~~~~~~[m[K
[01m[K/home/niweiss/CPE-Capstone-2024-2025/ws_sensor_combined/src/px4_ros_com/src/examples/offboard/offboard_launch.cpp:533:67:[m[K [01;31m[Kerror: [m[Kexpected primary-expression before ‘[01m[K)[m[K’ token
  533 |                 target_x_ = dLat * static_cast<float>(EARTH_RADIUS[01;31m[K)[m[K;
      |                                                                   [01;31m[K^[m[K
[01m[K/home/niweiss/CPE-Capstone-2024-2025/ws_sensor_combined/src/px4_ros_com/src/examples/offboard/offboard_launch.cpp:32:31:[m[K [01;31m[Kerror: [m[Kexpected ‘[01m[K)[m[K’ before ‘[01m[K;[m[K’ token
   32 | #define EARTH_RADIUS 6378137.0[01;31m[K;[m[K // Earth's radius in meters
      |                               [01;31m[K^[m[K
[01m[K/home/niweiss/CPE-Capstone-2024-2025/ws_sensor_combined/src/px4_ros_com/src/examples/offboard/offboard_launch.cpp:534:55:[m[K [01;36m[Knote: [m[Kin expansion of macro ‘[01m[KEARTH_RADIUS[m[K’
  534 |                 target_y_ = dLon * static_cast<float>([01;36m[KEARTH_RADIUS[m[K) * std::cos(deg2Rad(home_lat_));
      |                                                       [01;36m[K^~~~~~~~~~~~[m[K
[01m[K/home/niweiss/CPE-Capstone-2024-2025/ws_sensor_combined/src/px4_ros_com/src/examples/offboard/offboard_launch.cpp:534:67:[m[K [01;31m[Kerror: [m[Kexpected primary-expression before ‘[01m[K)[m[K’ token
  534 |                 target_y_ = dLon * static_cast<float>(EARTH_RADIUS[01;31m[K)[m[K * std::cos(deg2Rad(home_lat_));
      |                                                                   [01;31m[K^[m[K
gmake[2]: *** [CMakeFiles/offboard_launch.dir/build.make:76: CMakeFiles/offboard_launch.dir/src/examples/offboard/offboard_launch.cpp.o] Error 1
gmake[1]: *** [CMakeFiles/Makefile2:314: CMakeFiles/offboard_launch.dir/all] Error 2
gmake: *** [Makefile:146: all] Error 2
