[0.064s] Invoking command in '/home/niweiss/ws_sensor_combined/build/example_global_navigation_cpp': AMENT_PREFIX_PATH=/home/niweiss/ws_sensor_combined/install/px4_ros2_cpp:/home/niweiss/ws_sensor_combined/install/px4_msgs:${AMENT_PREFIX_PATH} CMAKE_PREFIX_PATH=/home/niweiss/ws_sensor_combined/install/px4_ros2_cpp:/home/niweiss/ws_sensor_combined/install/px4_msgs:/opt/ros/humble LD_LIBRARY_PATH=/home/niweiss/ws_sensor_combined/install/px4_ros2_cpp/lib:/home/niweiss/ws_sensor_combined/install/px4_msgs/lib:${LD_LIBRARY_PATH} PYTHONPATH=/home/niweiss/ws_sensor_combined/install/px4_msgs/local/lib/python3.10/dist-packages:${PYTHONPATH} /usr/bin/cmake --build /home/niweiss/ws_sensor_combined/build/example_global_navigation_cpp -- -j16 -l16
[0.094s] [100%] Built target example_global_navigation
[0.101s] Invoked command in '/home/niweiss/ws_sensor_combined/build/example_global_navigation_cpp' returned '0': AMENT_PREFIX_PATH=/home/niweiss/ws_sensor_combined/install/px4_ros2_cpp:/home/niweiss/ws_sensor_combined/install/px4_msgs:${AMENT_PREFIX_PATH} CMAKE_PREFIX_PATH=/home/niweiss/ws_sensor_combined/install/px4_ros2_cpp:/home/niweiss/ws_sensor_combined/install/px4_msgs:/opt/ros/humble LD_LIBRARY_PATH=/home/niweiss/ws_sensor_combined/install/px4_ros2_cpp/lib:/home/niweiss/ws_sensor_combined/install/px4_msgs/lib:${LD_LIBRARY_PATH} PYTHONPATH=/home/niweiss/ws_sensor_combined/install/px4_msgs/local/lib/python3.10/dist-packages:${PYTHONPATH} /usr/bin/cmake --build /home/niweiss/ws_sensor_combined/build/example_global_navigation_cpp -- -j16 -l16
[0.139s] Invoking command in '/home/niweiss/ws_sensor_combined/build/example_global_navigation_cpp': AMENT_PREFIX_PATH=/home/niweiss/ws_sensor_combined/install/px4_ros2_cpp:/home/niweiss/ws_sensor_combined/install/px4_msgs:${AMENT_PREFIX_PATH} CMAKE_PREFIX_PATH=/home/niweiss/ws_sensor_combined/install/px4_ros2_cpp:/home/niweiss/ws_sensor_combined/install/px4_msgs:/opt/ros/humble LD_LIBRARY_PATH=/home/niweiss/ws_sensor_combined/install/px4_ros2_cpp/lib:/home/niweiss/ws_sensor_combined/install/px4_msgs/lib:${LD_LIBRARY_PATH} PYTHONPATH=/home/niweiss/ws_sensor_combined/install/px4_msgs/local/lib/python3.10/dist-packages:${PYTHONPATH} /usr/bin/cmake --install /home/niweiss/ws_sensor_combined/build/example_global_navigation_cpp
[0.145s] -- Install configuration: ""
[0.146s] -- Up-to-date: /home/niweiss/ws_sensor_combined/install/example_global_navigation_cpp/lib/example_global_navigation_cpp/example_global_navigation
[0.146s] -- Up-to-date: /home/niweiss/ws_sensor_combined/install/example_global_navigation_cpp/share/ament_index/resource_index/package_run_dependencies/example_global_navigation_cpp
[0.146s] -- Up-to-date: /home/niweiss/ws_sensor_combined/install/example_global_navigation_cpp/share/ament_index/resource_index/parent_prefix_path/example_global_navigation_cpp
[0.146s] -- Up-to-date: /home/niweiss/ws_sensor_combined/install/example_global_navigation_cpp/share/example_global_navigation_cpp/environment/ament_prefix_path.sh
[0.146s] -- Up-to-date: /home/niweiss/ws_sensor_combined/install/example_global_navigation_cpp/share/example_global_navigation_cpp/environment/ament_prefix_path.dsv
[0.147s] -- Up-to-date: /home/niweiss/ws_sensor_combined/install/example_global_navigation_cpp/share/example_global_navigation_cpp/environment/path.sh
[0.147s] -- Up-to-date: /home/niweiss/ws_sensor_combined/install/example_global_navigation_cpp/share/example_global_navigation_cpp/environment/path.dsv
[0.147s] -- Up-to-date: /home/niweiss/ws_sensor_combined/install/example_global_navigation_cpp/share/example_global_navigation_cpp/local_setup.bash
[0.147s] -- Up-to-date: /home/niweiss/ws_sensor_combined/install/example_global_navigation_cpp/share/example_global_navigation_cpp/local_setup.sh
[0.147s] -- Up-to-date: /home/niweiss/ws_sensor_combined/install/example_global_navigation_cpp/share/example_global_navigation_cpp/local_setup.zsh
[0.147s] -- Up-to-date: /home/niweiss/ws_sensor_combined/install/example_global_navigation_cpp/share/example_global_navigation_cpp/local_setup.dsv
[0.147s] -- Installing: /home/niweiss/ws_sensor_combined/install/example_global_navigation_cpp/share/example_global_navigation_cpp/package.dsv
[0.147s] -- Up-to-date: /home/niweiss/ws_sensor_combined/install/example_global_navigation_cpp/share/ament_index/resource_index/packages/example_global_navigation_cpp
[0.148s] -- Up-to-date: /home/niweiss/ws_sensor_combined/install/example_global_navigation_cpp/share/example_global_navigation_cpp/cmake/example_global_navigation_cppConfig.cmake
[0.148s] -- Up-to-date: /home/niweiss/ws_sensor_combined/install/example_global_navigation_cpp/share/example_global_navigation_cpp/cmake/example_global_navigation_cppConfig-version.cmake
[0.148s] -- Up-to-date: /home/niweiss/ws_sensor_combined/install/example_global_navigation_cpp/share/example_global_navigation_cpp/package.xml
[0.164s] Invoked command in '/home/niweiss/ws_sensor_combined/build/example_global_navigation_cpp' returned '0': AMENT_PREFIX_PATH=/home/niweiss/ws_sensor_combined/install/px4_ros2_cpp:/home/niweiss/ws_sensor_combined/install/px4_msgs:${AMENT_PREFIX_PATH} CMAKE_PREFIX_PATH=/home/niweiss/ws_sensor_combined/install/px4_ros2_cpp:/home/niweiss/ws_sensor_combined/install/px4_msgs:/opt/ros/humble LD_LIBRARY_PATH=/home/niweiss/ws_sensor_combined/install/px4_ros2_cpp/lib:/home/niweiss/ws_sensor_combined/install/px4_msgs/lib:${LD_LIBRARY_PATH} PYTHONPATH=/home/niweiss/ws_sensor_combined/install/px4_msgs/local/lib/python3.10/dist-packages:${PYTHONPATH} /usr/bin/cmake --install /home/niweiss/ws_sensor_combined/build/example_global_navigation_cpp
