[0.087s] Invoking command in '/home/niweiss/ws_sensor_combined/build/example_local_navigation_cpp': AMENT_PREFIX_PATH=/home/niweiss/ws_sensor_combined/install/px4_ros2_cpp:${AMENT_PREFIX_PATH} CMAKE_PREFIX_PATH=/home/niweiss/ws_sensor_combined/install/px4_ros2_cpp:/home/niweiss/ws_sensor_combined/install/px4_msgs:/home/niweiss/ws_sensor_combined/install/px4_ros_com:/opt/ros/humble LD_LIBRARY_PATH=/home/niweiss/ws_sensor_combined/install/px4_ros2_cpp/lib:/home/niweiss/ws_sensor_combined/install/px4_msgs/lib:/home/niweiss/ws_sensor_combined/install/px4_ros_com/lib:/opt/ros/humble/opt/rviz_ogre_vendor/lib:/opt/ros/humble/lib/x86_64-linux-gnu:/opt/ros/humble/lib /usr/bin/cmake /home/niweiss/ws_sensor_combined/src/px4-ros2-interface-lib/examples/cpp/navigation/local_navigation -DCMAKE_INSTALL_PREFIX=/home/niweiss/ws_sensor_combined/install/example_local_navigation_cpp
[0.262s] -- The C compiler identification is GNU 11.4.0
[0.476s] -- The CXX compiler identification is GNU 11.4.0
[0.600s] -- Detecting C compiler ABI info
[0.699s] -- Detecting C compiler ABI info - done
[0.709s] -- Check for working C compiler: /usr/bin/cc - skipped
[0.709s] -- Detecting C compile features
[0.710s] -- Detecting C compile features - done
[0.713s] -- Detecting CXX compiler ABI info
[0.824s] -- Detecting CXX compiler ABI info - done
[0.831s] -- Check for working CXX compiler: /usr/bin/c++ - skipped
[0.832s] -- Detecting CXX compile features
[0.832s] -- Detecting CXX compile features - done
[0.834s] -- Found eigen3_cmake_module: 0.1.1 (/opt/ros/humble/share/eigen3_cmake_module/cmake)
[0.840s] -- Found Eigen3: TRUE (found version "3.4.0") 
[0.847s] -- Found ament_cmake: 1.3.10 (/opt/ros/humble/share/ament_cmake/cmake)
[1.426s] -- Found Python3: /usr/bin/python3 (found version "3.10.12") found components: Interpreter 
[1.559s] -- Found rclcpp: 16.0.10 (/opt/ros/humble/share/rclcpp/cmake)
[1.693s] -- Found rosidl_generator_c: 3.1.5 (/opt/ros/humble/share/rosidl_generator_c/cmake)
[1.700s] -- Found rosidl_adapter: 3.1.5 (/opt/ros/humble/share/rosidl_adapter/cmake)
[1.714s] -- Found rosidl_generator_cpp: 3.1.5 (/opt/ros/humble/share/rosidl_generator_cpp/cmake)
[1.738s] -- Using all available rosidl_typesupport_c: rosidl_typesupport_fastrtps_c;rosidl_typesupport_introspection_c
[1.764s] -- Using all available rosidl_typesupport_cpp: rosidl_typesupport_fastrtps_cpp;rosidl_typesupport_introspection_cpp
[1.840s] -- Found rmw_implementation_cmake: 6.1.2 (/opt/ros/humble/share/rmw_implementation_cmake/cmake)
[1.845s] -- Found rmw_fastrtps_cpp: 6.2.7 (/opt/ros/humble/share/rmw_fastrtps_cpp/cmake)
[2.271s] -- Found OpenSSL: /usr/lib/x86_64-linux-gnu/libcrypto.so (found version "3.0.2")  
[2.708s] -- Found FastRTPS: /opt/ros/humble/include  
[3.894s] -- Using RMW implementation 'rmw_fastrtps_cpp' as default
[3.897s] -- Looking for pthread.h
[3.987s] -- Looking for pthread.h - found
[3.987s] -- Performing Test CMAKE_HAVE_LIBC_PTHREAD
[4.070s] -- Performing Test CMAKE_HAVE_LIBC_PTHREAD - Success
[4.072s] -- Found Threads: TRUE  
[4.136s] -- Found px4_ros2_cpp: 0.0.1 (/home/niweiss/ws_sensor_combined/install/px4_ros2_cpp/share/px4_ros2_cpp/cmake)
[4.157s] -- Found ament_lint_auto: 0.12.11 (/opt/ros/humble/share/ament_lint_auto/cmake)
[4.252s] -- Added test 'copyright' to check source files copyright and LICENSE
[4.255s] -- Added test 'cppcheck' to perform static code analysis on C / C++ code
[4.255s] -- Configured cppcheck include dirs: /home/niweiss/ws_sensor_combined/src/px4-ros2-interface-lib/examples/cpp/navigation/local_navigation/include
[4.255s] -- Configured cppcheck exclude dirs and/or files: 
[4.256s] -- Added test 'cpplint' to check C / C++ code against the Google style
[4.256s] -- Configured cpplint exclude dirs and/or files: 
[4.257s] -- Added test 'lint_cmake' to check CMake code style
[4.257s] -- Added test 'uncrustify' to check C / C++ code style
[4.258s] -- Configured uncrustify additional arguments: 
[4.258s] -- Added test 'xmllint' to check XML markup files
[4.259s] -- Configuring done
[4.272s] -- Generating done
[4.274s] -- Build files have been written to: /home/niweiss/ws_sensor_combined/build/example_local_navigation_cpp
[4.285s] Invoked command in '/home/niweiss/ws_sensor_combined/build/example_local_navigation_cpp' returned '0': AMENT_PREFIX_PATH=/home/niweiss/ws_sensor_combined/install/px4_ros2_cpp:${AMENT_PREFIX_PATH} CMAKE_PREFIX_PATH=/home/niweiss/ws_sensor_combined/install/px4_ros2_cpp:/home/niweiss/ws_sensor_combined/install/px4_msgs:/home/niweiss/ws_sensor_combined/install/px4_ros_com:/opt/ros/humble LD_LIBRARY_PATH=/home/niweiss/ws_sensor_combined/install/px4_ros2_cpp/lib:/home/niweiss/ws_sensor_combined/install/px4_msgs/lib:/home/niweiss/ws_sensor_combined/install/px4_ros_com/lib:/opt/ros/humble/opt/rviz_ogre_vendor/lib:/opt/ros/humble/lib/x86_64-linux-gnu:/opt/ros/humble/lib /usr/bin/cmake /home/niweiss/ws_sensor_combined/src/px4-ros2-interface-lib/examples/cpp/navigation/local_navigation -DCMAKE_INSTALL_PREFIX=/home/niweiss/ws_sensor_combined/install/example_local_navigation_cpp
[4.286s] Invoking command in '/home/niweiss/ws_sensor_combined/build/example_local_navigation_cpp': AMENT_PREFIX_PATH=/home/niweiss/ws_sensor_combined/install/px4_ros2_cpp:${AMENT_PREFIX_PATH} CMAKE_PREFIX_PATH=/home/niweiss/ws_sensor_combined/install/px4_ros2_cpp:/home/niweiss/ws_sensor_combined/install/px4_msgs:/home/niweiss/ws_sensor_combined/install/px4_ros_com:/opt/ros/humble LD_LIBRARY_PATH=/home/niweiss/ws_sensor_combined/install/px4_ros2_cpp/lib:/home/niweiss/ws_sensor_combined/install/px4_msgs/lib:/home/niweiss/ws_sensor_combined/install/px4_ros_com/lib:/opt/ros/humble/opt/rviz_ogre_vendor/lib:/opt/ros/humble/lib/x86_64-linux-gnu:/opt/ros/humble/lib /usr/bin/cmake --build /home/niweiss/ws_sensor_combined/build/example_local_navigation_cpp -- -j16 -l16
[4.326s] [ 50%] [32mBuilding CXX object CMakeFiles/example_local_navigation.dir/src/main.cpp.o[0m
[8.687s] [100%] [32m[1mLinking CXX executable example_local_navigation[0m
[9.619s] [100%] Built target example_local_navigation
[9.628s] Invoked command in '/home/niweiss/ws_sensor_combined/build/example_local_navigation_cpp' returned '0': AMENT_PREFIX_PATH=/home/niweiss/ws_sensor_combined/install/px4_ros2_cpp:${AMENT_PREFIX_PATH} CMAKE_PREFIX_PATH=/home/niweiss/ws_sensor_combined/install/px4_ros2_cpp:/home/niweiss/ws_sensor_combined/install/px4_msgs:/home/niweiss/ws_sensor_combined/install/px4_ros_com:/opt/ros/humble LD_LIBRARY_PATH=/home/niweiss/ws_sensor_combined/install/px4_ros2_cpp/lib:/home/niweiss/ws_sensor_combined/install/px4_msgs/lib:/home/niweiss/ws_sensor_combined/install/px4_ros_com/lib:/opt/ros/humble/opt/rviz_ogre_vendor/lib:/opt/ros/humble/lib/x86_64-linux-gnu:/opt/ros/humble/lib /usr/bin/cmake --build /home/niweiss/ws_sensor_combined/build/example_local_navigation_cpp -- -j16 -l16
[9.652s] Invoking command in '/home/niweiss/ws_sensor_combined/build/example_local_navigation_cpp': AMENT_PREFIX_PATH=/home/niweiss/ws_sensor_combined/install/px4_ros2_cpp:${AMENT_PREFIX_PATH} CMAKE_PREFIX_PATH=/home/niweiss/ws_sensor_combined/install/px4_ros2_cpp:/home/niweiss/ws_sensor_combined/install/px4_msgs:/home/niweiss/ws_sensor_combined/install/px4_ros_com:/opt/ros/humble LD_LIBRARY_PATH=/home/niweiss/ws_sensor_combined/install/px4_ros2_cpp/lib:/home/niweiss/ws_sensor_combined/install/px4_msgs/lib:/home/niweiss/ws_sensor_combined/install/px4_ros_com/lib:/opt/ros/humble/opt/rviz_ogre_vendor/lib:/opt/ros/humble/lib/x86_64-linux-gnu:/opt/ros/humble/lib /usr/bin/cmake --install /home/niweiss/ws_sensor_combined/build/example_local_navigation_cpp
[9.658s] -- Install configuration: ""
[9.658s] -- Installing: /home/niweiss/ws_sensor_combined/install/example_local_navigation_cpp/lib/example_local_navigation_cpp/example_local_navigation
[9.659s] -- Set runtime path of "/home/niweiss/ws_sensor_combined/install/example_local_navigation_cpp/lib/example_local_navigation_cpp/example_local_navigation" to ""
[9.659s] -- Installing: /home/niweiss/ws_sensor_combined/install/example_local_navigation_cpp/share/ament_index/resource_index/package_run_dependencies/example_local_navigation_cpp
[9.659s] -- Installing: /home/niweiss/ws_sensor_combined/install/example_local_navigation_cpp/share/ament_index/resource_index/parent_prefix_path/example_local_navigation_cpp
[9.660s] -- Installing: /home/niweiss/ws_sensor_combined/install/example_local_navigation_cpp/share/example_local_navigation_cpp/environment/ament_prefix_path.sh
[9.660s] -- Installing: /home/niweiss/ws_sensor_combined/install/example_local_navigation_cpp/share/example_local_navigation_cpp/environment/ament_prefix_path.dsv
[9.660s] -- Installing: /home/niweiss/ws_sensor_combined/install/example_local_navigation_cpp/share/example_local_navigation_cpp/environment/path.sh
[9.660s] -- Installing: /home/niweiss/ws_sensor_combined/install/example_local_navigation_cpp/share/example_local_navigation_cpp/environment/path.dsv
[9.660s] -- Installing: /home/niweiss/ws_sensor_combined/install/example_local_navigation_cpp/share/example_local_navigation_cpp/local_setup.bash
[9.660s] -- Installing: /home/niweiss/ws_sensor_combined/install/example_local_navigation_cpp/share/example_local_navigation_cpp/local_setup.sh
[9.661s] -- Installing: /home/niweiss/ws_sensor_combined/install/example_local_navigation_cpp/share/example_local_navigation_cpp/local_setup.zsh
[9.661s] -- Installing: /home/niweiss/ws_sensor_combined/install/example_local_navigation_cpp/share/example_local_navigation_cpp/local_setup.dsv
[9.661s] -- Installing: /home/niweiss/ws_sensor_combined/install/example_local_navigation_cpp/share/example_local_navigation_cpp/package.dsv
[9.661s] -- Installing: /home/niweiss/ws_sensor_combined/install/example_local_navigation_cpp/share/ament_index/resource_index/packages/example_local_navigation_cpp
[9.661s] -- Installing: /home/niweiss/ws_sensor_combined/install/example_local_navigation_cpp/share/example_local_navigation_cpp/cmake/example_local_navigation_cppConfig.cmake
[9.662s] -- Installing: /home/niweiss/ws_sensor_combined/install/example_local_navigation_cpp/share/example_local_navigation_cpp/cmake/example_local_navigation_cppConfig-version.cmake
[9.662s] -- Installing: /home/niweiss/ws_sensor_combined/install/example_local_navigation_cpp/share/example_local_navigation_cpp/package.xml
[9.664s] Invoked command in '/home/niweiss/ws_sensor_combined/build/example_local_navigation_cpp' returned '0': AMENT_PREFIX_PATH=/home/niweiss/ws_sensor_combined/install/px4_ros2_cpp:${AMENT_PREFIX_PATH} CMAKE_PREFIX_PATH=/home/niweiss/ws_sensor_combined/install/px4_ros2_cpp:/home/niweiss/ws_sensor_combined/install/px4_msgs:/home/niweiss/ws_sensor_combined/install/px4_ros_com:/opt/ros/humble LD_LIBRARY_PATH=/home/niweiss/ws_sensor_combined/install/px4_ros2_cpp/lib:/home/niweiss/ws_sensor_combined/install/px4_msgs/lib:/home/niweiss/ws_sensor_combined/install/px4_ros_com/lib:/opt/ros/humble/opt/rviz_ogre_vendor/lib:/opt/ros/humble/lib/x86_64-linux-gnu:/opt/ros/humble/lib /usr/bin/cmake --install /home/niweiss/ws_sensor_combined/build/example_local_navigation_cpp
