[01m[K/home/niweiss/ws_sensor_combined/src/px4_ros_com/src/examples/offboard/offboard_launch.cpp:110:30:[m[K [01;31m[Kerror: [m[K‘[01m[Kstd_msgs[m[K’ was not declared in this scope
  110 |         rclcpp::Subscription<[01;31m[Kstd_msgs[m[K::msg::Int32>::SharedPtr gui_command_subscriber_;
      |                              [01;31m[K^~~~~~~~[m[K
[01m[K/home/niweiss/ws_sensor_combined/src/px4_ros_com/src/examples/offboard/offboard_launch.cpp:110:50:[m[K [01;31m[Kerror: [m[Ktemplate argument 1 is invalid
  110 |         rclcpp::Subscription<std_msgs::msg::Int32[01;31m[K>[m[K::SharedPtr gui_command_subscriber_;
      |                                                  [01;31m[K^[m[K
[01m[K/home/niweiss/ws_sensor_combined/src/px4_ros_com/src/examples/offboard/offboard_launch.cpp:110:50:[m[K [01;31m[Kerror: [m[Ktemplate argument 3 is invalid
[01m[K/home/niweiss/ws_sensor_combined/src/px4_ros_com/src/examples/offboard/offboard_launch.cpp:110:50:[m[K [01;31m[Kerror: [m[Ktemplate argument 4 is invalid
[01m[K/home/niweiss/ws_sensor_combined/src/px4_ros_com/src/examples/offboard/offboard_launch.cpp:110:50:[m[K [01;31m[Kerror: [m[Ktemplate argument 5 is invalid
[01m[K/home/niweiss/ws_sensor_combined/src/px4_ros_com/src/examples/offboard/offboard_launch.cpp:110:53:[m[K [01;31m[Kerror: [m[Kexpected ‘[01m[K;[m[K’ at end of member declaration
  110 |         rclcpp::Subscription<std_msgs::msg::Int32>::[01;31m[KSharedPtr[m[K gui_command_subscriber_;
      |                                                     [01;31m[K^~~~~~~~~[m[K
      |                                                              [32m[K;[m[K
[01m[K/home/niweiss/ws_sensor_combined/src/px4_ros_com/src/examples/offboard/offboard_launch.cpp:110:63:[m[K [01;31m[Kerror: [m[K‘[01m[Kgui_command_subscriber_[m[K’ does not name a type
  110 |         rclcpp::Subscription<std_msgs::msg::Int32>::SharedPtr [01;31m[Kgui_command_subscriber_[m[K;
      |                                                               [01;31m[K^~~~~~~~~~~~~~~~~~~~~~~[m[K
[01m[K/home/niweiss/ws_sensor_combined/src/px4_ros_com/src/examples/offboard/offboard_launch.cpp:121:34:[m[K [01;31m[Kerror: [m[K‘[01m[Kstd_msgs[m[K’ does not name a type
  121 |         void stateCallback(const [01;31m[Kstd_msgs[m[K::msg::Int32::SharedPtr msg) {
      |                                  [01;31m[K^~~~~~~~[m[K
[01m[K/home/niweiss/ws_sensor_combined/src/px4_ros_com/src/examples/offboard/offboard_launch.cpp:121:47:[m[K [01;31m[Kerror: [m[Kexpected unqualified-id before ‘[01m[K::[m[K’ token
  121 |         void stateCallback(const std_msgs::msg[01;31m[K::[m[KInt32::SharedPtr msg) {
      |                                               [01;31m[K^~[m[K
[01m[K/home/niweiss/ws_sensor_combined/src/px4_ros_com/src/examples/offboard/offboard_launch.cpp:121:47:[m[K [01;31m[Kerror: [m[Kexpected ‘[01m[K)[m[K’ before ‘[01m[K::[m[K’ token
  121 |         void stateCallback[34m[K([m[Kconst std_msgs::msg[01;31m[K:[m[K[32m[K:[m[KInt32::SharedPtr msg) {
      |                           [34m[K~[m[K                   [01;31m[K^[m[K[32m[K~[m[K
      |                                               [32m[K)[m[K
[01m[K/home/niweiss/ws_sensor_combined/src/px4_ros_com/src/examples/offboard/offboard_launch.cpp:121:44:[m[K [01;31m[Kerror: [m[Kexpected ‘[01m[K;[m[K’ at end of member declaration
  121 |         void stateCallback(const std_msgs::[01;31m[Kmsg[m[K::Int32::SharedPtr msg) {
      |                                            [01;31m[K^~~[m[K
      |                                               [32m[K;[m[K
[01m[K/home/niweiss/ws_sensor_combined/src/px4_ros_com/src/examples/offboard/offboard_launch.cpp:121:49:[m[K [01;31m[Kerror: [m[K‘[01m[KInt32[m[K’ in namespace ‘[01m[K::[m[K’ does not name a type
  121 |         void stateCallback(const std_msgs::msg::[01;31m[KInt32[m[K::SharedPtr msg) {
      |                                                 [01;31m[K^~~~~[m[K
[01m[K/home/niweiss/ws_sensor_combined/src/px4_ros_com/src/examples/offboard/offboard_launch.cpp:[m[K In constructor ‘[01m[KOffboardControl::OffboardControl(float)[m[K’:
[01m[K/home/niweiss/ws_sensor_combined/src/px4_ros_com/src/examples/offboard/offboard_launch.cpp:66:73:[m[K [01;31m[Kerror: [m[Kclass ‘[01m[KOffboardControl[m[K’ does not have any field named ‘[01m[Kcurrent_state_[m[K’
   66 |         OffboardControl(float initial_altitude) : Node("drone_launch"), [01;31m[Kcurrent_state_[m[K(FlightState::TAKEOFF) // initialize node (base class constructor)
      |                                                                         [01;31m[K^~~~~~~~~~~~~~[m[K
[01m[K/home/niweiss/ws_sensor_combined/src/px4_ros_com/src/examples/offboard/offboard_launch.cpp:73:17:[m[K [01;31m[Kerror: [m[K‘[01m[Kgui_command_subscriber_[m[K’ was not declared in this scope; did you mean ‘[01m[Krmw_count_subscribers[m[K’?
   73 |                 [01;31m[Kgui_command_subscriber_[m[K = this->create_subscription<std_msgs::msg::Int32>(
      |                 [01;31m[K^~~~~~~~~~~~~~~~~~~~~~~[m[K
      |                 [32m[Krmw_count_subscribers[m[K
[01m[K/home/niweiss/ws_sensor_combined/src/px4_ros_com/src/examples/offboard/offboard_launch.cpp:73:69:[m[K [01;31m[Kerror: [m[K‘[01m[Kstd_msgs[m[K’ was not declared in this scope
   73 |                 gui_command_subscriber_ = this->create_subscription<[01;31m[Kstd_msgs[m[K::msg::Int32>(
      |                                                                     [01;31m[K^~~~~~~~[m[K
[01m[K/home/niweiss/ws_sensor_combined/src/px4_ros_com/src/examples/offboard/offboard_launch.cpp:73:49:[m[K [01;31m[Kerror: [m[Kparse error in template argument list
   73 |                 gui_command_subscriber_ = this->[01;31m[Kcreate_subscription<std_msgs::msg::Int32>[m[K(
      |                                                 [01;31m[K^~~~~~~~~~~~~~~~~~~~~~~~~~~~~~~~~~~~~~~~~[m[K
[01m[K/home/niweiss/ws_sensor_combined/src/px4_ros_com/src/examples/offboard/offboard_launch.cpp:74:45:[m[K [01;31m[Kerror: [m[K‘[01m[KFlightControllerNode[m[K’ has not been declared
   74 |             "desired_state", 10, std::bind(&[01;31m[KFlightControllerNode[m[K::stateCallback, this, std::placeholders::_1));
      |                                             [01;31m[K^~~~~~~~~~~~~~~~~~~~[m[K
gmake[2]: *** [CMakeFiles/offboard_launch.dir/build.make:76: CMakeFiles/offboard_launch.dir/src/examples/offboard/offboard_launch.cpp.o] Error 1
gmake[1]: *** [CMakeFiles/Makefile2:310: CMakeFiles/offboard_launch.dir/all] Error 2
gmake: *** [Makefile:146: all] Error 2
