[35m[1mConsolidate compiler generated dependencies of target offboard_launch[0m
[ 25%] Built target frame_transforms
[ 25%] Built target vehicle_gps_position_listener
[ 37%] Built target debug_vect_advertiser
[ 50%] Built target offboard_control_srv
[ 62%] Built target offboard_control
[ 75%] Built target offboard_paths
[ 93%] [32mBuilding CXX object CMakeFiles/offboard_launch.dir/src/examples/offboard/offboard_launch.cpp.o[0m
[ 93%] Built target sensor_combined_listener
[ 93%] Built target ament_cmake_python_copy_px4_ros_com
running egg_info
writing px4_ros_com.egg-info/PKG-INFO
writing dependency_links to px4_ros_com.egg-info/dependency_links.txt
writing top-level names to px4_ros_com.egg-info/top_level.txt
reading manifest file 'px4_ros_com.egg-info/SOURCES.txt'
writing manifest file 'px4_ros_com.egg-info/SOURCES.txt'
[ 93%] Built target ament_cmake_python_build_px4_ros_com_egg
[01m[K/home/niweiss/ws_sensor_combined/src/px4_ros_com/src/examples/offboard/offboard_launch.cpp:139:14:[m[K [01;31m[Kerror: [m[Kextra qualification ‘[01m[KOffboardControl::[m[K’ on member ‘[01m[KhandleTakeoffState[m[K’ [[01;31m[K]8;;https://gcc.gnu.org/onlinedocs/gcc/Warning-Options.html#index-fpermissive-fpermissive]8;;[m[K]
  139 |         void [01;31m[KOffboardControl[m[K::handleTakeoffState()
      |              [01;31m[K^~~~~~~~~~~~~~~[m[K
[01m[K/home/niweiss/ws_sensor_combined/src/px4_ros_com/src/examples/offboard/offboard_launch.cpp:145:14:[m[K [01;31m[Kerror: [m[Kextra qualification ‘[01m[KOffboardControl::[m[K’ on member ‘[01m[KhandleLandingState[m[K’ [[01;31m[K]8;;https://gcc.gnu.org/onlinedocs/gcc/Warning-Options.html#index-fpermissive-fpermissive]8;;[m[K]
  145 |         void [01;31m[KOffboardControl[m[K::handleLandingState()
      |              [01;31m[K^~~~~~~~~~~~~~~[m[K
[01m[K/home/niweiss/ws_sensor_combined/src/px4_ros_com/src/examples/offboard/offboard_launch.cpp:[m[K In member function ‘[01m[Kvoid OffboardControl::handleTakeoffState()[m[K’:
[01m[K/home/niweiss/ws_sensor_combined/src/px4_ros_com/src/examples/offboard/offboard_launch.cpp:141:55:[m[K [01;31m[Kerror: [m[K‘[01m[Kinitial_altitude[m[K’ was not declared in this scope
  141 |                 publish_trajectory_setpoint(0.0, 0.0, [01;31m[Kinitial_altitude[m[K);
      |                                                       [01;31m[K^~~~~~~~~~~~~~~~[m[K
[01m[K/home/niweiss/ws_sensor_combined/src/px4_ros_com/src/examples/offboard/offboard_launch.cpp:[m[K In member function ‘[01m[Kvoid OffboardControl::handleLandingState()[m[K’:
[01m[K/home/niweiss/ws_sensor_combined/src/px4_ros_com/src/examples/offboard/offboard_launch.cpp:147:62:[m[K [01;31m[Kerror: [m[K‘[01m[Kinitial_altitude[m[K’ was not declared in this scope
  147 |                 publish_trajectory_setpoint(0.0, 0.0, (-1) * [01;31m[Kinitial_altitude[m[K);
      |                                                              [01;31m[K^~~~~~~~~~~~~~~~[m[K
gmake[2]: *** [CMakeFiles/offboard_launch.dir/build.make:76: CMakeFiles/offboard_launch.dir/src/examples/offboard/offboard_launch.cpp.o] Error 1
gmake[1]: *** [CMakeFiles/Makefile2:310: CMakeFiles/offboard_launch.dir/all] Error 2
gmake: *** [Makefile:146: all] Error 2
