[35m[1mConsolidate compiler generated dependencies of target integration_utils[0m
[35m[1mConsolidate compiler generated dependencies of target gtest[0m
[35m[1mConsolidate compiler generated dependencies of target gtest_main[0m
[35m[1mConsolidate compiler generated dependencies of target unit_utils[0m
[  4%] Built target gtest
[  8%] Built target gtest_main
[ 12%] Built target integration_utils
[ 17%] Built target unit_utils
[35m[1mConsolidate compiler generated dependencies of target px4_ros2_cpp[0m
[ 65%] Built target px4_ros2_cpp
[35m[1mConsolidate compiler generated dependencies of target integration_tests[0m
[35m[1mConsolidate compiler generated dependencies of target px4_ros2_cpp_unit_tests[0m
[ 91%] Built target px4_ros2_cpp_unit_tests
[100%] Built target integration_tests
-- Install configuration: ""
-- Installing: /home/niweiss/ws_sensor_combined/install/px4_ros2_cpp/share/px4_ros2_cpp/environment/library_path.sh
-- Installing: /home/niweiss/ws_sensor_combined/install/px4_ros2_cpp/share/px4_ros2_cpp/environment/library_path.dsv
-- Installing: /home/niweiss/ws_sensor_combined/install/px4_ros2_cpp/include/px4_ros2
-- Installing: /home/niweiss/ws_sensor_combined/install/px4_ros2_cpp/include/px4_ros2/navigation
-- Installing: /home/niweiss/ws_sensor_combined/install/px4_ros2_cpp/include/px4_ros2/navigation/groups.dox
-- Installing: /home/niweiss/ws_sensor_combined/install/px4_ros2_cpp/include/px4_ros2/navigation/experimental
-- Installing: /home/niweiss/ws_sensor_combined/install/px4_ros2_cpp/include/px4_ros2/navigation/experimental/local_position_measurement_interface.hpp
-- Installing: /home/niweiss/ws_sensor_combined/install/px4_ros2_cpp/include/px4_ros2/navigation/experimental/navigation_interface_base.hpp
-- Installing: /home/niweiss/ws_sensor_combined/install/px4_ros2_cpp/include/px4_ros2/navigation/experimental/global_position_measurement_interface.hpp
-- Installing: /home/niweiss/ws_sensor_combined/install/px4_ros2_cpp/include/px4_ros2/vehicle_state
-- Installing: /home/niweiss/ws_sensor_combined/install/px4_ros2_cpp/include/px4_ros2/vehicle_state/home_position.hpp
-- Installing: /home/niweiss/ws_sensor_combined/install/px4_ros2_cpp/include/px4_ros2/vehicle_state/groups.dox
-- Installing: /home/niweiss/ws_sensor_combined/install/px4_ros2_cpp/include/px4_ros2/vehicle_state/vtol_status.hpp
-- Installing: /home/niweiss/ws_sensor_combined/install/px4_ros2_cpp/include/px4_ros2/vehicle_state/vehicle_status.hpp
-- Installing: /home/niweiss/ws_sensor_combined/install/px4_ros2_cpp/include/px4_ros2/vehicle_state/land_detected.hpp
-- Installing: /home/niweiss/ws_sensor_combined/install/px4_ros2_cpp/include/px4_ros2/vehicle_state/battery.hpp
-- Installing: /home/niweiss/ws_sensor_combined/install/px4_ros2_cpp/include/px4_ros2/common
-- Installing: /home/niweiss/ws_sensor_combined/install/px4_ros2_cpp/include/px4_ros2/common/requirement_flags.hpp
-- Installing: /home/niweiss/ws_sensor_combined/install/px4_ros2_cpp/include/px4_ros2/common/context.hpp
-- Installing: /home/niweiss/ws_sensor_combined/install/px4_ros2_cpp/include/px4_ros2/common/frame.hpp
-- Installing: /home/niweiss/ws_sensor_combined/install/px4_ros2_cpp/include/px4_ros2/common/setpoint_base.hpp
-- Installing: /home/niweiss/ws_sensor_combined/install/px4_ros2_cpp/include/px4_ros2/utils
-- Installing: /home/niweiss/ws_sensor_combined/install/px4_ros2_cpp/include/px4_ros2/utils/groups.dox
-- Installing: /home/niweiss/ws_sensor_combined/install/px4_ros2_cpp/include/px4_ros2/utils/subscription.hpp
-- Installing: /home/niweiss/ws_sensor_combined/install/px4_ros2_cpp/include/px4_ros2/utils/geometry.hpp
-- Installing: /home/niweiss/ws_sensor_combined/install/px4_ros2_cpp/include/px4_ros2/utils/frame_conversion.hpp
-- Installing: /home/niweiss/ws_sensor_combined/install/px4_ros2_cpp/include/px4_ros2/utils/geodesic.hpp
-- Installing: /home/niweiss/ws_sensor_combined/install/px4_ros2_cpp/include/px4_ros2/odometry
-- Installing: /home/niweiss/ws_sensor_combined/install/px4_ros2_cpp/include/px4_ros2/odometry/groups.dox
-- Installing: /home/niweiss/ws_sensor_combined/install/px4_ros2_cpp/include/px4_ros2/odometry/angular_velocity.hpp
-- Installing: /home/niweiss/ws_sensor_combined/install/px4_ros2_cpp/include/px4_ros2/odometry/attitude.hpp
-- Installing: /home/niweiss/ws_sensor_combined/install/px4_ros2_cpp/include/px4_ros2/odometry/local_position.hpp
-- Installing: /home/niweiss/ws_sensor_combined/install/px4_ros2_cpp/include/px4_ros2/odometry/global_position.hpp
-- Installing: /home/niweiss/ws_sensor_combined/install/px4_ros2_cpp/include/px4_ros2/components
-- Installing: /home/niweiss/ws_sensor_combined/install/px4_ros2_cpp/include/px4_ros2/components/mode_executor.hpp
-- Installing: /home/niweiss/ws_sensor_combined/install/px4_ros2_cpp/include/px4_ros2/components/message_compatibility_check.hpp
-- Installing: /home/niweiss/ws_sensor_combined/install/px4_ros2_cpp/include/px4_ros2/components/groups.dox
-- Installing: /home/niweiss/ws_sensor_combined/install/px4_ros2_cpp/include/px4_ros2/components/health_and_arming_checks.hpp
-- Installing: /home/niweiss/ws_sensor_combined/install/px4_ros2_cpp/include/px4_ros2/components/node_with_mode.hpp
-- Installing: /home/niweiss/ws_sensor_combined/install/px4_ros2_cpp/include/px4_ros2/components/events.hpp
-- Installing: /home/niweiss/ws_sensor_combined/install/px4_ros2_cpp/include/px4_ros2/components/overrides.hpp
-- Installing: /home/niweiss/ws_sensor_combined/install/px4_ros2_cpp/include/px4_ros2/components/mode.hpp
-- Installing: /home/niweiss/ws_sensor_combined/install/px4_ros2_cpp/include/px4_ros2/components/manual_control_input.hpp
-- Installing: /home/niweiss/ws_sensor_combined/install/px4_ros2_cpp/include/px4_ros2/components/wait_for_fmu.hpp
-- Installing: /home/niweiss/ws_sensor_combined/install/px4_ros2_cpp/include/px4_ros2/control
-- Installing: /home/niweiss/ws_sensor_combined/install/px4_ros2_cpp/include/px4_ros2/control/groups.dox
-- Installing: /home/niweiss/ws_sensor_combined/install/px4_ros2_cpp/include/px4_ros2/control/peripheral_actuators.hpp
-- Installing: /home/niweiss/ws_sensor_combined/install/px4_ros2_cpp/include/px4_ros2/control/setpoint_types
-- Installing: /home/niweiss/ws_sensor_combined/install/px4_ros2_cpp/include/px4_ros2/control/setpoint_types/groups.dox
-- Installing: /home/niweiss/ws_sensor_combined/install/px4_ros2_cpp/include/px4_ros2/control/setpoint_types/experimental
-- Installing: /home/niweiss/ws_sensor_combined/install/px4_ros2_cpp/include/px4_ros2/control/setpoint_types/experimental/rates.hpp
-- Installing: /home/niweiss/ws_sensor_combined/install/px4_ros2_cpp/include/px4_ros2/control/setpoint_types/experimental/attitude.hpp
-- Installing: /home/niweiss/ws_sensor_combined/install/px4_ros2_cpp/include/px4_ros2/control/setpoint_types/experimental/trajectory.hpp
-- Installing: /home/niweiss/ws_sensor_combined/install/px4_ros2_cpp/include/px4_ros2/control/setpoint_types/goto.hpp
-- Installing: /home/niweiss/ws_sensor_combined/install/px4_ros2_cpp/include/px4_ros2/control/setpoint_types/direct_actuators.hpp
-- Installing: /home/niweiss/ws_sensor_combined/install/px4_ros2_cpp/lib/libpx4_ros2_cpp.so
-- Set runtime path of "/home/niweiss/ws_sensor_combined/install/px4_ros2_cpp/lib/libpx4_ros2_cpp.so" to ""
-- Installing: /home/niweiss/ws_sensor_combined/install/px4_ros2_cpp/share/ament_index/resource_index/package_run_dependencies/px4_ros2_cpp
-- Installing: /home/niweiss/ws_sensor_combined/install/px4_ros2_cpp/share/ament_index/resource_index/parent_prefix_path/px4_ros2_cpp
-- Installing: /home/niweiss/ws_sensor_combined/install/px4_ros2_cpp/share/px4_ros2_cpp/environment/ament_prefix_path.sh
-- Installing: /home/niweiss/ws_sensor_combined/install/px4_ros2_cpp/share/px4_ros2_cpp/environment/ament_prefix_path.dsv
-- Installing: /home/niweiss/ws_sensor_combined/install/px4_ros2_cpp/share/px4_ros2_cpp/environment/path.sh
-- Installing: /home/niweiss/ws_sensor_combined/install/px4_ros2_cpp/share/px4_ros2_cpp/environment/path.dsv
-- Installing: /home/niweiss/ws_sensor_combined/install/px4_ros2_cpp/share/px4_ros2_cpp/local_setup.bash
-- Installing: /home/niweiss/ws_sensor_combined/install/px4_ros2_cpp/share/px4_ros2_cpp/local_setup.sh
-- Installing: /home/niweiss/ws_sensor_combined/install/px4_ros2_cpp/share/px4_ros2_cpp/local_setup.zsh
-- Installing: /home/niweiss/ws_sensor_combined/install/px4_ros2_cpp/share/px4_ros2_cpp/local_setup.dsv
-- Installing: /home/niweiss/ws_sensor_combined/install/px4_ros2_cpp/share/px4_ros2_cpp/package.dsv
-- Installing: /home/niweiss/ws_sensor_combined/install/px4_ros2_cpp/share/ament_index/resource_index/packages/px4_ros2_cpp
-- Installing: /home/niweiss/ws_sensor_combined/install/px4_ros2_cpp/share/px4_ros2_cpp/cmake/px4_ros2_cppExport.cmake
-- Installing: /home/niweiss/ws_sensor_combined/install/px4_ros2_cpp/share/px4_ros2_cpp/cmake/px4_ros2_cppExport-noconfig.cmake
-- Installing: /home/niweiss/ws_sensor_combined/install/px4_ros2_cpp/share/px4_ros2_cpp/cmake/ament_cmake_export_targets-extras.cmake
-- Installing: /home/niweiss/ws_sensor_combined/install/px4_ros2_cpp/share/px4_ros2_cpp/cmake/ament_cmake_export_dependencies-extras.cmake
-- Installing: /home/niweiss/ws_sensor_combined/install/px4_ros2_cpp/share/px4_ros2_cpp/cmake/px4_ros2_cppConfig.cmake
-- Installing: /home/niweiss/ws_sensor_combined/install/px4_ros2_cpp/share/px4_ros2_cpp/cmake/px4_ros2_cppConfig-version.cmake
-- Installing: /home/niweiss/ws_sensor_combined/install/px4_ros2_cpp/share/px4_ros2_cpp/package.xml
