[0.083s] Invoking command in '/home/niweiss/ws_sensor_combined/build/example_mode_rtl_replacement_cpp': AMENT_PREFIX_PATH=/home/niweiss/ws_sensor_combined/install/px4_ros2_cpp:${AMENT_PREFIX_PATH} CMAKE_PREFIX_PATH=/home/niweiss/ws_sensor_combined/install/px4_ros2_cpp:/home/niweiss/ws_sensor_combined/install/px4_msgs:/home/niweiss/ws_sensor_combined/install/px4_ros_com:/opt/ros/humble LD_LIBRARY_PATH=/home/niweiss/ws_sensor_combined/install/px4_ros2_cpp/lib:/home/niweiss/ws_sensor_combined/install/px4_msgs/lib:/home/niweiss/ws_sensor_combined/install/px4_ros_com/lib:/opt/ros/humble/opt/rviz_ogre_vendor/lib:/opt/ros/humble/lib/x86_64-linux-gnu:/opt/ros/humble/lib /usr/bin/cmake /home/niweiss/ws_sensor_combined/src/px4-ros2-interface-lib/examples/cpp/modes/rtl_replacement -DCMAKE_INSTALL_PREFIX=/home/niweiss/ws_sensor_combined/install/example_mode_rtl_replacement_cpp
[0.217s] -- The C compiler identification is GNU 11.4.0
[0.399s] -- The CXX compiler identification is GNU 11.4.0
[0.518s] -- Detecting C compiler ABI info
[0.624s] -- Detecting C compiler ABI info - done
[0.634s] -- Check for working C compiler: /usr/bin/cc - skipped
[0.635s] -- Detecting C compile features
[0.635s] -- Detecting C compile features - done
[0.637s] -- Detecting CXX compiler ABI info
[0.754s] -- Detecting CXX compiler ABI info - done
[0.765s] -- Check for working CXX compiler: /usr/bin/c++ - skipped
[0.766s] -- Detecting CXX compile features
[0.766s] -- Detecting CXX compile features - done
[0.770s] -- Found eigen3_cmake_module: 0.1.1 (/opt/ros/humble/share/eigen3_cmake_module/cmake)
[0.783s] -- Found Eigen3: TRUE (found version "3.4.0") 
[0.797s] -- Found ament_cmake: 1.3.10 (/opt/ros/humble/share/ament_cmake/cmake)
[1.393s] -- Found Python3: /usr/bin/python3 (found version "3.10.12") found components: Interpreter 
[1.510s] -- Found rclcpp: 16.0.10 (/opt/ros/humble/share/rclcpp/cmake)
[1.644s] -- Found rosidl_generator_c: 3.1.5 (/opt/ros/humble/share/rosidl_generator_c/cmake)
[1.650s] -- Found rosidl_adapter: 3.1.5 (/opt/ros/humble/share/rosidl_adapter/cmake)
[1.664s] -- Found rosidl_generator_cpp: 3.1.5 (/opt/ros/humble/share/rosidl_generator_cpp/cmake)
[1.689s] -- Using all available rosidl_typesupport_c: rosidl_typesupport_fastrtps_c;rosidl_typesupport_introspection_c
[1.714s] -- Using all available rosidl_typesupport_cpp: rosidl_typesupport_fastrtps_cpp;rosidl_typesupport_introspection_cpp
[1.790s] -- Found rmw_implementation_cmake: 6.1.2 (/opt/ros/humble/share/rmw_implementation_cmake/cmake)
[1.795s] -- Found rmw_fastrtps_cpp: 6.2.7 (/opt/ros/humble/share/rmw_fastrtps_cpp/cmake)
[2.220s] -- Found OpenSSL: /usr/lib/x86_64-linux-gnu/libcrypto.so (found version "3.0.2")  
[2.646s] -- Found FastRTPS: /opt/ros/humble/include  
[3.691s] -- Using RMW implementation 'rmw_fastrtps_cpp' as default
[3.698s] -- Looking for pthread.h
[3.789s] -- Looking for pthread.h - found
[3.789s] -- Performing Test CMAKE_HAVE_LIBC_PTHREAD
[3.892s] -- Performing Test CMAKE_HAVE_LIBC_PTHREAD - Success
[3.893s] -- Found Threads: TRUE  
[3.953s] -- Found px4_ros2_cpp: 0.0.1 (/home/niweiss/ws_sensor_combined/install/px4_ros2_cpp/share/px4_ros2_cpp/cmake)
[3.973s] -- Found ament_lint_auto: 0.12.11 (/opt/ros/humble/share/ament_lint_auto/cmake)
[4.055s] -- Added test 'copyright' to check source files copyright and LICENSE
[4.057s] -- Added test 'cppcheck' to perform static code analysis on C / C++ code
[4.058s] -- Configured cppcheck include dirs: /home/niweiss/ws_sensor_combined/src/px4-ros2-interface-lib/examples/cpp/modes/rtl_replacement/include
[4.058s] -- Configured cppcheck exclude dirs and/or files: 
[4.059s] -- Added test 'cpplint' to check C / C++ code against the Google style
[4.059s] -- Configured cpplint exclude dirs and/or files: 
[4.060s] -- Added test 'lint_cmake' to check CMake code style
[4.061s] -- Added test 'uncrustify' to check C / C++ code style
[4.061s] -- Configured uncrustify additional arguments: 
[4.062s] -- Added test 'xmllint' to check XML markup files
[4.063s] -- Configuring done
[4.072s] -- Generating done
[4.074s] -- Build files have been written to: /home/niweiss/ws_sensor_combined/build/example_mode_rtl_replacement_cpp
[4.085s] Invoked command in '/home/niweiss/ws_sensor_combined/build/example_mode_rtl_replacement_cpp' returned '0': AMENT_PREFIX_PATH=/home/niweiss/ws_sensor_combined/install/px4_ros2_cpp:${AMENT_PREFIX_PATH} CMAKE_PREFIX_PATH=/home/niweiss/ws_sensor_combined/install/px4_ros2_cpp:/home/niweiss/ws_sensor_combined/install/px4_msgs:/home/niweiss/ws_sensor_combined/install/px4_ros_com:/opt/ros/humble LD_LIBRARY_PATH=/home/niweiss/ws_sensor_combined/install/px4_ros2_cpp/lib:/home/niweiss/ws_sensor_combined/install/px4_msgs/lib:/home/niweiss/ws_sensor_combined/install/px4_ros_com/lib:/opt/ros/humble/opt/rviz_ogre_vendor/lib:/opt/ros/humble/lib/x86_64-linux-gnu:/opt/ros/humble/lib /usr/bin/cmake /home/niweiss/ws_sensor_combined/src/px4-ros2-interface-lib/examples/cpp/modes/rtl_replacement -DCMAKE_INSTALL_PREFIX=/home/niweiss/ws_sensor_combined/install/example_mode_rtl_replacement_cpp
[4.087s] Invoking command in '/home/niweiss/ws_sensor_combined/build/example_mode_rtl_replacement_cpp': AMENT_PREFIX_PATH=/home/niweiss/ws_sensor_combined/install/px4_ros2_cpp:${AMENT_PREFIX_PATH} CMAKE_PREFIX_PATH=/home/niweiss/ws_sensor_combined/install/px4_ros2_cpp:/home/niweiss/ws_sensor_combined/install/px4_msgs:/home/niweiss/ws_sensor_combined/install/px4_ros_com:/opt/ros/humble LD_LIBRARY_PATH=/home/niweiss/ws_sensor_combined/install/px4_ros2_cpp/lib:/home/niweiss/ws_sensor_combined/install/px4_msgs/lib:/home/niweiss/ws_sensor_combined/install/px4_ros_com/lib:/opt/ros/humble/opt/rviz_ogre_vendor/lib:/opt/ros/humble/lib/x86_64-linux-gnu:/opt/ros/humble/lib /usr/bin/cmake --build /home/niweiss/ws_sensor_combined/build/example_mode_rtl_replacement_cpp -- -j16 -l16
[4.127s] [ 50%] [32mBuilding CXX object CMakeFiles/example_mode_rtl.dir/src/main.cpp.o[0m
[14.137s] [100%] [32m[1mLinking CXX executable example_mode_rtl[0m
[14.936s] [100%] Built target example_mode_rtl
[14.951s] Invoked command in '/home/niweiss/ws_sensor_combined/build/example_mode_rtl_replacement_cpp' returned '0': AMENT_PREFIX_PATH=/home/niweiss/ws_sensor_combined/install/px4_ros2_cpp:${AMENT_PREFIX_PATH} CMAKE_PREFIX_PATH=/home/niweiss/ws_sensor_combined/install/px4_ros2_cpp:/home/niweiss/ws_sensor_combined/install/px4_msgs:/home/niweiss/ws_sensor_combined/install/px4_ros_com:/opt/ros/humble LD_LIBRARY_PATH=/home/niweiss/ws_sensor_combined/install/px4_ros2_cpp/lib:/home/niweiss/ws_sensor_combined/install/px4_msgs/lib:/home/niweiss/ws_sensor_combined/install/px4_ros_com/lib:/opt/ros/humble/opt/rviz_ogre_vendor/lib:/opt/ros/humble/lib/x86_64-linux-gnu:/opt/ros/humble/lib /usr/bin/cmake --build /home/niweiss/ws_sensor_combined/build/example_mode_rtl_replacement_cpp -- -j16 -l16
[14.970s] Invoking command in '/home/niweiss/ws_sensor_combined/build/example_mode_rtl_replacement_cpp': AMENT_PREFIX_PATH=/home/niweiss/ws_sensor_combined/install/px4_ros2_cpp:${AMENT_PREFIX_PATH} CMAKE_PREFIX_PATH=/home/niweiss/ws_sensor_combined/install/px4_ros2_cpp:/home/niweiss/ws_sensor_combined/install/px4_msgs:/home/niweiss/ws_sensor_combined/install/px4_ros_com:/opt/ros/humble LD_LIBRARY_PATH=/home/niweiss/ws_sensor_combined/install/px4_ros2_cpp/lib:/home/niweiss/ws_sensor_combined/install/px4_msgs/lib:/home/niweiss/ws_sensor_combined/install/px4_ros_com/lib:/opt/ros/humble/opt/rviz_ogre_vendor/lib:/opt/ros/humble/lib/x86_64-linux-gnu:/opt/ros/humble/lib /usr/bin/cmake --install /home/niweiss/ws_sensor_combined/build/example_mode_rtl_replacement_cpp
[14.975s] -- Install configuration: ""
[14.975s] -- Installing: /home/niweiss/ws_sensor_combined/install/example_mode_rtl_replacement_cpp/lib/example_mode_rtl_replacement_cpp/example_mode_rtl
[14.978s] -- Set runtime path of "/home/niweiss/ws_sensor_combined/install/example_mode_rtl_replacement_cpp/lib/example_mode_rtl_replacement_cpp/example_mode_rtl" to ""
[14.979s] -- Installing: /home/niweiss/ws_sensor_combined/install/example_mode_rtl_replacement_cpp/share/ament_index/resource_index/package_run_dependencies/example_mode_rtl_replacement_cpp
[14.979s] -- Installing: /home/niweiss/ws_sensor_combined/install/example_mode_rtl_replacement_cpp/share/ament_index/resource_index/parent_prefix_path/example_mode_rtl_replacement_cpp
[14.979s] -- Installing: /home/niweiss/ws_sensor_combined/install/example_mode_rtl_replacement_cpp/share/example_mode_rtl_replacement_cpp/environment/ament_prefix_path.sh
[14.979s] -- Installing: /home/niweiss/ws_sensor_combined/install/example_mode_rtl_replacement_cpp/share/example_mode_rtl_replacement_cpp/environment/ament_prefix_path.dsv
[14.980s] -- Installing: /home/niweiss/ws_sensor_combined/install/example_mode_rtl_replacement_cpp/share/example_mode_rtl_replacement_cpp/environment/path.sh
[14.980s] -- Installing: /home/niweiss/ws_sensor_combined/install/example_mode_rtl_replacement_cpp/share/example_mode_rtl_replacement_cpp/environment/path.dsv
[14.980s] -- Installing: /home/niweiss/ws_sensor_combined/install/example_mode_rtl_replacement_cpp/share/example_mode_rtl_replacement_cpp/local_setup.bash
[14.980s] -- Installing: /home/niweiss/ws_sensor_combined/install/example_mode_rtl_replacement_cpp/share/example_mode_rtl_replacement_cpp/local_setup.sh
[14.980s] -- Installing: /home/niweiss/ws_sensor_combined/install/example_mode_rtl_replacement_cpp/share/example_mode_rtl_replacement_cpp/local_setup.zsh
[14.980s] -- Installing: /home/niweiss/ws_sensor_combined/install/example_mode_rtl_replacement_cpp/share/example_mode_rtl_replacement_cpp/local_setup.dsv
[14.980s] -- Installing: /home/niweiss/ws_sensor_combined/install/example_mode_rtl_replacement_cpp/share/example_mode_rtl_replacement_cpp/package.dsv
[14.980s] -- Installing: /home/niweiss/ws_sensor_combined/install/example_mode_rtl_replacement_cpp/share/ament_index/resource_index/packages/example_mode_rtl_replacement_cpp
[14.980s] -- Installing: /home/niweiss/ws_sensor_combined/install/example_mode_rtl_replacement_cpp/share/example_mode_rtl_replacement_cpp/cmake/example_mode_rtl_replacement_cppConfig.cmake
[14.981s] -- Installing: /home/niweiss/ws_sensor_combined/install/example_mode_rtl_replacement_cpp/share/example_mode_rtl_replacement_cpp/cmake/example_mode_rtl_replacement_cppConfig-version.cmake
[14.981s] -- Installing: /home/niweiss/ws_sensor_combined/install/example_mode_rtl_replacement_cpp/share/example_mode_rtl_replacement_cpp/package.xml
[14.983s] Invoked command in '/home/niweiss/ws_sensor_combined/build/example_mode_rtl_replacement_cpp' returned '0': AMENT_PREFIX_PATH=/home/niweiss/ws_sensor_combined/install/px4_ros2_cpp:${AMENT_PREFIX_PATH} CMAKE_PREFIX_PATH=/home/niweiss/ws_sensor_combined/install/px4_ros2_cpp:/home/niweiss/ws_sensor_combined/install/px4_msgs:/home/niweiss/ws_sensor_combined/install/px4_ros_com:/opt/ros/humble LD_LIBRARY_PATH=/home/niweiss/ws_sensor_combined/install/px4_ros2_cpp/lib:/home/niweiss/ws_sensor_combined/install/px4_msgs/lib:/home/niweiss/ws_sensor_combined/install/px4_ros_com/lib:/opt/ros/humble/opt/rviz_ogre_vendor/lib:/opt/ros/humble/lib/x86_64-linux-gnu:/opt/ros/humble/lib /usr/bin/cmake --install /home/niweiss/ws_sensor_combined/build/example_mode_rtl_replacement_cpp
