[0.038s] Invoking command in '/home/niweiss/ws_sensor_combined/build/px4_ros_com': CMAKE_PREFIX_PATH=/home/niweiss/ws_sensor_combined/install/px4_msgs:/home/niweiss/ws_sensor_combined/install/px4_ros_com:/home/niweiss/ws_sensor_combined/install/example_mode_with_executor_cpp:/home/niweiss/ws_sensor_combined/install/example_mode_rtl_replacement_cpp:/home/niweiss/ws_sensor_combined/install/example_mode_manual_cpp:/home/niweiss/ws_sensor_combined/install/example_mode_goto_global_cpp:/home/niweiss/ws_sensor_combined/install/example_mode_goto_cpp:/home/niweiss/ws_sensor_combined/install/example_mode_fw_attitude_cpp:/home/niweiss/ws_sensor_combined/install/example_local_navigation_cpp:/home/niweiss/ws_sensor_combined/install/example_global_navigation_cpp:/home/niweiss/ws_sensor_combined/install/px4_ros2_cpp:/opt/ros/humble LD_LIBRARY_PATH=/home/niweiss/ws_sensor_combined/install/px4_msgs/lib:/home/niweiss/ws_sensor_combined/install/px4_ros_com/lib:/home/niweiss/ws_sensor_combined/install/px4_ros2_cpp/lib:/opt/ros/humble/opt/rviz_ogre_vendor/lib:/opt/ros/humble/lib/x86_64-linux-gnu:/opt/ros/humble/lib /usr/bin/cmake --build /home/niweiss/ws_sensor_combined/build/px4_ros_com -- -j16 -l16
[0.061s] [35m[1mConsolidate compiler generated dependencies of target offboard_launch[0m
[0.067s] [ 11%] Built target offboard_control_srv
[0.069s] [ 22%] Built target frame_transforms
[0.070s] [ 33%] Built target vehicle_gps_position_listener
[0.070s] [ 44%] Built target offboard_control
[0.070s] [ 55%] Built target flight_state_pub
[0.071s] [ 55%] Built target ament_cmake_python_copy_px4_ros_com
[0.071s] [ 66%] Built target offboard_paths
[0.071s] [ 77%] Built target sensor_combined_listener
[0.072s] [ 88%] [32mBuilding CXX object CMakeFiles/offboard_launch.dir/src/examples/offboard/offboard_launch.cpp.o[0m
[0.072s] [ 94%] Built target debug_vect_advertiser
[0.207s] running egg_info
[0.214s] writing px4_ros_com.egg-info/PKG-INFO
[0.215s] writing dependency_links to px4_ros_com.egg-info/dependency_links.txt
[0.215s] writing top-level names to px4_ros_com.egg-info/top_level.txt
[0.243s] reading manifest file 'px4_ros_com.egg-info/SOURCES.txt'
[0.243s] writing manifest file 'px4_ros_com.egg-info/SOURCES.txt'
[0.261s] [ 94%] Built target ament_cmake_python_build_px4_ros_com_egg
[5.561s] [100%] [32m[1mLinking CXX executable offboard_launch[0m
[5.828s] [100%] Built target offboard_launch
[5.840s] Invoked command in '/home/niweiss/ws_sensor_combined/build/px4_ros_com' returned '0': CMAKE_PREFIX_PATH=/home/niweiss/ws_sensor_combined/install/px4_msgs:/home/niweiss/ws_sensor_combined/install/px4_ros_com:/home/niweiss/ws_sensor_combined/install/example_mode_with_executor_cpp:/home/niweiss/ws_sensor_combined/install/example_mode_rtl_replacement_cpp:/home/niweiss/ws_sensor_combined/install/example_mode_manual_cpp:/home/niweiss/ws_sensor_combined/install/example_mode_goto_global_cpp:/home/niweiss/ws_sensor_combined/install/example_mode_goto_cpp:/home/niweiss/ws_sensor_combined/install/example_mode_fw_attitude_cpp:/home/niweiss/ws_sensor_combined/install/example_local_navigation_cpp:/home/niweiss/ws_sensor_combined/install/example_global_navigation_cpp:/home/niweiss/ws_sensor_combined/install/px4_ros2_cpp:/opt/ros/humble LD_LIBRARY_PATH=/home/niweiss/ws_sensor_combined/install/px4_msgs/lib:/home/niweiss/ws_sensor_combined/install/px4_ros_com/lib:/home/niweiss/ws_sensor_combined/install/px4_ros2_cpp/lib:/opt/ros/humble/opt/rviz_ogre_vendor/lib:/opt/ros/humble/lib/x86_64-linux-gnu:/opt/ros/humble/lib /usr/bin/cmake --build /home/niweiss/ws_sensor_combined/build/px4_ros_com -- -j16 -l16
[5.865s] Invoking command in '/home/niweiss/ws_sensor_combined/build/px4_ros_com': CMAKE_PREFIX_PATH=/home/niweiss/ws_sensor_combined/install/px4_msgs:/home/niweiss/ws_sensor_combined/install/px4_ros_com:/home/niweiss/ws_sensor_combined/install/example_mode_with_executor_cpp:/home/niweiss/ws_sensor_combined/install/example_mode_rtl_replacement_cpp:/home/niweiss/ws_sensor_combined/install/example_mode_manual_cpp:/home/niweiss/ws_sensor_combined/install/example_mode_goto_global_cpp:/home/niweiss/ws_sensor_combined/install/example_mode_goto_cpp:/home/niweiss/ws_sensor_combined/install/example_mode_fw_attitude_cpp:/home/niweiss/ws_sensor_combined/install/example_local_navigation_cpp:/home/niweiss/ws_sensor_combined/install/example_global_navigation_cpp:/home/niweiss/ws_sensor_combined/install/px4_ros2_cpp:/opt/ros/humble LD_LIBRARY_PATH=/home/niweiss/ws_sensor_combined/install/px4_msgs/lib:/home/niweiss/ws_sensor_combined/install/px4_ros_com/lib:/home/niweiss/ws_sensor_combined/install/px4_ros2_cpp/lib:/opt/ros/humble/opt/rviz_ogre_vendor/lib:/opt/ros/humble/lib/x86_64-linux-gnu:/opt/ros/humble/lib /usr/bin/cmake --install /home/niweiss/ws_sensor_combined/build/px4_ros_com
[5.868s] -- Install configuration: ""
[5.868s] -- Up-to-date: /home/niweiss/ws_sensor_combined/install/px4_ros_com/lib/px4_ros_com/sensor_combined_listener
[5.868s] -- Up-to-date: /home/niweiss/ws_sensor_combined/install/px4_ros_com/lib/px4_ros_com/vehicle_gps_position_listener
[5.868s] -- Up-to-date: /home/niweiss/ws_sensor_combined/install/px4_ros_com/lib/px4_ros_com/debug_vect_advertiser
[5.868s] -- Up-to-date: /home/niweiss/ws_sensor_combined/install/px4_ros_com/lib/px4_ros_com/offboard_control
[5.869s] -- Up-to-date: /home/niweiss/ws_sensor_combined/install/px4_ros_com/lib/px4_ros_com/offboard_control_srv
[5.869s] -- Installing: /home/niweiss/ws_sensor_combined/install/px4_ros_com/lib/px4_ros_com/offboard_launch
[5.871s] -- Set runtime path of "/home/niweiss/ws_sensor_combined/install/px4_ros_com/lib/px4_ros_com/offboard_launch" to ""
[5.871s] -- Up-to-date: /home/niweiss/ws_sensor_combined/install/px4_ros_com/lib/px4_ros_com/flight_state_pub
[5.871s] -- Up-to-date: /home/niweiss/ws_sensor_combined/install/px4_ros_com/lib/px4_ros_com/offboard_paths
[5.871s] -- Up-to-date: /home/niweiss/ws_sensor_combined/install/px4_ros_com/share/px4_ros_com/environment/library_path.sh
[5.871s] -- Up-to-date: /home/niweiss/ws_sensor_combined/install/px4_ros_com/share/px4_ros_com/environment/library_path.dsv
[5.871s] -- Up-to-date: /home/niweiss/ws_sensor_combined/install/px4_ros_com/include/px4_ros_com
[5.871s] -- Up-to-date: /home/niweiss/ws_sensor_combined/install/px4_ros_com/include/px4_ros_com/frame_transforms.h
[5.872s] -- Up-to-date: /home/niweiss/ws_sensor_combined/install/px4_ros_com/lib/libframe_transforms.so
[5.872s] -- Up-to-date: /home/niweiss/ws_sensor_combined/install/px4_ros_com/share/px4_ros_com//launch
[5.872s] -- Up-to-date: /home/niweiss/ws_sensor_combined/install/px4_ros_com/share/px4_ros_com//launch/offboard_control_launch.yaml
[5.872s] -- Up-to-date: /home/niweiss/ws_sensor_combined/install/px4_ros_com/share/px4_ros_com//launch/vehicle_gps_position_listener.launch.py
[5.872s] -- Up-to-date: /home/niweiss/ws_sensor_combined/install/px4_ros_com/share/px4_ros_com//launch/sensor_combined_listener.launch.py
[5.872s] -- Up-to-date: /home/niweiss/ws_sensor_combined/install/px4_ros_com/share/px4_ros_com//test
[5.872s] -- Up-to-date: /home/niweiss/ws_sensor_combined/install/px4_ros_com/share/px4_ros_com//test/test_input.py
[5.872s] -- Up-to-date: /home/niweiss/ws_sensor_combined/install/px4_ros_com/share/px4_ros_com//test/test_output.py
[5.872s] -- Up-to-date: /home/niweiss/ws_sensor_combined/install/px4_ros_com/share/px4_ros_com//test/__init__.py
[5.872s] -- Up-to-date: /home/niweiss/ws_sensor_combined/install/px4_ros_com/share/px4_ros_com//test/pipeline_io_test.py
[5.872s] -- Up-to-date: /home/niweiss/ws_sensor_combined/install/px4_ros_com/share/px4_ros_com/environment/pythonpath.sh
[5.872s] -- Up-to-date: /home/niweiss/ws_sensor_combined/install/px4_ros_com/share/px4_ros_com/environment/pythonpath.dsv
[5.872s] -- Up-to-date: /home/niweiss/ws_sensor_combined/install/px4_ros_com/local/lib/python3.10/dist-packages/px4_ros_com-0.1.0-py3.10.egg-info
[5.872s] -- Installing: /home/niweiss/ws_sensor_combined/install/px4_ros_com/local/lib/python3.10/dist-packages/px4_ros_com-0.1.0-py3.10.egg-info/top_level.txt
[5.872s] -- Installing: /home/niweiss/ws_sensor_combined/install/px4_ros_com/local/lib/python3.10/dist-packages/px4_ros_com-0.1.0-py3.10.egg-info/PKG-INFO
[5.872s] -- Installing: /home/niweiss/ws_sensor_combined/install/px4_ros_com/local/lib/python3.10/dist-packages/px4_ros_com-0.1.0-py3.10.egg-info/dependency_links.txt
[5.872s] -- Installing: /home/niweiss/ws_sensor_combined/install/px4_ros_com/local/lib/python3.10/dist-packages/px4_ros_com-0.1.0-py3.10.egg-info/SOURCES.txt
[5.872s] -- Up-to-date: /home/niweiss/ws_sensor_combined/install/px4_ros_com/local/lib/python3.10/dist-packages/px4_ros_com
[5.872s] -- Up-to-date: /home/niweiss/ws_sensor_combined/install/px4_ros_com/local/lib/python3.10/dist-packages/px4_ros_com/module_to_import.py
[5.872s] -- Up-to-date: /home/niweiss/ws_sensor_combined/install/px4_ros_com/local/lib/python3.10/dist-packages/px4_ros_com/__init__.py
[5.888s] Listing '/home/niweiss/ws_sensor_combined/install/px4_ros_com/local/lib/python3.10/dist-packages/px4_ros_com'...
[5.891s] -- Up-to-date: /home/niweiss/ws_sensor_combined/install/px4_ros_com/lib/px4_ros_com/offboard_control.py
[5.891s] -- Up-to-date: /home/niweiss/ws_sensor_combined/install/px4_ros_com/share/ament_index/resource_index/package_run_dependencies/px4_ros_com
[5.891s] -- Up-to-date: /home/niweiss/ws_sensor_combined/install/px4_ros_com/share/ament_index/resource_index/parent_prefix_path/px4_ros_com
[5.892s] -- Up-to-date: /home/niweiss/ws_sensor_combined/install/px4_ros_com/share/px4_ros_com/environment/ament_prefix_path.sh
[5.892s] -- Up-to-date: /home/niweiss/ws_sensor_combined/install/px4_ros_com/share/px4_ros_com/environment/ament_prefix_path.dsv
[5.892s] -- Up-to-date: /home/niweiss/ws_sensor_combined/install/px4_ros_com/share/px4_ros_com/environment/path.sh
[5.892s] -- Up-to-date: /home/niweiss/ws_sensor_combined/install/px4_ros_com/share/px4_ros_com/environment/path.dsv
[5.892s] -- Up-to-date: /home/niweiss/ws_sensor_combined/install/px4_ros_com/share/px4_ros_com/local_setup.bash
[5.892s] -- Up-to-date: /home/niweiss/ws_sensor_combined/install/px4_ros_com/share/px4_ros_com/local_setup.sh
[5.892s] -- Up-to-date: /home/niweiss/ws_sensor_combined/install/px4_ros_com/share/px4_ros_com/local_setup.zsh
[5.892s] -- Up-to-date: /home/niweiss/ws_sensor_combined/install/px4_ros_com/share/px4_ros_com/local_setup.dsv
[5.892s] -- Installing: /home/niweiss/ws_sensor_combined/install/px4_ros_com/share/px4_ros_com/package.dsv
[5.892s] -- Up-to-date: /home/niweiss/ws_sensor_combined/install/px4_ros_com/share/ament_index/resource_index/packages/px4_ros_com
[5.893s] -- Up-to-date: /home/niweiss/ws_sensor_combined/install/px4_ros_com/share/px4_ros_com/cmake/export_frame_transformsExport.cmake
[5.893s] -- Up-to-date: /home/niweiss/ws_sensor_combined/install/px4_ros_com/share/px4_ros_com/cmake/export_frame_transformsExport-noconfig.cmake
[5.893s] -- Up-to-date: /home/niweiss/ws_sensor_combined/install/px4_ros_com/share/px4_ros_com/cmake/ament_cmake_export_dependencies-extras.cmake
[5.893s] -- Up-to-date: /home/niweiss/ws_sensor_combined/install/px4_ros_com/share/px4_ros_com/cmake/ament_cmake_export_targets-extras.cmake
[5.893s] -- Up-to-date: /home/niweiss/ws_sensor_combined/install/px4_ros_com/share/px4_ros_com/cmake/ament_cmake_export_include_directories-extras.cmake
[5.893s] -- Up-to-date: /home/niweiss/ws_sensor_combined/install/px4_ros_com/share/px4_ros_com/cmake/ament_cmake_export_libraries-extras.cmake
[5.893s] -- Up-to-date: /home/niweiss/ws_sensor_combined/install/px4_ros_com/share/px4_ros_com/cmake/px4_ros_comConfig.cmake
[5.894s] -- Up-to-date: /home/niweiss/ws_sensor_combined/install/px4_ros_com/share/px4_ros_com/cmake/px4_ros_comConfig-version.cmake
[5.894s] -- Up-to-date: /home/niweiss/ws_sensor_combined/install/px4_ros_com/share/px4_ros_com/package.xml
[5.895s] Invoked command in '/home/niweiss/ws_sensor_combined/build/px4_ros_com' returned '0': CMAKE_PREFIX_PATH=/home/niweiss/ws_sensor_combined/install/px4_msgs:/home/niweiss/ws_sensor_combined/install/px4_ros_com:/home/niweiss/ws_sensor_combined/install/example_mode_with_executor_cpp:/home/niweiss/ws_sensor_combined/install/example_mode_rtl_replacement_cpp:/home/niweiss/ws_sensor_combined/install/example_mode_manual_cpp:/home/niweiss/ws_sensor_combined/install/example_mode_goto_global_cpp:/home/niweiss/ws_sensor_combined/install/example_mode_goto_cpp:/home/niweiss/ws_sensor_combined/install/example_mode_fw_attitude_cpp:/home/niweiss/ws_sensor_combined/install/example_local_navigation_cpp:/home/niweiss/ws_sensor_combined/install/example_global_navigation_cpp:/home/niweiss/ws_sensor_combined/install/px4_ros2_cpp:/opt/ros/humble LD_LIBRARY_PATH=/home/niweiss/ws_sensor_combined/install/px4_msgs/lib:/home/niweiss/ws_sensor_combined/install/px4_ros_com/lib:/home/niweiss/ws_sensor_combined/install/px4_ros2_cpp/lib:/opt/ros/humble/opt/rviz_ogre_vendor/lib:/opt/ros/humble/lib/x86_64-linux-gnu:/opt/ros/humble/lib /usr/bin/cmake --install /home/niweiss/ws_sensor_combined/build/px4_ros_com
